ARM GAS  /tmp/ccbElcq3.s 			page 1


   1              		.cpu cortex-m4
   2              		.eabi_attribute 20, 1
   3              		.eabi_attribute 21, 1
   4              		.eabi_attribute 23, 3
   5              		.eabi_attribute 24, 1
   6              		.eabi_attribute 25, 1
   7              		.eabi_attribute 26, 1
   8              		.eabi_attribute 30, 2
   9              		.eabi_attribute 34, 1
  10              		.eabi_attribute 18, 4
  11              		.file	"ascii.c"
  12              		.text
  13              	.Ltext0:
  14              		.section	.gnu.lto_.profile.de821be6631fa6df,"",%progbits
  15 0000 789C6365 		.ascii	"x\234ce`b`a```d\340Q\001\000\000\274\000="
  15      60626061 
  15      60606064 
  15      E0510100 
  15      00BC003D 
  16              		.text
  17              		.section	.gnu.lto_.icf.de821be6631fa6df,"",%progbits
  18 0000 789C6365 		.ascii	"x\234ce`b\340`@\000F\206g\333\247\177\340b\000\000\017"
  18      6062E060 
  18      40004686 
  18      67DBA77F 
  18      E0620000 
  19 0015 9B033F   		.ascii	"\233\003?"
  20              		.text
  21              		.section	.gnu.lto_.jmpfuncs.de821be6631fa6df,"",%progbits
  22 0000 789C6365 		.ascii	"x\234ce`b`g@\000F\006FF\306z\006\000\002J\000\222"
  22      60626067 
  22      40004606 
  22      4646C67A 
  22      0600024A 
  23              		.text
  24              		.section	.gnu.lto_.inline.de821be6631fa6df,"",%progbits
  25 0000 789C3DD1 		.ascii	"x\234=\321\301J\002Q\024\006\340\373\337\253\3434j\223"
  25      C14A0251 
  25      1406E0FB 
  25      DFABE334 
  25      6A93
  26 0012 7BDDF624 		.ascii	"{\335\366$=\215\357\020\014DD\021B\033M\020\304\205"
  26      3D8DEF10 
  26      0C444411 
  26      421B4D10 
  26      C485
  27 0024 3A366339 		.ascii	":6c9\226AQ\220\2722\322v\205;E\204@\202\334\211E5x."
  27      96415190 
  27      BA32D276 
  27      853B4584 
  27      4082DC89 
  28 003c E7AC0EDF 		.ascii	"\347\254\016\337\342\347\360\237\250\220\342\034\202"
  28      E2E7F09F 
  28      A890E21C 
  28      82
  29 0049 275C772D 		.ascii	"'\\w-\244\204\231-(\344\017{\257\261\234*\253\220QG"
  29      A484992D 
ARM GAS  /tmp/ccbElcq3.s 			page 2


  29      28E40F7B 
  29      AFB19C2A 
  29      AB905147 
  30 005d 5A10778E 		.ascii	"Z\020w\216^\002\213\030p\231\037\312\247\015\315\022"
  30      5E028B18 
  30      70991FCA 
  30      A70DCD12 
  31 006d 0DE6E352 		.ascii	"\015\346\343R\321\323!\012\027\314\335I{\031'\216\300"
  31      D1D3210A 
  31      17CCDD49 
  31      7B19278E 
  31      C0
  32 007e 63FE5D4C 		.ascii	"c\376]L\027I\342(|\346\271\333\237\351l\003M\346\301"
  32      1749E228 
  32      7CE6B9DB 
  32      9FE96C03 
  32      4DE6C1
  33 0091 73C14D10 		.ascii	"s\301M\020\307p\311|\262~\317\231\304&\256\230\363\303"
  33      C770C97C 
  33      B27ECF99 
  33      C426AE98 
  33      F3C3
  34 00a3 B37B8378 		.ascii	"\263{\203x\013-\346a\305\037i\266\0200\177\257F\217"
  34      0B2DE661 
  34      C51F69B6 
  34      10307FAF 
  34      468F
  35 00b5 FAEE38DA 		.ascii	"\372\3568\332\314\007\375q\240\263\023\270f\376\272"
  35      CC07FD71 
  35      A0B313B8 
  35      66FEBA
  36 00c4 ABBA9238 		.ascii	"\253\272\2228\211\033\346\3177\317W\304\333\3500\373"
  36      891BE6CF 
  36      37CF57C4 
  36      DBE830FB 
  37 00d4 B5E5934D 		.ascii	"\265\345\223Ml\343v\303a\361\221\260\177\343\003R\354"
  37      6CE376C3 
  37      61F191B0 
  37      7FE30352 
  37      EC
  38 00e5 39FB8EB3 		.ascii	"9\373\216\263#d+\363\363g\313\315_\376\001!!h!"
  38      23642BF3 
  38      F367CBCD 
  38      5FFE0121 
  38      216821
  39              		.text
  40              		.section	.gnu.lto_.pureconst.de821be6631fa6df,"",%progbits
  41 0000 789C6365 		.ascii	"x\234ce`b`f```d`\000\000\000l\000\014"
  41      60626066 
  41      60606064 
  41      60000000 
  41      6C000C
  42              		.text
  43              		.section	.gnu.lto_ascii.de821be6631fa6df,"",%progbits
  44 0000 789C55D6 		.ascii	"x\234U\326[S\024G\024\007\360>3\2633\263;3{a\223h%S"
  44      5B531447 
  44      1407F03E 
ARM GAS  /tmp/ccbElcq3.s 			page 3


  44      33B333B3 
  44      3B337B61 
  45 0018 C94BAA2C 		.ascii	"\311K\252,_\214\211\271~\214|\004\312\274\370\234\274"
  45      5F8C89B9 
  45      7E8C7C04 
  45      CABCF89C 
  45      BC
  46 0029 BB920B61 		.ascii	"\273\222\013a\345\022*![X*\230\004X\026D\356d\021\222"
  46      E5122A21 
  46      5B582A98 
  46      04581644 
  46      EE641192 
  47 003d 5D109165 		.ascii	"]\020\221eY\225\030\020}0\010DA\250\222\030\301\210"
  47      59951810 
  47      7D300844 
  47      41A89218 
  47      C188
  48 004f 62FA9C9E 		.ascii	"b\372\234\236&\231\227\303\351?\375\353\355\336\271"
  48      269997C3 
  48      E93FFDEB 
  48      EDDEB9
  49 005e 408029EC 		.ascii	"@\200)\354\221\316\330>\306\330\233\300\030\274\304"
  49      91CED83E 
  49      C6D89BC0 
  49      18BCC4
  50 006d 40F9A6C4 		.ascii	"@\371\246\304\330\011S\211\225\0255\2260\343TU\252\032"
  50      D8095389 
  50      95153596 
  50      30E35455 
  50      AA1A
  51 007f D500559D 		.ascii	"\325\000U\235\252A\325\244\032\244\032\242jQ\265\251"
  51      AA41D5A4 
  51      1AA41AA2 
  51      6A51B5A9 
  52 008f 3A54C354 		.ascii	":T\303T#T\243Tcbe\210\213\017\324d\023\220\215.\033"
  52      2354A354 
  52      63626588 
  52      8B0FD464 
  52      13908D2E 
  53 00a4 4336A66C 		.ascii	"C6\246l\202\262\011\311\306\222\215-\033G6a\331Dd\023"
  53      82B209C9 
  53      C6928D2D 
  53      1B473661 
  53      D9446413 
  54 00b8 954D4C36 		.ascii	"\225ML6e\000\330\360\363\312\006\330qE\325\002\272a"
  54      6500D8F0 
  54      F3CA06D8 
  54      7145D502 
  54      BA61
  55 00ca 064396ED 		.ascii	"\006C\226\355\204#\321XY\034\216C\235\232Raz\373Ju\350"
  55      8423D158 
  55      591C8E43 
  55      9D9A5261 
  55      7AFB4A75 
  56 00df 605B2251 		.ascii	"`[\"Q\221\310\245\272\367\247\3229hR\031kT\031\034q"
  56      91C8A5BA 
  56      F7A7D239 
ARM GAS  /tmp/ccbElcq3.s 			page 4


  56      6852196B 
  56      54191C71 
  57 00f3 E1B0CBBF 		.ascii	"\341\260\313\277Oh\203\203|f\307\326\344\010\250q`\274"
  57      4F688383 
  57      7C66C7D6 
  57      E408A871 
  57      60BC
  58 0105 DFBCDEBB 		.ascii	"\337\274\336\273d\034h!\265\374\227\222\260\233T\200"
  58      641C6821 
  58      B5FC9792 
  58      B09B5480 
  59 0115 34A8FF31 		.ascii	"4\250\3771\0360h\207\0038\373n\317n\203\243k\270(_-"
  59      1E306887 
  59      0338FB6E 
  59      CF6E83A3 
  59      6BB8285F 
  60 012a 033ABF40 		.ascii	"\003:\277@\354\302,\344\022\273/*\023\271R\254\360\206"
  60      ECC22CE4 
  60      12BB2F2A 
  60      13B952AC 
  60      F086
  61 013c 065C3005 		.ascii	"\006\\0\005\210\260$\237\210{?\251*\370S\275\017\231"
  61      88B0249F 
  61      887B3FA9 
  61      2AF853BD 
  61      0F99
  62 014e C4DF350A 		.ascii	"\304\3375\012\3223\252\302W\374~\341\247\373\201z\250"
  62      D233AAC2 
  62      57FC7EE1 
  62      A7FB817A 
  62      A8
  63 015f 3BA135F1 		.ascii	";\2415\361)\354\024.\314\240\003\352\001\177\371\345"
  63      29EC142E 
  63      CCA003EA 
  63      017FF9E5 
  64 016f D855A356 		.ascii	"\330U\243V\305-\341\247\237m\255J\2538\367\213D\242"
  64      C52DE1A7 
  64      9F6DAD4A 
  64      AB38F78B 
  64      44A2
  65 0181 797B3F07 		.ascii	"y{?\007\320\011.7\270\0138/\314@e\261'$\014\016\327"
  65      D0092E37 
  65      B80B382F 
  65      CC4065B1 
  65      27240C0E 
  66 0196 F355772C 		.ascii	"\363Uw,i\316\001\232.2\012\232\013\302\2144U\267{\006"
  66      69CE019A 
  66      2E320A9A 
  66      0BC28C34 
  66      55B77B06 
  67 01aa F7D4F6B0 		.ascii	"\367\324\366\260k:,\315y2\335d\350\324=\302T\235n\354"
  67      6B3A2CCD 
  67      7932DD64 
  67      E8D43DC2 
  67      549D6EEC 
  68 01be F0F686DF 		.ascii	"\360\366\206\337~\355J\377\305\2104Y2\275d44}\302\344"
  68      7EED4AFF 
ARM GAS  /tmp/ccbElcq3.s 			page 5


  68      C5883459 
  68      32BD6434 
  68      347DC2E4 
  69 01d2 FFE8DDB4 		.ascii	"\377\350\335\264\204\321\3700{\355\207G\2064+d\372\311"
  69      84D1F830 
  69      7BED8747 
  69      86342B64 
  69      FAC9
  70 01e4 04D00C08 		.ascii	"\004\320\014\010\263\373`\361\201#L\000\257\300\351"
  70      B3FB60F1 
  70      81234C00 
  70      AFC0E9
  71 01f3 E73703D2 		.ascii	"\3477\003\322l\222\031$\243\243\031\022f%=\276\344\235"
  71      6C921924 
  71      A3A31912 
  71      66253DBE 
  71      E49D
  72 0205 47E7C3A1 		.ascii	"G\347\303\241\365\334\262)\315s2?\2231\320d\205\231"
  72      F5DCB229 
  72      CD73323F 
  72      9331D064 
  72      8599
  73 0217 2AA4D2B6 		.ascii	"*\244\322\2660\006\037\316,m\257\007\245iW\320\014\223"
  73      30061FCE 
  73      2C6DAF07 
  73      A56957D0 
  73      0C93
  74 0229 31D15C14 		.ascii	"1\321\\\024&\371t\276\326\024\306\344\303\326\314\215"
  74      26F974BE 
  74      D614C6E4 
  74      C3D6CC8D 
  75 0239 D4DEF519 		.ascii	"\324\336\365\031 3B&\210f\324\273\2463\365\303\2720"
  75      20334226 
  75      8866D4BB 
  75      A633F5C3 
  75      BA30
  76 024b 413E1C5B 		.ascii	"A>\034[\277\275\014\322,\222\371\205L\010\315\257\302"
  76      BFBD0CD2 
  76      2C92F985 
  76      4C08CDAF 
  76      C2
  77 025c CC9CEB2C 		.ascii	"\314\234\353,y&\304\207\025U\363-{\347\331 \223#c\241"
  77      7926C487 
  77      1555F32D 
  77      7BE7D920 
  77      932363A1 
  78 0270 C90BB3F3 		.ascii	"\311\013\263\363\2444\352]\037\213\017\267\033\376l"
  78      A434EA5D 
  78      1F8B0FB7 
  78      1BFE6C
  79 027f D6A5F987 		.ascii	"\326\245\371\207\314\030\031\033\315\2700\237\217/\364"
  79      CC18191B 
  79      CDB8309F 
  79      8F2FF4
  80 028e 78E7B1F1 		.ascii	"x\347\261\361c\227\327\236\355\235\247EEs\211\214\203"
  80      6397D79E 
  80      ED9DA745 
ARM GAS  /tmp/ccbElcq3.s 			page 6


  80      4573898C 
  80      83
  81 029f 66429887 		.ascii	"fB\230\207\331\226\264\"\214\203_\375`\343\327{\246"
  81      D996B422 
  81      8C835FFD 
  81      60E3D77B 
  81      A6
  82 02b0 87CC6532 		.ascii	"\207\314e2a4\223\302l\314ut\252\302\204\371\360q\351"
  82      613493C2 
  82      6CCC7574 
  82      AAC284F9 
  82      F071E9
  83 02c3 56DA9666 		.ascii	"V\332\226f\224\314\0252\0214S\302t\266n\346\"\302D\360"
  83      94CC1532 
  83      113453C2 
  83      74B66EE6 
  83      22C244F0 
  84 02d7 59E86FFB 		.ascii	"Y\350o\373\316\221f\225L\201L\024\31547\014\237:\225"
  84      CE916695 
  84      4C814C14 
  84      CD34370C 
  84      9F3A95
  85 02ea 1535F51E 		.ascii	"\0255\365\036\177\024\370\003'\356\371\223\374\216\374"
  85      7F14F803 
  85      27EEF993 
  85      FC8EFC
  86 02f9 7FA65216 		.ascii	"\177\246R\026\360e\032e\272/\013Pf\3702\2352\323\227"
  86      F0651A65 
  86      BA2F0B50 
  86      66F8329D 
  86      32D397
  87 030c 1994057D 		.ascii	"\031\224\005}\231IY\310\227\005)\263|Y\2102\333\227"
  87      994959C8 
  87      970529B3 
  87      7C598832 
  87      DB97
  88 031e 599439BE 		.ascii	"Y\2249\276\314\246,\354\313\034\312\"\276,LY\324\227"
  88      CCA62CEC 
  88      CB1CCA22 
  88      BE2C4C59 
  88      D497
  89 0330 45288BF9 		.ascii	"E(\213\371\262(ee\276\214\261\015\250h\336\261p\204"
  89      B2286565 
  89      BE8CB10D 
  89      A868DEB1 
  89      7084
  90 0342 EF243E21 		.ascii	"\357$>!\316rS\014g\320+g\003\024v\206^=\217\351M\363"
  90      CE72530C 
  90      67D02B67 
  90      03147686 
  90      5E3D8FE9 
  91 0358 6377FA2B 		.ascii	"cw\372+\272\250\014\016C\021\\e\270\362e\214\253w\306"
  91      BAA80C0E 
  91      43115C65 
  91      B8F2658C 
  91      AB77C6
  92 036b 2C11BF0D 		.ascii	",\021\277\0153\340\252I\274\205W\267\026\263\216H\337"
ARM GAS  /tmp/ccbElcq3.s 			page 7


  92      33E0AA49 
  92      BC8557B7 
  92      16B38E48 
  92      DF
  93 037c 8112B8DA 		.ascii	"\201\022\270\332\032\246\367\3322\375\206H\217\300U"
  93      1AA6F7DA 
  93      32FD8648 
  93      8FC055
  94 038b 700305BC 		.ascii	"p\003\005\274uW\227;\272L\221\276\013\327\300\3253x"
  94      7557973B 
  94      BA4C91BE 
  94      0BD7C0D5 
  94      3378
  95 039d D32486EE 		.ascii	"\323$\206\356~,\302\367\340:\270F\022\357\212\331\263"
  95      7E2CC2F7 
  95      E03AB846 
  95      12EF8AD9 
  95      B3
  96 03ae B9A2B7C0 		.ascii	"\271\242\267\300\3730\013\256\271\206\351\304\235|\255"
  96      FB300BAE 
  96      B986E9C4 
  96      9D7CAD
  97 03bd B7850FE0 		.ascii	"\267\205\017\3407p\203\2052\274Sg\007'\303\"\375\020"
  97      37708385 
  97      32BC5367 
  97      0727C322 
  97      FD10
  98 03cf 6E801BCA 		.ascii	"n\200\033\312\304q\273\337\316\324y\033\373\010~\007"
  98      C471BBDF 
  98      CED4791B 
  98      FB087E07 
  99 03df D74ABE82 		.ascii	"\327J\276\202o\267\206\232<\2104\317`\016\\\373\351"
  99      6FB7869A 
  99      3C8834CF 
  99      600E5CFB 
  99      E9
 100 03f0 1C1EAE79 		.ascii	"\034\036\256y\365\311)o\3451\006\363\340:\205}\270\310"
 100      F5C9296F 
 100      E53106F3 
 100      E03A857D 
 100      B8C8
 101 0402 567FC95B 		.ascii	"V\177\311[z\234\301Mp\303\231Wq\0375}Eo\366%\006\013"
 101      7A9CC14D 
 101      70C39957 
 101      711F357D 
 101      456FF625 
 102 0418 E04692AF 		.ascii	"\340F\222\257\3618\225{\266\353mz\202\301-p\243k\030"
 102      F138957B 
 102      B6EB6D7A 
 102      82C12D70 
 102      A36B18
 103 042b F7BDC86E 		.ascii	"\367\275\310n\332\"\276\314\3406\270\261\302\353\374"
 103      DA22BECC 
 103      E036B8B1 
 103      C2EBFC
 104 043a EF09B0EA 		.ascii	"\357\011\260\352\022\377\027\201E\017\275U\376\351\321"
 104      12FF1781 
ARM GAS  /tmp/ccbElcq3.s 			page 8


 104      450FBD55 
 104      FEE9D1
 105 0449 63C7443D 		.ascii	"c\307D=t\224i\237\224\177V\376/\235\247E\311"
 105      7494699F 
 105      947F56FE 
 105      2F9DA745 
 105      C9
 106              		.text
 107              		.section	.gnu.lto_.symbol_nodes.de821be6631fa6df,"",%progbits
 108 0000 789C6365 		.ascii	"x\234ce`b\020a\000\002\246\211L\365\014\014\023\316"
 108      60621061 
 108      0002A689 
 108      4CF50C0C 
 108      13CE
 109 0012 313000A9 		.ascii	"10\000\251]\015\216@!\0002u\004\210"
 109      5D0D8E40 
 109      21003275 
 109      0488
 110              		.text
 111              		.section	.gnu.lto_.refs.de821be6631fa6df,"",%progbits
 112 0000 789C6365 		.ascii	"x\234ce`b`d\000\002\000\000I\000\011"
 112      60626064 
 112      00020000 
 112      490009
 113              		.text
 114              		.section	.gnu.lto_.decls.de821be6631fa6df,"",%progbits
 115 0000 789CAD92 		.ascii	"x\234\255\222ML\023A\024\307\347\355\266\212\013H5\306"
 115      4D4C1341 
 115      14C7E7ED 
 115      B68A0B48 
 115      35C6
 116 0012 70E8C1C0 		.ascii	"p\350\301\300\205K\273\242\211z4j\364\346M\257umW\251"
 116      854BBBA2 
 116      897A346A 
 116      F4E64DAF 
 116      756D57A9 
 117 0026 42515A0E 		.ascii	"BQZ\016\234\034E\324\304H\242\211\0321F\224D[\005\301"
 117      9C1C45D4 
 117      C448A289 
 117      1A314694 
 117      445B05C1 
 118 003a 521114B0 		.ascii	"R\021\024\260\345[,\361#!~\240\342G#~\241\005\342\007"
 118      E55B2CF1 
 118      23217EA0 
 118      E247237E 
 118      A105E207 
 119 004e 1CC437B3 		.ascii	"\034\3047\263\273\026\\\2749\351\177\267\357\315\357"
 119      BB165CBC 
 119      39E97FB7 
 119      EFCDEF
 120 005d CD7FE7CD 		.ascii	"\315\177\347\315X\211@\252\255\204X\201\220jB\3104\016"
 120      588940AA 
 120      AD845881 
 120      906A42C8 
 120      340E
 121 006f 01DF7528 		.ascii	"\001\337u(L\221z\242\015\366\277\225\230G\031N\210\370"
 121      4C917AA2 
ARM GAS  /tmp/ccbElcq3.s 			page 9


 121      0DF6BF95 
 121      9847194E 
 121      88F8
 122 0081 6ED1D9AD 		.ascii	"n\321\331\255\177\361\213Pm\250v\324\035T\024\025Cu"
 122      7FF18B50 
 122      6DA876D4 
 122      1D541415 
 122      4375
 123 0093 A03A515D 		.ascii	"\240:Q]\250nT\017\252\027\325\207\272\213\352G\335C"
 123      A86E540F 
 123      AA17D587 
 123      BA8BEA47 
 123      DD43
 124 00a5 C551037F 		.ascii	"\305Q\003\177y\236\026\241\276\"\021J\253\024\301.\301"
 124      799E16A1 
 124      BE22114A 
 124      AB14C12E 
 124      C1
 125 00b6 34B0F873 		.ascii	"4\260\370s\313d\246\026\263\351\341\311\340Fg-\325F"
 125      CB64A616 
 125      B3E9E1C9 
 125      E046672D 
 125      D546
 126 00c8 9A90AA8B 		.ascii	"\232\220\252\213D'\352,b:\203\204\246H\242J\202<\351"
 126      4427EA2C 
 126      623A8384 
 126      A648A24A 
 126      823CE9
 127 00db 1283A25F 		.ascii	"\022\203\242_\307\2276Sj\203Z\220\340\012\210\020\002"
 127      C7973653 
 127      6A835A90 
 127      E00A8810 
 127      02
 128 00ec 27DB865D 		.ascii	"'\333\206]\302\347\021J\017\320\344E*f\023Xi\207\345"
 128      C2E7114A 
 128      0FD0E445 
 128      2A661358 
 128      6987E5
 129 00ff 76025721 		.ascii	"v\002W!\217\2311\012\202`\207\313`g\353\207\316\007"
 129      8F99310A 
 129      826087CB 
 129      6067EB87 
 129      CE07
 130 0111 BB32C5FD 		.ascii	"\2732\305\375\300\015\316\234\214E\026\3761\270\037"
 130      C00DCE9C 
 130      8C4516FE 
 130      31B81F
 131 0120 CA69ACA0 		.ascii	"\312i\254\240T\200zt\250K9\240\341\334\026\327\346\260"
 131      54807A74 
 131      A84B39A0 
 131      E1DC16D7 
 131      E6B0
 132 0132 60C568D3 		.ascii	"`\305h\323t\254\253Mx\011\317\001\267\0066\255\341\240"
 132      74ACAB4D 
 132      7809CF01 
 132      B70636AD 
 132      E1A0
ARM GAS  /tmp/ccbElcq3.s 			page 10


 133 0144 3D818B87 		.ascii	"=\201\213\207\323\306\000\340y\314\012\374\251\201<"
 133      D3C600E0 
 133      79CC0AFC 
 133      A9813C
 134 0153 0546851E 		.ascii	"\005F\205\036\013z(\350K\362\237^\0143V\324\2465'ch"
 134      0B7A28E8 
 134      4BF29F5E 
 134      0C3356D4 
 134      A6352763 
 135 0168 C7AEFDE1 		.ascii	"\307\256\375\341eF5\010)\003\200\231\0053\026\324>["
 135      65463508 
 135      29038099 
 135      053316D4 
 135      3E5B
 136 017a 9FFFF37D 		.ascii	"\237\377\363}$\26590\016q\354L\374\2354\014/X\266z-"
 136      24B53930 
 136      0E71EC4C 
 136      FC9D340C 
 136      2F58B67A 
 137 018f F0DC91C4 		.ascii	"\360\334\221\304\253s\031\342G\336x\030\353M\234\004"
 137      AB7319E2 
 137      47DE7818 
 137      EB4D9C04 
 138 019f 0BEB0DEB 		.ascii	"\013\353\015\353\365v\013\313uO\377\210f\341\015Y,\201"
 138      F5760BCB 
 138      754FFF88 
 138      66E10D59 
 138      2C81
 139 01b1 80E1A364 		.ascii	"\200\341\243d\374\\:\206K$\260a8\370\263m*CL\362r\313"
 139      FC5C3A86 
 139      4B24B061 
 139      38F8B36D 
 139      2A434CF2 
 140 01c7 AB9AF14F 		.ascii	"\253\232\361O\363 \317\016 \241.\031\327\210@\013\256"
 140      F320CF0E 
 140      20A12E19 
 140      D788400B 
 140      AE
 141 01d8 D604A271 		.ascii	"\326\004\242q\017\253(\236Zr\037K\317u~7\361\374\330"
 141      0FAB289E 
 141      5A721F4B 
 141      CF757E37 
 141      F1FCD8
 142 01eb 14815B78 		.ascii	"\024\201[xz\315xzU4\215g\320\360\375\211\321\373\326"
 142      7ACD787A 
 142      55348D67 
 142      D0F0FD89 
 142      D1FBD6
 143 01fe EC537CE5 		.ascii	"\354S|\345rj\023\370\3327\220\213 G\3406d\343\263\021"
 143      726A13F8 
 143      DA37908B 
 143      2047E036 
 143      64E3B311 
 144 0212 2CDA8E69 		.ascii	",\332\216i<>2/\247\2326$\361\242\266/{\035\246\024\257"
 144      3C3E322F 
 144      A79A3624 
 144      F1A2B62F 
ARM GAS  /tmp/ccbElcq3.s 			page 11


 144      7B1DA614 
 145 0227 12B5300E 		.ascii	"\022\2650\016\302\251\273\024f\037\007\327a\030\240"
 145      C2A9BB14 
 145      661F07D7 
 145      6118A0
 146 0236 015E62FF 		.ascii	"\001^b\377Z!\007\313\233G\277\217d\345^\320\366\021"
 146      5A2107CB 
 146      9B47BF8F 
 146      64E55ED0 
 146      F611
 147 0248 C48D6C5D 		.ascii	"\304\215l]\312\247\264\336\266A.2}\261\247\267\377\315"
 147      CAA7B4DE 
 147      B6412E32 
 147      7DB1A7B7 
 147      FFCD
 148 025a B473A6BC 		.ascii	"\264s\246\274<\362<Sc\242=+\220\232\015\335\341\320"
 148      3CF23C53 
 148      63A23D2B 
 148      909A0DDD 
 148      E1D0
 149 026c 446C6897 		.ascii	"Dlh\227\316<;@a\335l&\312\231\367\255W\2062th\334\014"
 149      CE3C3B40 
 149      61DD6C26 
 149      CA99F7AD 
 149      57863274 
 150 0283 C538F43A 		.ascii	"\3058\364:\034NXt\250\277\334\004up\350\354\340\303"
 150      1C4E5874 
 150      A8BFDC04 
 150      7570E8EC 
 150      E0C3
 151 0295 87820EBD 		.ascii	"\207\202\016\2751C\235\034j\177PO\323uh\312\014uqh\350"
 151      31439D1C 
 151      6A7F504F 
 151      D37568CA 
 151      0C757168 
 152 02aa DB939861 		.ascii	"\333\223\230a\367\350\240\011\352\346\320\333\330\343"
 152      F7E8A009 
 152      EAE6D0DB 
 152      D8E3
 153 02b8 D1053AF4 		.ascii	"\321\005:\364\321\014\365p\350\347\324\310qQ\207:*L"
 153      D10CF570 
 153      E8E7D4C8 
 153      7151873A 
 153      2A4C
 154 02ca 502F8706 		.ascii	"P/\207\006~U\2360z\371\314\014\365q\350\374\227\211"
 154      7E559E30 
 154      7AF9CC0C 
 154      F571E8FC 
 154      9789
 155 02dc 0B59469F 		.ascii	"\013YF\237\314\320]\016\005;k\006\215\225\372\017\231"
 155      CCD05D0E 
 155      053B6B06 
 155      8D95FA0F 
 155      99
 156 02ed A07E0E35 		.ascii	"\240~\0165\034\275:i@o\314\320=\016}\250y\333\262\320"
 156      1CBD3A69 
 156      406FCCD0 
ARM GAS  /tmp/ccbElcq3.s 			page 12


 156      3D0E7DA8 
 156      79DBB2D0 
 157 0301 E893198A 		.ascii	"\350\223\031\212s(\022z\327`5\372t\330\004\015@.I\333"
 157      7328127A 
 157      D76035FA 
 157      74D8040D 
 157      402E49DB 
 158 0315 B479CBB2 		.ascii	"\264y\313\262\365\371\371d\201\313U\352\365\005\326"
 158      F5F9F964 
 158      81CB55EA 
 158      F505D6
 159 0324 B802BBE5 		.ascii	"\270\002\273\345\202\342\"U.T\213}J\211\247X\336\240"
 159      82E22255 
 159      2E548B7D 
 159      4A89A758 
 159      DEA0
 160 0336 FADD4AC9 		.ascii	"\372\335J\311N\305/\357t\273\035JI\221\303W\354S\035"
 160      4EC52FEF 
 160      74BB1D4A 
 160      4991C357 
 160      EC531D
 161 0349 AAB2DDEB 		.ascii	"\252\262\335\353X\345X\261<\177\265co\276\243t\217G"
 161      58E558B1 
 161      3C7FB563 
 161      6FBEA374 
 161      8F47
 162 035b 09A8F2AC 		.ascii	"\011\250\362\254i\331\353s\027\226zT\271Hq\027x}\252"
 162      69D9EB73 
 162      17967A54 
 162      B9487117 
 162      787DAA
 163 036e ECF2A83B 		.ascii	"\354\362\250;\224\322\302\200+P\266G\365;\013\310|\335"
 163      94D2C280 
 163      2B50B647 
 163      F53B0BC8 
 163      7CDD
 164 0380 73DBFFF7 		.ascii	"s\333\377\367\364\227\371e\227?\340A\0034\262*~\267"
 164      F497F965 
 164      973FE041 
 164      0334B22A 
 164      7EB7
 165 0392 D76B7117 		.ascii	"\327kq\027(%6\247\314\003\355\351t\223\337\254\011\364"
 165      282536A7 
 165      CC03EDE9 
 165      7493DFAC 
 165      09F4
 166 03a4 74       		.ascii	"t"
 167              		.text
 168              		.section	.gnu.lto_.symtab.de821be6631fa6df,"",%progbits
 169 0000 61736369 		.ascii	"ascii\000"
 169      6900
 170 0006 00       		.ascii	"\000"
 171 0007 00       		.ascii	"\000"
 172 0008 00       		.ascii	"\000"
 173 0009 00000000 		.ascii	"\000\000\000\000\000\000\000\000"
 173      00000000 
 174 0011 BC000000 		.ascii	"\274\000\000\000"
ARM GAS  /tmp/ccbElcq3.s 			page 13


 175              		.text
 176              		.section	.gnu.lto_.opts,"",%progbits
 177 0000 272D666D 		.ascii	"'-fmath-errno' '-fsigned-zeros' '-ftrapping-math' '"
 177      6174682D 
 177      6572726E 
 177      6F272027 
 177      2D667369 
 178 0033 2D666E6F 		.ascii	"-fno-trapv' '-fno-openmp' '-fno-openacc' '-mcpu=cor"
 178      2D747261 
 178      70762720 
 178      272D666E 
 178      6F2D6F70 
 179 0066 7465782D 		.ascii	"tex-m4' '-mno-thumb-interwork' '-mthumb' '-ggdb' '-"
 179      6D342720 
 179      272D6D6E 
 179      6F2D7468 
 179      756D622D 
 180 0099 4F322720 		.ascii	"O2' '-w' '-fomit-frame-pointer' '-falign-functions="
 180      272D7727 
 180      20272D66 
 180      6F6D6974 
 180      2D667261 
 181 00cc 31362720 		.ascii	"16' '-ffunction-sections' '-fdata-sections' '-fno-c"
 181      272D6666 
 181      756E6374 
 181      696F6E2D 
 181      73656374 
 182 00ff 6F6D6D6F 		.ascii	"ommon' '-flto'\000"
 182      6E272027 
 182      2D666C74 
 182      6F2700
 183              		.text
 184              		.comm	__gnu_lto_v1,1,1
 185              		.comm	__gnu_lto_slim,1,1
 186              		.ident	"GCC: (GNU Tools for ARM Embedded Processors 6-2017-q1-update) 6.3.1 20170215 (release) [AR
ARM GAS  /tmp/ccbElcq3.s 			page 14


DEFINED SYMBOLS
                            *ABS*:0000000000000000 ascii.c
                            *COM*:0000000000000001 __gnu_lto_v1
                            *COM*:0000000000000001 __gnu_lto_slim

NO UNDEFINED SYMBOLS
