ARM GAS  /tmp/cctMTCVr.s 			page 1


   1              		.cpu cortex-m4
   2              		.eabi_attribute 20, 1
   3              		.eabi_attribute 21, 1
   4              		.eabi_attribute 23, 3
   5              		.eabi_attribute 24, 1
   6              		.eabi_attribute 25, 1
   7              		.eabi_attribute 26, 1
   8              		.eabi_attribute 30, 2
   9              		.eabi_attribute 34, 1
  10              		.eabi_attribute 18, 4
  11              		.file	"chcore_v7m.c"
  12              		.text
  13              	.Ltext0:
  14              		.section	.gnu.lto_.profile.f8959a7a777e602a,"",%progbits
  15 0000 789C6365 		.ascii	"x\234ce`b`a```d0\224\001\000\000\376\000Z"
  15      60626061 
  15      60606064 
  15      30940100 
  15      00FE005A 
  16              		.text
  17              		.section	.gnu.lto_.icf.f8959a7a777e602a,"",%progbits
  18 0000 789C6365 		.ascii	"x\234ce`b\020a@\000f\206\345K\256\264s3\367\276\273"
  18      60621061 
  18      40006686 
  18      E54BAEB4 
  18      7333F7BE 
  19 0015 BF9687E5 		.ascii	"\277\226\207\345\363\206\025\213\330\030\000^5\010\335"
  19      F386158B 
  19      D818005E 
  19      3508DD
  20              		.text
  21              		.section	.gnu.lto_.jmpfuncs.f8959a7a777e602a,"",%progbits
  22 0000 789C6365 		.ascii	"x\234ce`b\340e@\000f(\301\002\242\001\002|\000\037"
  22      6062E065 
  22      40006628 
  22      C102A201 
  22      027C001F 
  23              		.text
  24              		.section	.gnu.lto_.inline.f8959a7a777e602a,"",%progbits
  25 0000 789C6365 		.ascii	"x\234ce`bpc@\000f\006\006~1F\006&\221\013=\214\014l"
  25      60627063 
  25      40006606 
  25      067E3146 
  25      0626910B 
  26 0018 0BE49940 		.ascii	"\013\344\231@\202L\334`\031N\016\240\004\317\203X\270"
  26      824CDC60 
  26      194E0EA0 
  26      04CF8358 
  26      B8
  27 0029 380B0317 		.ascii	"8\013\003\0277HhN$\\\210\221\013D\002\000\021\202\006"
  27      3748684E 
  27      245C8891 
  27      0B440200 
  27      118206
  28 003c D4       		.ascii	"\324"
  29              		.text
  30              		.section	.gnu.lto_.pureconst.f8959a7a777e602a,"",%progbits
ARM GAS  /tmp/cctMTCVr.s 			page 2


  31 0000 789C6365 		.ascii	"x\234ce`b\340b```f\330\305\310\274\213\221e\027#\000"
  31      6062E062 
  31      60606066 
  31      D8C5C8BC 
  31      8B916517 
  32 0016 0C46024D 		.ascii	"\014F\002M"
  33              		.text
  34              		.section	.gnu.lto__port_irq_epilogue.part.0.f8959a7a777e602a,"",%progbits
  35 0000 789C9D54 		.ascii	"x\234\235T_h\034e\020\237\331ow\357\262\271K \370\240"
  35      5F681C65 
  35      109FD96F 
  35      77EFB2B9 
  35      4B20F8A0 
  36 0014 D0870B18 		.ascii	"\320\207\013\030B\241d\205>\364\311\007)\024\024\016"
  36      42A16485 
  36      3EF4C907 
  36      2914140E 
  37 0024 2507BEF8 		.ascii	"%\007\276\370 \262Mi\261\311\035w\027\311\203\220\355"
  37      20B24D69 
  37      B1C91D77 
  37      17C98390 
  37      ED
  38 0035 2597848B 		.ascii	"%\227\204\213\215A\315\265Wsl\332Rb\325\230&\265jR\333"
  38      8D41CDB5 
  38      57736CDA 
  38      5262D598 
  38      26B56A52 
  39 004a 5EF3A77F 		.ascii	"^\363\247\177\2546\324j\004S\260^\256E\233Vh\010*-I"
  39      AC36D46A 
  39      0453B05E 
  39      AE459B56 
  39      68082A2D 
  40 005f 9CF97663 		.ascii	"\234\371vc\242V\020\027\366\333\375f\34673\373\373\315"
  40      A2561017 
  40      F6DBFD66 
  40      E63733FB 
  40      FBCD
  41 0071 B71A28B0 		.ascii	"\267\032(\260U\003\350\005\200\035t\243\017P\357\275"
  41      5503E805 
  41      801D74A3 
  41      0F50EFBD 
  42 0081 4A2F3A2A 		.ascii	"J/:*\362\251(\242\253\026lC\3455 Pc\353>\277\272\366"
  42      F2A928A2 
  42      AB166C43 
  42      E5352050 
  42      63EB3EBF 
  43 0097 A221F28B 		.ascii	"\242!\362\213\355Gh\325\025\241j\330\212o\212\003\002"
  43      ED4768D5 
  43      15A16AD8 
  43      8A6F8A03 
  43      02
  44 00a8 273A6F8F 		.ascii	"':o\217)\233\007m\272\012\007\226|\035v\372qG\000\344"
  44      299B076D 
  44      BA0A0796 
  44      7C1D76FA 
  44      714700E4 
  45 00bc E8E60B07 		.ascii	"\350\346\013\007q3PXqd\245/\250\253\256\035\337\243"
ARM GAS  /tmp/cctMTCVr.s 			page 3


  45      71335058 
  45      7164A52F 
  45      A8ABAE1D 
  45      DFA3
  46 00ce BA000CBF 		.ascii	"\272\000\014\277\326~\242_\364\010G \252\264\275\377"
  46      D67EA25F 
  46      F4084720 
  46      AAB4BDFF 
  47 00de D5A1F90A 		.ascii	"\325\241\371\012\336*\030\242\355\355\356\351\263>Q"
  47      DE2A18A2 
  47      EDEDEEE9 
  47      B33E51
  48 00ed 8B9CA170 		.ascii	"\213\234\241p\354\324,\326\034\265\355\224]\370-\275"
  48      ECD42CD6 
  48      1CB5ED94 
  48      5DF82DBD 
  49 00fd 6DF65887 		.ascii	"m\366X\207\335{\336\357\010\201\037\240\240\264\370"
  49      DD7BDEEF 
  49      08811FA0 
  49      A0B4F8
  50 010c 3E6EC2E3 		.ascii	">n\302\343\270\311-\373!\326\020\346\215\375\313K\225"
  50      B8C92DFB 
  50      21D610E6 
  50      8DFDCB4B 
  50      95
  51 011d 8C794B36 		.ascii	"\214yK6\227mK_\262U\202\300?\342\207d|\346r\351H\245"
  51      976D4B5F 
  51      B25582C0 
  51      3FE28764 
  51      7CE672E9 
  52 0133 7851D6FB 		.ascii	"xQ\326\373e\345F&\340\325\373\325\251z\273\315\226X"
  52      65E54626 
  52      E0D5FBD5 
  52      A97ABBCD 
  52      9658
  53 0145 153F7A44 		.ascii	"\025?zD\271a\254\031\376\032m{e\265\323\266\277\337"
  53      B961AC19 
  53      FE1A6D7B 
  53      65B5D3B6 
  53      BFDF
  54 0157 5A1540D9 		.ascii	"Z\025@\331\202\"=B\256*8B\323h\321\0012\304\002\323"
  54      82223D42 
  54      AE2A3842 
  54      D368D101 
  54      32C402D3 
  55 016b 99A10D3D 		.ascii	"\231\241\015=E\267P\344\363\016\356+>,\316\005\327\011"
  55      45B750E4 
  55      F30EEE2B 
  55      3E2CCE05 
  55      D709
  56 017d 63A4E40B 		.ascii	"c\244\344\013\326Ylw\311\3567\236\003<\201zN\340\006"
  56      D6596C77 
  56      C9EE379E 
  56      033C817A 
  56      4EE006
  57 0190 86B92CE0 		.ascii	"\206\271,\340\010\003p\224V\342\371%\362f{\262\216Z"
  57      08037094 
ARM GAS  /tmp/cctMTCVr.s 			page 4


  57      56E2F925 
  57      F2667BB2 
  57      8E5A
  58 01a2 BDC7B10F 		.ascii	"\275\307\261\017\206\034\341\343\370\345bz\276LU(\354"
  58      861CE1E3 
  58      F8E5627A 
  58      BE4C5528 
  58      EC
  59 01b3 2456CBEC 		.ascii	"$V\313\354\027\212'\307u\262\340\307\250\346))\340)"
  59      178A27C7 
  59      75B2E0C7 
  59      A8E62929 
  59      E029
  60 01c5 54E116A6 		.ascii	"T\341\026\246nrO\234\215\223\263\207m\335=\323U\\^\026"
  60      6E724F9C 
  60      8D93B387 
  60      6DDD3DD3 
  60      555C5E16 
  61 01d9 849F31B5 		.ascii	"\204\2371\265\330y\\\260!/\024/&$\375\303\214Q(\242"
  61      D8795CB0 
  61      212F142F 
  61      2624FDC3 
  61      8C5128A2 
  62 01ed ADBF63E8 		.ascii	"\255\277c\350\372N7D\220\211J^\377q*\253\271\362\337"
  62      FA4E3744 
  62      90894A5E 
  62      FF712AAB 
  62      B9F2DF
  63 0200 5C5D5DAD 		.ascii	"\\]]\255\304O\210\321\277\"\005\347^\372)\2376\330F"
  63      C44F88D1 
  63      BF2205E7 
  63      5EFA299F 
  63      36D846
  64 0213 98D2E062 		.ascii	"\230\322\340b_\031cT\027C\246of\256])w0\217\216\360"
  64      5F196354 
  64      1743A66F 
  64      66AE5D29 
  64      77308F8E 
  65 0228 5362FC94 		.ascii	"Sb\374\224u!\373\335\303\243\357\352\346\020\3635\260"
  65      7521FBDD 
  65      C3A3EFEA 
  65      E610F335 
  65      B0
  66 0239 CB1165F8 		.ascii	"\313\021e\370\031:xP\216&\216\241\311\363w\353\301\214"
  66      193A7850 
  66      8E268EA1 
  66      C9F377EB 
  66      C18C
  67 024b 4C66907A 		.ascii	"Lf\220z4\335\343\204\224\337r\346\333\307\334NUna\255"
  67      34DDE384 
  67      94DF72E6 
  67      DBC7DC4E 
  67      556E61AD 
  68 025f 25425C5C 		.ascii	"%B\\\\(\345\375\242Qr\276P\272?Y\356\315\310\254\023"
  68      28E5FDA2 
  68      5172BE50 
  68      BA3F59EE 
ARM GAS  /tmp/cctMTCVr.s 			page 5


  68      CDC8AC13 
  69 0273 C8D985F6 		.ascii	"\310\331\205\366\020O\344\351G\214\310\347\3741*\334"
  69      104FE4E9 
  69      478CC8E7 
  69      FC312ADC 
  70 0283 C154F1E1 		.ascii	"\301T\361\341\350\017\301\277\2539kh\034\342)\252l<"
  70      E80FC1BF 
  70      AB396B68 
  70      1CE229AA 
  70      6C3C
  71 0295 337846AA 		.ascii	"3xF\252y\226\017\015\302\353\3449\342\214\376nTg\320"
  71      79960F0D 
  71      C2EBE439 
  71      E28CFE6E 
  71      5467D0
  72 02a8 95B39C83 		.ascii	"\225\263\234\203\207\346O\333~)\3479O\316\033\207\306"
  72      87E64FDB 
  72      7E29E739 
  72      4FCE1B87 
  72      C6
  73 02b9 DF3158CE 		.ascii	"\3371X\316\002\313\251\222\347\274<cGGR_\006\252\367"
  73      02CBA992 
  73      E7BC3C63 
  73      4747525F 
  73      06AAF7
  74 02cc E38659B8 		.ascii	"\343\206Y\270\332\223:\034\220\340\011\006\343\244\253"
  74      DA933A1C 
  74      90E00906 
  74      E3A4AB
  75 02db BBAB0277 		.ascii	"\273\253\002w\005\013\3306p\256\357\011\227\022\215"
  75      050BD836 
  75      70AEEF09 
  75      97128D
  76 02ea 20636377 		.ascii	" ccw\347|\255\3136\235\300@\216\030\002\234\302V\232"
  76      E77CADCB 
  76      369DC040 
  76      8E18029C 
  76      C2569A
  77 02fd EE2094B0 		.ascii	"\356 \224\260}nr\012\327C\263\351\211\031\037s\314\375"
  77      7D6E720A 
  77      D743B3E9 
  77      89191F73 
  77      CCFD
  78 030f 4F7B7C74 		.ascii	"O{|t\023\246\253V\020\327\017:\363\337\015\240\307\356"
  78      13A6AB56 
  78      10D70F3A 
  78      F3DF0DA0 
  78      C7EE
  79 0321 7F51B289 		.ascii	"\177Q\262\211\225\274 \225Df\366\242Tr\255\241.\212"
  79      95BC2095 
  79      4466F6A2 
  79      5472ADA1 
  79      2E8A
  80 0333 58247845 		.ascii	"X$xEN~\363%\352\212\253\251\177V\273\367?\252]^\257"
  80      4E7EF325 
  80      EA8AABA9 
  80      7F56BBF7 
ARM GAS  /tmp/cctMTCVr.s 			page 6


  80      3FAA5D5E 
  81 0348 F6C5BF55 		.ascii	"\366\305\277U\243\377+^\361\252i\3628\337C\305\375\013"
  81      A3FF2B5E 
  81      F1AA69F2 
  81      38DF43C5 
  81      FD0B
  82 035a 66084A06 		.ascii	"f\010J\006\332=YWg\232\321\204\031O\232\261h<\2310\237"
  82      DA3D5957 
  82      679AD184 
  82      194F9AB1 
  82      683C9930 
  83 036f A90F6F0F 		.ascii	"\251\017o\017\267\230\326n+\032ox\371\265m\215u\026"
  83      B798D66E 
  83      2B1A6F78 
  83      F9B56D8D 
  83      7516
  84 0381 E8F18644 		.ascii	"\350\361\206D\363\336d\255\027\333\320\2224\267\207"
  84      F3DE64AD 
  84      17DBD092 
  84      34B787
  85 0390 23CF46CC 		.ascii	"#\317F\314=M\326\336\346\235\015\246\214\265\032w47"
  85      3D4DD6DE 
  85      E69D0DA6 
  85      8CB51A77 
  85      3437
  86 03a2 5975BB41 		.ascii	"Yu\273A\265\222-\261`\270>\022\252yjK(\226\210\031 "
  86      B5922DB1 
  86      60B83E12 
  86      AA796A4B 
  86      28968819 
  87 03b7 9E8E4345 		.ascii	"\236\216CE2\032{~\327\013\361\250\025I\276b\275\032"
  87      321A7B7E 
  87      D70BF1A8 
  87      1549BE62 
  87      BD1A
  88 03c9 0C47EAD9 		.ascii	"\014G\352\331\271\205\242\014P\342 \0221\370\003A\006"
  88      B985A20C 
  88      50E22012 
  88      31F80341 
  88      06
  89 03da D562     		.ascii	"\325b"
  90              		.text
  91              		.section	.gnu.lto_SVC_Handler.f8959a7a777e602a,"",%progbits
  92 0000 789C8D93 		.ascii	"x\234\215\223]H\024Q\024\307\317\231;;\273\255kEo\221"
  92      5D481451 
  92      14C7CF99 
  92      3B3BBBAD 
  92      6B456F91 
  93 0014 C42E2511 		.ascii	"\304.%\021\210\323[O=D\020\365\260\024\356c\017a\323"
  93      88D35B4F 
  93      3D4410F5 
  93      B014EE63 
  93      0F61D3
  94 0027 9692DB2E 		.ascii	"\226\222\333.\263k\030\004\216\253\271\264\222}\233"
  94      B36B1804 
  94      8EABB9B4 
  94      927D9B
ARM GAS  /tmp/cctMTCVr.s 			page 7


  95 0036 4A325444 		.ascii	"J2TD\246\225\037\233}\230m\253\226\026dQXDE\037\253"
  95      A6951F9B 
  95      7D986DAB 
  95      96166451 
  95      5844451F 
  96 004b 191505F5 		.ascii	"\031\025\005\365\020Ae\335sg\012\263\240\006fv\3579"
  96      104165DD 
  96      73670AB3 
  96      A0066676 
  96      EF39
  97 005d FF73EE39 		.ascii	"\377s\3569\277s\257\003$\250\223\001F\001`\036\177\221"
  97      BF73AF03 
  97      24A89301 
  97      4601601E 
  97      7F91
  98 006f 014A7B6F 		.ascii	"\001J{o\003T\271$D\372c\270\020*%\254\304=\3540\303"
  98      0354B924 
  98      44FA63B8 
  98      102A25AC 
  98      C43DEC30 
  99 0084 81C4C425 		.ascii	"\201\304\304%i\361I\203?\231\303_\347\032\255\0314\031"
  99      69F14983 
  99      3F99C35F 
  99      E71AAD19 
  99      3419
 100 0096 40137FE9 		.ascii	"@\023\177\351\301\223\270\030\270\354nM\347\021V\317"
 100      C193B818 
 100      B8EC6E4D 
 100      E71156CF 
 101 00a6 4C8628F3 		.ascii	"L\206(\363\345\207\221\346\261\231\264\224\320\313\227"
 101      E58791E6 
 101      B199B494 
 101      D0CB97
 102 00b5 C99BE3C7 		.ascii	"\311\233\343\307f\261EH\312\367\223O\222\236\374\343"
 102      66B14548 
 102      CAF7934F 
 102      929EFCE3 
 103 00c5 86113732 		.ascii	"\206\02172C\215\363\367W\0337\014\331d\014\333\220\361"
 103      438DF3F7 
 103      571B370C 
 103      D9640CDB 
 103      90F1
 104 00d7 AC780AF3 		.ascii	"\254x\012\363\260\025\363Dv.\317vM\036\312Udl\307|k"
 104      B015F344 
 104      762ECF76 
 104      4D1ECA55 
 104      646CC77C 
 105 00ec 533C8D0A 		.ascii	"S<\215\012\002Hd\341\376\211\272\353i'+\020\2513'z\036"
 105      024864E1 
 105      FE89BAEB 
 105      69272B10 
 105      A933277A 
 106 0101 A09DFA59 		.ascii	"\240\235\372Y\355\322\007'j\215\275\375.\223\311x\346"
 106      EDD20727 
 106      6A8DBDFD 
 106      2E93C978 
 106      E6
ARM GAS  /tmp/cctMTCVr.s 			page 8


 107 0112 CFDC7816 		.ascii	"\317\334x\026\363;\356a\306\230\374\236\340\255\345"
 107      F33BEE61 
 107      C698FC9E 
 107      E0ADE5
 108 0121 25869F36 		.ascii	"%\206\2376KN\011(/\023_\031L\346p\010!@\222\357Mt\352"
 108      4B4E0928 
 108      2F135F19 
 108      4CE67008 
 108      214092EF 
 109 0138 9844BFEC 		.ascii	"\230D\277\354\015Ve;\306\036\347\376*\261\306B\324\251"
 109      0D56653B 
 109      C61EE7FE 
 109      2AB1C642 
 109      D4A9
 110 014a AC122536 		.ascii	"\254\022%61\234Z>\345\300\016T\370\276\235\374\313\033"
 110      319C5A3E 
 110      E5C00E54 
 110      F8BE9DFC 
 110      CB1B
 111 015c 58C7BD0D 		.ascii	"X\307\275\015\365\015\246\354+5\215F\257\311\024\322"
 111      F50DA6EC 
 111      2B358D46 
 111      AFC914D2 
 112 016c 7FCBEE1C 		.ascii	"\177\313\356\034\233!K\\\326\205>\001`(\233\352U\270"
 112      9B214B5C 
 112      D6853E01 
 112      60289BEA 
 112      55B8
 113 017e 05BB516E 		.ascii	"\005\273Qna\016\356I\241\014/1\376\234\266\247l\224"
 113      610EEE49 
 113      A10C2F31 
 113      FE9CB6A7 
 113      6C94
 114 0190 9C3C64AB 		.ascii	"\234<d\253k\254\236#\010\211\242_c\374cb\027#C\013\223"
 114      6BAC9E23 
 114      0889A25F 
 114      63FC6362 
 114      1723430B 
 115 01a5 6C8D57F8 		.ascii	"l\215W\370\333)F\342\212\352#\265#\251<K\302\270i\352"
 115      DB2946E2 
 115      8AEA23B5 
 115      23A93C4B 
 115      C2B869EA 
 116 01b9 F410BD78 		.ascii	"\364\020\275x\216\363\372=\212Yy\277\245<V\224L\246"
 116      8EF3FA3D 
 116      8A5979BF 
 116      A53C5694 
 116      4CA6
 117 01cb 9F121E3E 		.ascii	"\237\022\036>\374v\274\305\305B\242\377\267\343\037"
 117      FC76BCC5 
 117      C542A2FF 
 117      B7E31F
 118 01da 0673EC91 		.ascii	"\006s\354\221|\332\334ddj\2744\217\236\277\314\343<"
 118      7CDADC64 
 118      646ABC34 
 118      8F9EBFCC 
 118      E33C
ARM GAS  /tmp/cctMTCVr.s 			page 9


 119 01ec E596E10D 		.ascii	"\345\226\341\015\306\263\035\251g\323\301\036H+\244"
 119      C6B31DA9 
 119      67D3C11E 
 119      482BA4
 120 01fb B0D94A53 		.ascii	"\260\331JS\330\002^\020\\/\322\271@\330\301=\307\314"
 120      D8025E10 
 120      5C2FD2B9 
 120      40D8C13D 
 120      C7CC
 121 020d EECF6E5F 		.ascii	"\356\317n_\022-\260N\022\237\031\273l\270\004\330K6"
 121      122DB04E 
 121      129F19BB 
 121      6CB804D8 
 121      4B36
 122 021f D827CDBD 		.ascii	"\330'\315\275\007\335\004\266\227\300\362+\201\227\305"
 122      07DD04B6 
 122      97C0F22B 
 122      8197C5
 123 022e D93DDE15 		.ascii	"\331=\336\025\277\345\361\355\306)S\271]\037?\352\021"
 123      BFE5F1ED 
 123      C62953B9 
 123      5D1F3FEA 
 123      11
 124 023f C17D148C 		.ascii	"\301}\024\214W\254\011XL\250*\276\022%\275\352K\214"
 124      57AC0958 
 124      4CA82ABE 
 124      1225BDEA 
 124      4B8C
 125 0251 22DB87A2 		.ascii	"\"\333\207\242\367\236\364\303F\267\335\373\3676\357"
 125      F79EF4C3 
 125      46B7DDFB 
 125      F736EF
 126 0260 D787E386 		.ascii	"\327\207\343\206\261\337@\352?\375\227\376\257\212\363"
 126      B1DF40EA 
 126      3FFD97FE 
 126      AF8AF3
 127 026f DCB073E0 		.ascii	"\334\260s\340\216\223\330\313\274\231\014\367\011\036"
 127      8E93D8CB 
 127      BC990CF7 
 127      091E
 128 027d 834D4338 		.ascii	"\203MC8\035\310\250b\303`0\315\365\245mI%`?\371\344"
 128      1DC8A862 
 128      C36030CD 
 128      F5A56D49 
 128      25603FF9 
 129 0292 E9BE473B 		.ascii	"\351\276G;h#\300\001\362:~\3038(0^\2630\366\341\277"
 129      6823C001 
 129      F23A7EC3 
 129      3828305E 
 129      B330F6E1 
 130 02a7 385EB739 		.ascii	"8^\2679N\232/\3229\304q\010eQ1\340\260\000\331\232\036"
 130      4E9A2FD2 
 130      39C47108 
 130      655131E0 
 130      B000D99A 
 131 02bc 7CE9F18D 		.ascii	"|\351\361\215\330\321.\322~<\333}?GD\337\020 o\332 "
 131      D8D12ED2 
ARM GAS  /tmp/cctMTCVr.s 			page 10


 131      7E3CDB7D 
 131      3F4744DF 
 131      10206FDA 
 132 02d1 45F700EF 		.ascii	"E\367\000\357\350\004\267/\240\266\004\223$\277D\374"
 132      E804B72F 
 132      A0B60493 
 132      24BF44FC 
 133 02e1 B271FDC2 		.ascii	"\262q\375\302\302BU\015GU=\246F\302z,\252./\362\257"
 133      C242550D 
 133      47553DA6 
 133      46C27A2C 
 133      AA2E2FF2 
 134 02f6 F057A85A 		.ascii	"\360W\250Z\211\026\326\203\353\267-\015\025j k\261\212"
 134      8916D683 
 134      EBB72D0D 
 134      156A206B 
 134      B18A
 135 0308 88A207A3 		.ascii	"\210\242\007\243\345e\261Ev@\260\"\246\256\360\007V"
 135      E565B145 
 135      7640B022 
 135      A6AEF007 
 135      56
 136 0319 07D4D2AD 		.ascii	"\007\324\322\255ZY\371\306\240*\002\264\320\312\362"
 136      5A59F9C6 
 136      A02A02B4 
 136      D0CAF2
 137 0328 AD5A6109 		.ascii	"\255Za\011\344\372\213\002\336\374%\005\336H4\342\006"
 137      E4FA8B02 
 137      DEFC2505 
 137      DE4834E2 
 137      06
 138 0339 B64C8799 		.ascii	"\266L\207\231\261pd\315\246\265zX\013\304\212\265-\271"
 138      B17064CD 
 138      A6B57A58 
 138      0BC48AB5 
 138      2DB9
 139 034b FE401139 		.ascii	"\376@\0219\013\270\312\015\222\016,\032\001\307\266"
 139      0BB8CA0D 
 139      920E2C1A 
 139      01C7B6
 140 035a E2B2F2E0 		.ascii	"\342\262\362\340\177\024U\002\263)~Cq4\030\321K)\007"
 140      7F145502 
 140      B3297E43 
 140      713418D1 
 140      4B2907
 141 036d 3843C150 		.ascii	"8C\301PX\337\016?\000\274T\2517"
 141      58DF0E3F 
 141      00BC54A9 
 141      37
 142              		.text
 143              		.section	.gnu.lto__port_irq_epilogue.f8959a7a777e602a,"",%progbits
 144 0000 789C8D53 		.ascii	"x\234\215S[KTQ\024^\353\354sf\246\361\202O\342\203\017"
 144      5B4B5451 
 144      145EEBEC 
 144      7366A6F1 
 144      824FE283 
 145 0015 23642284 		.ascii	"#d\"\204'\"\020\202\210\020\202\010_\364\007\204M\003"
ARM GAS  /tmp/cctMTCVr.s 			page 11


 145      27221082 
 145      88108208 
 145      5FF40784 
 145      4D03
 146 0027 0A8ECA78 		.ascii	"\012\216\312x\301$p\217\216\012J&\2249Jr@\021oy-\253"
 146      C124708F 
 146      8E0A4A26 
 146      94394A72 
 146      40116F79 
 147 003d D151A7B1 		.ascii	"\321Q\247\261\250\207.\024\006\242OjS\230J\027zP0m\355"
 147      A8872E14 
 147      06A24F6A 
 147      53984A17 
 147      7A50306D 
 148 0052 3DA3D508 		.ascii	"=\243\325\010\325\206s\366Y\353\373\366^\267\357h\240"
 148      D58673F6 
 148      59EBFBF6 
 148      5EB7EF68 
 148      A0
 149 0063 C0220368 		.ascii	"\300\"\003h\005\2003\364\240\011Piy\005\340\266(\012"
 149      058033F4 
 149      A0095069 
 149      7905E0B6 
 149      280A
 150 0075 9B4F046E 		.ascii	"\233O\004nU\375\231\300c\031j\302\215jxw[4D\361\301"
 150      55FD99C0 
 150      63196AC2 
 150      8D6A7877 
 150      5B3444F1 
 151 008a 2D08D50A 		.ascii	"-\010\325\012S5\254\306\033\254\215a\260\341\203OI\357"
 151      5335ACC6 
 151      1BAC8D61 
 151      B0E1834F 
 151      49EF
 152 009c E5B4026D 		.ascii	"\345\264\002m\337\315\365\274.\311\240\000\355\364\210"
 152      DFCDF5BC 
 152      2EC9A000 
 152      EDF488
 153 00ab 85BD980E 		.ascii	"\205\275\230\016D[\031\333m\2153\251a?\366\241\011i"
 153      445B19DB 
 153      6D8D33A9 
 153      613FF6A1 
 153      0969
 154 00bd 1F798B01 		.ascii	"\037y\213\001\276\273\327\300\003;\335\330y\321\302"
 154      BEBBD7C0 
 154      033BDDD8 
 154      79D1C2
 155 00cc C060A88A 		.ascii	"\300`\250\212\027@#\021E\300&\246\210\235\205P\021\367"
 155      17402311 
 155      45C026A6 
 155      889D8550 
 155      11F7
 156 00de BCF18CDE 		.ascii	"\274\361\214\336a\315\314`\012\252d~}\331\261\032/L"
 156      61CDCC60 
 156      0AAA647E 
 156      7DD9B11A 
 156      2F4C
ARM GAS  /tmp/cctMTCVr.s 			page 12


 157 00f0 8636323F 		.ascii	"\20662?\372\033\346\221\245\241`N\314,x\255\251\335"
 157      FA1BE691 
 157      A5A1604E 
 157      CC2C78AD 
 157      A9DD
 158 0102 9CD7F0C0 		.ascii	"\234\327\360\300\347\272c\317z\352y\213\333b0\025\007"
 158      E7BA63CF 
 158      7AEA798B 
 158      DB623015 
 158      07
 159 0113 91511A38 		.ascii	"\221Q\0328\200\311\330\217\311\3414\357b*\235iX\343"
 159      80C9D88F 
 159      C9E134EF 
 159      622A9D69 
 159      58E3
 160 0125 D3AAB84E 		.ascii	"\323\252\270NE\033\016\021\366\011kV\006\257{W\223\016"
 160      451B0E11 
 160      F6096B56 
 160      06AF7B57 
 160      930E
 161 0137 4AF0C84A 		.ascii	"J\360\310Jon\231e\025\355\014!\012Z\3579M\330\260\300"
 161      6F6E9965 
 161      15ED0C21 
 161      0A5AEF39 
 161      4DD8B0C0 
 162 014b 94682C58 		.ascii	"\224h,X%\002\001\216\010\224\375\336\027\034\245Q\000"
 162      2502018E 
 162      0894FDDE 
 162      171CA551 
 162      00
 163 015c 8E89C620 		.ascii	"\216\211\306 T\021\322e\214oYS\232\320\340^\233\301"
 163      5411D265 
 163      8C6F5953 
 163      9AD0E05E 
 163      9BC1
 164 016e 34411E5A 		.ascii	"4A\036Z\235\342\026U!\3368\246\200\360|\331\230_R\310"
 164      9DE21655 
 164      21DE38A6 
 164      80F07CD9 
 164      985F52C8 
 165 0182 83F76852 		.ascii	"\203\367hR\"a\300\373\2621}3s\241\330\224\346\310i\223"
 165      2261C0FB 
 165      B2317D33 
 165      73A1D894 
 165      E6C86993 
 166 0196 E07E1B1E 		.ascii	"\340~\033\036\177\027#OO\210\323\370\200Z\035\302\032"
 166      7F17234F 
 166      4F88D3F8 
 166      805A1DC2 
 166      1A
 167 01a7 9B2C1E60 		.ascii	"\233,\036`\015\203\223\333]{\013(\352\352db\266\267"
 167      0D8393DB 
 167      5D7B0B28 
 167      EAEA6462 
 167      B6B7
 168 01b9 EB82AFCD 		.ascii	"\353\202\257\315\242\035fY\245\333\347\277\245\205M"
 168      A21D6659 
ARM GAS  /tmp/cctMTCVr.s 			page 13


 168      A5DBE7BF 
 168      A5854D
 169 01c8 BE58CBE3 		.ascii	"\276X\313\343\3058\2745\313\026\003;\335T\035\305\261"
 169      C538BC35 
 169      CB16033B 
 169      DD541DC5 
 169      B1
 170 01d9 E0236AEA 		.ascii	"\340#j\352C\221\007\201\033\255\317\007\254\372\020"
 170      43910781 
 170      1BADCF07 
 170      ACFA10
 171 01e8 F7B80576 		.ascii	"\367\270\005v\004}h\240W\352\002'Q\247\200\265;\365"
 171      047D68A0 
 171      57EA0227 
 171      51A780B5 
 171      3BF5
 172 01fa FD5A389C 		.ascii	"\375Z8\234\032\216\270\371\"\324%\007\200\310\023p\212"
 172      1A8EB8F9 
 172      22D42507 
 172      80C81370 
 172      8A
 173 020b 2E7A8F9E 		.ascii	".z\217\236\245\271S\021\0221F6|\333qa\006\240?2\276"
 173      A5B95311 
 173      12314636 
 173      7CDB7161 
 173      06A03F32 
 174 0220 266AE67C 		.ascii	"&j\346|\"[G&\210\"\266\317\267\261d\256\376\301i\340"
 174      225B4726 
 174      8822B6CF 
 174      B7B164AE 
 174      FEC169E0 
 175 0234 D676A652 		.ascii	"\326v\246R\310i\254&e\305H\266\012\376\314}E\375\251"
 175      C869AC26 
 175      65C548B6 
 175      0AFECC7D 
 175      45FDA9
 176 0247 9393FFD0 		.ascii	"\223\223\377\320\311\214\324\311AcTJb\366o:\351\210"
 176      C98CD4C9 
 176      4163544A 
 176      62F66F3A 
 176      E988
 177 0259 89E8443B 		.ascii	"\211\350D;\244\223\272\263\244\223\200\300L\321\330"
 177      A493BAB3 
 177      A49380C0 
 177      4CD1D8
 178 0268 E2351108 		.ascii	"\3425\021\010\360\361a\235\004\245N\346~\351d\327X\236"
 178      F0F1619D 
 178      04A54EE6 
 178      7EE964D7 
 178      589E
 179 027a 89D997C0 		.ascii	"\211\331\227\300\254\224\300\023)\201\350y?=\230\267"
 179      AC94C013 
 179      2981E879 
 179      3F3D98B7 
 180 028a B85BF641 		.ascii	"\270[\366A\223\277\326&5B\256FR39\310:\232\221\241\353"
 180      93BFD626 
 180      3542AE46 
ARM GAS  /tmp/cctMTCVr.s 			page 14


 180      523339C8 
 180      3A9A91A1 
 181 029f C5A5BAAB 		.ascii	"\305\245\272\253L/)v\225\225\352\347r\262\263\262+u"
 181      4C2F2976 
 181      9595EAE7 
 181      72B2B3B2 
 181      2B75
 182 02b1 7BBEBDD8 		.ascii	"{\276\275\330\345\270T\221\351\314\260\203V\221WX\356"
 182      E5B85491 
 182      E9CCB083 
 182      56915758 
 182      EE
 183 02c2 F80F6A3E 		.ascii	"\370\017j>\244EH\216\3122=+;\367B\256^Pd/,\277\342\320"
 183      A445488E 
 183      CA323D2B 
 183      3BF742AE 
 183      5E50642F 
 184 02da 25C9EE3C 		.ascii	"%\311\356<_^d'^Bvn\216\355r^\251\243\304Up\334\226z"
 184      5F5E6427 
 184      5E42766E 
 184      8EED725E 
 184      A9A3C455 
 185 02f2 02141798 		.ascii	"\002\024\027\230\235\016g\261\353*\374\004\007jh\037"
 185      9D0E67B1 
 185      EB2AFC04 
 185      076A681F 
 186              		.text
 187              		.section	.gnu.lto_.symbol_nodes.f8959a7a777e602a,"",%progbits
 188 0000 789C6365 		.ascii	"x\234ce`b\250a\000\002\246_\214\365\014\014\023\316"
 188      6062A861 
 188      0002A65F 
 188      8CF50C0C 
 188      13CE
 189 0012 3130D433 		.ascii	"10\32430\356l9\330\340\300\300\300\370\205\261\236\021"
 189      30EE6C39 
 189      D8E0C0C0 
 189      C0F885B1 
 189      9E11
 190 0024 2CC6C0D0 		.ascii	",\306\300\320\260\000$\360\225\261\236\011Y\200\351"
 190      B00024F0 
 190      95B19E09 
 190      5980E9
 191 0033 23633D33 		.ascii	"#c=3T\027\303\256\006G\240\310'\306z\026\024\021\306"
 191      5417C3AE 
 191      0647A0C8 
 191      27C67A16 
 191      1411C6
 192 0046 CF8CF5AC 		.ascii	"\317\214\365\2540M c\231\031X\031\226\264\277\221gf"
 192      304D2063 
 192      99195819 
 192      96B4BF91 
 192      6766
 193 0058 616078B4 		.ascii	"a`x\264R\215\001\000Y\207 \261"
 193      528D0100 
 193      598720B1 
 194              		.text
 195              		.section	.gnu.lto_.refs.f8959a7a777e602a,"",%progbits
ARM GAS  /tmp/cctMTCVr.s 			page 15


 196 0000 789C6365 		.ascii	"x\234ce`b\340d`\000\222L\214\374LL\002\014\000\001\230"
 196      6062E064 
 196      6000924C 
 196      8CFC4C4C 
 196      020C0001 
 197 0015 0039     		.ascii	"\0009"
 198              		.text
 199              		.section	.gnu.lto_.decls.f8959a7a777e602a,"",%progbits
 200 0000 789CBD58 		.ascii	"x\234\275XyL\024Y\032\357W\2579\272i\216 \273\353dI"
 200      794C1459 
 200      1AEF57AF 
 200      39BA698E 
 200      20BBEB64 
 201 0015 C6181299 		.ascii	"\306\030\022\231?\004\234\231\354L\262\223\211\210:"
 201      3F049C99 
 201      EC4CB293 
 201      89883A
 202 0024 BA89BBA6 		.ascii	"\272\211\273\246\031\315\376\263\323\3034=B\006\001"
 202      19CDFEB3 
 202      D3C3343D 
 202      420601
 203 0033 9B664727 		.ascii	"\233fG'\233l!\240\214x \036\200\242\242x\200\234\202"
 203      9B6C21A0 
 203      8C78201E 
 203      80A2A278 
 203      809C82
 204 0046 808A0722 		.ascii	"\200\212\007\"\227\010\2108\210 \227\014\202\007*\340"
 204      97088838 
 204      8820970C 
 204      82072AE0 
 205 0056 0588B2DF 		.ascii	"\005\210\262\337{\257\212\252.\033g\377\330l\205\257"
 205      7BAF8AAA 
 205      2E1B67FF 
 205      D86C85AF 
 206 0066 BBBF57BF 		.ascii	"\273\277W\277\367\373\316\367\252\036v*N\365\315l\225"
 206      F7FBCEF7 
 206      AA1E762A 
 206      4EF5CD6C 
 206      95
 207 0077 6A1D56A9 		.ascii	"j\035V\251\342\220J5\005\227Z\245R\345\251\244\313\036"
 207      E2904A35 
 207      05975AA5 
 207      52E5A9A4 
 207      CB1E
 208 0089 241FE414 		.ascii	"$\037\344\024H1H\011H\031\310%\325\273\327?\200\303"
 208      48314809 
 208      4819C825 
 208      D5BBD73F 
 208      80C3
 209 009b 15BE5783 		.ascii	"\025\276W\203\270\203x\200\324\201\334\003\231\007r"
 209      B8837880 
 209      D481DC03 
 209      990772
 210 00aa 1EE40948 		.ascii	"\036\344\011H\037H#\310*\220a\220\021\220\213 \243 "
 210      1F4823C8 
 210      2A906190 
 210      11908B20 
ARM GAS  /tmp/cctMTCVr.s 			page 16


 210      A320
 211 00bc 1CC81D90 		.ascii	"\034\310\035\220^\231\355W \223\202M\321\017\345\365"
 211      5E99ED57 
 211      2093824D 
 211      D10FE5F5 
 212 00cc 03D8D628 		.ascii	"\003\330\326(l\337\023\354\317\023\354\022[\010Iq\225"
 212      6CDF13EC 
 212      CF13EC12 
 212      5B084971 
 212      95
 213 00dd C8B8318C 		.ascii	"\310\2701\214\333\2018\242w\271#`L'p\317S\304&r~\013"
 213      DB8138A2 
 213      77B92360 
 213      4C2770CF 
 213      53C42672 
 214 00f3 F20D8817 		.ascii	"\362\015\210\027H\020b9$T_\301\207\203\2203#\3746\011"
 214      48106239 
 214      24545FC1 
 214      87839033 
 214      23FC3609 
 215 0107 36F26536 		.ascii	"6\362e6\225W\012F\245\333\252.p\335\250\023A>\220\033"
 215      95570A46 
 215      A5DBAA2E 
 215      70DDA813 
 215      413E901B 
 216 011b 1D659E23 		.ascii	"\035e\236#\370\"B\325)\361B\210\216\303(G?\031\220\016"
 216      F82242D5 
 216      29F14288 
 216      8EC32847 
 216      3F19900E 
 217 012f 217186A0 		.ascii	"!q\206\240s\202\312\011\224\364O\230\214d\214\3546\263"
 217      7382CA09 
 217      94F44F98 
 217      8C648CEC 
 217      36B3
 218 0141 245E2C26 		.ascii	"$^,&$\344\220\262\263\331\210\223\014 $\237 #dn\013"
 218      24E490B2 
 218      B3D98893 
 218      0C20249F 
 218      2023646E 
 219 0156 F7A7FD53 		.ascii	"\367\247\375SI\301!1\372\221\264\206\001m\017\352\""
 219      49C12131 
 219      FA91B486 
 219      016D0FEA 
 219      22
 220 0167 A3190B11 		.ascii	"\243\031\013\021\035\233\334v\261T\2079D~\367\214g-"
 220      1D9BDC76 
 220      B1548739 
 220      447EF78C 
 220      672D
 221 0179 F5C9E5D9 		.ascii	"\365\311\345\331\345\370\205\224\266\352\251W\025\256"
 221      E5F88594 
 221      B6EAA957 
 221      15AE
 222 0187 DB3172D7 		.ascii	"\3331r\327\"\016\324\226\341\206\003N\240zh\221\033"
 222      220ED496 
 222      E186034E 
ARM GAS  /tmp/cctMTCVr.s 			page 17


 222      A07A6891 
 222      1B
 223 0198 A86331AD 		.ascii	"\250c1\255\227\265\263\367\322Y\261\274\033\207V\377"
 223      97B5B3F7 
 223      D259B1BC 
 223      1B8756FF 
 224 01a8 1EE5224F 		.ascii	"\036\345\"O\224\203<\301x\036\202\245\200\276S3\246"
 224      94833CC1 
 224      781E82A5 
 224      80BE5333 
 224      A6
 225 01b9 F8375B36 		.ascii	"\3707[6;\317\315\340+z\371\212\247U_\336-\252\340\343"
 225      3BCFCDE0 
 225      2B7AF98A 
 225      A7555FDE 
 225      2DAAE0E3 
 226 01cd 619A3D81 		.ascii	"a\232=\201\241l\204\321I\344C\\\206\237\360\231\205"
 226      A16C84D1 
 226      49E4435C 
 226      869FF099 
 226      85
 227 01de 7A103A81 		.ascii	"z\020:\201\272!\240|4\027\246?n,*r\305\177\241\336\276"
 227      BA21A07C 
 227      3417A63F 
 227      6E2C2A72 
 227      C57FA1DE 
 228 01f3 DF6CA195 		.ascii	"\337l\241\225\331\232\023\35575`\266\227\347+j\323\275"
 228      D99A13ED 
 228      373560B6 
 228      97E72B6A 
 228      D3BD
 229 0205 BB0BFBF9 		.ascii	"\273\013\373\371\004-\005\241\002\311h\0011J~\234\242"
 229      042D05A1 
 229      02C96801 
 229      314A7E9C 
 229      A2
 230 0216 C6EEF61E 		.ascii	"\306\356\366\036\033u\302\361\210Z\333u\360\331=,0t"
 230      1B75C2F1 
 230      885ADB75 
 230      F0D93D2C 
 230      3074
 231 0228 7C93C657 		.ascii	"|\223\306Wrtv\2214\273H\234]LggU??\206q\032\233}\177"
 231      72747691 
 231      34BB489C 
 231      5D4C6767 
 231      553F3F86 
 232 0241 78CB4730 		.ascii	"x\313G09\203F\375\341\336X>\013\234\236C\031NK\014\247"
 232      398346FD 
 232      E1DE583E 
 232      0B9C9E43 
 232      194E4B0C 
 233 0256 95419750 		.ascii	"\225A\227P\246\236\341g\265N\370\030cJ\256\310\254t"
 233      A69EE167 
 233      B54EF818 
 233      634AAEC8 
 233      AC74
 234 0268 14A85A3E 		.ascii	"\024\250Z>L\343+6\362|\014\363\245Tb*U2\225Q\246\214"
ARM GAS  /tmp/cctMTCVr.s 			page 18


 234      4CE32B36 
 234      F27C0CF3 
 234      A554622A 
 234      55329551 
 235 027e D4970FEC 		.ascii	"\324\227\017\354\361\031\306\324X}3\325\001\267PE}\377"
 235      F119C6D4 
 235      587D33D5 
 235      01B75045 
 235      7DFF
 236 0290 D22807B9 		.ascii	"\322(\007\271#\177\032\357}\274#:\2174\252}|\002\317"
 236      237F1AEF 
 236      7DBC233A 
 236      8F34AA7D 
 236      7C02CF
 237 02a3 BBD19F9B 		.ascii	"\273\321\237\233y~#?\2741\311\015\270>\361D~\236*t\001"
 237      797E233F 
 237      BC31C90D 
 237      B83EF144 
 237      7E9E2A74 
 238 02b8 79D35B2A 		.ascii	"y\323[*t\016\246\225C\326\217\213\255\243\"7\320Y!!"
 238      740EA695 
 238      43D68F8B 
 238      ADA32237 
 238      D0592121 
 239 02cc AC0455D9 		.ascii	"\254\004U\331M\311:y\271\010D\252\327E\253z\245\016"
 239      4DC93A79 
 239      B90844AA 
 239      D745AB7A 
 239      A50E
 240 02de 37777162 		.ascii	"7wqb\275\312\347$\306\326l\345\017#\212Bg\2440\317\210"
 240      BDCAE724 
 240      C6D66CE5 
 240      0F238A42 
 240      67A430CF 
 241 02f3 29BF44C3 		.ascii	")\277D\303\353\252\313\316\301\320\227\363\264\210,"
 241      EBAACBCE 
 241      C1D097F3 
 241      B4882C
 242 0302 0D57182A 		.ascii	"\015W\030*\030:;\356\314\206\010o\313\216\321\243\016"
 242      183A3BEE 
 242      CC86086F 
 242      CB8ED1A3 
 242      0E
 243 0313 F8394BC0 		.ascii	"\3709K\300\215\270\302t\314\272ZMVG\343\276_]XW\317"
 243      8DB8C274 
 243      CCBA5A4D 
 243      5647E3BE 
 243      5F5D5857 
 244 0328 49C15C5A 		.ascii	"I\301\\Z}[\245\032ykiP\025S\227\276L\033%%\253AZT)y"
 244      7D5BA51A 
 244      796B6950 
 244      155397BE 
 244      4C1B2525 
 245 0342 304F0B9F 		.ascii	"0O\013\237\011$9I\261\274f\231\012UADW \"T\015\351\001"
 245      09243949 
 245      B1BC6699 
 245      0A554144 
ARM GAS  /tmp/cctMTCVr.s 			page 19


 245      57202254 
 246 0359 AB04872E 		.ascii	"\253\004\207.\303`\005\014\202\225\354\243;\217\330"
 246      C360050C 
 246      8295ECA3 
 246      3B8FD8
 247 0368 E34774C1 		.ascii	"\343Gt\301q5\027\357\334V#\255\267M\202\2536\010\230"
 247      713517EF 
 247      DC5623AD 
 247      B74D82AB 
 247      360898
 248 037b 3383DD73 		.ascii	"3\203\335sk`\325p\250\016\234\251\225\234\001\337\310"
 248      6B60D570 
 248      A80E9CA9 
 248      959C01DF 
 248      C8
 249 038c 178C82A1 		.ascii	"\027\214\202\241'q\367z\235Xt\263A\215)\311\334\241"
 249      2771F77A 
 249      9D5874B3 
 249      418D29C9 
 249      DCA1
 250 039e C3AD9846 		.ascii	"\303\255\230F~\250s$\317\001wP\205\273\334z8\333\031"
 250      7EA87324 
 250      CF017750 
 250      85BBDC7A 
 250      38DB19
 251 03b1 E9BCB74C 		.ascii	"\351\274\267L;AV\322\264\033M\340\306*\235`\202\331"
 251      3B4156D2 
 251      B41B4DE0 
 251      C62A9D60 
 251      82D9
 252 03c3 EF99FC34 		.ascii	"\357\231\3744\375\"IF#\322\241\006\311\376*\035\253"
 252      FD224946 
 252      23D2A106 
 252      C9FE2A1D 
 252      AB
 253 03d4 DEDE9493 		.ascii	"\336\336\224\223\26758N\315R.l\026\356l\263x\224\336"
 253      B735384E 
 253      CD522E6C 
 253      16EE6CB3 
 253      7894DE
 254 03e7 D1A1C39B 		.ascii	"\321\241\303\233\331\275\342\332\221Z\015\336\316\224"
 254      D9BDE2DA 
 254      915A0DDE 
 254      CE94
 255 03f5 7DE5CFEB 		.ascii	"}\345\317\353\355\030\320\021\324\366\346\302D\027\234"
 255      ED18D011 
 255      D4F6E6C2 
 255      44179C
 256 0404 CCEE6DCA 		.ascii	"\314\356m\312\2742\356\214\3670%\353a\317$\306\251L"
 256      BC32EE8C 
 256      F73025EB 
 256      61CF24C6 
 256      A94C
 257 0416 797DB69A 		.ascii	"y}\266\232w\304\373\231r\242\266\275\326\025\037d\212"
 257      77C4FB99 
 257      72A2B6BD 
 257      D6151F64 
ARM GAS  /tmp/cctMTCVr.s 			page 20


 257      8A
 258 0427 584F775A 		.ascii	"XOwZO\224\177\377R\272\226\225\227\207ML\333y}\360\255"
 258      4F947FFF 
 258      52BA9695 
 258      97874D4C 
 258      DB797DF0 
 259 043c 2BF2A297 		.ascii	"+\362\242\227\367,/\257#$|\330\034>?\337\322\317\363"
 259      F72C2FAF 
 259      23247CD8 
 259      1C3E3FDF 
 259      D2CFF3
 260 044f C93A1ADC 		.ascii	"\311:\032\3345\010\256\017\315\222\262QO\233\265\212"
 260      3508AE0F 
 260      CD92B251 
 260      4F9BB58A 
 261 045f 7CAAD88C 		.ascii	"|\252\330\214\276/`\021\306a\012\277\241\2047\277\003"
 261      BE2F6011 
 261      C6610ABF 
 261      A18437BF 
 261      03
 262 0470 AF97C15B 		.ascii	"\257\227\301[\225\360\233\024\276@BO\374YB\267)\321"
 262      95F09B14 
 262      BE40424F 
 262      FC5942B7 
 262      29D1
 263 0482 BE0A708B 		.ascii	"\276\012p\213\214\372\027\333\324rO\036\312\340\327"
 263      8CFA17DB 
 263      D4724F1E 
 263      CAE0D7
 264 0491 6DC749C9 		.ascii	"m\307I\311Y\315_\226\273\305\360<\"(\225Por\355$7\223"
 264      59CD5F96 
 264      BBC5F03C 
 264      22289550 
 264      6F72ED24 
 265 04a7 787EA15A 		.ascii	"x~\241Z\205:`r;\231|[`\003\030\272\013\355\323\215\274"
 265      853A6072 
 265      3B997C5B 
 265      600318BA 
 265      0BEDD38D 
 266 04bc 503F4817 		.ascii	"P?H\027H\017\310\257 \235 \275 w\220\027%b>u\237wO\216"
 266      480FC8AF 
 266      209D20BD 
 266      20779017 
 266      25623E75 
 267 04d4 E5EBFCA8 		.ascii	"\345\353\374\250S-\266\263)\213\270R\026\302-\233\351"
 267      532DB6B3 
 267      298BB852 
 267      16C22D9B 
 267      E9
 268 04e5 610193BE 		.ascii	"a\001\223\276K\351i\303:Y\217\313\261*t\017\351\350"
 268      4BE969C3 
 268      3A598FCB 
 268      B12A740F 
 268      E9E8
 269 04f7 4602DF00 		.ascii	"F\002\337\000.\0339\260\011k\023hl\024\014=$a\007\310"
 269      2E1B39B0 
 269      096B1368 
ARM GAS  /tmp/cctMTCVr.s 			page 21


 269      6C140C3D 
 269      246107C8 
 270 050b 32037ABA 		.ascii	"2\003z\272s\001\272r\264\360\204\2165\032\226-<\017"
 270      7301BA72 
 270      B4F0848E 
 270      351A962D 
 270      3C0F
 271 051d B6F05AC7 		.ascii	"\266\360Z\307.L\350\360I\332\223\352\336\314\321G\366"
 271      2E4CE8F0 
 271      49DA93EA 
 271      DECCD147 
 271      F6
 272 052e C81B7659 		.ascii	"\310\033vY-\210l\277\034\202\225\374@\332/\351\316;"
 272      2D886CBF 
 272      1C8295FC 
 272      40DA2FE9 
 272      CE3B
 273 0540 FC6F32CC 		.ascii	"\374o2\314v\227\341#<\236=\275\365>\204\244\016Q/\036"
 273      7697E123 
 273      3C9E3DBD 
 273      F53E84A4 
 273      0E512F1E 
 274 0554 83578FC0 		.ascii	"\203W\217\300\015\262e\223\0210\2304\226\267\311\336"
 274      0DB26593 
 274      11309834 
 274      96B7C9DE 
 275 0564 3D4928CC 		.ascii	"=I(\314\034D\271\357\003n\220z\377\004\271\2131P\005"
 275      1C44B9EF 
 275      036E907A 
 275      FF04B98B 
 275      315005
 276 0577 666C29BD 		.ascii	"fl)\275\331\255\2361\334\247b\270~4\332\255\217o\244"
 276      D9AD9E31 
 276      DCA762B8 
 276      7E34DAAD 
 276      8F6FA4
 277 058a EA94F4D2 		.ascii	"\352\224\364\322>>L\351\2372\372aJ\337;\266c\312U\236"
 277      3E3E4CE9 
 277      9F32FA61 
 277      4ADF3BB6 
 277      63CA559E 
 278 059e 7AB28B4B 		.ascii	"z\262\213K\374#B\352Gh\352{\306\332\272urp\241\025x"
 278      FC2342EA 
 278      4768EA7B 
 278      C6DABA75 
 278      7270A115 
 279 05b3 54008F52 		.ascii	"T\000\217R\360\255\316\226T\015.`\353\375d\336\301B"
 279      F0ADCE96 
 279      540D2E60 
 279      EBFD64DE 
 279      C142
 280 05c5 177C9629 		.ascii	"\027|\226)\211\225W\322\355\325\360\326\366\234&\025"
 280      899557D2 
 280      EDD5F0D6 
 280      F69C2615 
 281 05d5 46CE9C18 		.ascii	"F\316\234\030\314w\226?\177\352\254\374~i\365\374y\265"
 281      CC77963F 
ARM GAS  /tmp/cctMTCVr.s 			page 22


 281      7FEAACFC 
 281      7E69F5FC 
 281      79B5
 282 05e7 2BA7D555 		.ascii	"+\247\325UxM\231J\305\035y=[\371\214\030~a\035G\200"
 282      784D994A 
 282      C51D793D 
 282      5BF98C18 
 282      7E611D47 
 283 05fc E899B8E7 		.ascii	"\350\231\270\347\241\027HM4\353\207\355+\3724\032:\336"
 283      A117484D 
 283      34EB87ED 
 283      2BFA341A 
 283      3ADE
 284 060e E6869FCE 		.ascii	"\346\206\237\316\344N\345x\217\233\232c\27351K\236\220"
 284      E44EE578 
 284      8F9B9A63 
 284      BB35314B 
 284      9E90
 285 0620 85396F5C 		.ascii	"\2059o\\f|\241yM\035\234@\202\207\327\037\337\310\327"
 285      667CA179 
 285      4D1D9C40 
 285      8287D71F 
 285      DFC8D7
 286 0633 081E363D 		.ascii	"\010\0366=uO\241\257\024IG\021\301\241\261i\377\306"
 286      754FA1AF 
 286      14494711 
 286      C1A1B169 
 286      FFC6
 287 0645 C1BF31A5 		.ascii	"\301\2771\245\177\223\324\277\376\327y\347\204\375\321"
 287      7F93D4BF 
 287      FED779E7 
 287      84FDD1
 288 0654 9E845C90 		.ascii	"\236\204\\\220\321\344<c\023\274\025\233\340\015\353"
 288      D1E43C63 
 288      13BC159B 
 288      E00DEB
 289 0663 F9E75BE2 		.ascii	"\371\347[\342_\011\317N\007\262%\017\244o\327\261\236"
 289      5F09CF4E 
 289      07B2250F 
 289      A46FD7B1 
 289      9E
 290 0674 FF1CD43B 		.ascii	"\377\034\324;\315\2715\316\312\036\3419O4E\311b8w\221"
 290      CDB935CE 
 290      CA1EE139 
 290      4F3445C9 
 290      62387791 
 291 0688 922A30E3 		.ascii	"\222*0\343j\177^\245\013\036g\331J\353x\224*\306\006"
 291      6A7F5EA5 
 291      0B1E67D9 
 291      4AEB7894 
 291      2AC606
 292 069b 6F6B53B7 		.ascii	"okS\267aC\206\216\210\203XH7l\344\246\2378\360\323:"
 292      6143868E 
 292      88835848 
 292      376CE4A6 
 292      9F38F0D3 
 293 06b0 B4588E84 		.ascii	"\264X\216\204\326{hp\2273\336nG\331\256]\314l\265\023"
ARM GAS  /tmp/cctMTCVr.s 			page 23


 293      D67B6870 
 293      9733DE6E 
 293      47D9AE5D 
 293      CC6CB513 
 294 06c4 D82AFFC5 		.ascii	"\330*\377\305\336\230\016\2637\2468\211)N\311\024O\231"
 294      DE980EB3 
 294      37A63889 
 294      294EC914 
 294      4F99
 295 06d6 DA062A83 		.ascii	"\332\006*\203\361>\273\031\2128\260\177o\241\223\324"
 295      F13EBB19 
 295      8A38B07F 
 295      6FA193D4 
 296 06e6 26F5A7FA 		.ascii	"&\365\247\372\257\305\360\036q\037\321\"l\022\311\321"
 296      AFC5F01E 
 296      711FD122 
 296      6C12C9D1 
 297 06f6 664E4D34 		.ascii	"fNM4k\376\004\312\237\333X\333)\3441\001\201>\365\240"
 297      6BFE04CA 
 297      9FDB58DB 
 297      29E43101 
 297      813EF5A0 
 298 070a 3D53C3F4 		.ascii	"=S\303\364a\372\020\233<P&\350\036\240\276\351IJr`y"
 298      61FA109B 
 298      3C5026E8 
 298      1EA0BEE9 
 298      494A7260 
 299 071f CE20F0BB 		.ascii	"\316 \360\273]\203[\\p\026\363o2\361B\232\375\214\025"
 299      5D835B5C 
 299      7016F36F 
 299      32F1429A 
 299      FD8C15
 300 0732 DCCE0915 		.ascii	"\334\316\011\025\274\302*8\036W\326\213\244\032\251"
 300      BCC22A38 
 300      1E57D68B 
 300      A41AA9
 301 0741 69236E85 		.ascii	"i#n\205\032%r\004\276\203\326\210N\"\350\215\345\355"
 301      1A257204 
 301      BE83D688 
 301      4E22E88D 
 301      E5ED
 302 0753 3B851340 		.ascii	";\205\023@/\321KZ\332^jp\0213\234\361v\347\021'b8\026"
 302      2FD14B5A 
 302      DA5E6A70 
 302      11339CF1 
 302      76E71127 
 303 076a 0C27FCE6 		.ascii	"\014'\374\346K\014\314\370\271\265\263\310\312x2\367"
 303      4B0CCCF8 
 303      B9B5B3C8 
 303      CA7832F7 
 304 077a 1EE33707 		.ascii	"\036\3437\007\016\307\011\033l3=\305\015\\\255\021\037"
 304      0EC7091B 
 304      6C333DC5 
 304      0D5CAD11 
 304      1F
 305 078b E5240BE5 		.ascii	"\345$\013\3455-W\021.c\316$\244\2156\273\316\230\205"
 305      352D5711 
ARM GAS  /tmp/cctMTCVr.s 			page 24


 305      2E63CE24 
 305      A48D36BB 
 305      CE9885
 306 079e 14310B83 		.ascii	"\0241\013\203\314\221\366\261\352\016;e\026\366\200"
 306      CC91F6B1 
 306      EA0E3B65 
 306      16F680
 307 07ad 23EC5993 		.ascii	"#\354Y\223J\035I\021\035\351.N\033pP\272=#:\261\272"
 307      4A1D4911 
 307      1DE92E4E 
 307      1B7050BA 
 307      3D233AB1 
 308 07c2 A446A86D 		.ascii	"\244F\250m\035\355\226\267\305\365\016\370<s"
 308      1DED96B7 
 308      C5F50EF8 
 308      3C73
 309 07d0 7357F258 		.ascii	"sW\362X\275#\256`J\331\223\2342g\206\254\220\353\036"
 309      BD23AE60 
 309      4AD9939C 
 309      326786AC 
 309      90EB1E
 310 07e3 82FE2C67 		.ascii	"\202\376,g\370\230=\256b\340=\027\366\224\270(]>\010"
 310      F8983DAE 
 310      62E03D17 
 310      F694B828 
 310      5D3E08
 311 07f6 4EB0477C 		.ascii	"N\260G|\006'm\300\344\265\347\305\263sZ\245\3133\242"
 311      06276DC0 
 311      E4B5E7C5 
 311      B3735AA5 
 311      CB33A2
 312 0809 C575ECCE 		.ascii	"\305u\354\316\326q\352\370\341\207\316\270NHl\356\366"
 312      D671EAF8 
 312      E187CEB8 
 312      4E486CEE 
 312      F6
 313 081a 2B58ACF2 		.ascii	"+X\254\362o\277\252\222\323\332\223\311\002\027\334"
 313      6FBFAA92 
 313      D3DA93C9 
 313      0217DC
 314 0829 C8A69797 		.ascii	"\310\246\227\227\235\257\021^\357\374@\315\311\275\334"
 314      9DAF115E 
 314      EFFC40CD 
 314      C9BDDC
 315 0838 E4845B84 		.ascii	"\344\204[\204\316M:T\254\301\267\231\262\377Y\327\003"
 315      CE4D3A54 
 315      ACC1B799 
 315      B2FF59D7 
 315      03
 316 0849 A1E5BDC9 		.ascii	"\241\345\275\311F\231y0Y\203\273\330\275\251\244\204"
 316      46997930 
 316      5983BBD8 
 316      BDA9A484 
 317 0859 3407DCC7 		.ascii	"4\007\334\307\224\335M\2733\235\360 S^\337\337\335\216"
 317      94DD4DBB 
 317      339DF020 
 317      535EDFDF 
ARM GAS  /tmp/cctMTCVr.s 			page 25


 317      DD8E
 318 086b D82C9DAC 		.ascii	"\330,\235\254_=\204~\315\177\271=\305\011?f\330\266"
 318      5F3D847E 
 318      CD7FB93D 
 318      C5093F66 
 318      D8B6
 319 087d F6B8B302 		.ascii	"\366\270\263\002\326\211<0\257\365\374}\306\2069%6L"
 319      D6893C30 
 319      AFF5FC7D 
 319      C6863925 
 319      364C
 320 088f 2147632A 		.ascii	"!Gc*\210\357\317v\204\271\236p\306@\262\003\206';`\234"
 320      88EFCF76 
 320      84B99E70 
 320      C640B203 
 320      86273B60 
 321 08a4 AE7896A7 		.ascii	"\256x\226\247\306#\324\016Wz\272\177\237Vv\204\360\211"
 321      C623D40E 
 321      577ABA7F 
 321      9F567684 
 321      F089
 322 08b6 DF4CDEDA 		.ascii	"\337L\336\332K\241\002\247\245\235\307s\372\010a\375"
 322      4BA102A7 
 322      A59DC773 
 322      FA0861FD 
 323 08c6 902FE1BC 		.ascii	"\220/\341\274\011+Mj1\024\254\2109\220}(\253\312\031"
 323      092B4D6A 
 323      3114AC88 
 323      39907D28 
 323      ABCA19
 324 08d9 BF6616D2 		.ascii	"\277f\026\322\366\\>\3552m\001\316\005\305\364\\p\026"
 324      F65C3EED 
 324      326D01CE 
 324      05C5F45C 
 324      7016
 325 08eb 2C944916 		.ascii	",\224I\026J\271\031L\234\261m\242\276\256a\233Z\276"
 325      4AB9194C 
 325      9CB16DA2 
 325      BEAE619B 
 325      5ABE
 326 08fd 7D13BE7C 		.ascii	"}\023\276|\270\237GW\3479\3323\247\3046\317\310M\033"
 326      B89F4757 
 326      E739DA33 
 326      A7C436CF 
 326      C84D1B
 327 0910 72607DF1 		.ascii	"r`}\361_\261g\246\305N\330\311\331\313\337\307~\241"
 327      5FB167A6 
 327      C54ED8C9 
 327      D9CBDFC7 
 327      7EA1
 328 0922 A573218E 		.ascii	"\245s!\216\265\247\311}\321\324y\027\341\315L\211\273"
 328      B5A7C97D 
 328      D1D47917 
 328      E1CD4C89 
 328      BB
 329 0933 76F58403 		.ascii	"v\365\204\003Nd\312Pvc\235=\336\311\224\376\201\211"
 329      4E64CA50 
ARM GAS  /tmp/cctMTCVr.s 			page 26


 329      76639D3D 
 329      DEC994FE 
 329      8189
 330 0945 3318EF65 		.ascii	"3\030\357e\312\361\241#\3334x\2770\247\377I\223p\026"
 330      CAF1A123 
 330      DB3478BF 
 330      30A7FF49 
 330      937016
 331 0958 D94A8AF7 		.ascii	"\331J\212\367z\270\364\027\261K\310\231\343\341\213"
 331      7AB8F417 
 331      B14BC899 
 331      E3E18B
 332 0967 7B538EF8 		.ascii	"{S\216\3700\005\377a\350\364\316c:\341\200\340\3455"
 332      3005FF61 
 332      E8F4CE63 
 332      3AE180E0 
 332      E535
 333 0979 CB6BFAF2 		.ascii	"\313k\372\362\366\"\247\205\270\030(i\003N-\250\347"
 333      F622A785 
 333      B8182869 
 333      034E2DA8 
 333      E7
 334 098a F9DE0A84 		.ascii	"\371\336\012\204\316s\356\250\000r\336\304\315\232\216"
 334      CE73EEA8 
 334      0072DEC4 
 334      CD9A8E
 335 0999 46FE1A0D 		.ascii	"F\376\032\0153b\371\212\216\365\354\215\365(\304|Y@"
 335      3362F98A 
 335      8EF5EC8D 
 335      F528C47C 
 335      5940
 336 09ab DB7A633D 		.ascii	"\333zc=\302\357\006\376\216\237b(:\015\270\367\012h"
 336      C2EF06FE 
 336      8E9F6228 
 336      3A0DB8F7 
 336      0A68
 337 09bd 71BB41BB 		.ascii	"q\273A\2739\005w\375\006\211;W\311\335n\365\376O\340"
 337      390577FD 
 337      06893B57 
 337      C9DD6EF5 
 337      FE4FE0
 338 09d0 7D327896 		.ascii	"}2x\226\022~\\N\276\233\220\377\304\320d\373HW\242\367"
 338      127E5C4E 
 338      BE9B90FF 
 338      C4D064FB 
 338      4857A2F7 
 339 09e4 295D6991 		.ascii	")]i\221q\347(\321\331Jt\237,)\025J\264\354L$?lTA\032"
 339      71E728D1 
 339      D94A749F 
 339      2C29154A 
 339      B4EC4C24 
 340 09fd AE502282 		.ascii	"\256P\"\202&'\215vh\267\353\234\027\252\005i\004\271"
 340      26278D76 
 340      68B7EB9C 
 340      17AA0569 
 340      04B9
 341 0a0f 057203E4 		.ascii	"\005r\003\3446H\015\310U\220\006\220V\220z\2206\220"
ARM GAS  /tmp/cctMTCVr.s 			page 27


 341      36480DC8 
 341      55900690 
 341      56907A90 
 341      3690
 342 0a21 66904E90 		.ascii	"f\220N\220\016\220k w@\352@n\202\374\002\322\302\211"
 342      0E906B20 
 342      7740EA40 
 342      6E82FC02 
 342      D2C289
 343 0a34 A7139283 		.ascii	"\247\023\222\203\226\365R\016*m\026O\026\324\250,\005"
 343      96F5520E 
 343      2A6D164F 
 343      16D4A82C 
 343      05
 344 0a45 C794E023 		.ascii	"\307\224\340#\312\024\214\312RpQ\211nVv\321\350O\022"
 344      CA148CCA 
 344      52705189 
 344      6E5676D1 
 344      E84F12
 345 0a58 BA5A89FE 		.ascii	"\272Z\211\376\331\252t\320@}B\027\355\202.\332)\240"
 345      D9AA74D0 
 345      407D4217 
 345      ED822EDA 
 345      29A0
 346 0a6a C5672D4A 		.ascii	"\305g-J\222\243\311&\362P@\3033\030mS\242\267p\312."
 346      92A3C926 
 346      F25040C3 
 346      33186D53 
 346      A2B770CA 
 347 0a7f EA908579 		.ascii	"\352\220\205y\322v\245\345\360\207\2628/\331.\265\025"
 347      D276A5E5 
 347      F087B238 
 347      2FD92EB5 
 347      15
 348 0a90 5CC67EC2 		.ascii	"\\\306~\302v\217\312\341\0232\366\013\266\263\310\340"
 348      768FCAE1 
 348      1332F60B 
 348      B6B3C8E0 
 349 0aa0 6CBFAC19 		.ascii	"l\277\254\031s\247gZ\200\311\317\264,k5\023\356\311"
 349      73A7675A 
 349      80C9CFB4 
 349      2C6B3513 
 349      EEC9
 350 0ab2 3C398A1E 		.ascii	"<9\212\036\206D\034\022\310\304\007':\240\\\037-\262"
 350      86441C12 
 350      C8C40727 
 350      3AA05C1F 
 350      2DB2
 351 0ac4 F5B1DFF6 		.ascii	"\365\261\337\366\372\260\362T\026X\246\355\356\230>"
 351      FAB0F254 
 351      1658A6ED 
 351      EE983E
 352 0ad3 BA36F5EC 		.ascii	"\2726\365\354iR\343\006\272+qem\305{\\\320,o[k\001\365"
 352      6952E306 
 352      BA2B7165 
 352      6DC57B5C 
 352      D02C6F5B 
ARM GAS  /tmp/cctMTCVr.s 			page 28


 353 0aea C012F87F 		.ascii	"\300\022\370\177,\007\226\276\267\023\366pvE\335`\260"
 353      2C0796BE 
 353      B713F670 
 353      7645DD60 
 353      B0
 354 0afb 4B7AD890 		.ascii	"Kz\330\220d\262\377\0025t\306:\310Or\335\234\374\304"
 354      64B2FF02 
 354      3574C63A 
 354      C84F72DD 
 354      9CFCC4
 355 0b0e DDCBB193 		.ascii	"\335\313\261\223\034|\333:\366\345Y\035\373\356\012"
 355      1C7CDB3A 
 355      F6E5591D 
 355      FBEE0A
 356 0b1d E0BB147C 		.ascii	"\340\273\024|\345\345\255<\007\334\312\366\364M\273"
 356      E5E5AD3C 
 356      07DCCAF6 
 356      F44DBB
 357 0b2c B3DFDA4D 		.ascii	"\263\337\332M\037\026\276x\2438,\364I\236\365)_\301"
 357      1F16BE78 
 357      A3382CF4 
 357      499EF529 
 357      5FC1
 358 0b3e 7FA5AFE0 		.ascii	"\177\245\257\340\307_\215%\272\340\373\214-\376\315"
 358      C75F8D25 
 358      BAE0FB8C 
 358      2DFECD
 359 0b4d 68AF8B78 		.ascii	"h\257\213xX\330`uX\350\227\230\372\225L\367\270\271"
 359      58D86075 
 359      58E89798 
 359      FA954CF7 
 359      B8B9
 360 0b5f AA0F0C91 		.ascii	"\252\017\014\221\021f\213!\324\274\316`\212\014\015"
 360      11668B21 
 360      D4BCCE60 
 360      8A0C0D
 361 0b6e 8B58136D 		.ascii	"\213X\023m\362\211\0142[|\374\034\277\372\353\2529\001"
 361      F2890C32 
 361      5B7CFC1C 
 361      BFFAEBAA 
 361      3901
 362 0b80 0B16A8BC 		.ascii	"\013\026\250\274|||}#\242|\315\026_\202\215\362\365"
 362      7C7C7C7D 
 362      23A27CCD 
 362      165F828D 
 362      F2F5
 363 0b92 D7AF0858 		.ascii	"\327\257\010X\261\336\327\030b\2140\233\014\377\374"
 363      B1DED718 
 363      628C309B 
 363      0CFFFC
 364 0ba1 6CAD8F51 		.ascii	"l\255\217Q\365;\306\023\365c\250\305\030b\370\336\034"
 364      F53BC613 
 364      F563A8C5 
 364      1862F8DE 
 364      1C
 365 0bb2 B1D6101A 		.ascii	"\261\326\020\032e\376/\246\206\250f\261\251\246\365"
 365      65FE2FA6 
ARM GAS  /tmp/cctMTCVr.s 			page 29


 365      86A866B1 
 365      A9A6F5
 366 0bc1 A196E989 		.ascii	"\241\226\351\211N\201\253\003\014\313\202\302\203\303"
 366      4E81AB03 
 366      0CCB82C2 
 366      83C3
 367 0bcf 4C66F777 		.ascii	"Lf\367w]\374\300\030\022h\014Y\036\265\322l2\255\215"
 367      5DFCC018 
 367      12680C59 
 367      1EB5D26C 
 367      32AD8D
 368 0be2 B4844684 		.ascii	"\264\204F\204\353M\353\242C\315\246`;\303\242\210\210"
 368      EB4DEBA2 
 368      43CDA660 
 368      3BC3A288 
 368      88
 369 0bf3 B03F4A76 		.ascii	"\260?JvC\303\215a\321\301&0\031e\014\011\006sZ\203!"
 369      43C38D61 
 369      D1C12630 
 369      19650C09 
 369      06735A83 
 370 0c08 3A34DCF2 		.ascii	":4\334\362\311\307\006\313\017\276!\021kM\276a\246\210"
 370      C9C706CB 
 370      0FBE2111 
 370      6B4DBE61 
 370      A688
 371 0c1a F0207370 		.ascii	"\360 sp\204\357bS\2241\310\274&(\312w\215\3218?\310"
 371      84EF6253 
 371      9431C8BC 
 371      2628CA77 
 371      8DD1383F 
 372 0c2f BC767E78 		.ascii	"\274v~xD\270i\276)\350\273\320\371\177\232\377\261\337"
 372      44B869BE 
 372      29E8BBD0 
 372      F97F9AFF 
 372      B1DF
 373 0c41 82CFE6AF 		.ascii	"\202\317\346\257[0?:28\310b\362\265\272=mfm\2201$4\334"
 373      5B303F3A 
 373      3238C862 
 373      F2B5BA3D 
 373      6D666D90 
 374 0c59 E46B0836 		.ascii	"\344k\0106}\037\024\035f1X6D\232\242\300\254\243h\364"
 374      7D1F141D 
 374      66315836 
 374      449AA2C0 
 374      ACA368F4 
 375 0c6d DBFFBDD1 		.ascii	"\333\377\275\321\250\015Q\276\206(K0X\000K\352\365\221"
 375      A80D51BE 
 375      86284B30 
 375      58004BEA 
 375      F591
 376 0c7f 516647B3 		.ascii	"QfG\263i\015\200\015\2269\357-\001\300\271H\243}\230"
 376      690D800D 
 376      9639EF2D 
 376      01C0B948 
 376      A37D98
 377 0c92 D9600909 		.ascii	"\331`\011\011\306\346\005\037s\346O83|.\340\314~NB]"
ARM GAS  /tmp/cctMTCVr.s 			page 30


 377      C6E6051F 
 377      73E64F38 
 377      337C2EE0 
 377      CC7E4E42 
 378 0ca7 2C46CB7A 		.ascii	",F\313z\2651$\310\2541\030\326\230,\206\225\201+\235"
 378      B53124C8 
 378      AC3118D6 
 378      982C8695 
 378      812B9D
 379 0cba 83C27E0C 		.ascii	"\203\302~\014\332\020e\010\015\017\203h\347\0116\000"
 379      DA106508 
 379      0D0F8368 
 379      E7093600 
 380 0cca EA1BB022 		.ascii	"\352\033\260\"py\240\224uRf\343\332\245\321\341F0\005"
 380      7079A094 
 380      755266E3 
 380      DAA5D1E1 
 380      463005
 381 0cdd F3A3D87C 		.ascii	"\363\243\330|\017J\035\035\036\026a\374A*\272l\320\231"
 381      0F4A1D1D 
 381      1E1661FC 
 381      412ABA6C 
 381      D099
 382 0cef 4117F907 		.ascii	"A\027\371\007.Y\251_\256\321/\011\\\242_\275d\261\237"
 382      2E59A95F 
 382      AED12F09 
 382      5CA25FBD 
 382      64B19F
 383 0d02 7A79A0BF 		.ascii	"zy\240\277^\275b\305R=\366_\254\307\213\341{\345R\275"
 383      5EBD62C5 
 383      523DF65F 
 383      ACC78BE1 
 383      7BE552BD 
 384 0d16 DA7F69A0 		.ascii	"\332\177i\240^\275h\251\277\336\016n\001`1\321\227\221"
 384      5EBD68A9 
 384      BFDE0E6E 
 384      016031D1 
 384      9791
 385 0d28 8F00F8B0 		.ascii	"\217\000\370\260\013\\\026\020\250\307\201\313VjX\361"
 385      0B5C1610 
 385      A8C781CB 
 385      566A58F1 
 386 0d38 3F37581C 		.ascii	"?7X\034\204o\034\020\000w\002\364v\376\313\365\001z"
 386      846F1C10 
 386      007702F4 
 386      76FECBF5 
 386      017A
 387 0d4a F5EAAFFF 		.ascii	"\365\352\257\377\246W/\007\264]\300\312U\313\027\303"
 387      A6572F07 
 387      B45DC0CA 
 387      55CB17C3 
 388 0d5a A77F80DE 		.ascii	"\247\177\200\336\353\267\342\373\224\02480`\221\341"
 388      EBB7E2FB 
 388      94143830 
 388      6091E1
 389 0d69 6BA8B63B 		.ascii	"k\250\266;\015\303*2\315\364\320\177\000j\345+t"
 389      0DC32A32 
ARM GAS  /tmp/cctMTCVr.s 			page 31


 389      CDF4D07F 
 389      006AE52B 
 389      74
 390              		.text
 391              		.section	.gnu.lto_.symtab.f8959a7a777e602a,"",%progbits
 392 0000 5356435F 		.ascii	"SVC_Handler\000"
 392      48616E64 
 392      6C657200 
 393 000c 00       		.ascii	"\000"
 394 000d 00       		.ascii	"\000"
 395 000e 00       		.ascii	"\000"
 396 000f 00000000 		.ascii	"\000\000\000\000\000\000\000\000"
 396      00000000 
 397 0017 B5000000 		.ascii	"\265\000\000\000"
 398 001b 5F706F72 		.ascii	"_port_irq_epilogue\000"
 398      745F6972 
 398      715F6570 
 398      696C6F67 
 398      756500
 399 002e 00       		.ascii	"\000"
 400 002f 00       		.ascii	"\000"
 401 0030 00       		.ascii	"\000"
 402 0031 00000000 		.ascii	"\000\000\000\000\000\000\000\000"
 402      00000000 
 403 0039 B7000000 		.ascii	"\267\000\000\000"
 404 003d 5F706F72 		.ascii	"_port_switch_from_isr\000"
 404      745F7377 
 404      69746368 
 404      5F66726F 
 404      6D5F6973 
 405 0053 00       		.ascii	"\000"
 406 0054 02       		.ascii	"\002"
 407 0055 00       		.ascii	"\000"
 408 0056 00000000 		.ascii	"\000\000\000\000\000\000\000\000"
 408      00000000 
 409 005e B1000000 		.ascii	"\261\000\000\000"
 410 0062 5F706F72 		.ascii	"_port_exit_from_isr\000"
 410      745F6578 
 410      69745F66 
 410      726F6D5F 
 410      69737200 
 411 0076 00       		.ascii	"\000"
 412 0077 02       		.ascii	"\002"
 413 0078 00       		.ascii	"\000"
 414 0079 00000000 		.ascii	"\000\000\000\000\000\000\000\000"
 414      00000000 
 415 0081 B3000000 		.ascii	"\263\000\000\000"
 416 0085 63685363 		.ascii	"chSchIsPreemptionRequired\000"
 416      68497350 
 416      7265656D 
 416      7074696F 
 416      6E526571 
 417 009f 00       		.ascii	"\000"
 418 00a0 02       		.ascii	"\002"
 419 00a1 00       		.ascii	"\000"
 420 00a2 00000000 		.ascii	"\000\000\000\000\000\000\000\000"
 420      00000000 
ARM GAS  /tmp/cctMTCVr.s 			page 32


 421 00aa BF000000 		.ascii	"\277\000\000\000"
 422              		.text
 423              		.section	.gnu.lto_.opts,"",%progbits
 424 0000 272D666D 		.ascii	"'-fmath-errno' '-fsigned-zeros' '-ftrapping-math' '"
 424      6174682D 
 424      6572726E 
 424      6F272027 
 424      2D667369 
 425 0033 2D666E6F 		.ascii	"-fno-trapv' '-fno-openmp' '-fno-openacc' '-mcpu=cor"
 425      2D747261 
 425      70762720 
 425      272D666E 
 425      6F2D6F70 
 426 0066 7465782D 		.ascii	"tex-m4' '-mno-thumb-interwork' '-mthumb' '-ggdb' '-"
 426      6D342720 
 426      272D6D6E 
 426      6F2D7468 
 426      756D622D 
 427 0099 4F322720 		.ascii	"O2' '-w' '-fomit-frame-pointer' '-falign-functions="
 427      272D7727 
 427      20272D66 
 427      6F6D6974 
 427      2D667261 
 428 00cc 31362720 		.ascii	"16' '-ffunction-sections' '-fdata-sections' '-fno-c"
 428      272D6666 
 428      756E6374 
 428      696F6E2D 
 428      73656374 
 429 00ff 6F6D6D6F 		.ascii	"ommon' '-flto'\000"
 429      6E272027 
 429      2D666C74 
 429      6F2700
 430              		.text
 431              		.comm	__gnu_lto_v1,1,1
 432              		.comm	__gnu_lto_slim,1,1
 433              		.ident	"GCC: (GNU Tools for ARM Embedded Processors 6-2017-q1-update) 6.3.1 20170215 (release) [AR
ARM GAS  /tmp/cctMTCVr.s 			page 33


DEFINED SYMBOLS
                            *ABS*:0000000000000000 chcore_v7m.c
                            *COM*:0000000000000001 __gnu_lto_v1
                            *COM*:0000000000000001 __gnu_lto_slim

NO UNDEFINED SYMBOLS
