ARM GAS  /tmp/ccnZrX59.s 			page 1


   1              		.cpu cortex-m4
   2              		.eabi_attribute 20, 1
   3              		.eabi_attribute 21, 1
   4              		.eabi_attribute 23, 3
   5              		.eabi_attribute 24, 1
   6              		.eabi_attribute 25, 1
   7              		.eabi_attribute 26, 1
   8              		.eabi_attribute 30, 2
   9              		.eabi_attribute 34, 1
  10              		.eabi_attribute 18, 4
  11              		.file	"chsprintf.c"
  12              		.text
  13              	.Ltext0:
  14              		.section	.gnu.lto_.profile.765c64c217437ec0,"",%progbits
  15 0000 789C6365 		.ascii	"x\234ce`b`c```d\330\304\270\214\021\000\004\306\001"
  15      60626063 
  15      60606064 
  15      D8C4B88C 
  15      110004C6 
  16 0015 69       		.ascii	"i"
  17              		.text
  18              		.section	.gnu.lto_.icf.765c64c217437ec0,"",%progbits
  19 0000 789C6365 		.ascii	"x\234ce`b\340`@\000F\206)\267\027\337\346e\000\000\016"
  19      6062E060 
  19      40004686 
  19      29B717DF 
  19      E6650000 
  20 0015 5A030B   		.ascii	"Z\003\013"
  21              		.text
  22              		.section	.gnu.lto_.jmpfuncs.765c64c217437ec0,"",%progbits
  23 0000 789C6365 		.ascii	"x\234ce`b\220f@\000F\006&FF\346\372z& \223\205\201\005"
  23      60629066 
  23      40004606 
  23      264646E6 
  23      FA7A2620 
  24 0018 4C32326A 		.ascii	"L22j\311\000\245\000\034\251\001\201"
  24      C900A500 
  24      1CA90181 
  25              		.text
  26              		.section	.gnu.lto_.inline.765c64c217437ec0,"",%progbits
  27 0000 789C6365 		.ascii	"x\234ce`bPg@\000F\006\201\025\214\255|\014\014LG\230"
  27      60625067 
  27      40004606 
  27      81158CAD 
  27      7C0C0C4C 
  28 0016 CEDCBCC9 		.ascii	"\316\334\274\311\310\300\266@\236\011!\311\314\003\224"
  28      C8C0B640 
  28      9E0921C9 
  28      CC0394
  29 0025 01B2009F 		.ascii	"\001\262\000\237^\005\234"
  29      5E059C
  30              		.text
  31              		.section	.gnu.lto_.pureconst.765c64c217437ec0,"",%progbits
  32 0000 789C6365 		.ascii	"x\234ce`b`f```d\220\002\000\000\206\000&"
  32      60626066 
  32      60606064 
  32      90020000 
ARM GAS  /tmp/ccnZrX59.s 			page 2


  32      860026
  33              		.text
  34              		.section	.gnu.lto_chsprintf.765c64c217437ec0,"",%progbits
  35 0000 789C955A 		.ascii	"x\234\225Z\011XU\325\366\337\353\034\206\313\3452\250"
  35      095855D5 
  35      F6DFEB1C 
  35      86CBE532 
  35      A8
  36 0011 8080A888 		.ascii	"\200\200\250\210 \20295:\217e\016\231V\357\325\033\372"
  36      20823935 
  36      3A8F650E 
  36      9956EFD5 
  36      1BFA
  37 0023 5ECF2CCB 		.ascii	"^\317,\313\367|fi\377^_}\217\253\"\016\210=KQ\320+N"
  37      F77C6669 
  37      FF5E5F7D 
  37      8FAB220E 
  37      883D4B51 
  38 003a E5808AB3 		.ascii	"\345\200\212\263\202\222L\342\2048\224)\230C9\244\246"
  38      82924CE2 
  38      84389429 
  38      984339A4 
  38      A6
  39 004b A5285A58 		.ascii	"\245(ZX\372_k\355}\316=\027\210\236|\037\373\234\263"
  39      FA5F6BED 
  39      7DCE3D17 
  39      889E7C1F 
  39      FB9CB3
  40 005e CE5A6BAF 		.ascii	"\316Zk\257\365[k\257\265\3179\327[h\342\255G\204\230"
  40      F55B6BAF 
  40      B5CF39D7 
  40      5B68E2AD 
  40      478498
  41 0071 2084D8EA 		.ascii	" \204\330\352%\004\274 @\373o\271\020\023m\032x\311"
  41      2504BC20 
  41      40FB6FB9 
  41      10136D1A 
  41      78C9
  42 0083 135D9EF4 		.ascii	"\023]\236\364\365\322\274\223}\205\323\3563s\217\020"
  42      F5D2BC93 
  42      7D85D3EE 
  42      33738F10 
  43 0093 4E873700 		.ascii	"N\2077\000\221\2356\037\315wq\027\244\333\256\207\""
  43      919D361F 
  43      CD777117 
  43      A4DBAE87 
  43      22
  44 00a4 D9177429 		.ascii	"\331\027t)f\323\374\210`\267\323M\207\037\330%\331\256"
  44      66D3FC88 
  44      60B7D34D 
  44      871FD825 
  44      D9AE
  45 00b6 F933D9C1 		.ascii	"\3713\331\301d\177pH\262\003\002\344I\200\026<-\036"
  45      647F7048 
  45      B20302E4 
  45      4980163C 
  45      2D1E
ARM GAS  /tmp/ccnZrX59.s 			page 3


  46 00c8 EF07D2E8 		.ascii	"\357\007\322\350\010\324\202x6{#\232\332\021\004\301"
  46      08D48278 
  46      367B239A 
  46      DA1104C1 
  47 00d8 922B58B2 		.ascii	"\222+X\262\027\332\032i\215Y]SV\327\030\232\020\031"
  47      17DA1A69 
  47      8D595D53 
  47      56D7189A 
  47      1019
  48 00ea 9A6861AC 		.ascii	"\232ha\254$\204\225\204h\241RISV\022\012aRI\230\344"
  48      24849584 
  48      68A15249 
  48      5356120A 
  48      61524998 
  49 00ff 2EB435D5 		.ascii	".\2645\325\"XI8+\011WW\315\370*B\213dUQ\254*\022\242"
  49      22584938 
  49      2B095757 
  49      CDF82A42 
  49      8B645551 
  50 0117 A46C33E3 		.ascii	"\244l3\343$\312\267\307\\\177D\241\015\217\017\363\330"
  50      24CAB7C7 
  50      5C7F44A1 
  50      0D8F0FF3 
  50      D8
  51 0128 99C74778 		.ascii	"\231\307Gxl\316c\013y\016=\245P\013\255\345\327H\260"
  51      6CCE630B 
  51      790E3DA5 
  51      500BADE5 
  51      D748B0
  52 013b 476F2E22 		.ascii	"Go.\"([B\264\244Gk\255x\262\030\236\254\025\304Hr\014"
  52      285B42B4 
  52      A4476BAD 
  52      78B2189E 
  52      AC15C448 
  53 0151 C4B25BAD 		.ascii	"\304\262[\255\345\261\320\026\253\305\225\357'\217z"
  53      E5B1D016 
  53      ABC595EF 
  53      278F7A
  54 0160 16E9C818 		.ascii	"\026\351\310\030\247\265\266^\266\321\342YK[\326\022"
  54      A7B5B65E 
  54      B6D1E259 
  54      4B5BD612 
  55 0170 0F09524B 		.ascii	"\017\011RK[\343$AK\234I\016\266K\356\212\367\023\241"
  55      5BE32441 
  55      4B9C490E 
  55      B64BEE8A 
  55      F713A1
  56 0183 9D24B783 		.ascii	"\235$\267\203\207\344\311CZ{\226\357\300\362\355\241"
  56      87E4C943 
  56      5A7B96EF 
  56      C0F2EDA1 
  57 0193 832477D0 		.ascii	"\203$w\320\206K\030;2\214\207\205\344\357\333\021:I"
  57      864B183B 
  57      328C8785 
  57      E4EFDB11 
  57      3A49
  58 01a5 864EDA30 		.ascii	"\206N\3320\311\320\223\031\016\011y\243ogxD2<l\234<"
ARM GAS  /tmp/ccnZrX59.s 			page 4


  58      C9D09319 
  58      0E0979A3 
  58      6F677844 
  58      323C6C9C 
  59 01ba A23DCA33 		.ascii	"\242=\3123<\3063<\012\217K\362c\306\311\343\360\204"
  59      3CC6333C 
  59      0A8F4BF2 
  59      63C6C9E3 
  59      F084
  60 01cc 3C7942EB 		.ascii	"<yB\353\302\214]\231\261\013t\225\344\256\332\363r\246"
  60      C28C5D99 
  60      B10B7495 
  60      E4AEDAF3 
  60      72A6
  61 01de 6E3CD351 		.ascii	"n<\323Q!\371\373v\203\356\222\241\273\366\234\325\224"
  61      21F9FB76 
  61      83EE92A1 
  61      BBF69CD5 
  61      94
  62 01ef 2342DEE8 		.ascii	"#B\336\350\333\303\210@O\255\027c\320\2331\350\005\275"
  62      DBC38840 
  62      4FAD1763 
  62      D09B31E8 
  62      05BD
  63 0201 25B9B7D6 		.ascii	"%\271\267\326\207g\352\313\263\026\010\350+\351\205"
  63      8767EACB 
  63      B31608E8 
  63      2BE985
  64 0210 42EBC7FC 		.ascii	"B\353\307\374O3\177\221\320\372s\216<\3059R,\264'-\227"
  64      4F337F91 
  64      D0FA738E 
  64      3CC53952 
  64      2CB4272D 
  65 0225 25029E92 		.ascii	"%\002\236\222b\273\005\014\340\310\225\012\355Yi\320"
  65      62BB050C 
  65      E0C8950A 
  65      ED5969D0 
  66 0235 D36C50B9 		.ascii	"\323lP\271\272\321w\217\200A\314\261W\235\024\332\366"
  66      BAD1778F 
  66      8041CCB1 
  66      579D14DA 
  66      F6
  67 0246 096DA0E4 		.ascii	"\011m\240\344\035\314\274\373\005<\303,\007\324I\241"
  67      1DCCBCFB 
  67      053CC32C 
  67      07D449A1 
  68 0256 AD4C6843 		.ascii	"\255LhC$\313Pf9(\214U\007\"I\323\275\274}|m~v\177G@"
  68      24CB5066 
  68      39288C55 
  68      072249D3 
  68      BDBC7D7C 
  69 0270 605070A3 		.ascii	"`Pp\243\306MBB\303\232\206GD6\213j\336\242et\253\230"
  69      C64D4242 
  69      C39A8647 
  69      44368B6A 
  69      DEA26574 
  70 0286 D6B1716D 		.ascii	"\326\261qm\342\333&$\266{\250}\207\303\242c\247C\242"
ARM GAS  /tmp/ccnZrX59.s 			page 5


  70      E2DB2624 
  70      B67BA87D 
  70      87C3A263 
  70      A743A2
  71 0299 F3C38F3C 		.ascii	"\363\303\217<\372\330\343Ot\351zTt\353~D\364\350\331"
  71      FAD8E34F 
  71      74E97A54 
  71      74EB7E44 
  71      F4E8D9
  72 02ac AB778128 		.ascii	"\253w\201(\024E\242X\224\210\335\242T\224\213=b\257"
  72      1445A258 
  72      9488DDA2 
  72      54948B3D 
  72      62AF
  73 02be D827F68B 		.ascii	"\330'\366\213\003\242L\340tI\016\254\026\374\027\240"
  73      03A24CE0 
  73      74490EAC 
  73      16FC17A0 
  74 02ce 8E4DD431 		.ascii	"\216M\3241V@\201\027\334\307?_\276.\025\265\010\373"
  74      56408117 
  74      DCC73F5F 
  74      BE2E15B5 
  74      08FB
  75 02e0 6A13CA6A 		.ascii	"j\023\312j\023:\361\365=\363\372!\245\272{-\372\023"
  75      133AF1F5 
  75      3DF3FA21 
  75      A5BA7B2D 
  75      FA13
  76 02f2 8AFE913E 		.ascii	"\212\376\221>O\207\242\251\027s\265\204\025N\374+\230"
  76      4F87A2A9 
  76      1773B584 
  76      154EFC2B 
  76      98
  77 0303 B7D927C5 		.ascii	"\267\331'\3059%<K\027\"C\227<\260\002\022\220\353H\362"
  77      39253C4B 
  77      17224397 
  77      3CB00212 
  77      90EB48F2 
  78 0317 FA85FA2C 		.ascii	"\372\205\372,=K\007\360\302\313\033\0073\317\005\322"
  78      3D4B07F0 
  78      C2CB1B07 
  78      33CF05D2 
  79 0327 A506D178 		.ascii	"\245\006\321xy\354\316\361\034\207\336\014\004\236O"
  79      79ECCEF1 
  79      1C87DE0C 
  79      049E4F
  80 0336 5A3CF37B 		.ascii	"Z<\363{\237\370O\235\316I\316\202[\037\353\316\330,"
  80      9FF84F9D 
  80      CE49CE82 
  80      5B1FEBCE 
  80      D82C
  81 0348 5D87D5A0 		.ascii	"]\207\325\240\243BX\005Q\260\022\242\004\222\004dC<"
  81      A3425805 
  81      51B012A2 
  81      04920464 
  81      433C
  82 035a B2571CBA 		.ascii	"\262W\034\272\273&Po\311\242\267\316\377\262\324O\211"
ARM GAS  /tmp/ccnZrX59.s 			page 6


  82      BB26506F 
  82      C9A2B7CE 
  82      FFB2D44F 
  82      89
  83 036b FE328745 		.ascii	"\3762\207E\275`MmQ/\001k!\236\370s\312\216\255\010\322"
  83      BD604D6D 
  83      512F016B 
  83      219EF873 
  83      CA8EAD08 
  84 0380 5BB3ECA9 		.ascii	"[\263\354\2515\031\207 n\031\273Q\232\031\230\341,H"
  84      35198720 
  84      6E19BB51 
  84      9A1998E1 
  84      2C48
  85 0392 8ECED2BD 		.ascii	"\216\316\322\275a\235\2478\375!w\372\201O]\001z\034"
  85      619DA738 
  85      FD2177FA 
  85      814F5D01 
  85      7A1C
  86 03a4 4B2ED9B8 		.ascii	"K.\331\270\327\351M\2228\353\275\214\340\252I\316\371"
  86      D7E94D92 
  86      38EBBD8C 
  86      E0AA49CE 
  86      F9
  87 03b5 4EAF2CDD 		.ascii	"N\257,\335\007\326K\321G\242\240\223)\270g\351\212L"
  87      07D64BD1 
  87      47A2A093 
  87      29B867E9 
  87      8A4C
  88 03c7 87DE8905 		.ascii	"\207\336\211\005\017m\237{<H\011\356lz\326\031LB\033"
  88      0F6D9F7B 
  88      3C4809EE 
  88      6C7AD619 
  88      4C421B
  89 03da EB115A33 		.ascii	"\353\021Z3\377G4\243\013\013\025W\335+\321\224\235\267"
  89      FF4734A3 
  89      0B0B1557 
  89      DD2BD194 
  89      9DB7
  90 03ec 33C23F9E 		.ascii	"3\302?\236\354\334K\263\371\302\346z\015\275\360U\372"
  90      ECDC4BB3 
  90      F9C2E67A 
  90      0DBDF055 
  90      FA
  91 03fd 795FBD17 		.ascii	"y_\275\027\213\226^.\373\243\222,\233\255;\227;5\222"
  91      8B965E2E 
  91      FBA3922C 
  91      9BAD3B97 
  91      3B3592
  92 0410 DB5AAFDC 		.ascii	"\333Z\257\334\247\007\212?\017\324\007\262\334\225\362"
  92      A7078A3F 
  92      0FD407B2 
  92      DC95F2
  93 041f 0D276D4A 		.ascii	"\015'mJps\304\342I\301$\266\275^\261\232\003\363\217"
  93      7073C4E2 
  93      49C124B6 
  93      BD5EB19A 
ARM GAS  /tmp/ccnZrX59.s 			page 7


  93      03F38F
  94 0432 F8EA8359 		.ascii	"\370\352\203Yl\373\236\225\273u\345\336\017\031!\006"
  94      6CFB9E95 
  94      BB75E5DE 
  94      0F192106 
  95 0442 2E36C8AB 		.ascii	".6\310\253\307\305\362\025\237\316\261\353\317\261`"
  95      C7C5F215 
  95      9FCEB1EB 
  95      CFB160
  96 0451 567ADE09 		.ascii	"Vz\336\011?%\370\313\015\3159\223\014\265\301\316z\304"
  96      3F25F8CB 
  96      0DCD3993 
  96      0CB5C1CE 
  96      7AC4
  97 0463 8A4A17E4 		.ascii	"\212J\027\344\370\352/\260\330\264\352\212u\016%v\336"
  97      F8EA2FB0 
  97      D8B4EA8A 
  97      750E2576 
  97      DE
  98 0474 F04F87CF 		.ascii	"\360O\207\317\3535\264\254`z\216]\377#\013\336;z\371"
  98      EB35B4AC 
  98      607A8E5D 
  98      FF230BDE 
  98      3B7AF9
  99 0487 BA11C012 		.ascii	"\272\021\300\022\267`A\275\202w/\315\251\000\231\310"
  99      B76041BD 
  99      82772FCD 
  99      A90099C8 
 100 0497 0ECAD61D 		.ascii	"\016\312\326\035\025\263\203d\"\237\245\333S\327\246"
 100      15B38364 
 100      229FA5DB 
 100      53D7A6
 101 04a6 5EF4D65F 		.ascii	"^\364\326_b\275\267\347\037+\361G\275\005\210\333\305"
 101      62BDB7E7 
 101      1F2BF147 
 101      BD0588DB 
 101      C5
 102 04b7 8CC08932 		.ascii	"\214\300\2112\245\374\240D*.F\305En\305\307\362\262"
 102      A5FCA044 
 102      2A2E46C5 
 102      456EC5C7 
 102      F2B2
 103 04c9 E76AFADF 		.ascii	"\347j\372\337dJ\245\314\336\035\240$Og\204\314VA\266"
 103      644AA5CC 
 103      DE1DA024 
 103      4F6784CC 
 103      5641B6
 104 04dc 4369BD36 		.ascii	"Ci\2756}\273\341\336\334\000\037/\330\003q\260\033\377"
 104      7DBBE1DE 
 104      DC001F2F 
 104      D80371B0 
 104      1BFF
 105 04ee 0BF17F17 		.ascii	"\013\361\177\027\376\347\343\377\016\374\317\305\377"
 105      FEE7E3FF 
 105      0EFCCFC5 
 105      FF
 106 04fb 6DF8BF05 		.ascii	"m\370\277\005\3777\341\377\006\374\317\201\270Lc\231"
ARM GAS  /tmp/ccnZrX59.s 			page 8


 106      FF37E1FF 
 106      06FCCF81 
 106      B84C6399 
 107 050b C25EF001 		.ascii	"\302^\360\001!B\036T\001N}z\345\336\377\332\365\021"
 107      21421E54 
 107      014E7D7A 
 107      E5DEFFDA 
 107      F511
 108 051d 6CB5EBEC 		.ascii	"l\265\353\354\275\374@\225'_e8\314%\264\257\256\321"
 108      BDFC4095 
 108      275F6538 
 108      CC25B4AF 
 108      AED1
 109 052f B09FA5AD 		.ascii	"\260\237\245\255\310\357\005\366\261^\334\341\000\263"
 109      C8EF05F6 
 109      B15EDCE1 
 109      00B3
 110 053d DF3AB360 		.ascii	"\337:\263`\222\246\277\316\223\345\024g\227\330\225"
 110      92A6BFCE 
 110      93E51467 
 110      97D895
 111 054c 6869B2AE 		.ascii	"hi\262\256&\303\300\326#}\220\245\255i|o\244\022\250"
 111      26C3C0D6 
 111      237D90A5 
 111      AD697C6F 
 111      A412A8
 112 055f 3791A19C 		.ascii	"7\221\241\234\005\254\376\034\215h\320\235C\017\346"
 112      05ACFE1C 
 112      8D68D09D 
 112      430FE6
 113 056e CE61667F 		.ascii	"\316af\177\020\027\216<\250\013G!.\347\371\202I\367"
 113      10178E3C 
 113      A80B4721 
 113      2EE7F982 
 113      49F7
 114 0580 EE4FC560 		.ascii	"\356O\305`D\\\336|\254\311!\000.\232\032\217\262\200"
 114      445CDE7C 
 114      ACC92100 
 114      2E9A1A8F 
 114      B280
 115 0592 7AF1E8CD 		.ascii	"z\361\350\315\025\321\207G_\036m<\372\361h\347\321\237"
 115      15D18747 
 115      5F1E6D3C 
 115      FAF168E7 
 115      D19F
 116 05a4 4787A0DC 		.ascii	"G\207\240\334\010\3401\220\307 A\231\022\314c#\036\033"
 116      08E03190 
 116      C7204199 
 116      12CC6323 
 116      1E1B
 117 05b6 F3D84450 		.ascii	"\363\330DP\366\204\360\030\312c\030\217My\014\027\224"
 117      F684F018 
 117      CA63188F 
 117      4D790C17 
 117      94
 118 05c7 57113C46 		.ascii	"W\021<F\012\312\257f<F\011\312\263\346<\266`\333Z\362"
 118      0ACAAF66 
ARM GAS  /tmp/ccnZrX59.s 			page 9


 118      3C4609CA 
 118      B3E63CB6 
 118      60DB5AF2 
 119 05db 79B4A0DC 		.ascii	"y\264\240\334k\305c\014\217\255y\214\3451\216\3076\202"
 119      6BC5630C 
 119      8FAD798C 
 119      E5318EC7 
 119      3682
 120 05ed 72335E50 		.ascii	"r3^Pv\266\025\224\237\011<&\362\330\015H[w /z\260/="
 120      76B61594 
 120      9F093C26 
 120      F2D80D48 
 120      5B77202F 
 121 0605 D9925E3C 		.ascii	"\331\222^<Ko\266\271\017\333\320\027{\204\255\037\263"
 121      4B6FB6B9 
 121      0FDBD017 
 121      7B84AD1F 
 121      B3
 122 0616 F467C54F 		.ascii	"\364g\305O\021a\000\023\236f\356\201\314=\210\271\007"
 122      11610013 
 122      9E66EE81 
 122      CC3D88B9 
 122      07
 123 0627 337D08EB 		.ascii	"3}\010\353z\206\030\2072\341Y<\365\035F\303p\326\361"
 123      7A861887 
 123      32E1593C 
 123      F51D46C3 
 123      70D6F1
 124 063a 3C9DBEC0 		.ascii	"<\235\276\300\\\177`\302\213\314\366\022S\376Dr\177"
 124      5C7F60C2 
 124      8BCCF612 
 124      53FE4472 
 124      7F
 125 064b 6147FF4A 		.ascii	"aG\377J|/\363\351\337\350\364\025f\370;1\214`\377^e"
 125      7C2FF3E9 
 125      DFE8F415 
 125      66F83B31 
 125      8C60FF5E 
 126 0660 D44712E1 		.ascii	"\324G\022\3415f{\235\025\215b\303\336\340\3637\231\376"
 126      35667B9D 
 126      158D62C3 
 126      DEE0F337 
 126      99FE
 127 0672 0F12FF27 		.ascii	"\017\022\377'\361\215es\337\242\323q|\353m\3261\236"
 127      F18D6573 
 127      DFA2D371 
 127      7CEB6DD6 
 127      319E
 128 0684 717997C7 		.ascii	"qy\227\307\367x|\237\307\017x\374\020\331\375\377C:"
 128      F7787C9F 
 128      C70F78FC 
 128      10D9FDFF 
 128      433A
 129 0696 92687002 		.ascii	"\222hp\002{;\021\330\370I\3620\031Hg\262L\253)\300\323"
 129      7B3B11D8 
 129      F849F230 
 129      194867B2 
ARM GAS  /tmp/ccnZrX59.s 			page 10


 129      4CAB29C0 
 130 06ab A4C85BD3 		.ascii	"\244\310[\323$\377ty/U\022gJb\232$\316\222\002\037\261"
 130      24FF7479 
 130      2F551267 
 130      4A629A24 
 130      CE92021F 
 131 06c0 92D992F6 		.ascii	"\222\331\222\366\211d\234+\2572\201\327\356\002\340"
 131      89649C2B 
 131      AF3281D7 
 131      EE02E0
 132 06cf 7AB19018 		.ascii	"z\261\220\030\035.\036\027\001/\322,yX,\017K$\373Ry"
 132      1D2E1E17 
 132      012FD22C 
 132      79582C0F 
 132      4B24FB52 
 133 06e4 582689CB 		.ascii	"X&\211\313Y\375\247,\365\231T\264\202.|W\362\270Jr\255"
 133      59FDA72C 
 133      F59954B4 
 133      822E7C57 
 133      F2B84A72 
 134 06f9 06AE31D9 		.ascii	"\006\2561\331\362\260FjX+\017\353XC\216d\\/\017\033"
 134      F2B0466A 
 134      582B0FEB 
 134      58438E64 
 134      5C2F0F1B 
 135 070d 80D7FC46 		.ascii	"\200\327\374FV\273\211\307\315\300\213n\213<l\225\207"
 135      56BB89C7 
 135      CDC08B6E 
 135      8B3C6C95 
 135      87
 136 071e 6DC04B77 		.ascii	"m\300Kw\273<\344Jb\036+\334\301R;\245\242|6\346s\036"
 136      BB3CE44A 
 136      621E2BDC 
 136      C1523BA5 
 136      A27C36E6 
 137 0734 7749AE02 		.ascii	"wI\256\002\340:Q(\017ERC\261<\224\260\206\335\222\261"
 137      E03A5128 
 137      0F455243 
 137      B13C94B0 
 137      86DD92B1 
 138 0748 541E8498 		.ascii	"T\036\204\230\201\265\034\021I\3255<\350\337\303\224"
 138      81B51C11 
 138      49D5353C 
 138      E8DFC394 
 139 0758 C5D9691A 		.ascii	"\305\331i\032\325v\252\227\271\271WO\372&\375\352\264"
 139      D576AA97 
 139      B9B9574F 
 139      FA26FDEA 
 139      B4
 140 0769 65E90119 		.ascii	"e\351\001\031:V{\370\002\222\270M\357\374j6\340\015"
 140      3A567BF8 
 140      0292B84D 
 140      EFFC6A36 
 140      E00D
 141 077b FCC36212 		.ascii	"\374\303b\022\310=\200d\340KH\202\304\250,=\010\313"
 141      C83D8064 
 141      E04B4882 
ARM GAS  /tmp/ccnZrX59.s 			page 11


 141      C4A82C3D 
 141      08CB
 142 078d 492A6EB8 		.ascii	"I*n\270\3668tQ\015-\\\372\\\360\255\374\241\000\\\272"
 142      F6387451 
 142      0D2D5CFA 
 142      5CF0ADFC 
 142      A1005CBA 
 143 07a1 D750240C 		.ascii	"\327P$\014u\351=|3\277?\201\327\376C\211\323K\\\014"
 143      75E93D7C 
 143      33BF3F81 
 143      D7FE4389 
 143      D34B5C0C 
 144 07b5 800BA071 		.ascii	"\200\013\240q.\272to\301\347\331t\016\3422L^\230\002"
 144      2EBA746F 
 144      C1E7D974 
 144      0EE2324C 
 144      5E9802
 145 07c8 34018AE1 		.ascii	"4\001\212\341M\352\345\027"
 145      4DEAE517 
 146 07d0 605234B7 		.ascii	"`R4\267 \346\357\201<\223jf\374Y\362\364\244\315\326"
 146      20E6EF81 
 146      3C936A66 
 146      FC59F2F4 
 146      A4CDD6
 147 07e3 94A243BE 		.ascii	"\224\242C\276\324c\275\270\362\337\331\263\177\232#"
 147      D463BDB8 
 147      F2DFD9B3 
 147      7F9A23
 148 07f2 0B5C13D1 		.ascii	"\013\\\023\321\342\305-\262\364`Rs\214\352\036|\005"
 148      E2C52DB2 
 148      F4605273 
 148      8CEA1E7C 
 148      05
 149 0803 E83FAA5B 		.ascii	"\350?\252[\034\306\372p\345\240\006q\036\222+\213\177"
 149      1CC6FA70 
 149      E5A00671 
 149      1E922B8B 
 149      7F
 150 0814 C874D4A3 		.ascii	"\310t\324\243\021\367\355p\\\226\314j@\017Z\350\302"
 150      11F7ED70 
 150      5C96CC6A 
 150      400F5AE8 
 150      C2
 151 0825 A577D3F0 		.ascii	"\245w\323\360\302\333\245\017\245\213\356\032\371\344"
 151      C2DBA50F 
 151      A58BEE1A 
 151      F9E4
 152 0833 2D114D5E 		.ascii	"-\021M^\274#\315\253\036D\033e \346\002N\374\016\242"
 152      BC23CDAB 
 152      1E441B65 
 152      20E6024E 
 152      FC0EA2
 153 0846 159094A5 		.ascii	"\025\220\224\2457F\377\212\276f\010\350\016\362g\234"
 153      3746FF8A 
 153      BE6608E8 
 153      0EF2679C 
 154 0856 2DF8D8BB 		.ascii	"-\370\330\273\313V\3474\300\026/\240\022\272XXv\327"
ARM GAS  /tmp/ccnZrX59.s 			page 12


 154      CB56E734 
 154      C0162FA0 
 154      12BA5858 
 154      76D7
 155 0868 61C1AA7C 		.ascii	"a\301\252|\022Y\256\241\233\371\001\254Xp\204|(B\350"
 155      1259AEA1 
 155      9BF901AC 
 155      5870847C 
 155      2842E8
 156 087b EBC9E2F2 		.ascii	"\353\311\342\362\005\026_\277\316\375\262\312G\372\032"
 156      05165FBF 
 156      CEFDB2CA 
 156      47FA1A
 157 088a 075FABF6 		.ascii	"\007_\253\366\220\252\373\212)~:Gc\355\266\277K\356"
 157      90AAFB8A 
 157      297E3A47 
 157      63EDB6BF 
 157      4BEE
 158 089c B9080078 		.ascii	"\271\010\000x\004\204\2036\227\2426)}_3\"Y\301\323\353"
 158      04848336 
 158      97A23629 
 158      7D5F3322 
 158      59C1D3EB 
 159 08b0 86A3314E 		.ascii	"\206\2431NCJNq8Nc8(\00034g\306\227\247@\331\232\252"
 159      434A4E71 
 159      384E6338 
 159      28003334 
 159      67C697A7 
 160 08c8 DB4491AE 		.ascii	"\333D\221\256S\230\356\244y\363<\205\354d\332\307?\307"
 160      5398EEA4 
 160      79F33C85 
 160      EC64DAC7 
 160      3FC7
 161 08da 4AD828AC 		.ascii	"J\330(\254M\310uTr\006A%\336\273\212wW\003\274g\025"
 161      4DC87554 
 161      72064125 
 161      DEBB8A77 
 161      5703BC67 
 162 08ef EFFDB416 		.ascii	"\357\375\264\026\314\273\201yM\203q\223\003\337\240"
 162      CCBB8179 
 162      4D837193 
 162      03DFA0
 163 08fe 659C6069 		.ascii	"e\234`i\271Q\322\355\276\265\234\210\346\224\352\241"
 163      B951D2ED 
 163      BEB59C88 
 163      E694EAA1 
 164 090e 52EA5B4A 		.ascii	"R\352[J)\316\240G\335\354\031\227f|\311\217/\301\320"
 164      29CEA047 
 164      DDEC1997 
 164      667CC98F 
 164      2FC1D0
 165 0921 1ECE9998 		.ascii	"\036\316\231\230\372\211{Bb\3522\224\367\303\344D\201"
 165      FA897B42 
 165      62EA3294 
 165      F7C3E444 
 165      81
 166 0932 DDF7EF14 		.ascii	"\335\367\357\024\004\311]\243\006\347\241v\316\367c"
ARM GAS  /tmp/ccnZrX59.s 			page 13


 166      04C95DA3 
 166      06E7A176 
 166      CEF763
 167 0941 ABB367B5 		.ascii	"\253\263g\265\264X\275ej\331\006\273\264\032p9E\361"
 167      B458BD65 
 167      6AD906BB 
 167      B41A7039 
 167      45F1
 168 0953 0C76899C 		.ascii	"\014v\211\234\306M\316\245\307\013\367:\363a\035\233"
 168      C64DCEA5 
 168      C70BF73A 
 168      F3611D9B 
 169 0963 6645B28E 		.ascii	"fE\262\216\035\254c\352eg\276\227\214}4\\4<?e\030\367"
 169      1DAC63EA 
 169      6567BE97 
 169      8C7D345C 
 169      343C3F65 
 170 0979 54BD9EFB 		.ascii	"T\275\236\373(\317\277\253\3559\261\227\335\376\245"
 170      28CFBFAB 
 170      ED39B197 
 170      DDFEA5
 171 0988 C8263DEF 		.ascii	"\310&=\357\000\227\214\225C\213\331&k@?\277\274\252"
 171      00978C95 
 171      438BD926 
 171      6B403FBF 
 171      BCAA
 172 099a 2ED5104F 		.ascii	".\325\020O@\333j~\274\316\266\373UV\375D\205\311\337"
 172      40DB6A7E 
 172      BCCEB6FB 
 172      5556FD44 
 172      85C9DF
 173 09ad 04E89A61 		.ascii	"\004\350\232a\303\000\232\260N\021\030\300\316\354\232"
 173      C3009AB0 
 173      4E1118C0 
 173      CEEC9A
 174 09bc D5CCE2CC 		.ascii	"\325\314\342\314\262\365+St\351L'\270\254\000q\230\200"
 174      B2F52B53 
 174      74E94C27 
 174      B8AC0071 
 174      9880
 175 09ce EC2040C2 		.ascii	"\354 @\302-\200\370\262\216\357fE\260\016\332\272&F"
 175      2D80F8B2 
 175      8EEF6645 
 175      B00EDABA 
 175      2646
 176 09e0 91B1BE38 		.ascii	"\221\261\2768\243\035W\366\000\377\312\233hi8\001c\317"
 176      A31D57F6 
 176      00FFCA9B 
 176      68693801 
 176      63CF
 177 09f2 BC791848 		.ascii	"\274y\030H\251\177\315\315\023di\200\300\347z\251x\013"
 177      A97FCDCD 
 177      13646980 
 177      C0E77AA9 
 177      780B
 178 0a04 298EB628 		.ascii	")\216\266(\266\311*\226\277c\234ta\260\213L\252\355"
 178      B6C92A96 
ARM GAS  /tmp/ccnZrX59.s 			page 14


 178      BF639C74 
 178      61B08B4C 
 178      AAED
 179 0a16 C26009F6 		.ascii	"\302`\011\366h\3113\244\366JyU0\3306\005\366\025\243"
 179      68C933A4 
 179      F64A7955 
 179      30D83605 
 179      F615A3
 180 0a29 7245BA2B 		.ascii	"rE\272+\327\020\232'=\345\340\216\345\252`>#\365\\\331"
 180      D7109A27 
 180      3DE5E08E 
 180      E5AA603E 
 180      23F55CD9 
 181 0a3d 79AE4C01 		.ascii	"y\256L\001\201F\177\217\362\030\245C\305=\024\023e\374"
 181      81467F8F 
 181      F218A543 
 181      C53D1413 
 181      65FC
 182 0a4f C1D9796A 		.ascii	"\301\331yj\315\373\301U#J\2702}\035\350\370\340\340"
 182      CDFBC155 
 182      234AB832 
 182      7D1DE8F8 
 182      E0E0
 183 0a61 9ADB67A1 		.ascii	"\232\333g\241\032S\"1\312\221w{/Fmxpe\315a\362;PL\213"
 183      1A532231 
 183      CA91777B 
 183      2F466D78 
 183      7065CD61 
 184 0a7a D739E8B7 		.ascii	"\3279\350\267]]\334\246'\257;0=H*L\204kf\302\007\211"
 184      5D5DDCA6 
 184      27AF3B30 
 184      3D482A4C 
 184      846B66C2 
 185 0a90 D2D65816 		.ascii	"\322\326X\026S\246\025\337su\222\334\317\213\006K\340"
 185      53A615DF 
 185      737592DC 
 185      CF8B064B 
 185      E0
 186 0aa1 0F90443B 		.ascii	"\017\220D;\337\253\271?\007\220\272\020\\\221?B\224"
 186      DFABB93F 
 186      0790BA10 
 186      5C913F42 
 186      94
 187 0ab2 75910622 		.ascii	"u\221\006\"\351:D\365!\370\252\246*\370^ \305&\276\214"
 187      E93A44F5 
 187      21F8AAA6 
 187      2AF85E20 
 187      C526BE8C 
 188 0ac6 CE0B6C41 		.ascii	"\316\013lA\260(\337\257\342\304\324&\204Yf\312\332\374"
 188      B028DFAF 
 188      E2C4D426 
 188      845966CA 
 188      DAFC
 189 0ad8 950AB367 		.ascii	"\225\012\263g1v\250\376\327\353\207\177u\220z_\260\303"
 189      3176A8FE 
 189      D7EB877F 
 189      75907A5F 
ARM GAS  /tmp/ccnZrX59.s 			page 15


 189      B0C3
 190 0aea 0DB912AA 		.ascii	"\015\271\022\252\246\376\354-\231\206)\301\364\224U"
 190      A6FEEC2D 
 190      998629C1 
 190      F49455
 191 0af9 BAA40C67 		.ascii	"\272\244\014g\311a\35699\013\206\023\214M\020\343\200"
 191      C961EE39 
 191      390B8613 
 191      8C4D10E3 
 191      80
 192 0b0a BC3B9DD0 		.ascii	"\274;\235\320\204\240+\357\241\015\215\214r\266\351"
 192      84A02BEF 
 192      A10D8D8C 
 192      72B6E9
 193 0b19 A3E6CCBB 		.ascii	"\243\346\314\273M\346\232\354;\213\034n\030\315\325"
 193      4DE69AEC 
 193      3B8B1C6E 
 193      18CDD5
 194 0b28 63C3D553 		.ascii	"c\303\325Se\302\330\230\226\005j~\003c\323H\306\346"
 194      65C2D898 
 194      96056A7E 
 194      0363D348 
 194      C6E6
 195 0b3a 4D54D028 		.ascii	"MT\320(\363\356%\212I\023q=T6\324mdD\224%\025\375d*"
 195      F3EE258A 
 195      4913713D 
 195      5436D46D 
 195      64449425 
 196 0b52 56F79473 		.ascii	"V\367\224s\274\210\224\272\231\370\242\314\304\367%"
 196      BC8894BA 
 196      99F8A2CC 
 196      C4F725
 197 0b61 CF4BB533 		.ascii	"\317K\2653q\224\314D?\225\2117\215Ll\341\306\372%\011"
 197      7194CC44 
 197      3F958937 
 197      8D4C6CE1 
 197      C6FA2509 
 198 0b75 4EDA2E03 		.ascii	"N\332.\003\325?!\315\235y%\006\325\235k~.\375\215\306"
 198      D53F21CD 
 198      9D792506 
 198      D59D6B7E 
 198      2EFD8DC6 
 199 0b89 986B2F86 		.ascii	"\230k/\206\325\240\023\325\020\345\322\337\244\353\227"
 199      D5A013D5 
 199      10E5D2DF 
 199      A4EB97
 200 0b98 C36AEE73 		.ascii	"\303j\356s)\010\021?\331e\242}\225\325MYf\311\254PQ"
 200      2908113F 
 200      D965A27D 
 200      95D54D59 
 200      66C9AC50 
 201 0bad E32733EB 		.ascii	"\343'3\353t\326\303\362\366\337\032\316\254[\270]\301"
 201      74D6C3F2 
 201      F6DF1ACE 
 201      AC5BB85D 
 201      C1
 202 0bbe 54B2E48E 		.ascii	"T\262\344\216r\370\025\022\365\314\235Wx\2160Q\025b"
ARM GAS  /tmp/ccnZrX59.s 			page 16


 202      72F81512 
 202      F5CC9D57 
 202      788E3051 
 202      1562
 203 0bd0 499D1099 		.ascii	"I\235\020\231:\327v}(\345\376\202Ps\252\230\262\014"
 203      3AD7767D 
 203      28E5FE82 
 203      5073AA98 
 203      B20C
 204 0be2 FF5FA4F2 		.ascii	"\377_\244\362\352\336\222\353\257J0\335\330\325\274"
 204      EADE92EB 
 204      AF4A30DD 
 204      D8D5BC
 205 0bf1 CC927FAD 		.ascii	"\314\222\177\255%\3652\201\022\202\0205\311\273\327"
 205      25F53281 
 205      12821035 
 205      C9BBD7
 206 0c00 050D08BD 		.ascii	"\005\015\010\275\362\037\264\240\251Y\275\230\251\271"
 206      F21FB4A0 
 206      A959BD98 
 206      A9B9
 207 0c0e 705B136A 		.ascii	"p[\023j\211\262]\246\322\351\225*\225B\011\207\342\015"
 207      89B25DA6 
 207      D2E9952A 
 207      95420987 
 207      E20D
 208 0c20 D734994A 		.ascii	"\3274\231JW\005\001,q\267\033)\204\320\207H\350C1\367"
 208      5705012C 
 208      71B71B29 
 208      84D08748 
 208      E84331F7 
 209 0c34 9084F9FA 		.ascii	"\220\204\371\372\022R\260\34257r\013\035\014! \302E"
 209      1252B0E2 
 209      3537720B 
 209      1D0C2120 
 209      C245
 210 0c46 89A6AB29 		.ascii	"\211\246\253)\206\273\2478\263\346\316U\265K*\023p\333"
 210      86BBA738 
 210      B3E6CE55 
 210      B54B2A13 
 210      70DB
 211 0c58 8C4D84A8 		.ascii	"\214M\204\250\000\231\357s\270\210\363+\201\013fw9\242"
 211      0099EF73 
 211      B888F32B 
 211      810B6677 
 211      39A2
 212 0c6a B61323EB 		.ascii	"\266\023#\353\355.v\225fwTw9i\324\255\221\326\"\020"
 212      ED2E7695 
 212      66775477 
 212      3969D4AD 
 212      91D62210 
 213 0c7e 8C45E027 		.ascii	"\214E\340's\302Hq\325h\033G&H\356\327IS\235L\177\275"
 213      73C24871 
 213      D5681B47 
 213      2648EED7 
 213      49539D4C 
 214 0c94 76E28E64 		.ascii	"v\342\216d\371fh\231.3\370\213\363*L\177\227>\246\376"
ARM GAS  /tmp/ccnZrX59.s 			page 17


 214      F9666899 
 214      2E33F88B 
 214      F32A4C7F 
 214      973EA6FE 
 215 0ca8 BCF15880 		.ascii	"\274\361X\200\364q\027\300\317\354\304\344ES\367\251"
 215      F47117C0 
 215      CFECC4E4 
 215      4553F7A9 
 216 0cb8 32300219 		.ascii	"20\002\031\251z\254[tT\225\277\010\250\261\246\304&"
 216      A97AAC5B 
 216      745495BF 
 216      08A8B1A6 
 216      C426
 217 0cca 9A6504CF 		.ascii	"\232e\004\317\022e\006\223\211m,\301\014\263\004\323"
 217      12650693 
 217      896D2CC1 
 217      0CB304D3 
 218 0cda 5F5C8285 		.ascii	"_\\\202\205\316[\007UV\207\221\333\025\313/y\317\206"
 218      CE5B0755 
 218      568791DB 
 218      15CB2F79 
 218      CF86
 219 0cec 8F2626E3 		.ascii	"\217&&\343r\314oJ\257OE&\355\321\005\334\205\331@\373"
 219      72CC6F4A 
 219      AF4F4526 
 219      EDD105DC 
 219      85D940FB 
 220 0d00 87B44D65 		.ascii	"\207\264Me\376\322\200\022Z\0057o\\\231\355gH\\\010"
 220      FED28012 
 220      5A05376F 
 220      5C99ED67 
 220      485C08
 221 0d13 4509F805 		.ascii	"E\011\370\005\315\312\244m\250\200_\245\320\224\374"
 221      CDCAA46D 
 221      A8805FA5 
 221      D094FC
 222 0d22 CBE5AAFB 		.ascii	"\313\345\252\373\037\342\015\353\231\344O\202\014\241"
 222      1FE20DEB 
 222      99E44F82 
 222      0CA1
 223 0d30 EA3012BA 		.ascii	"\3520\022\272\307B\374\016\350\276\024\312\274\261i"
 223      C742FC0E 
 223      E8BE14CA 
 223      BCB169
 224 0d3f B902E418 		.ascii	"\271\002\344\030\277\226\372\276:\325\024\272\300BN"
 224      BF96FABE 
 224      3AD514BA 
 224      C0424E
 225 0d4e 8D84E83D 		.ascii	"\215\204\350=4L\324X(5\355\360Y\325oN\220\320\252\203"
 225      344CD458 
 225      2835EDF0 
 225      59D56F4E 
 225      90D0AA83 
 226 0d62 132FFB18 		.ascii	"\023/\373\030B[Xh\022\013\361\253\211\311R\250*\247"
 226      425B5868 
 226      120BF1AB 
 226      89C952A8 
ARM GAS  /tmp/ccnZrX59.s 			page 18


 226      2AA7
 227 0d74 A2409977 		.ascii	"\242@\231w\216\204.n\270\376\015\030B7BH(\231\205\274"
 227      8E842E6E 
 227      B8FE0D18 
 227      42374248 
 227      289985BC 
 228 0d88 49688A14 		.ascii	"Ih\212\024\312[]\374\215\022:OB\233g\255Xi\002q\231"
 228      CA5B5DFC 
 228      8D123A4F 
 228      429B67AD 
 228      58690271 
 229 0d9d 8148D14C 		.ascii	"\201H\321L \246J\241\355\033\217\246*\241\037\371\305"
 229      20A64AA1 
 229      ED1B8FA6 
 229      2AA11FF9 
 229      C5
 230 0dae EB4F6B76 		.ascii	"\353Okv\330\015\241\237\331\274i\232\011\304t)4y\303"
 230      D80DA19F 
 230      D9BC699A 
 230      09C47429 
 230      3479C3
 231 0dc1 E95BAACB 		.ascii	"\351[\252\313\336\344\302\223QS\3430\204\226\360L3X"
 231      DEE4C293 
 231      5153E330 
 231      8496F04C 
 231      3358
 232 0dd3 88F6B490 		.ascii	"\210\366\264\220*\205n\035_yY%J5\011}\267\352\372MS"
 232      2A856E1D 
 232      5F795925 
 232      4A35097D 
 232      B7EAFA4D 
 233 0de8 E832CF34 		.ascii	"\3502\3174\323\215^\232\024*\270S\226\351-\205~\342"
 233      D38D5E9A 
 233      142AB853 
 233      96E92D85 
 233      7EE2
 234 0dfa 385D48AD 		.ascii	"8]H\2552\315\313e\241Yn\364>B!Z\351\376\230\356\221"
 234      32CDCB65 
 234      A1596EF4 
 234      3E42215A 
 234      E9FE98EE 
 235 0e0f 95CB2EE3 		.ascii	"\225\313.\343*\2667\303\312j\217@b\030\246|d\025\222"
 235      2AB637C3 
 235      CA6A8F40 
 235      6218A67C 
 235      641592
 236 0e22 4289144A 		.ascii	"B\211\024J\2446\2644#3\227}\203\324\021\315f|\306\033"
 236      A436B434 
 236      2333977D 
 236      83D411CD 
 236      667CC61B 
 237 0e36 B28819CB 		.ascii	"\262\210\031\313\250\0107\027\005B\377\016xId\362\223"
 237      A8083717 
 237      0542FF0E 
 237      784964F2 
 237      93
 238 0e47 1AEEC9E7 		.ascii	"\032\356\311\347\230\233.\3362\362\336{\216\217e\237"
ARM GAS  /tmp/ccnZrX59.s 			page 19


 238      989B2EDE 
 238      32F2DE7B 
 238      8E8F659F 
 239 0e57 BEB9644F 		.ascii	"\276\271dO\012w\261P\000\317\255\370\2354_s3N\301\272"
 239      0A77B150 
 239      00CFADF8 
 239      9D345F73 
 239      334EC1BA 
 240 0e6b BB7FA10F 		.ascii	"\273\177\241\017\256~zh\201\331Z\022\374\027\335\240"
 240      AE7E7A68 
 240      81D95A12 
 240      FC17DDA0 
 241 0e7b 1BF7CF9C 		.ascii	"\033\367\317\234KP\"\250\232D>\326\262\344\363\001|"
 241      4B5022A8 
 241      9A443ED6 
 241      B2E4F301 
 241      7C
 242 0e8c A225092E 		.ascii	"\242%\011.\374_\253\225\372\217\206\353\376\034\255"
 242      FC5FAB95 
 242      FA8F86EB 
 242      FE1CAD
 243 0e9b 76DDCF50 		.ascii	"v\335\317P\213\367\237$K\217.~\352\311\345\267-\275"
 243      8BF79F24 
 243      4B8F2E7E 
 243      EAC9E5B7 
 243      2DBD
 244 0ead 7677CB7A 		.ascii	"vw\313z\233\321\020\357\316\361\242\307k\230\213\232"
 244      9BD110EF 
 244      CEF1A2C7 
 244      6B988B9A 
 245 0ebd E5834CBA 		.ascii	"\345\203L\272F\0172\377\344e\336\302\0033\271\353^1"
 245      460F32FF 
 245      E465DEC2 
 245      0333B9EB 
 245      5E31
 246 0ecf D71333B6 		.ascii	"\327\0233\266\377h\2424clm\373\027\377\237\207\003\363"
 246      FF68A234 
 246      636C6DFB 
 246      17FF9F87 
 246      03F3
 247 0ee1 B4246BE9 		.ascii	"\264$k\351\013\303\3227_S\376\220\362\261\306c\017\251"
 247      0BC3D237 
 247      5F53FE90 
 247      F2B1C663 
 247      0FA9
 248 0ef3 E22AAD2A 		.ascii	"\342*\255*\346Xi\035[\325R\330\271$\257\015\265<$\355"
 248      E658691D 
 248      5BD552D8 
 248      B924AF0D 
 248      B53C24ED 
 249 0f07 2EFFF282 		.ascii	".\377\362\202O\2537\262\234\363\021\262\246d\305\327"
 249      4FAB37B2 
 249      9CF311B2 
 249      A664C5D7 
 250 0f17 BB26D6D8 		.ascii	"\273&\326\330\321\212\371\324\367\263\364p\310\320Z"
 250      D18AF9D4 
 250      F7B3F470 
ARM GAS  /tmp/ccnZrX59.s 			page 20


 250      C8D05A
 251 0f26 A17F9988 		.ascii	"\241\177\231\2109i\211&\337\270T\361tAr\272\213\253"
 251      39698926 
 251      DFB854F1 
 251      744172BA 
 251      8BAB
 252 0f38 03E584CD 		.ascii	"\003\345\204\315y\007M\311\027\204\263\267\250\\]\001"
 252      79074DC9 
 252      1784B3B7 
 252      A85C5D01 
 253 0f48 B574E6CC 		.ascii	"\265t\346\314\215pk]\240%\265\254\2424k%\242\331\270"
 253      8D706B5D 
 253      A025B5AC 
 253      A2346B25 
 253      A2D9B8
 254 0f5b 6D735B1A 		.ascii	"ms[\032\035\021\345\316--_\246\311-\331\375\373\000"
 254      1D11E5CE 
 254      2D2D5FA6 
 254      C92DD9FD 
 254      FB00
 255 0f6d 0B35B9A3 		.ascii	"\0135\271\243\217!\033p\212Wq\376V\225\331\025\010|"
 255      8F211B70 
 255      8A5771FE 
 255      5695D915 
 255      087C
 256 0f7f 50B4560D 		.ascii	"P\264V\015\257\021G\253\274\354\237\221\320<\2328[\213"
 256      AF1147AB 
 256      BCEC9F91 
 256      D03C9A38 
 256      5B8B
 257 0f91 05DEAA2D 		.ascii	"\005\336\252-\034\273\252I\023\337v\351\016\217\276"
 257      1CBBAA49 
 257      13DF76E9 
 257      0E8FBE
 258 0fa0 50488EBC 		.ascii	"PH\216\274\315\232c\305Io\313>\252\245,\312\314\340"
 258      CD9A63C5 
 258      496FCB3E 
 258      AAA52CCA 
 258      CCE0
 259 0fb2 90BD6BBA 		.ascii	"\220\275k\272\332\017\276U\267u\331H\261\314\006\227"
 259      DA0FBE55 
 259      B775D948 
 259      B1CC0697 
 260 0fc2 66B4AE58 		.ascii	"f\264\256X\305\356~\207\340p\351\257\306\340\322{\273"
 260      C5EE7E87 
 260      E070E9AF 
 260      C6E0D27B 
 260      BB
 261 0fd3 75555835 		.ascii	"uUX5\264t\351\257\321\325\270\326Uv4 N\344y\353\326"
 261      B474E9AF 
 261      D1D5B8D6 
 261      55763420 
 261      4EE479EB 
 262 0fe8 BDC238B4 		.ascii	"\275\3028\264\002\332\327\336a\214#\345\025\375\025"
 262      02DAD7DE 
 262      618C23E5 
 262      15FD15
ARM GAS  /tmp/ccnZrX59.s 			page 21


 263 0ff7 8BC21CC5 		.ascii	"\213\302\034\305\333xd\236&"
 263      DB78649E 
 263      26
 264 1000 4D389DAD 		.ascii	"M8\235\255\202\323\206\037m%g<\002\3169x1[m\031\306"
 264      82D3861F 
 264      6D25673C 
 264      02CE3978 
 264      315B6D19 
 265 1015 D749C257 		.ascii	"\327I\302W=\222p\221g\022F`\022fY\223P>\226\344\220"
 265      3D927091 
 265      67124660 
 265      12665993 
 265      503E96E4 
 266 102a 79E3798A 		.ascii	"y\343y\212\266\306\024U\355\344\014\357\376\316\014"
 266      B6C61455 
 266      EDE40CEF 
 266      FECE0C
 267 1039 8BADEBB4 		.ascii	"\213\255\353\264\226\312wYe\202\231}LlK\016\226\027"
 267      96CA7759 
 267      6582997D 
 267      4C6C4B0E 
 267      9617
 268 104b DF331C6C 		.ascii	"\3373\034lk}p\360F\003\227h\012\364\266hT|fNgT\324v"
 268      6B7D70F0 
 268      46039768 
 268      0AF4B668 
 268      547C664E 
 269 1063 7F0E655C 		.ascii	"\177\016e\\\242h\304\031\267,\335\267\376\027\014\325"
 269      A268C419 
 269      B72CDDB7 
 269      FE170CD5 
 270 1073 01BF59A8 		.ascii	"\001\277Y\250\226\326_\250\226\204\221\3042\263N-\307"
 270      96D65FA8 
 270      968491C4 
 270      32B34E2D 
 270      C7
 271 1084 35834973 		.ascii	"5\203Isko\344\203U\227e\351\336\\]>5\253\313g\250\323"
 271      6B6FE483 
 271      559765E9 
 271      DE5C5D3E 
 271      35ABCB67 
 272 109a FA52C106 		.ascii	"\372R\301\006\355a\205\306\333\251\023)\256\012\365"
 272      ED6185C6 
 272      DBA91329 
 272      AE0AF5
 273 10a9 A0FC1E21 		.ascii	"\240\374\036!b&\012#\364\036\303\326\316\023\266\004"
 273      62260A23 
 273      F41EC3D6 
 273      CE13B604 
 274 10b9 4B5A07C8 		.ascii	"KZ\007\310\363\003\226\363\375n\036\234s\346\361\262"
 274      F30396F3 
 274      FD6E1E9C 
 274      73E6F1B2 
 275 10c9 4336CC5F 		.ascii	"C6\314_\376~\266\371\302-\177\3659\302\375\371\306\037"
 275      FE7EB6F9 
 275      C22D7FF5 
 275      39C2FDF9 
ARM GAS  /tmp/ccnZrX59.s 			page 22


 275      C61F
 276 10db 566A75BF 		.ascii	"Vju\277.\254\322\342\254\017U\376\370P\265\232-\246"
 276      2EACD2E2 
 276      AC0F55FE 
 276      F850B59A 
 276      2DA6
 277 10ed F749D3C1 		.ascii	"\367I\323\301\374&\225\314\237*N\257q\220\004\315M\266"
 277      FC2695CC 
 277      9F2A4EAF 
 277      719004CD 
 277      4DB6
 278 10ff F0F7A60C 		.ascii	"\360\367\246\014l\266\226OW\345x\353 \335\312\326\260"
 278      6CB6964F 
 278      57E578EB 
 278      20DDCAD6 
 278      B0
 279 1110 9FC21A0D 		.ascii	"\237\302\032\015=\316\304\225\036\200<\307+\222s\325"
 279      3DCEC495 
 279      1E803CC7 
 279      2B9273D5 
 280 1120 27377F58 		.ascii	"'7\177X\253\311\226\224\035CL$C\214\224\005\001\277"
 280      ABC99694 
 280      1D434C24 
 280      438C9405 
 280      01BF
 281 1132 1D0358A7 		.ascii	"\035\003X\247%%l\254\325\254Z\374f\006\3444\224\001"
 281      25256CAC 
 281      D5AC5AFC 
 281      6606E434 
 281      9401
 282 1144 EBCD0CD8 		.ascii	"\353\315\014\330\240%%baJ\300\300$\340\"\177/q\365F"
 282      A0252562 
 282      614AC0C0 
 282      24E0227F 
 282      2F71F546 
 283 1158 CABD87C4 		.ascii	"\312\275\207\304~o\031\0176n\011X\200_\000\262E\035"
 283      7E6F190F 
 283      366E0958 
 283      805F00B2 
 283      451D
 284 116a DC67973E 		.ascii	"\334g\227>.\004E\234\274\035\213\002\223\\@d\205'\362"
 284      2E04459C 
 284      BC1D8B02 
 284      935C4064 
 284      8527F2
 285 117d FE599217 		.ascii	"\376Y\222\027\001\335\222\031@\236\227\223\276E \237"
 285      01DD9219 
 285      409E9793 
 285      BE45209F 
 286 118d 3D8EF949 		.ascii	"=\216\371I&jS\213\310\317\035\333v\226z\313\342\332"
 286      266A538B 
 286      C8CF1DDB 
 286      76967ACB 
 286      E2DA
 287 119f 09366A51 		.ascii	"\0116jQ\265\344d\001;Q|\3735C\016eN\354\276d\024\344"
 287      B5E46401 
 287      3B517CFB 
ARM GAS  /tmp/ccnZrX59.s 			page 23


 287      35430E65 
 287      4EECBE64 
 288 11b5 AEB0C958 		.ascii	"\256\260\311X\\\013PeB;\364\3573\030\236\227\036R\015"
 288      5C0B5065 
 288      423BF4EF 
 288      33189E97 
 288      1E520D
 289 11c8 4B80106F 		.ascii	"K\200\020oW\371\261\346\322\227\302\360\314t\007:\335"
 289      57F9B1E6 
 289      D297C2F0 
 289      CC74073A 
 289      DD
 290 11d9 5E5CD064 		.ascii	"^\\\320di\373u\237\362c\261aK\321\311\374i\312\226'"
 290      69FB759F 
 290      F263B161 
 290      4BD1C9FC 
 290      69CA9627 
 291 11ed 60731D5B 		.ascii	"`s\035[\026\003\247q\007\0236\246.S\357\212\323R}\244"
 291      1603A771 
 291      071336A6 
 291      2E53EF8A 
 291      D3527DA4 
 292 1201 BAA54058 		.ascii	"\272\245@X\242\272S{We\253\237\022\320O\027\202`\213"
 292      A2BA537B 
 292      5765AB9F 
 292      12D04F17 
 292      82608B
 293 1214 552563BE 		.ascii	"U%c\276T\301\254,Y\016J\037m\005\220b\251\356\300\225"
 293      54C1AC2C 
 293      590E4A1F 
 293      6D059062 
 293      A9EEC095 
 294 1228 7DA9F1C6 		.ascii	"}\251\361\306r+7\372\345<\367\372\024W\252\212\322\247"
 294      722B37FA 
 294      E53CF7FA 
 294      1457AA8A 
 294      D2A7
 295 123a B542A2F4 		.ascii	"\265B\242\364~\006t\313=7\207\3703\325\033B\014\036"
 295      7E0674CB 
 295      3D3787F8 
 295      33D51B42 
 295      0C1E
 296 124c 779D5A06 		.ascii	"w\235Z\006\204\364Cy_h\344u\373\232Ot1C\037.fxC\252"
 296      84F44379 
 296      5F68E475 
 296      FB9A4F74 
 296      31431F2E 
 297 1264 DE915631 		.ascii	"\336\221V1+\337\342/%W0\316\036\023\256\004\345\333"
 297      2BDFE22F 
 297      255730CE 
 297      1E13AE04 
 297      E5DB
 298 1276 E4F92983 		.ascii	"\344\371)\203$i\025H\316\225\265Sc\225\204\265\223g"
 298      24691548 
 298      CE95B553 
 298      639584B5 
 298      9367
ARM GAS  /tmp/ccnZrX59.s 			page 24


 299 1288 36AE51D9 		.ascii	"6\256Q\331\310,9`\251\017\253\025\340\247\262\325d\331"
 299      C82C3960 
 299      A90FAB15 
 299      E0A7B2D5 
 299      64D9
 300 129a 4044B399 		.ascii	"@D\263\231\222bf\314V\214\370\214\304|k\201\324z\360"
 300      926266CC 
 300      568CF88C 
 300      C47C6B81 
 300      D47AF0
 301 12ad F1546B41 		.ascii	"\361TkA6\325U\212o\035\324\301}\215\201\3736j\251\374"
 301      36D5558A 
 301      6F1DD4C1 
 301      7D8D81FB 
 301      366AA9FC 
 302 12c1 9639BCDE 		.ascii	"\2269\274\336\000\2556\030\267s\200\326\251\264\277"
 302      00AD3618 
 302      B77380D6 
 302      A9B4BF
 303 12d0 3644AA5E 		.ascii	"6D\252^\017\344\214\331IM\014\326\313X\3647\270\314"
 303      0FE48CD9 
 303      494D0CD6 
 303      CB58F437 
 303      B8CC
 304 12e2 FDCB6A2A 		.ascii	"\375\313j*-\035\00593,\3578.\342\034 \304:\326\244k"
 304      2D1D0539 
 304      332CEF38 
 304      2EE21C20 
 304      C43AD6A4 
 305 12f7 C437AC72 		.ascii	"\3047\254r\036>8\257a\264;b\202\2233\303\362\346\005"
 305      1E3E38AF 
 305      61B43B62 
 305      829333C3 
 305      F2E605
 306 130a 62B886C9 		.ascii	"b\270\206\311pu\366\350\305^\\\222~L\3671\236<\321\201"
 306      7075F6E8 
 306      C55E5C92 
 306      7E4CF731 
 306      9E3CD181 
 307 131e 834BD694 		.ascii	"\203K\326\224\253g\";\344\252\315\315\303\036b:\213"
 307      AB67223B 
 307      E4AACDCD 
 307      C31E623A 
 307      8B
 308 132f FD1A6691 		.ascii	"\375\032f\221\232Qs|\226zCd\203<%\365\210(\004\267\224"
 308      9A51737C 
 308      967A4364 
 308      833C25F5 
 308      882804B7 
 309 1344 B03C5836 		.ascii	"\260<X6\225\271V\276\256\366&\240\032\232R\025\270\371"
 309      95B956BE 
 309      AEF626A0 
 309      1A9A5215 
 309      B8F9
 310 1356 CB01F592 		.ascii	"\313\001\365\222 \030vhQQ5\233:\223-\235\257l\005\322"
 310      20187668 
 310      5151359B 
ARM GAS  /tmp/ccnZrX59.s 			page 25


 310      3A932D9D 
 310      AF6C05D2 
 311 136a FEF0956D 		.ascii	"\376\360\225mT\261\036\025g\205l\346G;H=\357\377N3\337"
 311      54B11E15 
 311      67856CE6 
 311      473B483D 
 311      EFFF4E33 
 312 137f 8915F2B7 		.ascii	"\211\025\362\267\366\007\357\263\315\217\231:\277U:"
 312      F607EFB3 
 312      CD8F993A 
 312      BF553A
 313 138e 3FF81D9D 		.ascii	"?\370\035\235\371\015l\020>`\235\217\023\016\356N\227"
 313      F90D6C10 
 313      3E609D8F 
 313      130EEE4E 
 313      97
 314 139f 28D7C6A9 		.ascii	"(\327\306\251S\352\205\303\207\204\207\331!\017\327"
 314      53EA85C3 
 314      878487D9 
 314      210FD7
 315 13ae 6EF91E0D 		.ascii	"n\371\036\015\341sM~)\3306/\234\271\017I\205\206\364"
 315      E1734D7E 
 315      29D8362F 
 315      9CB90F49 
 315      8586F4
 316 13c1 03B6C35D 		.ascii	"\003\266\303]\032J\177\250\372R\255\346\367\303:\007"
 316      1A4A7FA8 
 316      FA52ADE6 
 316      F7C33A07 
 317 13d1 DDA719C8 		.ascii	"\335\247\031\310\246\372\232\337Q\274u\204n\025p\363"
 317      A6FA9ADF 
 317      51BC7584 
 317      6E1570F3 
 318 13e1 2BC4F495 		.ascii	"+\304\364\225\337\373\315\316\027\012\376\015\3560\016"
 318      DFFBCDCE 
 318      170AFE0D 
 318      EE300E
 319 13f0 6E99752A 		.ascii	"n\231u*\320h_\305\010d\221j_W\363W\254\262+\231\354"
 319      D0685FC5 
 319      0864916A 
 319      5F57F357 
 319      ACB22B99 
 320 1405 181229A1 		.ascii	"\030\022)\241\376\205S\010\330M\273\376jH\304\220=Z"
 320      FE855308 
 320      D84DBBFE 
 320      6A48C490 
 320      3D5A
 321 1417 9987BBA7 		.ascii	"\231\207\273\247\017\036\233\261\203\362\341\011q&X"
 321      0F1E9BB1 
 321      83F2E109 
 321      712658
 322 1426 E27C8460 		.ascii	"\342|\204`\331\246\312\004c\264\301\322\301\012iUm\004"
 322      D9A6CA04 
 322      63B4C1D2 
 322      C10A6955 
 322      6D04
 323 1438 45E40EC6 		.ascii	"E\344\016\306\244M \311\037\032\015\214\251\233\201"
ARM GAS  /tmp/ccnZrX59.s 			page 26


 323      A44D20C9 
 323      1F1A0D8C 
 323      A99B81
 324 1447 EE4888C9 		.ascii	"\356H\210\311\305\243\244n\263\273\2011\323\026 \232"
 324      C5A3A46E 
 324      B3BB8131 
 324      D316209A 
 325 1457 BB63998C 		.ascii	"\273c\231\214[\334\035K1\272[\324\006\024J|\034W\363"
 325      5BDC1D4B 
 325      31BA5BD4 
 325      06144A7C 
 325      1C57F3
 326 146a 4E789E5B 		.ascii	"Nx\236[\324\266\206\237K=\320*m\020\255=&Z{\265\244"
 326      D4B6869F 
 326      4B3DD02A 
 326      6D10AD3D 
 326      265A7BB5 
 327 147f C7B1386C 		.ascii	"\307\2618l\207\347e\307\353\"\326\333\334\035\217m\332"
 327      87E765C7 
 327      EB22D6DB 
 327      DC1D8F6D 
 327      DA
 328 1490 2A8DDF5C 		.ascii	"*\215\337\\\307\370\255\262\026w5qej\256\245\305\261"
 328      C7F8ADB2 
 328      16773571 
 328      656AAEA5 
 328      C5B1
 329 14a2 FC7620B0 		.ascii	"\374v \260\335\375L%\002\3350\332\000\363\345\201\022"
 329      DDFD4C25 
 329      02DD30DA 
 329      00F3E581 
 329      12
 330 14b3 A67E5658 		.ascii	"\246~VXO\271\334n\224\313}\\.\363,\375\214\025\354\360"
 330      4FB9DC6E 
 330      94CB7D5C 
 330      2EF32CFD 
 330      8C15ECF0 
 331 14c7 0C9052BB 		.ascii	"\014\220R\273\023\350\216{j\216\367N\263\235)\036w;"
 331      13E88E7B 
 331      6A8EF74E 
 331      B39D291E 
 331      773B
 332 14d9 CB050AC3 		.ascii	"\313\005\012\303\023\334\316\266B\027\331\316\236\027"
 332      13DCCEB6 
 332      4217D9CE 
 332      9E17
 333 14e7 5941581F 		.ascii	"YAX\037\273\321R5\332\031K\346?@L\3667\030\223\003f"
 333      BBD15235 
 333      DA194BE6 
 333      3F404CF6 
 333      37189303 
 334 14fc 4CCAE41E 		.ascii	"L\312\344\036\274jj\376\001\345\303\347\240\320\342"
 334      BC6A6AFE 
 334      01E5C3E7 
 334      A0D0E2
 335 150b 0EC9A45D 		.ascii	"\016\311\244]@\223\323\255ZQ\331%\243\322\3353\333\213"
 335      4093D3AD 
ARM GAS  /tmp/ccnZrX59.s 			page 27


 335      5A51D925 
 335      A3D2DD33 
 335      DB8B
 336 151d 54B633CB 		.ascii	"T\2663\313nuq\230.\012,\035\2225\027\002\021\315\316"
 336      6E757198 
 336      2E0A2C1D 
 336      92351702 
 336      11CDCE
 337 1530 478A99B1 		.ascii	"G\212\231\261\320\335!\231\257\030H\255\007\037OU\354"
 337      D0DD2199 
 337      AF1848AD 
 337      071F4F55 
 337      EC
 338 1541 EE90CC57 		.ascii	"\356\220\314WR\267C\026\031\221<h\351\220\365\205\274"
 338      52B74316 
 338      19913C68 
 338      E990F585 
 338      BC
 339 1552 C0602CE7 		.ascii	"\300`,\347\220\227\270;$\253.\005r\306\354\220&\006"
 339      9097B83B 
 339      24AB2E05 
 339      72C6EC90 
 339      2606
 340 1564 A5468754 		.ascii	"\245F\207T\\f\207,h \\pHK\352&\310\317\347\270y\356"
 340      5C66872C 
 340      68205C70 
 340      484BEA26 
 340      C8CFE7B8 
 341 157a 0602B31B 		.ascii	"\006\002\263\0337\317Rx\216\233g\021\007\242\0337\317"
 341      37CF5278 
 341      8E9B6711 
 341      07A21B37 
 341      CF
 342 158b 62E4E3E6 		.ascii	"b\344\343\346\371\234L\216\036\036]P~m87\317\247\376"
 342      F99C4C8E 
 342      1E1E5D50 
 342      7E6D3837 
 342      CFA7FE
 343 159e 27B586DE 		.ascii	"'\265\206\336)\035\256\177\243\216\272H\344\210\271"
 343      291DAE7F 
 343      A38EBA48 
 343      E488B9
 344 15ad 533F2AF3 		.ascii	"S?*\363$}_\304\203=\253\235\233'\337\004}a>\253}\311"
 344      247D5FC4 
 344      833DAB9D 
 344      9B27DF04 
 344      7D613EAB 
 345 15c3 E88671E2 		.ascii	"\350\206q\342\364\364\374\366\030!\334oN\202-\017a\201"
 345      F4F4FCF6 
 345      1821DC6F 
 345      4E822D0F 
 345      6181
 346 15d5 2A45CFA8 		.ascii	"*E\317\250\007\271\377\230$\365\026 \211\3709c\325\217"
 346      07B9FF98 
 346      24F51620 
 346      89F83963 
 346      D58F
ARM GAS  /tmp/ccnZrX59.s 			page 28


 347 15e7 1E9CC05C 		.ascii	"\036\234\300\\I\356f\226K\212\234*\257\017\236\371\267"
 347      49EE6696 
 347      4B8A9C2A 
 347      AF0F9EF9 
 347      B7
 348 15f8 E49B887C 		.ascii	"\344\233\210|\321L\367\374L5\021\344\243\363\243\006"
 348      D14CF7FC 
 348      4C3511E4 
 348      A3F3A306 
 349 1608 9B19D5C0 		.ascii	"\233\031\325\300\377\035\333c\015\276\257\373\312\304"
 349      FF1DDB63 
 349      0DBEAFFB 
 349      CAC4
 350 1616 F6B896D4 		.ascii	"\366\270\226\324\034\343\356\210\343\335T\247+TW\012"
 350      1CE3EE88 
 350      E3DD54A7 
 350      2B54570A 
 351 1626 A1FBEA1D 		.ascii	"\241\373\352\035\017\360n\360D\203q\2540\347\252\324"
 351      0FF06EF0 
 351      448371AC 
 351      30E7AAD4 
 352 1636 927AD05C 		.ascii	"\222z\320\\\261\350J\260\247\372\273\326\374<\2116\221"
 352      B1E84AB0 
 352      A7FABBD6 
 352      FC3C8936 
 352      91
 353 1647 1D4171E2 		.ascii	"\035Aq\3427\177+\360\265\226\324\351\267\037\011\341"
 353      377F2BF0 
 353      B596D4E9 
 353      B71F09E1 
 354 1657 9496D4BD 		.ascii	"\224\226\324\275\201\333\247\321\022\236\201L\211\240"
 354      81DBA7D1 
 354      129E814C 
 354      89A0
 355 1665 977ECDF3 		.ascii	"\227~\315\363VT\000\235\304\255\246\335ex'\304#\274"
 355      5654009D 
 355      C4ADA6DD 
 355      657827C4 
 355      23BC
 356 1677 3B0D3D04 		.ascii	";\015=\004\221c5L\231^\242F\310_>\314\213\364\370,\215"
 356      9163354C 
 356      995EA246 
 356      C85F3ECC 
 356      8BF4F82C 
 357 168c F77A9BE9 		.ascii	"\367z\233\351\304Al%\353\356\355\034\365\006'\336\275"
 357      C4416C25 
 357      EBEEED1C 
 357      F50627DE 
 357      BD
 358 169d B56B4531 		.ascii	"\265kE1\355\231\271\353\006\005\266W\336\256#\324\264"
 358      ED99B9EB 
 358      0605B657 
 358      DEAE23D4 
 358      B4
 359 16ae FB886FB8 		.ascii	"\373\210o\270\342\236H\251~EJL\002\322\342\231\032\223"
 359      E29E48A9 
 359      7E454A4C 
ARM GAS  /tmp/ccnZrX59.s 			page 29


 359      02D2E299 
 359      1A93
 360 16c0 64CDEBEB 		.ascii	"d\315\353\3539W\214\314\227\322\355j\256\0303abPEoA"
 360      39578CCC 
 360      97D2ED6A 
 360      AE183361 
 360      6250456F 
 361 16d5 727D6AE4 		.ascii	"r}j\344<\375\310\005.[\256\033j\3435\331Z\267\334\357"
 361      3CFDC805 
 361      2E5BAE1B 
 361      6AE335D9 
 361      5AB7DCEF 
 362 16e9 CB82D59A 		.ascii	"\313\202\325\2329\243\031?$\350a\360\363\373\015\371"
 362      39A3193F 
 362      24E861F0 
 362      F3FB0DF9 
 363 16f9 AEAABF88 		.ascii	"\256\252\277\210\221\337\236\276T\257\360\"\324\307"
 363      91DF9EBE 
 363      54AFF022 
 363      D4C7
 364 1707 7DBAF9A4 		.ascii	"}\272\371\244\260\253\037\251\334xM\336M\256\377G*\311"
 364      B0AB1FA9 
 364      DC784DDE 
 364      4DAEFF47 
 364      2AC9
 365 1719 AAE4E6FA 		.ascii	"\252\344\346\372J\266)@\363[\331x]NQ54J\325\001\217"
 365      4AB62940 
 365      F35BD978 
 365      5D4E5135 
 365      344AD501 
 366 172e 0FA1611E 		.ascii	"\017\241a\036?^9\313+}\262\252\243\3717\302\245\342"
 366      3F5E39CB 
 366      2B7DB2AA 
 366      A3F937C2 
 366      A5E2
 367 1740 69400BCE 		.ascii	"i@\013\316\343\245\035/\316i\022\330\247\010\035\304"
 367      E3A51D2F 
 367      CE6912D8 
 367      A7081DC4 
 368 1750 ED6954D4 		.ascii	"\355iT\324\017q\203\376\202\214{\262\362\333}X\024\007"
 368      0F7183FE 
 368      828C7BB2 
 368      F2DB7D58 
 368      1407
 369 1762 A251440D 		.ascii	"\242QD\015&\352\024x\262*\260\032\006\221\276~5\237"
 369      26EA1478 
 369      B22AB01A 
 369      0691BE7E 
 369      359F
 370 1774 27D0B1BF 		.ascii	"'\320\261\277F\232\236\254\371\266s5\374\001\343@\314"
 370      469A9EAC 
 370      F9B67335 
 370      FC01E340 
 370      CC
 371 1785 31C41CF3 		.ascii	"1\304\034\363$i\037 J\355\340\016[kYex\376HK\365id\371"
 371      24691F20 
 371      4AEDE00E 
ARM GAS  /tmp/ccnZrX59.s 			page 30


 371      5B6B5965 
 371      78FE484B 
 372 179d C9952671 		.ascii	"\311\225&q\271f\3407\035\355\327\352\3427\375\367\201"
 372      B966E037 
 372      1DEDD7EA 
 372      E237FDF7 
 372      81
 373 17ae D11430DF 		.ascii	"\321\0240\33700\021\022\227_o\004K\275\251Hk\015\355"
 373      30301112 
 373      975F6F04 
 373      4BBDA948 
 373      6B0DED
 374 17c1 A26AE55B 		.ascii	"\242j\345[\252\321_\024\223\231X\350\350\323O"
 374      AAD15F14 
 374      939958E8 
 374      E8D34F
 375 17d0 099AF8D9 		.ascii	"\011\232\370\331\312s\204M#\227>\220\010\215\236\305"
 375      CA73844D 
 375      23973E90 
 375      088D9EC5 
 376 17e0 BB912E7D 		.ascii	"\273\221.}\020]D\322Ek\227\376\007\272H\205gk\316\265"
 376      105D44D2 
 376      456B97FE 
 376      07BA4885 
 376      676BCEB5 
 377 17f4 C236F2AC 		.ascii	"\3026\362\2548\350\207m\344iJb\274\337\213\264\014 "
 377      38E8876D 
 377      E4694A62 
 377      BCDF8BB4 
 377      0C20
 378 1806 2D88775F 		.ascii	"-\210w_$\364F-\003\010f\272\350\203Z\350\302\011}\021"
 378      24F4462D 
 378      030866BA 
 378      E8835AE8 
 378      C2097D11 
 379 181a E46AE84F 		.ascii	"\344j\350O\212\006\240\"\004\265/\201:P\354i\255\222"
 379      8A06A022 
 379      04B52F81 
 379      3A50EC69 
 379      AD92
 380 182c ECA64AE8 		.ascii	"\354\246J\3504\324\244\327\005)M%\331*\225d\263\220"
 380      34D4A4D7 
 380      05294D25 
 380      D92A9564 
 380      B390
 381 183e AD71DD24 		.ascii	"\255q\335$\233\245\332\272\361\353\202\217\352_\036"
 381      9BA5DABA 
 381      F1EB828F 
 381      EA5F1E
 382 184d 8D159EDF 		.ascii	"\215\025\236\337\232\235\275Y}\340\313\237T\351\212"
 382      9A9DBD59 
 382      7DE0CB9F 
 382      54E98A
 383 185c F91C83FF 		.ascii	"\371\034\203\377\221L\266Abz\274%\035b-\351\320\314"
 383      914CB641 
 383      627ABC25 
 383      1D622DE9 
ARM GAS  /tmp/ccnZrX59.s 			page 31


 383      D0CC
 384 186e 920E8D2D 		.ascii	"\222\016\215-\351\240\313\260\271n\252t\230\211\332"
 384      E9A0CBB0 
 384      B96EAA74 
 384      9889DA
 385 187d 9AD5CDE6 		.ascii	"\232\325\315\346\231`}\007=\323\0356\335\245\367zZ\020"
 385      99607D07 
 385      3DD31D36 
 385      DDA5F77A 
 385      5A10
 386 188f 14032B2F 		.ascii	"\024\003+/\026b\330\032\273\364\336D\230\005\003\217"
 386      1662D81A 
 386      BBF4DE44 
 386      9805038F 
 387 189f 62363773 		.ascii	"b67s\351}\350r&\014\314\273Ha\215u\351\375\211\020;"
 387      E97DE872 
 387      260CCCBB 
 387      48618D75 
 387      E9FD8910 
 388 18b4 902C1EAC 		.ascii	"\220,\036\254B6\012-\031\204\307\024\234>v\020\335\031"
 388      42360A2D 
 388      1984C714 
 388      9C3E7610 
 388      DD19
 389 18c6 6246E194 		.ascii	"bF\341\224\021\205\331\364\023\303\272Q\230\375\373"
 389      1185D9F4 
 389      13C3BA51 
 389      98FDFB
 390 18d5 687929B4 		.ascii	"hy)\264\316[S\365\232\341\363'H\213\363\360\231\341"
 390      CE5B53F5 
 390      9AE1F327 
 390      488BF3F0 
 390      99E1
 391 18e7 FB4482FA 		.ascii	"\373D\202\372\214'\250q\026\360\274dI\376\266\253\324"
 391      8C27A871 
 391      16F0BC64 
 391      49FEB6AB 
 391      D4
 392 18f8 1367A2E2 		.ascii	"\023g\242\342\345\322G\015\026d\332\220\274\357\010"
 392      E5D2470D 
 392      1664DA90 
 392      BCEF08
 393 1907 15144C01 		.ascii	"\025\024L\001\242|\002C*\277\333Gus(\271N/\214/\255"
 393      A27C0243 
 393      2ABFDB47 
 393      757328B9 
 393      4E2F8C2F 
 394 191c 9CEA539F 		.ascii	"\234\352S\237\351\201\036\246_\240\246'?+\314\300-R"
 394      E9811EA6 
 394      5FA0A627 
 394      3F2BCCC0 
 394      2D52
 395 192e 161A21C2 		.ascii	"\026\032!\302;t\034\371\346\370q\357\214\036;a\224\373"
 395      3B741CF9 
 395      E6F871EF 
 395      8C1E3B61 
 395      94FB
ARM GAS  /tmp/ccnZrX59.s 			page 32


 396 1940 ACC348A1 		.ascii	"\254\303H\241\217\237\360\216>\352_\023`\214}\314\353"
 396      8F9FF08E 
 396      3EEA5F13 
 396      608C7DCC 
 396      EB
 397 1951 A326BC32 		.ascii	"\243&\2742b\314\3507\306\372\216\036\377\312\230\267"
 397      62CCE837 
 397      C6FA8E1E 
 397      FFCA98B7 
 398 1961 C6BEE1FD 		.ascii	"\306\276\341\375\336\350\327&\274\3517\356\235\327G"
 398      DEE8D726 
 398      BCE937EE 
 398      9DD747
 399 1970 8E1E3FFA 		.ascii	"\216\036?\372\255\2610\332g\324\3501c^\177\007F\302"
 399      ADB130DA 
 399      67D4E831 
 399      635E7F07 
 399      46C2
 400 1982 7818E733 		.ascii	"x\030\3473\341_\343^}w\2246b\234>\366\335\177\301\333"
 400      E15FE35E 
 400      7D779436 
 400      629C3EF6 
 400      DD7FC1DB 
 401 1996 BE6DC7BE 		.ascii	"\276m\307\276;fL\202\360~g\304k\243\377\375\3773(\304"
 401      3B664C82 
 401      F07E67C4 
 401      6BA3FFFD 
 401      FF3328C4 
 402 19aa B8       		.ascii	"\270"
 403              		.text
 404              		.section	.gnu.lto_.symbol_nodes.765c64c217437ec0,"",%progbits
 405 0000 789C6365 		.ascii	"x\234ce`bpc\000\002\246\211L\365\014\014\023\31610\000"
 405      60627063 
 405      0002A689 
 405      4CF50C0C 
 405      13CE3130 
 406 0015 A9590D8E 		.ascii	"\251Y\015\216\014\014\214\223\231\352\031\301\"\014"
 406      0C0C8C93 
 406      99EA19C1 
 406      220C
 407 0023 0C0D0D0E 		.ascii	"\014\015\015\016@\201IL\365L\310\002\314@\315K\036\374"
 407      4081494C 
 407      F54CC802 
 407      CC40CD4B 
 407      1EFC
 408 0035 63646660 		.ascii	"cdf`dX\322\376F\236\001\000G\261\020\304"
 408      6458D2FE 
 408      469E0100 
 408      47B110C4 
 409              		.text
 410              		.section	.gnu.lto_.refs.765c64c217437ec0,"",%progbits
 411 0000 789C6365 		.ascii	"x\234ce`b`d\000\002\000\000I\000\011"
 411      60626064 
 411      00020000 
 411      490009
 412              		.text
 413              		.section	.gnu.lto_.decls.765c64c217437ec0,"",%progbits
ARM GAS  /tmp/ccnZrX59.s 			page 33


 414 0000 789C8556 		.ascii	"x\234\205VkP\023W\024\276gwy$\206\204\001\333aZ~8\332"
 414      6B501357 
 414      14BE6777 
 414      79248684 
 414      01DB615A 
 415 0017 69693B49 		.ascii	"ii;I\244\316\330\366\237S;\255\277\264v\252\323\177"
 415      A4CED8F6 
 415      9F533BAD 
 415      BFB476AA 
 415      D37F
 416 0029 991852C8 		.ascii	"\231\030R\310\014$\226\207\177\273\200Z\253\203\242"
 416      0C249687 
 416      7FBB805A 
 416      AB83A2
 417 0038 6DB5225A 		.ascii	"m\265\"Z\254\243\242\006D\024\255<jT\300\002b\305\310"
 417      ACA3A206 
 417      4414AD3C 
 417      6A54C002 
 417      62C5C8
 418 004b 4B25213C 		.ascii	"K%!<\024A\035\352\243T\355\224\236{\367.\273Hiw\370"
 418      14411DEA 
 418      A354ED94 
 418      9E7BF72E 
 418      BB486977 
 419 0060 367BCEFD 		.ascii	"6{\316\375\316\343\236s\357\031\242\210@\226\033\010"
 419      CEE39E73 
 419      EF19A288 
 419      40961B08 
 420 0070 E921840C 		.ascii	"\351!\204\014!&\361\021\360\267\202h\217\210\250E\324"
 420      2126F111 
 420      F0B78268 
 420      8F88A845 
 420      D4
 421 0081 21EAC9CC 		.ascii	"!\352\311\314'\017\010y\005\177W#\022\020s\0215\210"
 421      270F0879 
 421      057F5723 
 421      12107311 
 421      3588
 422 0093 93886844 		.ascii	"\223\210hD\000\361\011\242\012\321\214\270\202X\201"
 422      00F109A2 
 422      0AD18CB8 
 422      825881
 423 00a2 7803710D 		.ascii	"x\003q\015\021Dt \252\021]\210ND7b\031b\025Qr\353C\204"
 423      11447420 
 423      AA115D88 
 423      4E443762 
 423      19621551 
 424 00ba 10611E53 		.ascii	"\020a\036S\3429\325\363\274\206\0211\210;\210\021\304"
 424      E239D5F3 
 424      BC861131 
 424      883B8811 
 424      C4
 425 00cb 5DC42862 		.ascii	"]\304(b\014q\017q\377\205\234w\211p\272\250\261A\010"
 425      0C710F71 
 425      FF859C77 
 425      8970BAA8 
 425      B14108
ARM GAS  /tmp/ccnZrX59.s 			page 34


 426 00de C12DC0FD 		.ascii	"\301-\300\375B<\323\002(o``\342\244\372\0000=j\005\366"
 426      423CD302 
 426      286F6060 
 426      E2A4FA00 
 426      303D6A05 
 427 00f3 56884C05 		.ascii	"V\210L\005\252\005\227\005.\012\334%\373\343\306\240"
 427      AA059705 
 427      2E0ADC25 
 427      FBE3C6A0 
 428 0103 F3A82C2B 		.ascii	"\363\250,+\221\324\207(t%\023\302\274+\326 h\001\000"
 428      91D48728 
 428      742513C2 
 428      BC2BD620 
 428      680100
 429 0116 F4063A87 		.ascii	"\364\006:\207J\332|}*?\242m\016\324\335\377\276\373"
 429      4ADA7C7D 
 429      2A3FA26D 
 429      0ED4DDFF 
 429      BEFB
 430 0128 F26D6318 		.ascii	"\362mc\030\372\250\266l\0110]K\357\304P\224(\000\375"
 430      FAA8B66C 
 430      09305D4B 
 430      EFC45094 
 430      2800FD
 431 013b 0E3F2DFF 		.ascii	"\016?-\377\310\346\227\225'6Y+[\307\372\252Rq\253\010"
 431      C8E69795 
 431      2736592B 
 431      5BC7FAAA 
 431      5271AB08 
 432 014f 094690A8 		.ascii	"\011F\220\250\237\366\222A3\212s\2150\017\305\316?\033"
 432      9FF69241 
 432      338A738D 
 432      300FC5CE 
 432      3F1B
 433 0161 9E99C497 		.ascii	"\236\231\304\227\250\013\251\377\300\303\261hHI\006"
 433      A80BA9FF 
 433      C0C3B168 
 433      484906
 434 0170 30220EA9 		.ascii	"0\"\016\251\276\010T\201\021*@T{Q\"o\222\345\361\257"
 434      BE085481 
 434      112A4054 
 434      7B51226F 
 434      92E5F1AF 
 435 0184 A89AE057 		.ascii	"\250\232\340W\201<\376\223,&\021X\224\014\013\223\011"
 435      813CFE93 
 435      2C261158 
 435      940C0B93 
 435      09
 436 0195 54420A5B 		.ascii	"TB\012[\"p\002\222\3418$\243A,\323`\274\342\366\375"
 436      22700292 
 436      E13824A3 
 436      412CD360 
 436      BCE2F6FD 
 437 01a9 7B0C466E 		.ascii	"{\014Fn\265\351?\255\220=\376\350\326u\301\264\231\262"
 437      B5E93FAD 
 437      903DFEE8 
 437      D675C1B4 
ARM GAS  /tmp/ccnZrX59.s 			page 35


 437      99B2
 438 01bb 8B0B65C3 		.ascii	"\213\013e\3032\250\306L\374\270~\014\327\011\234\004"
 438      32A8C64C 
 438      FCB87E0C 
 438      D7099C04 
 439 01cb 13DFE483 		.ascii	"\023\337\344\203\322\253\033\215\222\240\352P\263\347"
 439      D2AB1B8D 
 439      92A0EA50 
 439      B3E7
 440 01d9 496D10F4 		.ascii	"Im\020\364\246U\323Lk\246L[\236^\332ka\246\250\203S"
 440      A655D34C 
 440      6BA64C5B 
 440      9E5EDA6B 
 440      61A6A883 
 441 01ee 205165D3 		.ascii	" Qe\323\344D\300\242\024M@\361\332\370\345\275s\224"
 441      E444C0A2 
 441      144D40F1 
 441      DAF8E5BD 
 441      7394
 442 0200 A2C5A3B8 		.ascii	"\242\305\243\270\261\367\301DL\322NV\236B9^\200\325"
 442      B1F7C144 
 442      4CD24E56 
 442      9E42395E 
 442      80D5
 443 0212 2FC3CFE8 		.ascii	"/\303\317\350\372\014s}\026\222\360}\032$\336\270\037"
 443      FA0C737D 
 443      1692F07D 
 443      1A24DEB8 
 443      1F
 444 0223 DBC4F965 		.ascii	"\333\304\371erY\277\034\350\276\370z\244Z\2267\310r"
 444      7259BF1C 
 444      E8BEF87A 
 444      A45A9637 
 444      C872
 445 0235 BE446970 		.ascii	"\276Dip\004D8\0126\332\347#\264\276P\016a\200\303\020"
 445      0444380A 
 445      36DAE723 
 445      B4BE500E 
 445      6180C310 
 446 0249 C253500B 		.ascii	"\302SP\013\363\321z\357\276\242\001\251H\024+%\002u"
 446      F3D17AEF 
 446      BEA201A9 
 446      48142B25 
 446      0275
 447 025b 4C537B62 		.ascii	"LS{b[d\016j\216\243\246\236i\332\233\202?\304\210\213"
 447      5B640E6A 
 447      8EA3A69E 
 447      69DA9B82 
 447      3FC4888B 
 448 026f 580F47CE 		.ascii	"X\017G\316=\0240\023\372gH\241u\017\200AiX<\373\374"
 448      3D143013 
 448      FA6748A1 
 448      750F8041 
 448      69583CFB 
 449 0284 9A55BEA0 		.ascii	"\232U\276\2408\036\246*\177\036+O\227\010\374\202f\347"
 449      381EA62A 
 449      7F1E2B4F 
ARM GAS  /tmp/ccnZrX59.s 			page 36


 449      9708FC82 
 449      66E7
 450 0296 700FBAD6 		.ascii	"p\017\272\326\343\0024h\255\2472F\354\356]\177\026\224"
 450      E3023468 
 450      ADA73246 
 450      ECEE5D7F 
 450      1694
 451 02a8 F2CCA14D 		.ascii	"\362\314\241Mm\013\177N{*\363R'\350+}\2215\325\236\014"
 451      6D0B7F4E 
 451      7B2AF352 
 451      27E82B7D 
 451      9135D59E 
 452 02bd 17949E3E 		.ascii	"\027\224\236>\037\371\256\227\333\232P,\250\353\335"
 452      1FF9AE97 
 452      DB9A502C 
 452      A8EBDD
 453 02cc 6E514ADB 		.ascii	"nQJ\333O\227\363\037\035\030\213K(f\316dy\036\260\276"
 453      4F97F31F 
 453      1D188B4B 
 453      2866CE64 
 453      791EB0BE 
 454 02e0 35A1B746 		.ascii	"5\241\267F\346\255\031\022T\237L@\213\321s\207\212\314"
 454      E6AD1912 
 454      549F4C40 
 454      8BD17387 
 454      8ACC
 455 02f2 E2FBCA2D 		.ascii	"\342\373\312-\370\343Q\221\224\302\362\307\222c\376"
 455      F8E35191 
 455      94C2F2C7 
 455      9263FE
 456 0301 2B13E192 		.ascii	"+\023\341\222\226>2\372\017\235\032\215\023\227R\266"
 456      963E32FA 
 456      0F9D1A8D 
 456      139752B6 
 457 0311 B03BF060 		.ascii	"\260;\360`\300\002)\211\214\037\350.\231_\203\345\021"
 457      C0022989 
 457      8C1FE82E 
 457      995F83E5 
 457      11
 458 0322 A00D12A1 		.ascii	"\240\015\022\241E\353\314\312D|o\347\273[\202UW\367"
 458      45EBCCCA 
 458      447C6FE7 
 458      BB5B8255 
 458      57F7
 459 0334 06AD5839 		.ascii	"\006\255X9\014\200<\370\025??}M\015\262+\262\355X\234"
 459      0C803CF8 
 459      153F3F7D 
 459      4D0DB22B 
 459      B2ED589C 
 460 0348 580F2C4A 		.ascii	"X\017,J\370I\376y\363T\224Pi|\241,\003\\\301 \227\265"
 460      F849FE79 
 460      F3549450 
 460      697CA12C 
 460      035CC120 
 461 035e 201873B6 		.ascii	" \030s\266(\355\377\032\205:\300H\007\363\013k n\213"
 461      28EDFF1A 
 461      853AC048 
ARM GAS  /tmp/ccnZrX59.s 			page 37


 461      07F30B6B 
 461      206E8B
 462 0371 76CC91A9 		.ascii	"v\314\221\251\325\3767\210\343\031M6\036\334'\261S\316"
 462      D5FE3788 
 462      E3194D36 
 462      1EDC27B1 
 462      53CE
 463 0383 74A8D9D4 		.ascii	"t\250\331\324\376mP\232\365\020w\260C|U=\304\015\217"
 463      FE6D509A 
 463      F51077B0 
 463      437C553D 
 463      C40D8F
 464 0396 0FDC91F4 		.ascii	"\017\334\221\364\267\011\327uq\256)\267\211\376\"\371"
 464      B709D775 
 464      71AE29B7 
 464      89FE22F9 
 465 03a6 9B5DA5FE 		.ascii	"\233]\245\376X=\231\356U#\00799\310\310\323\022\203"
 465      583D99EE 
 465      55230739 
 465      39C8C8D3 
 465      1283
 466 03b8 35D2FFA7 		.ascii	"5\322\377\247\326\311R\273>kj\235\323R\353\342\321\272"
 466      D6C952BB 
 466      3E6B6A9D 
 466      D352EBE2 
 466      D1BA
 467 03ca 58B48650 		.ascii	"X\264\206Ph\213QO\306#\244#wsr\267\262\217\301\276\300"
 467      688B514F 
 467      C623A423 
 467      777372B7 
 467      B28FC1BE 
 468 03df B4114207 		.ascii	"\264\021B\007\204F\356\341\344\036F\036z^QkV\216u4\212"
 468      8446EEE1 
 468      E41E461E 
 468      7A5E516B 
 468      568E7534 
 469 03f4 13C7CBAE 		.ascii	"\023\307\313\256\304\315z'n\250w\242W\271\023\2177o"
 469      C4CD7A27 
 469      6EA877A2 
 469      57B9138F 
 469      376F
 470 0406 98E0333A 		.ascii	"\230\3403:\006\305\362\333\245[M\312\235x\017\305\233"
 470      06C5F2DB 
 470      A55B4DCA 
 470      9D780FC5 
 470      9B
 471 0417 57FDCD33 		.ascii	"W\375\3153\256\304-tv\2239\353cW\342\206r%\372\330\225"
 471      AEC42D74 
 471      769339EB 
 471      6357E286 
 471      7225FAD8 
 472 042c A828AC7A 		.ascii	"\250(\254zU\237x\337\264]\206x\342!\226xk\315py\224"
 472      559F78DF 
 472      B45D8678 
 472      E2219678 
 472      6BCD7079 
 473 0441 9E1CADCF 		.ascii	"\236\034\255\3174\314\271a\306\035\211\3707\232\304"
ARM GAS  /tmp/ccnZrX59.s 			page 38


 473      34CCB961 
 473      C61D89F8 
 473      379AC4
 474 0450 4676AEA1 		.ascii	"Fv\256\241\322\377\274J\231\271+\214\274q\221\303\303"
 474      D2FFBC4A 
 474      99B92B8C 
 474      BC7191C3 
 474      C3
 475 0461 794C833E 		.ascii	"yL\203>\"\312$\375\253\355z\233yj\274\016(\312\372\357"
 475      22CA24FD 
 475      ABED7A9B 
 475      796ABC0E 
 475      28CAFAEF 
 476 0475 BB8E1AF5 		.ascii	"\273\216\032\365\015\246kZ\207\207X\207\007\325\016"
 476      0DA66B5A 
 476      87875887 
 476      07D50E
 477 0484 FB0B9E6D 		.ascii	"\373\013\236m\216\301\021\032`#\324\262O\031\241\005"
 477      8EC1111A 
 477      6023D4B2 
 477      4F19A105 
 478 0494 12E541BF 		.ascii	"\022\345A\277v\207\372_\034\241\303l<\356\33418\034"
 478      7687FA5F 
 478      1CA1C36C 
 478      3CEEDC31 
 478      381C
 479 04a6 2DB62849 		.ascii	"-\266(I\237\011\026\257[\260\237\335\304\346\312X\034"
 479      9F0916AF 
 479      5BB09FDD 
 479      C4E6CA58 
 479      1C
 480 04b7 71F46CDD 		.ascii	"q\364l\335F\0378n\251\217\317\360\237\205;\260\200\036"
 480      461F386E 
 480      A98FCFF0 
 480      9F853BB0 
 480      801E
 481 04c9 CCBAEAA7 		.ascii	"\314\272\352\247\"\247\376]\031-\227S*\341<d\2160Vs"
 481      22A7FE5D 
 481      192D9753 
 481      2AE13C64 
 481      8E305673 
 482 04dd 47E3790B 		.ascii	"G\343y\013g\265\276=\203t\227\221.5\035\3137s\322\250"
 482      67B5BE3D 
 482      83749791 
 482      2E351DCB 
 482      3773D2A8 
 483 04f1 75066994 		.ascii	"u\006i\224\221zN5\366\250\244\326\231\2441F\212\354"
 483      917A4E35 
 483      F6A8A4D6 
 483      99A43146 
 483      8AEC
 484 0503 282F51C3 		.ascii	"(/Q\303\015\2749\203t\217\221\332\366\334\0340q\322"
 484      0DBC3983 
 484      748F91DA 
 484      F6DC1C30 
 484      71D2
 485 0515 85B76690 		.ascii	"\205\267f\220\356\303\002bpe\344\254\315\366xs\277\210"
ARM GAS  /tmp/ccnZrX59.s 			page 39


 485      EEC30262 
 485      7065E4AC 
 485      CDF67873 
 485      BF88
 486 0527 FD78F9AA 		.ascii	"\375x\371\252yKSS\211\344\312pf'\331\354S+\332\227\315"
 486      794B5353 
 486      89E4CA70 
 486      6627D9EC 
 486      532BDA97 
 487 053c 45A21C1F 		.ascii	"E\242\034\037\370|\231\006\207c\235\323\221\351\311"
 487      F87C9906 
 487      87639DD3 
 487      91E9C9
 488 054b C9353B1C 		.ascii	"\3115;\034\351\336<\227*z\354\031\276,\267=\323\355"
 488      E9DE3C97 
 488      2A7AEC19 
 488      BE2CB73D 
 488      D3ED
 489 055d F33AB3D3 		.ascii	"\363:\263\323|\366\017\3359.gv\2723\307\236\356rY\235"
 489      7CF60FDD 
 489      392E6776 
 489      BA33C79E 
 489      EE72599D 
 490 0571 D95956AF 		.ascii	"\331YV\257\317\353\266\272\235k<\326\305\326w\026\246"
 490      CFEBB6BA 
 490      9D6B3CD6 
 490      C5D67716 
 490      A6
 491 0582 BE6BFD32 		.ascii	"\276k\3752\325\232\2676\315\231\213V\2365\224f\237F"
 491      D59AB736 
 491      CD998B56 
 491      9E359466 
 491      9F46
 492 0594 B32FB62D 		.ascii	"\263/\266-\262\245\332=^Wf^\232\333\236\223\233\206"
 492      B2A5DA3D 
 492      5E57665E 
 492      9ADB9E93 
 492      9B86
 493 05a6 FE6C1924 		.ascii	"\376l\031$\206G\2242s}NK\2367\307\223\356u\2479\\\276"
 493      86479432 
 493      737D4E4B 
 493      9E37C793 
 493      EE75A739 
 494 05bc AC2C9FF7 		.ascii	"\254,\237\367\037\205t\342Z"
 494      1F8574E2 
 494      5A
 495              		.text
 496              		.section	.gnu.lto_.symtab.765c64c217437ec0,"",%progbits
 497 0000 63687370 		.ascii	"chsprintf\000"
 497      72696E74 
 497      6600
 498 000a 00       		.ascii	"\000"
 499 000b 00       		.ascii	"\000"
 500 000c 00       		.ascii	"\000"
 501 000d 00000000 		.ascii	"\000\000\000\000\000\000\000\000"
 501      00000000 
 502 0015 BA000000 		.ascii	"\272\000\000\000"
ARM GAS  /tmp/ccnZrX59.s 			page 40


 503              		.text
 504              		.section	.gnu.lto_.opts,"",%progbits
 505 0000 272D666D 		.ascii	"'-fmath-errno' '-fsigned-zeros' '-ftrapping-math' '"
 505      6174682D 
 505      6572726E 
 505      6F272027 
 505      2D667369 
 506 0033 2D666E6F 		.ascii	"-fno-trapv' '-fno-openmp' '-fno-openacc' '-mcpu=cor"
 506      2D747261 
 506      70762720 
 506      272D666E 
 506      6F2D6F70 
 507 0066 7465782D 		.ascii	"tex-m4' '-mno-thumb-interwork' '-mthumb' '-ggdb' '-"
 507      6D342720 
 507      272D6D6E 
 507      6F2D7468 
 507      756D622D 
 508 0099 4F322720 		.ascii	"O2' '-w' '-fomit-frame-pointer' '-falign-functions="
 508      272D7727 
 508      20272D66 
 508      6F6D6974 
 508      2D667261 
 509 00cc 31362720 		.ascii	"16' '-ffunction-sections' '-fdata-sections' '-fno-c"
 509      272D6666 
 509      756E6374 
 509      696F6E2D 
 509      73656374 
 510 00ff 6F6D6D6F 		.ascii	"ommon' '-flto'\000"
 510      6E272027 
 510      2D666C74 
 510      6F2700
 511              		.text
 512              		.comm	__gnu_lto_v1,1,1
 513              		.comm	__gnu_lto_slim,1,1
 514              		.ident	"GCC: (GNU Tools for ARM Embedded Processors 6-2017-q1-update) 6.3.1 20170215 (release) [AR
ARM GAS  /tmp/ccnZrX59.s 			page 41


DEFINED SYMBOLS
                            *ABS*:0000000000000000 chsprintf.c
                            *COM*:0000000000000001 __gnu_lto_v1
                            *COM*:0000000000000001 __gnu_lto_slim

NO UNDEFINED SYMBOLS
