ARM GAS  /tmp/ccEMej8H.s 			page 1


   1              		.cpu cortex-m4
   2              		.eabi_attribute 20, 1
   3              		.eabi_attribute 21, 1
   4              		.eabi_attribute 23, 3
   5              		.eabi_attribute 24, 1
   6              		.eabi_attribute 25, 1
   7              		.eabi_attribute 26, 1
   8              		.eabi_attribute 30, 2
   9              		.eabi_attribute 34, 1
  10              		.eabi_attribute 18, 4
  11              		.file	"ConfInicial.c"
  12              		.text
  13              	.Ltext0:
  14              		.section	.gnu.lto_.profile.57eeb96b1d9d2a69,"",%progbits
  15 0000 789C6365 		.ascii	"x\234ce`b`c```dh\346\236\311\002\000\004\021\001:"
  15      60626063 
  15      60606064 
  15      68E69EC9 
  15      02000411 
  16              		.text
  17              		.section	.gnu.lto_.icf.57eeb96b1d9d2a69,"",%progbits
  18 0000 789C6365 		.ascii	"x\234ce`b\340`@\000F\206w\037\267\237\343c\000\000\021"
  18      6062E060 
  18      40004686 
  18      771FB79F 
  18      E3630000 
  19 0015 0F0383   		.ascii	"\017\003\203"
  20              		.text
  21              		.section	.gnu.lto_.jmpfuncs.57eeb96b1d9d2a69,"",%progbits
  22 0000 789CAD95 		.ascii	"x\234\255\225IOSQ\024\307\317\377\2752O1nLt\321.\334"
  22      494F5351 
  22      14C7CFFF 
  22      BD324F31 
  22      6E4C74D1 
  23 0016 B862C5C6 		.ascii	"\270b\305\306\0307\372\005\364\023\030\207\304\205!"
  23      1837FA05 
  23      F4131887 
  23      C48521
  24 0025 E9170052 		.ascii	"\351\027\000R&\211\201\020#\240\022\213(Zh)C\005,2\266"
  24      26898110 
  24      23A0128B 
  24      285A6829 
  24      43052C32 
  25 003a 65EAC88C 		.ascii	"e\352\310\214h@\241qA\252`1F\202(\276\276{\333w\037"
  25      6840A171 
  25      41AA6031 
  25      468228BE 
  25      BE7BDB77 
  26 004f 71D96EDA 		.ascii	"q\331n\332s~\377\377=\367\236w\372n\006It9\213\250\204"
  26      737EFFFF 
  26      3DF79E77 
  26      FA6E0649 
  26      74398BA8 
  27 0064 D80704A0 		.ascii	"\330\007\004\240LB\263\214\243\341\226F\324\313V\231"
  27      4C42B38C 
  27      A3E19646 
  27      D4CB5699 
ARM GAS  /tmp/ccEMej8H.s 			page 2


  28 0074 305F2DE3 		.ascii	"0_-\3435\316\021\031\200\013\312W\002W\356\206\206r"
  28      35CE1119 
  28      800BCA57 
  28      0257EE86 
  28      8672
  29 0086 4DB096B7 		.ascii	"M\260\226\267\030\2552H\311L\206\232\247\012\313\376"
  29      18AD3248 
  29      C94C869A 
  29      A70ACBFE 
  30 0096 949FB1CA 		.ascii	"\224\237\261\312\022l0)\272N\224\021\014\244\256\367"
  30      126C3029 
  30      BA4E9411 
  30      0CA4AEF7 
  31 00a6 AC2AB69F 		.ascii	"\254*\266\237\301\326kk\005\272\022\353IJI\025\216X"
  31      C1D66B6B 
  31      05BA12EB 
  31      494A4915 
  31      8E58
  32 00b8 1F74E626 		.ascii	"\037t\346&\240\014\011v\035j\252\362D\262\030\"8\330"
  32      A00C0976 
  32      1D6AAAF2 
  32      44B21822 
  32      38D8
  33 00ca 2E947460 		.ascii	".\224t`\273\241Zb\3515B7\370\266\006j\202}|!\300\231"
  33      BBA15A62 
  33      E9354237 
  33      F8B6066A 
  33      827D7C21 
  34 00e0 52CF6CCF 		.ascii	"R\317l\317O\027\261\364*\241GU\01388~\334^\300\360&"
  34      4F17B1F4 
  34      2AA14755 
  34      0B38387E 
  34      DC5EC0F0 
  35 00f5 A1F7241E 		.ascii	"\241\367$\036\374\021}T\310\360\006\241O\300\022\330"
  35      FC117D54 
  35      C8F006A1 
  35      4FC012D8 
  36 0105 6E55D993 		.ascii	"nU\331\223\270\353%_e\205\320\237\310\023G\207.\347"
  36      B8EB255F 
  36      6585D09F 
  36      C8134787 
  36      2EE7
  37 0117 4E3E43CB 		.ascii	"N>C\313\004\227\210v\003\373\027\031Y\"\274I\021\301"
  37      04978876 
  37      03FB1719 
  37      5922BC49 
  37      11C1
  38 0129 2FE8D32A 		.ascii	"/\350\323*P\212\207\273\255>\336\334E\302\200\210\334"
  38      508A87BB 
  38      AD3EDEDC 
  38      45C28088 
  38      DC
  39 013a 2DEF17F8 		.ascii	"-\357\027\370\226\027\010\203\"\372p\264\267\317\321"
  39      96170883 
  39      22FA70B4 
  39      B7CFD1
  40 0149 3C614844 		.ascii	"<aHDU\243;a\003C\021\302[\021\325\265\325\366\360Za"
ARM GAS  /tmp/ccEMej8H.s 			page 3


  40      55A33B61 
  40      034311C2 
  40      5B11D5B5 
  40      D5F6F05A 
  41 015e 829B2349 		.ascii	"\202\233#Il\364V\364\243\213w0D\030\026\335\237\034"
  41      6CF456F4 
  41      A38B7730 
  41      441816DD 
  41      9F1C
  42 0170 BFBE7277 		.ascii	"\277\276rw\220\360ND\355]\226;\214\004\010#\332I5\277"
  42      90F04E44 
  42      ED5D963B 
  42      8C040823 
  42      DA4935BF 
  43 0184 A04FAB40 		.ascii	"\240O\253@)\276\272y\3600\207U\367\023FE\324\373bl\214"
  43      29BEBA79 
  43      F0308755 
  43      F7134645 
  43      D4FB626C 
  44 0199 0FDD1C61 		.ascii	"\017\335\034aL\327\334\016\213\233O\357,a\\D\025u{\345"
  44      4CD7DC0E 
  44      8B9B4FEF 
  44      2C615C44 
  44      15757BE5 
  45 01ad FCA03384 		.ascii	"\374\2403\204\011\021\271\216\335q\336\367i\302\244"
  45      0911B98E 
  45      DD71DEF7 
  45      69C2A4
  46 01bc D6416D06 		.ascii	"\326Am\006-\336\365\276l&\311\207G4\377>\010\217\362"
  46      2DDEF5BE 
  46      6C26C987 
  46      4734FF3E 
  46      088FF2
  47 01cf 75F3E015 		.ascii	"u\363\340\025I\350\271#\234\311H.|\33295\273\240O\253"
  47      49E8B923 
  47      9CC9482E 
  47      7CDA3935 
  47      BBA04FAB 
  48 01e3 20F1F70E 		.ascii	" \361\367\0165\016\363\3429\230\372\337P\324\035\256"
  48      350EF3E2 
  48      3998FADF 
  48      50D41DAE 
  49 01f3 D5F32365 		.ascii	"\325\363#ecZ\364\316\371\233m\274\037Y\230\021\311\027"
  49      635AF4CE 
  49      F99B6DBC 
  49      1F599811 
  49      C917
  50 0205 9B37CA5F 		.ascii	"\2337\312_\003\231\230\325JkvA\237V\201R\374ol+\306"
  50      039998D5 
  50      4A6B7641 
  50      9F568152 
  50      FC6F6C2B 
  51 021a A7380373 		.ascii	"\2478\003s\"\371\266jw\310\214\024\302/\222\331\237"
  51      22F9B66A 
  51      77C88C14 
  51      C22F92D9 
  51      9F
ARM GAS  /tmp/ccEMej8H.s 			page 4


  52 022b 9571EE39 		.ascii	"\225q\3569\213\200H&?\367\307\363\0301 (\222\373\255"
  52      8B804826 
  52      3FF7C7F3 
  52      18312028 
  52      92FBAD
  53 023e 8FEDFC89 		.ascii	"\217\355\374\211*\017Q\333L(\3712t\274\212O\360\001"
  53      2A0F51DB 
  53      4C28F932 
  53      74BC8A4F 
  53      F001
  54 0250 2C4298BF 		.ascii	",B\230\277\300\031e\325E\361ww\207\215\217d\001\"z\261"
  54      C01965D5 
  54      45F17777 
  54      878D8F64 
  54      01227AB1 
  55 0264 471F7AF5 		.ascii	"G\037z\365\241\217\207vm\013\316\023?\221*\357\324\227"
  55      A18F8776 
  55      6D0BCE13 
  55      3F912AEF 
  55      D497
  56 0276 E761441F 		.ascii	"\347aD\037z\364\241W\037&\3539\304f\034\3244Y\370\034"
  56      7AF4A157 
  56      1F26EB39 
  56      C4661CD4 
  56      3459F81C 
  57 028a AD2B3796 		.ascii	"\255+7\226V?ya5,w\371rL\247\205\013\353i\324\021K]X"
  57      563F7961 
  57      352C77F9 
  57      724CA785 
  57      0BEB69D4 
  58 02a2 0BEA85B5 		.ascii	"\013\352\205\265\310.,\301\266\264Q\353/0\235\027l+"
  58      C82E2CC1 
  58      B6B451EB 
  58      2F309D17 
  58      6C2B
  59 02b4 150D4124 		.ascii	"\025\015A$mK\252m\231\331\350\224\321h\274j6\227\232"
  59      6D4BAA6D 
  59      99D9E894 
  59      D168BC6A 
  59      36979A
  60 02c7 2F151717 		.ascii	"/\025\027\027\227(\201\232\321}\022\231k\267o\3342\336"
  60      9728819A 
  60      D17D1299 
  60      6BB76FDC 
  60      32DE
  61 02d9 BB7BD35C 		.ascii	"\273{\323\\z\375\212\222\371\007\345'k\351"
  61      7AFD8A92 
  61      F907E527 
  61      6BE9
  62              		.text
  63              		.section	.gnu.lto_.inline.57eeb96b1d9d2a69,"",%progbits
  64 0000 789C6365 		.ascii	"x\234ce`b\370\315\304\000\007\214\014\014\263Y>s020"
  64      6062F8CD 
  64      C400078C 
  64      0C0CB359 
  64      3E733032 
  65 0015 2D67EE50 		.ascii	"-g\356Pg\210|\301\016\226d\342f\004J1\363\000Y \016"
ARM GAS  /tmp/ccEMej8H.s 			page 5


  65      67887CC1 
  65      0E9664E2 
  65      66044A31 
  65      F3005920 
  66 002a 481D989C 		.ascii	"H\035\230\234\340\007\022C\343@\225a\245 z!\034\210"
  66      E0071243 
  66      E3409561 
  66      A5207A21 
  66      1C88
  67 003c FA81A447 		.ascii	"\372\201\244G\262k\006\227\337\361\245\031l\024\365"
  67      B26B0697 
  67      DFF1A519 
  67      6C14F5
  68 004b 75320000 		.ascii	"u2\000\000\262\375HR"
  68      B2FD4852 
  69              		.text
  70              		.section	.gnu.lto_.pureconst.57eeb96b1d9d2a69,"",%progbits
  71 0000 789C6365 		.ascii	"x\234ce`b`f```d\260\004\000\000\245\000E"
  71      60626066 
  71      60606064 
  71      B0040000 
  71      A50045
  72              		.text
  73              		.section	.gnu.lto_ConfInicial.57eeb96b1d9d2a69,"",%progbits
  74 0000 789C8D5B 		.ascii	"x\234\215[yTV\325\332\337\373\034&y\031\234GT\264R1"
  74      795456D5 
  74      DADFFB1C 
  74      2679199C 
  74      4754B452 
  75 0015 734CD334 		.ascii	"sL\3234\255\314\312\233\267\322\362\326\252U\337uU\267"
  75      ADCCCA9B 
  75      B7D2F2D6 
  75      AA55DF75 
  75      55B7
  76 0027 EBBA7DB9 		.ascii	"\353\272}\271\362\253U\253\326\255\027Aq\010\324\034"
  76      F2AB55AB 
  76      D6AD1741 
  76      7108D41C 
  77 0037 31059C27 		.ascii	"1\005\234'\234@@D\004\001Q\224A\034PB\034PTTL\024g\320"
  77      9C404044 
  77      04015194 
  77      411C5042 
  77      1C505454 
  78 004f 6F3FCF1E 		.ascii	"o?\317\036\316\351\034{;\376q\374\355\263\237\375<\277"
  78      CEE91C7B 
  78      3BFE71FC 
  78      EDB39FFD 
  78      3CBF
  79 0061 B37F7B3F 		.ascii	"\263\177{?{\237}x\275\211F.\015!\344{B\310v/B\350{\204"
  79      7B9F7D78 
  79      BD89462E 
  79      0D21E47B 
  79      42C8762F 
  80 0079 6A738A09 		.ascii	"js\212\011\011\367\3234=\272\033q\373\277\033\321\203"
  80      09F7D334 
  80      3DBA1B71 
  80      FBBF1BD1 
ARM GAS  /tmp/ccEMej8H.s 			page 6


  80      83
  81 008a B80374CD 		.ascii	"\270\003t\315\353z+(%\014f%/\315\333T\362\326|L%\037"
  81      EB7A2B28 
  81      250C6625 
  81      2FCDDB54 
  81      F2D67C4C 
  82 00a0 CDD754F2 		.ascii	"\315\327T\362\325\374L%?\255\211\251\324D\3637\225\374"
  82      D5FC4C25 
  82      3FAD89A9 
  82      D444F337 
  82      95FC
  83 00b2 3597A9E4 		.ascii	"5\227\251\344\322\002L\245\000-\260\302\037J)\271\204"
  83      D2024CA5 
  83      002DB0C2 
  83      1F4A29B9 
  83      84
  84 00c3 1503B560 		.ascii	"\025\003\265`,\006\361b\220\026\214\266M\3216\230\206"
  84      2C06F162 
  84      90168CB6 
  84      4DD13698 
  84      86
  85 00d4 F20768AA 		.ascii	"\362\007h\2525G\253f\334\252\231\326\034\255Z\240Us"
  85      3547AB66 
  85      DCAA99D6 
  85      1CAD5AA0 
  85      5573
  86 00e6 69D5426B 		.ascii	"i\325Bk\205V-\271UK\255\025Z\265F\253V\322\252\265\326"
  86      85562DB9 
  86      554BAD15 
  86      5AB546AB 
  86      56D2AAB5 
  87 00fb 16ADDA70 		.ascii	"\026\255\332p\2536Z[\264j\207Vm\245U;\255\003Z\265\347"
  87      AB365A5B 
  87      B46A8756 
  87      6DA5553B 
  87      AD035AB5 
  88 0110 56EDB50E 		.ascii	"V\355\265\016h\025\202V\035\244U\210\326\011\255:r\253"
  88      68158256 
  88      1DA45588 
  88      D609AD3A 
  88      72AB
  89 0122 8E5A27EC 		.ascii	"\216Z'\354\347\316\330\317\235\244Ug\011B\265\256h\336"
  89      E7CED8CF 
  89      9DA45567 
  89      0942B5AE 
  89      68DE
  90 0134 859B77D1 		.ascii	"\205\233w\321\272\242\323'\320iW:\200[=\241=\205VOr"
  90      BAA2D327 
  90      D069573A 
  90      805B3DA1 
  90      3D85564F 
  91 0149 AB27B5A7 		.ascii	"\253'\265\247\320\252\033Z=%\255\272i=\320\252;\267"
  91      D0AA1B5A 
  91      3D25ADBA 
  91      693DD0AA 
  91      3BB7
  92 015b EAAEF540 		.ascii	"\352\256\365@\2530\264\352!\255\302\264\247\321\252"
ARM GAS  /tmp/ccEMej8H.s 			page 7


  92      AB30B4EA 
  92      21ADC2B4 
  92      A7D1AA
  93 016a 27B7EAA9 		.ascii	"'\267\352\251=\215V\275\320\352ii\325K\353\215V\317"
  93      3D8D56BD 
  93      D0EA6969 
  93      D54BEB8D 
  93      56CF
  94 017c 70AB67B4 		.ascii	"p\253g\264\336h\325\007\255zK\253>Z?\264\352\313\255"
  94      DE68D507 
  94      AD7A4BAB 
  94      3E5A3FB4 
  94      EACBAD
  95 018f FA6AFDF0 		.ascii	"\372j\375\360a\373\343\303\366\223V\375%\030\240=\213"
  95      61FBE3C3 
  95      F69356FD 
  95      2518A03D 
  95      8B
  96 01a0 E603B9F9 		.ascii	"\346\003\271\371\263t(\277?P\033\204\367\237\343\367"
  96      B37428BF 
  96      3F501B84 
  96      F79FE3F7 
  97 01b0 07C9FBCF 		.ascii	"\007\311\373\317i\203\361\376\020~\177\260\274?D{\036"
  97      6983F1FE 
  97      107E7FB0 
  97      BC3F447B 
  97      1E
  98 01c1 EF0FE5F7 		.ascii	"\357\017\345\367\237\227\367\207j\303\360\376\013\374"
  98      9F97F787 
  98      6AC3F0FE 
  98      0BFC
  99 01cf FE303A92 		.ascii	"\3760:\222\337\177A\033\216\367G\360\373\303\345\375"
  99      DF7F411B 
  99      8EF747F0 
  99      FBC3E5FD 
 100 01df 11DA8B78 		.ascii	"\021\332\213x\377%~?\233\310\212=D{\031kF\362\232\034"
 100      FF257E3F 
 100      9BC88A3D 
 100      447B196B 
 100      46F29A1C 
 101 01f3 55934BB4 		.ascii	"U\223K\264W\260f\024\257\311#\364\015^\263\227h\257"
 101      57B06614 
 101      AFC923F4 
 101      0D5EB397 
 101      68AF
 102 0205 62CD6BBC 		.ascii	"b\315k\274&_\325\354#\332\353X3\232\327\354W5\005D\373"
 102      265FD5EC 
 102      23DAEB58 
 102      339AD7EC 
 102      57350544 
 103 021a 1BD6BCC1 		.ascii	"\033\326\274\301k\016\250\232\203D\033\263\304\227\325"
 103      6B0EA89A 
 103      83441BB3 
 103      C497D5
 104 0229 FCFD763E 		.ascii	"\374\375v>\324\024\022\372\016\257)\"\332\233X\363\026"
 104      D41412FA 
 104      0EAF2922 
ARM GAS  /tmp/ccEMej8H.s 			page 8


 104      DA9B58F3 
 104      16
 105 023a AF295635 		.ascii	"\257)V5%D{\033k\306\362\232C\252\246\224h\343\362\203"
 105      25447B1B 
 105      6BC6F29A 
 105      43AAA694 
 105      68E3F283 
 106 024e 59CD3B07 		.ascii	"Y\315;\007\206\263\212\303\252\342\010\241\024\220\333"
 106      86B38AC3 
 106      AAE208A1 
 106      1490DB
 107 025d EF28A1E3 		.ascii	"\357(\241\343\371\275c\204\376\203\2432q\357%J~\322"
 107      F9BD6384 
 107      FE83A332 
 107      71EF254A 
 107      7ED2
 108 026f 742F6F1F 		.ascii	"t/o\037_\277&\376\256\200\300\240\340\246\315\232\267"
 108      5FBF26FE 
 108      AE80C0A0 
 108      E0A6CD9A 
 108      B7
 109 0280 68D9AA75 		.ascii	"h\331\252u\233\266\355\332w\010\351\330\251sh\227\256"
 109      9BB6EDDA 
 109      7708E9D8 
 109      A9736897 
 109      AE
 110 0291 4F3CF954 		.ascii	"O<\371T\267\356=\302z>\335\353\231\336}\372\366\353"
 110      B7EE3DC2 
 110      7A3EDDEB 
 110      99DE7DFA 
 110      F6EB
 111 02a3 3FE0D981 		.ascii	"?\340\331\201\203\236\033<\344\371\241\303^\030>\"\233"
 111      839E1B3C 
 111      E4F9A1C3 
 111      5E183E22 
 111      9B
 112 02b4 EC213924 		.ascii	"\354!9$\227\344\221\275$\237\354#\373I\0019@\016\222"
 112      97E491BD 
 112      249FEC23 
 112      FB490139 
 112      400E92
 113 02c7 4252448A 		.ascii	"BRD\212I\0119DJ\311ar\204\034%\307\010\213\372\223v"
 113      49093944 
 113      4AC96172 
 113      841C25C7 
 113      088BFA93 
 114 02dc 8C887FB3 		.ascii	"\214\210\177\263\365E:\315\211\272\220\256\205\255u"
 114      F5453ACD 
 114      89BA90AE 
 114      85AD75
 115 02eb B37FD98B 		.ascii	"\263\177\331\213N\264u\257\313\246\361:!\261:\267\241"
 115      4EB475AF 
 115      CBA6F13A 
 115      21B13AB7 
 115      A1
 116 02fc 6B6918B3 		.ascii	"ki\030\263*\215\334\272T\217\321\343uJ\275X\261\256"
 116      2A8DDCBA 
ARM GAS  /tmp/ccEMej8H.s 			page 9


 116      548FD1E3 
 116      754ABD58 
 116      B1AE
 117 030e 68C9B920 		.ascii	"h\311\271 (j4\224\025\263Oe\034\361\323;S\302\360\314"
 117      286A3494 
 117      15B34F65 
 117      1CF1D33B 
 117      53C2F0CC 
 118 0322 88FA2457 		.ascii	"\210\372$W\367\325n\367\024w\366\325y\272\373\311x]"
 118      F7D56EF7 
 118      1477F6D5 
 118      79BAFBC9 
 118      785D
 119 0334 A71BA8CE 		.ascii	"\247\033\250\316\034\322\3654\204\256\243!\204\335\""
 119      1CD2F534 
 119      84AEA321 
 119      84DD22
 120 0343 7423ED0E 		.ascii	"t#\355\016\366%\321\215w\002\364^\3306\357\326\364\315"
 120      F625D18D 
 120      7702F45E 
 120      D836EFD6 
 120      F4CD
 121 0355 7AD704F7 		.ascii	"z\327\004\367\031\306\245\370\235Xw\216\026\257{\321"
 121      19C6A5F8 
 121      9D58778E 
 121      16AF7BD1 
 122 0365 446C0C5C 		.ascii	"Dl\014\\\030BR\314t\367\314\013I\301\372\020l\226\270"
 122      184252CC 
 122      74F7CC0B 
 122      49C1FA10 
 122      6C96B8
 123 0378 79555EA0 		.ascii	"yU^\240h\2263O\237\323\022ZmV\2556\033\255\252\266="
 123      6896334F 
 123      9FD3125A 
 123      6D56AD36 
 123      1BADAAB6 
 124 038d 5C10E8E3 		.ascii	"\\\020\350\343E\267\320\256t\023\355\312\237\222n\245"
 124      45B7D0AE 
 124      7413EDCA 
 124      9F926EA5 
 125 039d 3E94FDBF 		.ascii	">\224\375\277\3450\315v?|\024\345\316\276\326\374\362"
 125      E530CD76 
 125      3F7C14E5 
 125      CEBED6FC 
 125      F2
 126 03ae 1D1AA9B9 		.ascii	"\035\032\251\271(\220\014`t\275\003\341\022\004\227"
 126      28900C60 
 126      74BD03E1 
 126      120497
 127 03bd 60B83485 		.ascii	"`\2704\205K3\2704\207K\013\270\264\204K+\270\264\206"
 127      4B33B834 
 127      874B0BB8 
 127      B4844B2B 
 127      B8B486
 128 03d0 4B1BB8B4 		.ascii	"K\033\270\264e\027\237\366\200:\000\352\010\250\023"
 128      65179FF6 
 128      803A00EA 
ARM GAS  /tmp/ccEMej8H.s 			page 10


 128      08A813
 129 03df A06E80BA 		.ascii	"\240n\200\272\003\012\003\324\023P\177@\003\000\015"
 129      030A03D4 
 129      13507F40 
 129      03000D
 130 03ee 043408D0 		.ascii	"\0044\010\320`@C\000\015\0054\014\320p@#\340\362\"\024"
 130      60404300 
 130      0D05340C 
 130      D0704023 
 130      E0F22214 
 131 0402 5F063412 		.ascii	"_\0064\022\320(@\257\002z\035\320h@o\000\032\003\350"
 131      D02840AF 
 131      027A1DD0 
 131      68406F00 
 131      1A03E8
 132 0415 4D406F01 		.ascii	"M@o\001\032\013h\034\240w\001\215\007\364\036\240\367"
 132      1A0B681C 
 132      A077018D 
 132      07F41EA0 
 132      F7
 133 0426 017D00E8 		.ascii	"\001}\000\350C@\037\001\372\030\320?\001M\000\364)\240"
 133      43401F01 
 133      FA18D03F 
 133      014D00F4 
 133      29A0
 134 0438 CF007D0E 		.ascii	"\317\000}\016\350\337p\231\010\305\377\000\372\002\320"
 134      E8DF7099 
 134      08C5FF00 
 134      FA02D0
 135 0447 97802601 		.ascii	"\227\200&\001\372\012\320d@_\003\372\006\320\267\200"
 135      FA0AD064 
 135      405F03FA 
 135      06D0B780 
 136 0457 BE03F43D 		.ascii	"\276\003\364=\240\037\000\375\027\320\217\200\334\024"
 136      A01F00FD 
 136      17D08F80 
 136      DC14
 137 0465 60385C7D 		.ascii	"`8\\}\"\020G\"\236\2068\012\361\014\3043\021G#\216A"
 137      22104722 
 137      9E86380A 
 137      F10CC433 
 137      1147238E 
 138 047a 3C07F15C 		.ascii	"<\007\361\\\304\363\020\317G\274\020\361\"\304\261\210"
 138      C4F310CF 
 138      47BC10F1 
 138      22C4B188 
 139 048a 97205E8A 		.ascii	"\227 ^\212x\031^\343\360N\002\342\345\210W\"^\205x\015"
 139      78195EE3 
 139      F04E02E2 
 139      E5885722 
 139      5E85780D 
 140 049e E2B588D7 		.ascii	"\342\265\210\327#\336\2008\021\361&\304[\020oE\234\204"
 140      23DE8038 
 140      11F126C4 
 140      5B106F45 
 140      9C84
 141 04b0 3819710A 		.ascii	"8\031q\012\342T\304;\020\247#\316@\274\013\361n\304"
ARM GAS  /tmp/ccEMej8H.s 			page 11


 141      E254C43B 
 141      10A723CE 
 141      40BC0BF1 
 141      6EC4
 142 04c2 59887310 		.ascii	"Y\210s\020\347\"\336\2138\037\361~\304\005\210\017\""
 142      E722DE8B 
 142      381FF17E 
 142      C405880F 
 142      22
 143 04d3 2E445C8C 		.ascii	".D\\\214\270\004q)\342\303x=\202w\216!.C|\002q9\342"
 143      B8047129 
 143      E2C3783D 
 143      82778E21 
 143      2E437C02 
 144 04ea 0AC42711 		.ascii	"\012\304'\021\237B|\032\361Y\304U\210\317#\256F|\021"
 144      9F427C1A 
 144      F159C455 
 144      88CF23AE 
 144      467C11
 145 04fd F125C497 		.ascii	"\361%\304\227\021_A\\\213\370\032\342\353\210\353\020"
 145      115F415C 
 145      8BF81AE2 
 145      EB88EB10 
 146 050d DF445C8F 		.ascii	"\337D\\\217\270\001\257\217\360J\310L6\345(\231\245"
 146      B801AF8F 
 146      F04AC84C 
 146      36E52899 
 146      A5
 147 051e 6B84EA57 		.ascii	"k\204\352W\350\324\204sa0\377`r\246\247_\255\360\375"
 147      E8D48473 
 147      6130FF60 
 147      72A6A75F 
 147      ADF0FD
 148 0531 A9D1ED17 		.ascii	"\251\321\355\027\257\373\306\352lF\322m\364'B{\206\260"
 148      AFFBC6EA 
 148      6C46D26D 
 148      F427427B 
 148      86B0
 149 0543 BA2395D3 		.ascii	"\272#\225\323\017\004v\031\025\357^\034\032\257\373"
 149      0F047619 
 149      15EF5E1C 
 149      1AAFFB
 150 0552 81F5B1F0 		.ascii	"\201\365\261\360\331\205\224Y/v\273\023\222X\312jB\223"
 150      D9859459 
 150      2F76BB13 
 150      9258CA6A 
 150      4293
 151 0564 68177445 		.ascii	"h\027tE\223\351O,\003\020\360~\361O\274k\314\373v\345"
 151      93E94F2C 
 151      0310F07E 
 151      F14FBC6B 
 151      CCFB76E5 
 152 0578 7DF6D10D 		.ascii	"}\366\321\015yM\272\274g\362\376\353\271\304+A\302{"
 152      794DBABC 
 152      67F2FEEB 
 152      B9C42B41 
 152      C27B
ARM GAS  /tmp/ccEMej8H.s 			page 12


 153 058a 2A7A4F91 		.ascii	"*zO\221\336S\271\367\032:\345\376\314\314(\027\334\\"
 153      DE53B9F7 
 153      1A3AE5FE 
 153      CCCC2817 
 153      DC5C
 154 059c A607B036 		.ascii	"\246\007\2606)Q\205\333\374!)\262$\311\212\2155\021"
 154      295185DB 
 154      FC2129B2 
 154      24C98A8D 
 154      3511
 155 05ae 295EF174 		.ascii	")^\361tY8\313\254\314\255\3772\335E\323X\362#t\007\215"
 155      5938CBAC 
 155      CCADFF32 
 155      DD45D358 
 155      F2237407 
 156 05c3 A7E43C8D 		.ascii	"\247\344<\215\374-w\230\321\372\302\374\360G\024Z\373"
 156      FC2D7798 
 156      D1FAC2FC 
 156      F047145A 
 156      FB
 157 05d4 D35E341D 		.ascii	"\323^4\035\354\330\277Y,Q\022\035C\325\210H\201\314"
 157      ECD8BF59 
 157      2C51121D 
 157      43D58848 
 157      81CC
 158 05e6 76CF99A4 		.ascii	"v\317\231\244:\027\217\004\3318\265\261\236\025\376"
 158      3A178F04 
 158      D938B5B1 
 158      9E15FE
 159 05f5 18692746 		.ascii	"\030i'F\312P\221\032t\321\334\344\333K\372\2361\200"
 159      CA50911A 
 159      74D1DCE4 
 159      DB4BFA9E 
 159      3180
 160 0607 57063167 		.ascii	"W\0061g\005\007\026\255\013\340\276}Yqy\324\335\014"
 160      050716AD 
 160      0BE0BE7D 
 160      597179D4 
 160      DD0C
 161 0619 1F8BEF5D 		.ascii	"\037\213\357]\350;S\371.\364\025\315M\276\275\245\357"
 161      E83B53F9 
 161      2EF415CD 
 161      4DBEBDA5 
 161      EF
 162 062a F5437865 		.ascii	"\365Cxe0s\266\260h\356N\037\356\273\011+.(Y\022o\345"
 162      3073B6B0 
 162      68EE4E1F 
 162      EEBB092B 
 162      2E285912 
 163 0640 BD1B7D67 		.ascii	"\275\033}g)\337'\333\213\346&\337>\322w\301\010^\331"
 163      29DF27DB 
 163      8BE626DF 
 163      3ED277C1 
 163      085ED9
 164 0653 94397B70 		.ascii	"\2249{p\2678\323\227\373v\261bR\351\362\214\000\213"
 164      B738D397 
 164      FB76B162 
ARM GAS  /tmp/ccEMej8H.s 			page 13


 164      52E9F28C 
 164      008B
 165 0665 EF6CF4BD 		.ascii	"\357l\364\275G\371\276\332Q47\371\366\225\276\357\215"
 165      47F9BEDA 
 165      513437F9 
 165      F695BEEF 
 165      8D
 166 0676 E795CD98 		.ascii	"\347\225\315\230\263\353\351\253\327i\3347t\377\312"
 166      B3EBE9AB 
 166      D769DC37 
 166      74FFCA
 167 0685 C67D45D4 		.ascii	"\306}E\324\342;\007}\347*\337ya\242\271\311\267\237"
 167      E23B077D 
 167      E72ADF79 
 167      61A2B9C9 
 167      B79F
 168 0697 EA938F78 		.ascii	"\352\223\217xes\346,\252b\375\302`\356\273\005+.N*\315"
 168      6573E62C 
 168      AA62FDC2 
 168      60EEBB05 
 168      2B2E4E2A 
 169 06ac B7FACE43 		.ascii	"\267\372\316C\337{\215>\351%\232\233|7\221\276\313\377"
 169      DF7B8D3E 
 169      E9259A9B 
 169      7C3791BE 
 169      CBFF
 170 06be 8F5782B3 		.ascii	"\217W\202\263\306\315q\207\205\357v\254\230q\352\366"
 170      C6CD7187 
 170      85EF76AC 
 170      9871EAF6 
 171 06ce 4E3F8BEF 		.ascii	"N?\213\357|\364\275O\371\256\357#\232\233|\373\253q"
 171      7CF4BD4F 
 171      F9AEEF23 
 171      9A9B7CFB 
 171      AB71
 172 06e0 F203AF6C 		.ascii	"\362\003\257l\311\234\315_S&\206\340\0230_\356?\370"
 172      C99CCD5F 
 172      532686E0 
 172      13305FEE 
 172      3FF8
 173 06f2 C4E2793F 		.ascii	"\304\342y?z.0F\311P\321\330\344\331%=\247\317\245\274"
 173      7A2E3046 
 173      C950D1D8 
 173      E4D9253D 
 173      A7CFA5BC 
 174 0706 B6157316 		.ascii	"\266\025s\026{i\346\321 \356\373\031x\212\304\206uV"
 174      7B69E6D1 
 174      20EEFB19 
 174      788AC486 
 174      7556
 175 0718 DA07D0F9 		.ascii	"\332\007\320\371A\345\374\374p\321\334\344<@M\235E\302"
 175      41E5FCFC 
 175      70D1DCE4 
 175      3C404D9D 
 175      45C2
 176 072a 796BE66D 		.ascii	"yk\346m\357\351=1\202\370s\320'i\371g\274-\316\013\321"
 176      EFE93D31 
ARM GAS  /tmp/ccEMej8H.s 			page 14


 176      82F873D0 
 176      2769F967 
 176      BC2DCE0B 
 177 073f 79913177 		.ascii	"y\2211wF\213\346&\347\201\322y\343\305\326\274\266\015"
 177      468BE626 
 177      E781D279 
 177      E3C5D6BC 
 177      B60D
 178 0751 0CF0A939 		.ascii	"\014\360\2519%b\020B\026\271\263\357\300t\353 ,F\347"
 178      25621042 
 178      16B9B3EF 
 178      C074EB20 
 178      2C46E7
 179 0764 25E0BC86 		.ascii	"%\340\274\206F4L\213\025\023\263-\367\220\270\246.\033"
 179      46344C8B 
 179      1513B32D 
 179      F790B8A6 
 179      2E1B
 180 0776 2573D160 		.ascii	"%s\321`z\210\331\262,\026\372\230\034\026\020\013\251"
 180      7A88D9B2 
 180      2C16FA98 
 180      1C16100B 
 180      A9
 181 0787 8196B21C 		.ascii	"\201\226\262\034\306*\356F-\214\360\341\255\312\011"
 181      C62AEE46 
 181      2D8CF0E1 
 181      ADCA09
 182 0796 3D4C4398 		.ascii	"=LC\230\277x\306\021\031F\327\010\206\355\231\345\256"
 182      BF78C611 
 182      1946D708 
 182      86ED99E5 
 182      AE
 183 07a7 F89FD78B 		.ascii	"\370\237\327\213$\245\301\206\350\326\303\274@\013\303"
 183      24A5C186 
 183      E8D6C3BC 
 183      400BC3
 184 07b6 23C8F0A8 		.ascii	"#\310\360\250\215a\007\346\301\001\245c\234\222\352"
 184      8D6107E6 
 184      C101A563 
 184      9C92EA
 185 07c5 0A1725B4 		.ascii	"\012\027%\264\014\030uP\2146\315"
 185      0C187550 
 185      8C36CD
 186 07d0 08E22E3B 		.ascii	"\010\342.;2\303\031Kc7\212>\203\375ham\303Fk\3029\216"
 186      32C3194B 
 186      63378A3E 
 186      83FD6861 
 186      6DC3466B 
 187 07e7 8C4E1813 		.ascii	"\214N\030\023\200\032\315c\026D\357\021ys\017\241\345"
 187      801ACD63 
 187      1644EF11 
 187      79730FA1 
 187      E5
 188 07f8 4AA02026 		.ascii	"J\240 &\020\037\032^\206\361\211\013\325\231.n|\226"
 188      101F1A5E 
 188      86F1890B 
 188      D5992E6E 
ARM GAS  /tmp/ccEMej8H.s 			page 15


 188      7C96
 189 080a D0DF9471 		.ascii	"\320\337\224q03\206\345bE\300\237?W\005\177.\225\345"
 189      303386E5 
 189      6245C09F 
 189      3F57057F 
 189      2E95E5
 190 081d D9EE909E 		.ascii	"\331\356\220\236\244\260|\024-O,\026\275\357O+i\010"
 190      A4B07C14 
 190      2D4F2C16 
 190      BDEF4F2B 
 190      6908
 191 082f 3C27786D 		.ascii	"<'xm*)\234\212\36468$\324\334]\"8\260w\237S\212C3i]"
 191      2A299C8A 
 191      F4363824 
 191      D4DC5D22 
 191      38B0779F 
 192 0849 6832DEBC 		.ascii	"h2\336\274|\353\325\000n\\E\350ie\334\\\020N\362@\370"
 192      7CEBD500 
 192      6E5C45E8 
 192      6965DC5C 
 192      104EF240 
 193 085e 0CAC6F9C 		.ascii	"\014\254o\234\241J\216.\352\242g\015\206-d\314\013f"
 193      A14A8E2E 
 193      EAA2670D 
 193      862D64CC 
 193      0B66
 194 0870 862B6F6F 		.ascii	"\206+oo/\016\342As\011\255RA[>\216\341\215-\345\331"
 194      2F0EE241 
 194      7309AD52 
 194      415B3E8E 
 194      E18D2DE5 
 195 0885 5EDCF81C 		.ascii	"^\334\370\034\241\347\224q+\3010\325\003\303\363\006"
 195      A1E79471 
 195      2BC130D5 
 195      03C3F306 
 196 0895 C388DCF2 		.ascii	"\303\210\334\362m~\234a\000\2556\030\266\2261\257\231"
 196      6D7E9C61 
 196      00AD3618 
 196      B69631AF 
 196      99
 197 08a6 19EE8D4E 		.ascii	"\031\356\215N.\024}\310\336\022/\250\240m\036\307p\347"
 197      2E147DC8 
 197      DE122FA8 
 197      A06D1EC7 
 197      70E7
 198 08b8 86DCB382 		.ascii	"\206\334\263\202\341yB/*\343\266\016\030^2\030\252E"
 198      E179422F 
 198      2AE3B60E 
 198      185E3218 
 198      AA45
 199 08ca C0450369 		.ascii	"\300E\003i\215\301\260\235\214y\333\314pQv\303C_\036"
 199      8DC1B09D 
 199      8C79DBCC 
 199      705176C3 
 199      435F1E
 200 08dd 742FA197 		.ascii	"t/\241\227U\320\366\217cXquN\2660\256&\364\2122\356"
 200      55D0F68F 
ARM GAS  /tmp/ccEMej8H.s 			page 16


 200      63587175 
 200      4EB630AE 
 200      26F48A32 
 201 08f2 E080E155 		.ascii	"\340\200\341U\203am\331\306D\2353\014\242\265\006\303"
 201      83616DD9 
 201      C6449D33 
 201      0CA2B506 
 201      C3
 202 0903 1019F3A1 		.ascii	"\020\031\363\241\231a\362\243\364:1\264\330\373\364"
 202      9961F2A3 
 202      F43A31B4 
 202      D8FBF4
 203 0912 3515B4E3 		.ascii	"5\025\264\343\343\030\206\347\377z_0\274@\350\357\312"
 203      E31886E7 
 203      FF7A5F30 
 203      BC40E8EF 
 203      CA
 204 0923 B8930386 		.ascii	"\270\223\003\206\327\005C\310\035\222RgL\237,\271D\037"
 204      D70543C8 
 204      1D925267 
 204      4C9F2CB9 
 204      441F
 205 0935 149B874E 		.ascii	"\024\233\207N,\220\203\354R'\234\261\006\322W\250L\305"
 205      2C9083EC 
 205      52279CB1 
 205      06D257A8 
 205      4CC5
 206 0947 995744A2 		.ascii	"\231WD\242\353\306\232>\274r\366J O+\336\260\217\311"
 206      EBC69A3E 
 206      BC72F64A 
 206      204F2BDE 
 206      B08FC9
 207 095a 4F2B6D62 		.ascii	"O+mbI+70\255\334\264%\272\356\314\203\003*\365<!\250"
 207      492B3730 
 207      ADDCB425 
 207      BAEECC83 
 207      032AF53C 
 208 0970 8CEAA21A 		.ascii	"\214\352\242\032\275\005\314\272\253DW9K$:x\207\256"
 208      BD05CCBA 
 208      AB445739 
 208      4B243A78 
 208      87AE
 209 0982 5E977B4E 		.ascii	"^\227{N\244^\037V\2747\353d\271uq\270\215\214\356\330"
 209      A45E1F56 
 209      BC37EB64 
 209      B97571B8 
 209      8D8CEED8 
 210 0996 125D9829 		.ascii	"\022]\230)\261u\261&\2660S\"\353\352 \221\335\345\274"
 210      B175B126 
 210      B6305322 
 210      EBEA2091 
 210      DDE5BC
 211 09a9 55DE7551 		.ascii	"U\336uQF\206\311c\312\\O\2501=\325[\00612\325\223\326"
 211      4686C963 
 211      CA5C4FA8 
 211      313DD55B 
 211      063132D5 
ARM GAS  /tmp/ccEMej8H.s 			page 17


 212 09bf 111266CA 		.ascii	"\021\022f\312LO9\030\021\367AD\010iJE\335\324 5B\032"
 212      4C4F3918 
 212      11F74144 
 212      08694A45 
 212      DDD42035 
 213 09d5 A9A7BB3D 		.ascii	"\251\247\273=\244\221jz8\010\371@\2064\345\2260\351"
 213      A4916A7A 
 213      3808F940 
 213      8634E596 
 213      30E9
 214 09e7 347F9AF2 		.ascii	"4\177\232\362j\344\222\236\366\220F\356x\332A\310\006"
 214      6AE4929E 
 214      F69046EE 
 214      78DA41C8 
 214      06
 215 09f8 19D2942C 		.ascii	"\031\322\224,zI\247\305FH#9<c\017i$\203\336\016B6\312"
 215      7A49A7C5 
 215      46482339 
 215      3C630F69 
 215      2483DE0E 
 216 0a0f 90A6D9DF 		.ascii	"\220\246\331\337G:-3B\032\263\275\257=\2441\273\373"
 216      473A2D33 
 216      421AB3BD 
 216      AF3DA431 
 216      BBFB
 217 0a21 3908F950 		.ascii	"9\010\371P\2064\315\356\376rvg\026\211\331\335\023\034"
 217      8634CDEE 
 217      FE727667 
 217      1689D9DD 
 217      131C
 218 0a33 FFF5947A 		.ascii	"\377\365\224z$\234\261\006\322\327\000\265\321\212\026"
 218      249CB106 
 218      D2D700B5 
 218      D18A16
 219 0a42 B3BB3F9C 		.ascii	"\263\273?\2342\335?\036\343\307\347\222\037\034Oe\256"
 219      32DD3F1E 
 219      E3C7E792 
 219      1F1C4F65 
 219      AE
 220 0a53 58186C99 		.ascii	"X\030l\231Kn\015\346R\270f\235\335\003\230\007\007T"
 220      4B6E0DE6 
 220      52B8669D 
 220      DD039807 
 220      0754
 221 0a65 A668384B 		.ascii	"\246h8K\324\253\226\213z\321\010\2151\033`lcJZp\227"
 221      D4AB968B 
 221      7AD1088D 
 221      311B606C 
 221      634A5A70 
 222 0a7a 03CD9B00 		.ascii	"\003\315\233\000\235\372\263\342\315\242\253'\254\371"
 222      9DFAB3E2 
 222      CDA2AB27 
 222      ACF9
 223 0a88 2612194D 		.ascii	"&\022\031M\2651\032\304<8`4\2153\332\177+\262.\2203"
 223      B5311AC4 
 223      3C386034 
 223      8D33DA7F 
ARM GAS  /tmp/ccEMej8H.s 			page 18


 223      2BB22E90 
 224 0a9d EA40A380 		.ascii	"\352@\243\200\321 #\337HF\203\315K\252N\341\005s\331"
 224      D12023DF 
 224      484683CD 
 224      4BAA4EE1 
 224      0573D9
 225 0ab0 EED20916 		.ascii	"\356\322\011\026B\323\221\320\014\033\241!\314\201\003"
 225      42D391D0 
 225      0C1BA121 
 225      CC8103
 226 0abf 42331921 		.ascii	"B3\031!\030i\254\201\261\331\334\326\240q'C\315+\222"
 226      1869AC81 
 226      B1D9DCD6 
 226      A0712743 
 226      CD2B92
 227 0ad2 4EE1DDB2 		.ascii	"N\341\335\262\364\326\203_\\\026\016\263\220\303\317"
 227      F4D6835F 
 227      5C160EB3 
 227      90C3CF
 228 0ae1 360EC398 		.ascii	"6\016\303\230\007\007\034\242y\247\250l\357\242\336"
 228      07071CA2 
 228      79A7A86C 
 228      EFA2DE
 229 0af0 34063A65 		.ascii	"4\006:e\230\242\224\271\355\214H\243\303\315\033l\235"
 229      98A294B9 
 229      ED8C48A3 
 229      C3CD1B6C 
 229      9D
 230 0b01 C22BE994 		.ascii	"\302+\351\224\350\345\261\376\026J\263\221\322\034\315"
 230      E8E5B1FE 
 230      164AB391 
 230      D21CCD
 231 0b10 9A85A179 		.ascii	"\232\205\241y\341\355\206\034?\276\020\366\246s59S\236"
 231      E1ED861C 
 231      3FBE10F6 
 231      A6733539 
 231      539E
 232 0b22 95A3B472 		.ascii	"\225\243\264r[\242x\200\021\360vq\263\341\240xq\204"
 232      5BA27880 
 232      11F07671 
 232      B3E1A078 
 232      7184
 233 0b34 77D4E3E1 		.ascii	"w\324\343\34151\326A\361\013\006\233\247\236\277\\4"
 233      3531D641 
 233      F10B069B 
 233      A79EBF5C 
 233      34
 234 0b45 7F917970 		.ascii	"\177\221yp\360\374\363\371\363\253\265\305E}\350\002"
 234      F0FCF3F9 
 234      F3ABB5C5 
 234      457DE802 
 235 0b55 78FE17D5 		.ascii	"x\376\027\325\363\327*J/\303n(k\337\001\261.\302\253"
 235      F3D72A4A 
 235      2FC36E28 
 235      6BDF01B1 
 235      2EC2AB
 236 0b68 EDAE4D97 		.ascii	"\355\256M\227oY\237\177!RZd\2434\222yp@i1\247\244\016"
ARM GAS  /tmp/ccEMej8H.s 			page 19


 236      6F599F7F 
 236      21525A64 
 236      A3349279 
 236      70406931 
 237 0b7f 125CD497 		.ascii	"\022\\\324\227\306\002\245\221\212R\243\2424\012\316"
 237      C602A591 
 237      8A52A3A2 
 237      340ACE
 238 0b8e 018A324F 		.ascii	"\001\2122O\210Q\002o\304\353\323\252\346[\017N\226 "
 238      8851026F 
 238      C4EBD3AA 
 238      E65B0F4E 
 238      9620
 239 0ba0 A55F6D94 		.ascii	"\245_m\224^e\036\034PZ\312)\251\254\341\242~t\031Pz"
 239      5E651E1C 
 239      505ACA29 
 239      A9ACE1A2 
 239      7E741950 
 240 0bb5 55A69981 		.ascii	"U\246\231\201j\023\221\\/\344~\335\243bqjx\344\211\001"
 240      6A13915C 
 240      2FE47EDD 
 240      A362716A 
 240      78E48901 
 241 0bc9 FFBA693C 		.ascii	"\377\272i<\014\222\031\2602\371k^;\232\215\037\007L"
 241      0C9219B0 
 241      32F96B5E 
 241      3B9A8D1F 
 241      074C
 242 0bdb E3614EA1 		.ascii	"\343aN\241\200\243\015\001\223eo\275\341Q\261\004[\367"
 242      80A30D01 
 242      93656FBD 
 242      E151B104 
 242      5BF7
 243 0bed 8C614D1C 		.ascii	"\214aM\034\004]\016AQ\2421\206D*\350\233\0365Ya\013"
 243      045D0E41 
 243      51A23186 
 243      442AE89B 
 243      1E355961 
 244 0c02 FA166BE2 		.ascii	"\372\026k\342 \350J\010\212\"\274%ExN\211\220\"E\030"
 244      20E84A08 
 244      8A22BC25 
 244      45784E89 
 244      90224518 
 245 0c16 EBF18957 		.ascii	"\353\361\211W\331D\030k\022a\260\022!E\2100\316\231"
 245      D944186B 
 245      1261B012 
 245      21458830 
 245      CE99
 246 0c28 08AB9508 		.ascii	"\010\253\225\010\343\014\021Rd\177\274\353q\\\254\261"
 246      E30C1152 
 246      647FBCEB 
 246      715CACB1 
 247 0c38 F5C778D6 		.ascii	"\365\307x\326\304A\320\265J\204\361\206\010*\350{\036"
 247      C441D0B5 
 247      4A84F186 
 247      082AE87B 
 247      1E
ARM GAS  /tmp/ccEMej8H.s 			page 20


 248 0c49 4558670B 		.ascii	"EXg\013\372>k\342 \350z%\302\373R\204!J\2044)\302\007"
 248      FA3E6BE2 
 248      20E87A25 
 248      C2FB5284 
 248      214A8434 
 249 0c60 1E836FB0 		.ascii	"\036\203o\260\211\360\201I\204\347\225\010iB\204\017"
 249      89F08149 
 249      84E79508 
 249      6942840F 
 250 0c70 9D89B051 		.ascii	"\235\211\260Q\211\360\241!B\232\354\217\217<\212\220"
 250      89F0A121 
 250      429AEC8F 
 250      8F3C8A90 
 251 0c80 68EB8F8F 		.ascii	"h\353\217\217Y\023\007A7)\021>6DPA\377\351q0n\266\005"
 251      59130741 
 251      3729113E 
 251      36445041 
 251      FFE97130 
 252 0c97 9DC09A38 		.ascii	"\235\300\2328\010\272E\2110A\2120\024w^\221\011[b\332"
 252      08BA4589 
 252      30418A30 
 252      14775E91 
 252      095B62DA 
 253 0cab 3DA65D50 		.ascii	"=\246]P,\234\335\322\255\032\177\027\212\327\203\305"
 253      2C9CDDD2 
 253      AD1A7F17 
 253      8AD783C5 
 254 0cbb F29F2E17 		.ascii	"\362\237.\027\337OY\203Uk\356\375.\026\0378\260[z\266"
 254      DF4F5983 
 254      556BEEFD 
 254      2E161F38 
 254      B05B7AB6 
 255 0ccf 6A639085 		.ascii	"jc\220\205\3706$\236d[|?c\036\034\020O\346iU\035\353"
 255      F836249E 
 255      645B7C3F 
 255      631E1C10 
 255      4FE66955 
 256 0ce5 BA6813BA 		.ascii	"\272h\023\272\035\236\3433c?\220!\027\337\317\231\345"
 256      1D9EE333 
 256      633F9021 
 256      17DFCF99 
 256      E5
 257 0cf6 92D2C5AB 		.ascii	"\222\322\305\253\2749%8\350;\031\235r\325\272mKAJ\251"
 257      BC392538 
 257      E83B199D 
 257      72D5BA6D 
 257      4B414AA9 
 258 0d0a B6C5F773 		.ascii	"\266\305\367s\323\230\032&\207\350\246\014)\315\277"
 258      D3981A26 
 258      87E8A60C 
 258      29CDBF
 259 0d19 99BBAD65 		.ascii	"\231\273\255e%S\304\013\026\234\364\335}0w\251\325{"
 259      2553C40B 
 259      169CF4DD 
 259      7D3077A9 
 259      D57B
 260 0d2b 1A7ADF61 		.ascii	"\032z\337aSj\"\363\340\340\201\323\241\307+a\3073\321"
ARM GAS  /tmp/ccEMej8H.s 			page 21


 260      536A22F3 
 260      E0E081D3 
 260      A1C72B61 
 260      C733D1
 261 0d3e D85E280E 		.ascii	"\330^(\016\377am\316\305V\357\024\307\213p\234\227z"
 261      FF616DCE 
 261      C556EF14 
 261      C78B709C 
 261      977A
 262 0d50 2D6AB7B5 		.ascii	"-j\267\265\323w\"\207\014\033\207/\230\007\007\034v"
 262      D3772287 
 262      0C1B872F 
 262      9807071C 
 262      76
 263 0d61 0187B3C0 		.ascii	"\001\207\263\300\341\013\305\241Hq\370\022\366\236\211"
 263      E10BC5A1 
 263      4871F812 
 263      F69E89
 264 0d70 C7678B7E 		.ascii	"\307g\213~h\013\347\247\325\015\015\326i\222\211\034"
 264      680BE7A7 
 264      D50D0DD6 
 264      6992891C 
 265 0d80 76DB384C 		.ascii	"v\3338Lb\036\034p\310\002\016\325\300a\222\034\261/"
 265      621E1C70 
 265      C8020ED5 
 265      C061921C 
 265      B12F
 266 0d92 484DA233 		.ascii	"HM\2423e\332\370\312\243\010\331\266\264\361\225I\342"
 266      65DAF8CA 
 266      A308D9B6 
 266      B4F19549 
 266      E2
 267 0da3 E1326D6C 		.ascii	"\3412ml\312\024ic2\214\201\277\246\266GI4\331\220(S"
 267      CA146963 
 267      328C81BF 
 267      A6B64749 
 267      34D99028 
 268 0db8 76CFD71E 		.ascii	"v\317\327\0365\311\261\365\3077\254\211\203\240\271"
 268      35C9B1F5 
 268      C737AC89 
 268      83A0B9
 269 0dc7 4A936F0C 		.ascii	"J\223o\014MT\320o=\212\220g\013\372\035k\342 \350^%"
 269      4D54D06F 
 269      3D8A9067 
 269      0BFA1D6B 
 269      E220E85E 
 270 0ddc C2775284 		.ascii	"\302wR\204\021J\204,)\302\367\036\2378\337&\302\367"
 270      114A842C 
 270      29C2F71E 
 270      9F38DF26 
 270      C2F7
 271 0dee 26115E54 		.ascii	"&\021^T\"d\011\021~p&\302>%\302\017\206\010Y\262?\376"
 271      22640911 
 271      7E7026C2 
 271      3E25C20F 
 271      860859B2 
 272 0e04 EB715CEC 		.ascii	"\353q\\\354\267\365\307\217\254\211\203\240\005J\204"
ARM GAS  /tmp/ccEMej8H.s 			page 22


 272      B7F5C78F 
 272      AC8983A0 
 272      054A84
 273 0e13 1F0D1154 		.ascii	"\037\015\021TP7\365\250\302\001[\324p\012\215\034\304"
 273      5037F5A8 
 273      C2015BD4 
 273      700A8D1C 
 273      C4
 274 0e24 3DA87408 		.ascii	"=\250t\010\247R\210\227\324[\253\022\"\3023\201B\233"
 274      A7528897 
 274      D45BAB12 
 274      22C23381 
 274      429B
 275 0e36 1211D424 		.ascii	"\022\021\324$\305\313R\212e\245B\212H\352L\213\"\245"
 275      C5CB528A 
 275      65A5428A 
 275      48EA4C8B 
 275      22A5
 276 0e48 4524355E 		.ascii	"E$5^]Ke\277L\243\036\325(\266\365K\024\205F\016\002"
 276      5D4B65BF 
 276      4CA31ED5 
 276      28B6F54B 
 276      1485460E 
 277 0e5d 97283DA2 		.ascii	"\227(=\242\214\300\231*\360\014\352qd\036\262\005\236"
 277      8CC0992A 
 277      F00CEA71 
 277      641EB205 
 277      9E
 278 0e6e 49A19193 		.ascii	"I\241\221\223\217\"J\220\231J\220\221bA\315\232\357"
 278      8F224A90 
 278      994A9091 
 278      6241CD9A 
 278      EF
 279 0e7f 61413D0C 		.ascii	"aA=\014\015o\231\026\324\314#\347\205\030\321\300\266"
 279      0D6F9916 
 279      D4CC23E7 
 279      8518D1C0 
 279      B6
 280 0e90 FE54E42C 		.ascii	"\376T\344,\361a\012\276\245<r'=\262\222?\202\344\217"
 280      F1610ABE 
 280      A53C7227 
 280      3DB2923F 
 280      82E48F
 281 0ea3 DA56D418 		.ascii	"\332V\324\030\012>\234|>\341k\252:\235u\301\351l\031"
 281      0A3E9C7C 
 281      3EE16BAA 
 281      3A9D75C1 
 281      E96C19
 282 0eb6 2CAA3146 		.ascii	",\2521F/\026)^s\250\371H@\247\035X1sa\336E\353V\355"
 282      2F16295E 
 282      73A8F948 
 282      40A71D58 
 282      317361DE 
 283 0ece 38F23A61 		.ascii	"8\362:a\3435\227\202\017\007\274\3129\257\360\231\277"
 283      E3359782 
 283      0F07BCCA 
 283      39AFF099 
ARM GAS  /tmp/ccEMej8H.s 			page 23


 283      BF
 284 0edf BBC5A9E1 		.ascii	"\273\305\251\341>B\177\003^s\015^\225\212\327<\340U"
 284      3E427F03 
 284      5E730D5E 
 284      958AD73C 
 284      E055
 285 0ef1 5D306F9A 		.ascii	"]0o\232\370\226\214'\350s\367\334\264~\333\254@^'m\274"
 285      F8968C27 
 285      E873F7DC 
 285      B47EDBAC 
 285      405E276D 
 286 0f06 E653F0E1 		.ascii	"\346S\360\341\200W%\347\225\276:\"]\234\316\357'\364"
 286      805725E7 
 286      95BE3A22 
 286      5D9CCEEF 
 286      27F4
 287 0f18 14F09A6F 		.ascii	"\024\360\232o\360\252U\274\026\002\257{\361\245i^\234"
 287      F0AA55BC 
 287      1602AF7B 
 287      F1A5695E 
 287      9C
 288 0f29 171C6ECF 		.ascii	"\027\034n\317i\270t\310\312\3534\362:c\343\265\210\202"
 288      69B874C8 
 288      CAEB34F2 
 288      3A63E3B5 
 288      8882
 289 0f3b 0F07BCCE 		.ascii	"\017\007\274\316r^[W\356\336-\276\347\025\020Z\005\274"
 289      725E5B57 
 289      EEDE2DBE 
 289      E715105A 
 289      05BC
 290 0f4d 1619BC1A 		.ascii	"\026\031\274\032\025\257X\340\0259\343\316\361&\234"
 290      15AF58E0 
 290      1539E3CE 
 290      F1269C
 291 0f5c 572790F5 		.ascii	"W'\220\365ri\244f\341u\016y\235\267\361ZB\301\207\003"
 291      7269A466 
 291      E1750E79 
 291      9DB7F15A 
 291      42C18703 
 292 0f70 5ED59C57 		.ascii	"^\325\234W\331\251\273\363\232p^\007\010\275\000\274"
 292      D9A9BBF3 
 292      9A705E07 
 292      08BD00BC 
 293 0f80 9618BC96 		.ascii	"\226\030\274\226\035\223\273\266\245\300kW\366\362\022"
 293      1D93BBB6 
 293      A5C06B57 
 293      F6F212
 294 0f8f B16DEB0C 		.ascii	"\261m\353\014G]sV\267\267\320\272\210\264.\331v"
 294      475D7356 
 294      B7B7D0BA 
 294      88B42ED9 
 294      76
 295 0fa0 6D4BCD39 		.ascii	"mK\3159\354\025\365fq\254^<\3662p\037U\343\316\024r"
 295      EC15F566 
 295      71AC5E3C 
 295      F632701F 
ARM GAS  /tmp/ccEMej8H.s 			page 24


 295      55E3CE14 
 296 0fb5 C05F932D 		.ascii	"\300_\223-^Y{\301zJT\203\376/\333rB\034\005\037\016"
 296      5E597BC1 
 296      7A4A5483 
 296      FE2FDB72 
 296      421C051F 
 297 0fca 1EFB0A7F 		.ascii	"\036\373\012\177\354\025\033\"\376\305\237\372 \241"
 297      EC151B22 
 297      FEC59FFA 
 297      20A1
 298 0fd8 57E1A9E3 		.ascii	"W\341\251\343L\263J\321J\000Z32W\227\212\331\336\205"
 298      4CB34AD1 
 298      4A005A33 
 298      3257978A 
 298      D9DE85
 299 0feb 15CB4F9E 		.ascii	"\025\313O\236\333\345k\241U\213\264\256\331h-\247\340"
 299      DBE56BA1 
 299      558BB4AE 
 299      D9682DA7 
 299      E0
 300 0ffc C301ADDF 		.ascii	"\303\001\255\337"
 301 1000 39ADD389 		.ascii	"9\255\323\211w\256\212YUH\350u\340\265\3344\253\024"
 301      77AE8A59 
 301      5548E875 
 301      E0B5DC34 
 301      AB14
 302 1012 AF95C06B 		.ascii	"\257\225\300k\312\203\375ub\224t\205C\265\324\210\327"
 302      CA83FD75 
 302      62947485 
 302      43B5D488 
 302      D7
 303 1023 2CB4EA90 		.ascii	",\264\352\220\326\015\033\255U\024\\8\240u\223\323:"
 303      D60D1BAD 
 303      55145C38 
 303      A07593D3 
 303      3A
 304 1034 7BAE2259 		.ascii	"{\256\"Y\234\252\025\021Z\017\264V\251\214:J\3555\216"
 304      9CAA1511 
 304      5A0FB456 
 304      A98C3A4A 
 304      ED358E
 305 1047 CB256E0D 		.ascii	"\313%n\015\365(\337-\333\022\267\306<<^U\273\215\343"
 305      F528DF2D 
 305      DB12B7C6 
 305      3C3C5E55 
 305      BB8DE3
 306 105a 62895B4B 		.ascii	"b\211[Kq\004\3755\337\333\220\270Q\316\265\246\245\346"
 306      7104FD35 
 306      DFDB90B8 
 306      51CEB5A6 
 306      A5E6
 307 106c B8ECB6F5 		.ascii	"\270\354\266\365\324\243~wl\035\265\201B#\007\201\357"
 307      D4A37E77 
 307      6C1DB581 
 307      42230781 
 307      EF
 308 107d 4260D46B 		.ascii	"B`\324k\203i\034\251\300\211\324\223@\367lq7Qh\343 "
ARM GAS  /tmp/ccEMej8H.s 			page 25


 308      83691CA9 
 308      C089D493 
 308      40F76C71 
 308      375168E3 
 309 1092 EE7D888B 		.ascii	"\356}\210\213\202lR\202\274\246\366\034J\220-\236\037"
 309      826C5282 
 309      BCA6F61C 
 309      4A902D9E 
 309      1F
 310 10a3 FC814D90 		.ascii	"\374\201M\220-fA^W{\216r!\310V\247\2024(A\266\2326\035"
 310      2D66415E 
 310      577B8E72 
 310      21C856A7 
 310      82342841 
 311 10bb E5B25F92 		.ascii	"\345\262_\222<\017\224F[\307$Sh\344 \360C%H\262i$\250"
 311      3C0F9446 
 311      5BC72453 
 311      68E420F0 
 311      432548B2 
 312 10d2 C0291E05 		.ascii	"\300)\036\005yd\213\233J\241\215\203\270n]\012\222\252"
 312      79648B9B 
 312      4AA18D83 
 312      B86E5D0A 
 312      92AA
 313 10e4 04192D05 		.ascii	"\004\031-\005\251-\227\202\354\360\030?\\\267\352\261"
 313      A92D9782 
 313      ECF0183F 
 313      5CB7EAB1 
 314 10f4 C3ACC7DF 		.ascii	"\303\254\307\337\324G\323\012\241G\272S=\246\350R\217"
 314      D447D30A 
 314      A147BA53 
 314      3DA6E852 
 314      8F
 315 1105 745396AF 		.ascii	"tS\226\257\220\335\222\341Y\217\010\335\332/\273(4r"
 315      90DD92E1 
 315      598F08DD 
 315      DA2FBB28 
 315      3472
 316 1117 10385297 		.ascii	"\0208R\227z\3542\015\004\025x\267\347\001:\325\0268"
 316      7AEC320D 
 316      041578B7 
 316      E7013AD5 
 316      1638
 317 1129 8B422327 		.ascii	"\213B#'_K\224 YJ\2207\304&\360\316\302?\331\004z\263"
 317      5F4B9420 
 317      594A9037 
 317      C426F0CE 
 317      C23FD904 
 318 113f 8651BAE5 		.ascii	"\206Q\272\345T\245\261B.\3229\324\374\005@\247\275a"
 318      54A5B142 
 318      2ED239D4 
 318      FC0540A7 
 318      BD61
 319 1151 319C5D9F 		.ascii	"1\234]\237f\375#\266\351:~W\321\255\213t.\005\037N\276"
 319      66FD23B6 
 319      E93A7E57 
 319      D1AD8B74 
ARM GAS  /tmp/ccEMej8H.s 			page 26


 319      2E051F4E 
 320 1166 ACE8FCBC 		.ascii	"\254\350\374\274:a\372\026\261,\024\023:K\017\001\027"
 320      3A61FA16 
 320      B12C1413 
 320      3A4B0F01 
 320      17
 321 1177 C6D14AA5 		.ascii	"\306\321J\245\344\265\027x-\2528rB|\200\352\303\212"
 321      E4B51778 
 321      2DAA3872 
 321      427C80EA 
 321      C38A
 322 1189 3137EE27 		.ascii	"17\356'[\3374~F^\3216^\371\024|8\340\025\303yM\315\254"
 322      5BDF347E 
 322      465ED136 
 322      5EF9147C 
 322      38E015C3 
 323 11a1 29F6E2BC 		.ascii	")\366\342\274J\010\235\015\274\362M\303J\361\332\017"
 323      4A089D0D 
 323      BCF24DC3 
 323      4AF1DA0F 
 324 11b1 BC566E5D 		.ascii	"\274Vn]7M\234\356\367e\305\234\332)'\255\177\3155\007"
 324      374D9CEE 
 324      F765C59C 
 324      DA2927AD 
 324      7FCD3507 
 325 11c5 79CDB5F1 		.ascii	"y\315\265\361*\240\340\303\001\257_8\257\337\032~\277"
 325      2AA0E0C3 
 325      01AF5F38 
 325      AFDF1A7E 
 325      BF
 326 11d6 2136CD87 		.ascii	"!6\315\207\010\235\007\274\012L\243N\361:\210\274~~"
 326      089D07BC 
 326      0A4CA34E 
 326      F13A88BC 
 326      7E7E
 327 11e8 90234E6A 		.ascii	"\220#Nj\372\261\342\345\210\015\367\254\237\343\347"
 327      FAB1E2E5 
 327      880DF7AC 
 327      9FE3E7
 328 11f7 23AF0536 		.ascii	"#\257\0056^\205\024|8\340\265\220\363J_|\242T\360*%"
 328      5E85147C 
 328      38E0B590 
 328      F34A5F7C 
 328      A254F02A 
 329 120c 2C7608B8 		.ascii	",v\010\2700\262\223\342U\014\274jn\237M\027\233y\370"
 329      30B293E2 
 329      550CBC6A 
 329      6E9F4D17 
 329      9B79F8
 330 121f D2595A55 		.ascii	"\322YZU\261\305:+\027#\257X\033\257\022\012>\034\360"
 330      B1C53A2B 
 330      1723AF58 
 330      1BAF120A 
 330      3E1CF0
 331 1232 5AC27915 		.ascii	"Z\302y\025o\212\317\023\343\3530\241\277\002\257\022"
 331      6F8ACF13 
 331      E3EB30A1 
ARM GAS  /tmp/ccEMej8H.s 			page 27


 331      BF02AF12 
 332 1242 D3B6A352 		.ascii	"\323\266\243Rn\002K\201\327\305\265\033\266\213\277"
 332      6E024B81 
 332      D7C5B51B 
 332      B68BBF
 333 1251 D31A0047 		.ascii	"\323\032\000Gy\307\317\234\267\376\341\334R\344\265"
 333      79C7CF9C 
 333      B7FEE1DC 
 333      52E4B5
 334 1260 4CB7EE02 		.ascii	"L\267\356\002K\315Yl\214Z\246*e\0268\214\317}~\343f"
 334      4BCD596C 
 334      8C5AA62A 
 334      6516388C 
 334      CF7D7EE3 
 335 1275 31AF9E65 		.ascii	"1\257\236e\305-7\"\342\254/1q\350?\336\226\024\216P"
 335      C52D3722 
 335      E2AC2F31 
 335      71E83FDE 
 335      96148E50 
 336 1289 F0E1E0B9 		.ascii	"\360\341\340\271\023\370s_;xc(\177\354#\204.\207\307"
 336      13F8735F 
 336      3B786328 
 336      7FEC2384 
 336      2E87C7
 337 129c 3E629A56 		.ascii	">b\232V\247%\255c@\313\235V5\226\263\202\257\274[\177"
 337      A725AD63 
 337      40CB9D56 
 337      3596B382 
 337      AFBC5B7F 
 338 12b0 BE5E6C7D 		.ascii	"\276^l}UX\201\254V\332X\225Qp\341\200\325*\316\352~"
 338      555881AC 
 338      56DA5895 
 338      5170E180 
 338      D52ACEEA 
 339 12c5 F2E61A31 		.ascii	"\362\346\0321J\216\022\272\032h\225\231f\225\242u\002"
 339      4A8E12BA 
 339      1A689599 
 339      6695A275 
 339      02
 340 12d6 681D8ECB 		.ascii	"h\035\216\313.\024j\014\202\223\324\371\363\352\254"
 340      2E146A0C 
 340      8293D4F9 
 340      F3EAAC
 341 12e5 2FF06B90 		.ascii	"/\360k\220\327Z\033\257r\012>\034\360Z\307y-\251K^%"
 341      D75A1BAF 
 341      720A3E1C 
 341      F05AC779 
 341      2DA94B5E 
 342 12fa 7681C708 		.ascii	"v\201\307\010]\017\274\312UJ\375\273T\263\350\264\\"
 342      5D0FBCCA 
 342      554AFDBB 
 342      54B3E8B4 
 342      5C
 343 130b E32AA847 		.ascii	"\343*\250G\3716\330\026\271\012\363\360xS.r\265\247"
 343      F936D816 
 343      B90AF3F0 
 343      78532E72 
ARM GAS  /tmp/ccEMej8H.s 			page 28


 343      B5A7
 344 131d C5227792 		.ascii	"\305\"w\222\342\010r\360\305\00027\312y\322\364\212"
 344      E20872F0 
 344      C5003237 
 344      CA79D2F4 
 344      8A
 345 132e A5FAED14 		.ascii	"\245\372\355\024\365(`\242\255\243NSh\344\344\253\001"
 345      F52860A2 
 345      ADA34E53 
 345      68E4E4AB 
 345      01
 346 133f 0446C14E 		.ascii	"\004F\301N\233\306Q\235\014|\226zTh\263-p\025\205FN"
 346      9BC6519D 
 346      0C7C967A 
 346      5468B32D 
 346      70158546 
 347 1354 BE1C4060 		.ascii	"\276\034@`T\244J)\362\226z\313\252\223\212\234\367\374"
 347      54A44A29 
 347      F2967ACB 
 347      AA938A9C 
 347      F7FC
 348 1366 E45B6D8A 		.ascii	"\344[m\212\2347+\362\266\372\202S'\024\251v\252\310"
 348      9C372BF2 
 348      B6FA8253 
 348      2714A976 
 348      AAC8
 349 1378 36A548B5 		.ascii	"6\245H\265\351e\\u\314E\317#%\311\3261\227(4r\362eB"
 349      E9655C75 
 349      CC45CF23 
 349      25C9D631 
 349      97283472 
 350 138f 2972C934 		.ascii	")r\3114\024T\340\313\236\025\331n\013|\205B#\007\201"
 350      1454E0CB 
 350      9E15D96E 
 350      0B7C8542 
 350      230781
 351 13a2 53942257 		.ascii	"S\224\"W\224\"c\325\347\212\233R\221Z\317\004Rm\212"
 351      942263D5 
 351      E78A9B52 
 351      915ACF04 
 351      526D8A
 352 13b5 D49A1519 		.ascii	"\324\232\025\031'\025)\272)\024\271\346T\2214\245\310"
 352      271529BA 
 352      2914B9E6 
 352      549134A5 
 352      C8
 353 13c6 3553A6BF 		.ascii	"5S\246\277);\346\272gEv\330:\246\216B#'\237N\224\"u"
 353      293BE6BA 
 353      674576D8 
 353      3AA68E42 
 353      23279F4E 
 354 13dd A6A1A002 		.ascii	"\246\241\240\002\337\364<Dw\332\002\327Sh\344 p\206"
 354      DFF43C44 
 354      77DA02D7 
 354      5368E420 
 354      7086
 355 13ef 52A45E29 		.ascii	"R\244^)\362\216\330\010\256]\346a#\270K7N\003\341\257"
ARM GAS  /tmp/ccEMej8H.s 			page 29


 355      F28ED808 
 355      AE5DE661 
 355      23B84B37 
 355      4E03E1AF 
 356 1403 A0B675FC 		.ascii	"\240\266u\374\363 \231<U\246\336<\267 \210\247\312J"
 356      F320993C 
 356      55A6DE3C 
 356      B72088A7 
 356      CA4A
 357 1415 4277EB21 		.ascii	"Bw\353!|#\031\210\355S<\264\317\342\355\013\263\036"
 357      7C231988 
 357      ED533CB4 
 357      CFE2ED0B 
 357      B31E
 358 1427 AD10A9F6 		.ascii	"\255\020\251\366\024\241\331\177l\237\351\241\375\036"
 358      14A1D97F 
 358      6C9FE9A1 
 358      FD1E
 359 1435 DE7E5FD5 		.ascii	"\336~_\325\241|q\332TFh\316\037\333\237\365\320>\227"
 359      A17C71DA 
 359      544668CE 
 359      1FDB9FF5 
 359      D03E97
 360 1448 B73F5835 		.ascii	"\267?X5{\2328E;Nh\236\271}dB\235\370\271D\003\375\243"
 360      7B9A3845 
 360      3B4E689E 
 360      B97D6442 
 360      9DF8B944 
 361 145f 8BA6B1F0 		.ascii	"\213\246\261\360\213\014\272\027\272\253\014\314\233"
 361      8B0CBA17 
 361      BAAB0CCC 
 361      9B
 362 146c 81F9E314 		.ascii	"\201\371\343\024a\035\353\013\037\035\230%\270\341\035"
 362      611DEB0B 
 362      1F1D9825 
 362      B8E11D
 363 147b 1B99704F 		.ascii	"\033\231pO8~\364x\307\373\224\016\236\034\373\301\247"
 363      387EF478 
 363      C7FB940E 
 363      9E1CFBC1 
 363      A7
 364 148c 0374FC48 		.ascii	"\003t\374H9\376=\316\3731\306\315c\341\327\022\264\200"
 364      39FE3DCE 
 364      FB31C6CD 
 364      63E1D712 
 364      B480
 365 149e 3F72DCD4 		.ascii	"?r\334\324+7\360l\253\005M`\257R\007t\026\247%\251\245"
 365      2B37F06C 
 365      AB054D60 
 365      AF520774 
 365      16A725A9 
 366 14b3 53126E75 		.ascii	"S\022nu\302\306|\312\275+~\256\264%\356q#F\374\242\350"
 366      C2C67CCA 
 366      BD2B7EAE 
 366      B425EE71 
 366      2346FCA2 
 367 14c8 A02E7F51 		.ascii	"\240.\177Q\024y\255(\315\277\313D\323/\212\366\024-"
ARM GAS  /tmp/ccEMej8H.s 			page 30


 367      1479AD28 
 367      CDBFCB44 
 367      D32F8AF6 
 367      142D
 368 14da DA2B7F51 		.ascii	"\332+\177QT\205\277(*\324\305/\212\212t\374E\021\204"
 368      5485BF28 
 368      2AD4C52F 
 368      8A8A74FC 
 368      451184
 369 14ed 194FE614 		.ascii	"\031O\346\024\363\241\231\021\3678\271\004\367b\316"
 369      F3A19911 
 369      F738B904 
 369      F762CE
 370 14fc BD61E7E2 		.ascii	"\275a\347\342\271\224s?4M\247%\234;\374\306\352\037"
 370      B994733F 
 370      344DA725 
 370      9C3BFCC6 
 370      EA1F
 371 150e E087BD46 		.ascii	"\340\207\275FPB\030\261\220\336}FN\372\362_\243\277"
 371      504218B1 
 371      90DE7D46 
 371      4EFAF25F 
 371      A3BF
 372 1520 9CF8C9C4 		.ascii	"\234\370\311\304\011_\230q\357OH\300\247\023\276\236"
 372      095F9871 
 372      EF4F48C0 
 372      A713BE9E 
 373 1530 F03F1379 		.ascii	"\360?\023y9`\314\310W\336\236<\361\313\257\307M\372"
 373      3960CCC8 
 373      57DE9E3C 
 373      F1CBAFC7 
 373      4DFA
 374 1542 B6BFCB54 		.ascii	"\266\277\313Th\026\032:\356\263\011\237\206\376\357"
 374      68161A3A 
 374      EEB3099F 
 374      86FEEF
 375 1551 C44F264F 		.ascii	"\304O&Oz\347\225\320P\302\356\374\361\037\336\0315y"
 375      7AE795D0 
 375      50C2EEFC 
 375      F11FDE19 
 375      3579
 376 1563 F2A4C92F 		.ascii	"\362\244\311/\364\355\333w\020\334\371\177\254\304>"
 376      F4EDDB77 
 376      10DCF97F 
 376      ACC43E
 377 1572 2A       		.ascii	"*"
 378              		.text
 379              		.section	.gnu.lto_.symbol_nodes.57eeb96b1d9d2a69,"",%progbits
 380 0000 789C5590 		.ascii	"x\234U\220_+\203a\030\306\357\367y\315\354d\212\242"
 380      5F2B8361 
 380      18C6EFF7 
 380      79CDEC64 
 380      8AA2
 381 0012 28BE8803 		.ascii	"(\276\210\003\276\012Eq\240(\212\362\254\274\037\300"
 381      BE0A4571 
 381      A0288AF2 
 381      ACBC1FC0 
ARM GAS  /tmp/ccEMej8H.s 			page 31


 382 0022 99F3EDCD 		.ascii	"\231\363\355\315j\323V\324V\024\265\356\023\377\377"
 382      6AD356D4 
 382      5614B5EE 
 382      13FFFF
 383 0031 7C02F146 		.ascii	"|\002\361FQ\224\025E\306\363\\\327\016\274'\327o\327"
 383      51941545 
 383      C6F35CD7 
 383      0EBC27D7 
 383      6FD7
 384 0043 75FF9EB6 		.ascii	"u\377\236\266\226\021#\023\241\210\230\023cE\266.E\034"
 384      96112313 
 384      A1889813 
 384      6345B62E 
 384      451C
 385 0055 0E0A5322 		.ascii	"\016\012S\"\301\255\261\001\026\221Ba\322\015g\306\232"
 385      C1ADB101 
 385      16914261 
 385      D20D67C6 
 385      9A
 386 0066 D470636C 		.ascii	"\324pcl\230\032\256\214\355I\015\327\306fR\303\271\261"
 386      981AAE8C 
 386      ED490DD7 
 386      C66652C3 
 386      B9B1
 387 0078 BDA9E1D2 		.ascii	"\275\251\341\322\330lj\2700\266/5\234\032\233\373?\204"
 387      D86C6AB8 
 387      30B62F35 
 387      9C1A9BFB 
 387      3F84
 388 008a 9293F8AE 		.ascii	"\222\223\370\2563\025\272\337\256`\257$y\237\332\217"
 388      3315BADF 
 388      AE60AF24 
 388      799FDA8F 
 389 009a 1CF0190F 		.ascii	"\034\360\031\017\372\214\206pE\3520\366\021,H\035E\216"
 389      FA8C8670 
 389      45EA30F6 
 389      112C481D 
 389      458E
 390 00ac 611F873F 		.ascii	"a\037\207?\215+Rg\260\317bA\352\034\226y\230\013\330"
 390      8D2B5267 
 390      B0CF6241 
 390      EA1C9679 
 390      980BD8
 391 00bf 91D1223E 		.ascii	"\221\321\">#u\011\271\014s\005\327U\344\032\034\244"
 391      237509B9 
 391      0C7305D7 
 391      55E41A1C 
 391      A4
 392 00d0 AE2337E0 		.ascii	"\256#7\340X\\\213A(}\022{\270V\002\342\035\2662\220"
 392      585C8B41 
 392      287D127B 
 392      B85602E2 
 392      1DB63290 
 393 00e4 745101B4 		.ascii	"tQ\001\264J\245F\324i\356Q\351b\237f\203J\023\337\240"
 393      4AA546D4 
 393      69EE51E9 
 393      629F6683 
ARM GAS  /tmp/ccEMej8H.s 			page 32


 393      4A13DFA0 
 394 00f8 4DB6033E 		.ascii	"M\266\003>8\244I\350\021o\307l\367l\0174\037\211'> "
 394      38A449E8 
 394      116FC76C 
 394      F76C0F34 
 394      1F89273E 
 395 010d F49978A1 		.ascii	"\364\231x\241\371J\345\215x\247Ih\333!+I\233\355\203"
 395      F94AE58D 
 395      78A74968 
 395      DB212B49 
 395      9BED83
 396 0120 0F3E697E 		.ascii	"\017>i~\321$\364\233\255\303\366K\263h\200\022\020\355"
 396      D124F49B 
 396      ADC3F64B 
 396      B3688012 
 396      10ED
 397 0132 00491765 		.ascii	"\000I\027e@+T\252D\215f\235\212G\326\375=\274\021J$"
 397      402B54AA 
 397      448D669D 
 397      8A47D6FD 
 397      3DBC114A 
 398 0147 44B4EFD0 		.ascii	"D\264\357\320#\261GF\224-\361\010%j8\004\022{\030I\032"
 398      23B14746 
 398      942DF108 
 398      256A3804 
 398      127B1849 
 399 015c AD9FCDC0 		.ascii	"\255\237\315\300\017Q\263\265\273\235\227?\025\301\263"
 399      0F51B3B5 
 399      BB9D973F 
 399      15C1B3
 400 016b 67       		.ascii	"g"
 401              		.text
 402              		.section	.gnu.lto_.refs.57eeb96b1d9d2a69,"",%progbits
 403 0000 789C6365 		.ascii	"x\234ce`b`d\000\002\000\000I\000\011"
 403      60626064 
 403      00020000 
 403      490009
 404              		.text
 405              		.section	.gnu.lto_.decls.57eeb96b1d9d2a69,"",%progbits
 406 0000 789CAD55 		.ascii	"x\234\255UkL\024W\024\2363\263 \014\317\0225\376\330"
 406      6B4C1457 
 406      149E33B3 
 406      200CCF12 
 406      35FED8
 407 0013 B4C43481 		.ascii	"\264\3044\201\037e\027\320\264\374l\242}%Mc\252\365"
 407      1F6517D0 
 407      B4FC6CA2 
 407      7D254D63 
 407      AAF5
 408 0025 EF76DD5D 		.ascii	"\357v\335]eS`\351\356\022\343\257\216\242\224\332\242"
 408      655360E9 
 408      EE12E3AF 
 408      8EA294DA 
 408      A2
 409 0036 8BADB6A0 		.ascii	"\213\255\266\240\006|\304\202\242<E\261\272,\224\227"
 409      067CC482 
 409      A23C45B1 
ARM GAS  /tmp/ccEMej8H.s 			page 33


 409      BA2C9497 
 410 0046 0A3E1004 		.ascii	"\012>\020\004\313\312\"PP@\236\215 U\351\231{gv\006"
 410      CBCA2250 
 410      50409E8D 
 410      2055E999 
 410      7B677606 
 411 005a 0BE99FDE 		.ascii	"\013\351\237\336pv\356\271\363\235\363}\347\334{\207"
 411      7076EEB9 
 411      F39DF37D 
 411      E7DC7B87 
 412 006a 00866556 		.ascii	"\000\206eV\361\014\023\3142\314\034\3030\0138p\312\234"
 412      F10C13CC 
 412      32CC1CC3 
 412      300B3870 
 412      CA9C
 413 007c 47D3A0C5 		.ascii	"G\323\240\305\240U\242U\241]e\350@8\323\204\326\211"
 413      A055A255 
 413      A15D65E8 
 413      4038D384 
 413      D689
 414 008e D68DE645 		.ascii	"\326\215\346E\353C\353G\033F{\2026\212\366\224\371\367"
 414      EB43EB47 
 414      1B467B82 
 414      368AF694 
 414      F9F7
 415 00a0 C8018659 		.ascii	"\310\001\206Y\205\317\255hQh+\321\352\320\272\320\312"
 415      85CFAD68 
 415      51682BD1 
 415      EAD0BAD0 
 415      CA
 416 00b1 D1B468E3 		.ascii	"\321\264h\343*N\217\304;\2016\2046\211\326\2036\205"
 416      2A4E8FC4 
 416      3B813684 
 416      3689D683 
 416      3685
 417 00c3 E6439B96 		.ascii	"\346C\233\2264v\274\246\355\251\244mX\322\362D\245\321"
 417      3476BCA6 
 417      EDA9A46D 
 417      58D2F244 
 417      A5D1
 418 00d5 2B697F7D 		.ascii	"+i\177}\374\314A\373d\353\361\220\003\034D\361\020\211"
 418      FCCC41FB 
 418      64EBF190 
 418      031C44F1 
 418      1089
 419 00e7 EEDDBD65 		.ascii	"\356\335\275e\3078\352j\320\235j\313\037\010Gw%\017"
 419      C738EA6A 
 419      D09D6ACB 
 419      1F084777 
 419      250F
 420 00f9 D1E8969F 		.ascii	"\321\350\226\237y\345\015\347\263\005\034\256L!\370"
 420      79E50DE7 
 420      B3051CAE 
 420      4C21F8
 421 0108 6311560C 		.ascii	"c\021V\014Z(\002\254\002\316\002j\001\275\026~E\027"
 421      5A2802AC 
 421      02CE026A 
ARM GAS  /tmp/ccEMej8H.s 			page 34


 421      01BD167E 
 421      4517
 422 011a D1D9CDBD 		.ascii	"\321\331\315\275\235@s\275\201nI[\263\227\243\271\262"
 422      9D4073BD 
 422      816E495B 
 422      B397A3B9 
 422      B2
 423 012b 017DDFF3 		.ascii	"\001}\337\363\242\017u%\002\035A\254\"\251s\356\332"
 423      A20F7525 
 423      021D41AC 
 423      22A973EE 
 423      DA
 424 013c 7C281702 		.ascii	"|(\027\0028\327\364\235\232\036\015\204X-\000\217vF"
 424      38D7F49D 
 424      9A1E0D84 
 424      582D008F 
 424      7646
 425 014e 4633500E 		.ascii	"F3P\016<\\\000N\256$_@U\223\337\210\313\014\316\366"
 425      3C5C004E 
 425      AE245F40 
 425      5593DF88 
 425      CB0CCEF6 
 426 0162 08932705 		.ascii	"\010\223'\005n\015\003\353\264\020\257e\240\024bI\304"
 426      6E0D03EB 
 426      B410AF65 
 426      A0146249 
 426      C4
 427 0173 79D03150 		.ascii	"y\3201P\201\212\313Pb\276\020D\360b\027J{\\\301Q.R\230"
 427      818ACB50 
 427      62BE1044 
 427      F062174A 
 427      7B5CC151 
 428 018a 20440301 		.ascii	" D\003\001\227 \356\034\251\254\022\242\344\372\210"
 428      9720EE1C 
 428      A9AC12A2 
 428      E4FA88
 429 0199 8311AD95 		.ascii	"\203\021\255\225\331\271\001\241\373E*\332\012\\V\365"
 429      D9B901A1 
 429      FB452ADA 
 429      0A5C56F5 
 430 01a9 A20A4245 		.ascii	"\242\012BEY\342\023\301\245\373\006\213\203\260t-\017"
 430      59E213C1 
 430      A5FB068B 
 430      83B0742D 
 430      0F
 431 01ba 0B62E9A5 		.ascii	"\013b\351\245c5\317\303\250/\262Wyf\316k\270Hq\316V"
 431      6335CFC3 
 431      A82FB257 
 431      7966CE6B 
 431      B84871CE 
 432 01cf 570DE6F3 		.ascii	"W\015\346\363\020\313\223R=]3\253/\013B$\324\240\234"
 432      10CB9352 
 432      3D5D33AB 
 432      2F0B4224 
 432      D4A09C
 433 01e2 4BC011FD 		.ascii	"K\300\021\375\230U+\012Y\242\314\313X\246V\252\262\032"
 433      98552B0A 
ARM GAS  /tmp/ccEMej8H.s 			page 35


 433      59A2CCCB 
 433      58A656AA 
 433      B21A
 434 01f4 B55CA41B 		.ascii	"\265\\\244\033Q\\P\324\020\306e\001!\310;\\W\025\356"
 434      515C50D4 
 434      10C66501 
 434      21C83B5C 
 434      5715EE
 435 0207 27982D5E 		.ascii	"'\230-^[\271O\020X\270\212\014W\024\206\032X\206\342"
 435      5BB94F10 
 435      58B88A0C 
 435      5714861A 
 435      5886E2
 436 021a B72528C4 		.ascii	"\267%(\304`\244\251\316i\270\306\366\202\027p/!\222"
 436      60A4A9CE 
 436      69B8C6F6 
 436      8217702F 
 436      2192
 437 022c 6C0B5292 		.ascii	"l\013R\222_ F\334\005y\000\220u\\e\311/\005\222%\220"
 437      5F2046DC 
 437      05790090 
 437      755C65C9 
 437      2F059225 
 438 0241 23249F95 		.ascii	"#$\237\225\\VJI\376\244`Pe\244\257)\223<\030\012\247"
 438      5C564A49 
 438      FEA46050 
 438      65A4AF29 
 438      933C180A 
 439 0256 4A18929D 		.ascii	"J\030\222\235F\003\253\020\000\250\003T\011\251l\351"
 439      4603AB10 
 439      00A80354 
 439      09A96CE9 
 440 0266 BD5F1FA3 		.ascii	"\275_\037\243\024\007\362\251\235\312k\035\342}\360"
 440      1407F2A9 
 440      9DCA6B1D 
 440      E27DF0
 441 0275 505C2D7C 		.ascii	"P\\-|\037\310\232\353p\361K\340&H\343\301\325v\342h"
 441      1FC89AEB 
 441      70F14BE0 
 441      2648E3C1 
 441      D576E268 
 442 0289 302FB534 		.ascii	"0/\2654\373\277\016'\006L\316x;X\365\021\363\200\372"
 442      FBBF0E27 
 442      064CCE78 
 442      3B58F511 
 442      F380FA
 443 029c BAD5D123 		.ascii	"\272\325\321#\206\300\361cw\262x\015K\327`\233F\\k\\"
 443      86C0F163 
 443      77B2780D 
 443      4BD7609B 
 443      465C6B5C 
 444 02b0 98F544D0 		.ascii	"\230\365D\320\313\307\252\256\371Jz\315\263\032\372"
 444      CBC7AAAE 
 444      F94A7ACD 
 444      B31AFA
 445 02bf 0A82D71C 		.ascii	"\012\202\327\034!\227)S\210da\353jh\300\314\277\223"
 445      21972953 
ARM GAS  /tmp/ccEMej8H.s 			page 36


 445      886461EB 
 445      6A68C0CC 
 445      BF93
 446 02d1 CC8DB006 		.ascii	"\314\215\260\006\177\353AC\323\217\224f\336\342\327"
 446      7FEB4143 
 446      D38F9466 
 446      DEE2D7
 447 02e0 160A857D 		.ascii	"\026\012\205}\202\307W\033\337_!\010xd\004\215\210\203"
 447      82C7571B 
 447      DF5F2108 
 447      7864048D 
 447      8883
 448 02f2 5AE5CCD4 		.ascii	"Z\345\314\324\212\327\021\334\340\003\270\006\275\330"
 448      8AD711DC 
 448      E003B806 
 448      BDD8
 449 0300 A726588B 		.ascii	"\247&X\213\341\371\256\357Z\302\271_X\322\204\207-\305"
 449      E1F9AEEF 
 449      5AC2B95F 
 449      58D28487 
 449      2DC5
 450 0312 E7C48F40 		.ascii	"\347\304\217@\014\336\004\034\021\252\313\020C/C\373"
 450      0CDE041C 
 450      11AACB10 
 450      432F43FB 
 451 0322 C1E9D32B 		.ascii	"\301\351\323+\270S,=\2547\272\3525\252\333\020\223\373"
 451      B8532C3D 
 451      AC37BAEA 
 451      35AADB10 
 451      93FB
 452 0334 AD78585B 		.ascii	"\255xX[\261\0217\024\342\030\377Y%}b\374M\202\233\330"
 452      B1113714 
 452      E218FF59 
 452      257D62FC 
 452      4D829BD8 
 453 0348 DA18A9B3 		.ascii	"\332\030\251\263\327q\261E\272\020\247sO\006r\027(G"
 453      D771B145 
 453      BA10A773 
 453      4F067217 
 453      2847
 454 035a 93BBA75B 		.ascii	"\223\273\247[\003|\354\222\011n/\221\300\177s\232\310"
 454      037CEC92 
 454      096E2F91 
 454      C07F739A 
 454      C8
 455 036b CDB98562 		.ascii	"\315\271\205b\332\0241\255\344\346 \311\301\213=/\""
 455      DA1431AD 
 455      E4E620C9 
 455      C18B3D2F 
 455      22
 456 037c B84B9424 		.ascii	"\270K\224$\277\364\304\014\267\034I\373\262$\267\273"
 456      BFF4C40C 
 456      B71C49FB 
 456      B224B7BB 
 457 038c DF394348 		.ascii	"\3379CH\356\"\311\035\205\344\226L\342.\230\253b\311"
 457      EE22C91D 
 457      85E4964C 
ARM GAS  /tmp/ccEMej8H.s 			page 37


 457      E22E98AB 
 457      62C9
 458 039e D68B08BA 		.ascii	"\326\213\010\272\365-5\363\203\334\262\233\333A6\367"
 458      F52D35F3 
 458      83DCB29B 
 458      DB4136F7 
 459 03ae 9EBCB945 		.ascii	"\236\274\271E\005\371\363a\270\271}\"\2337\351l\331"
 459      05F9F361 
 459      B8B97D22 
 459      9B37E96C 
 459      D9
 460 03bf A090CD13 		.ascii	"\240\220\315\023\0244+|\315\322\227\026:\311\226\336"
 460      14342B7C 
 460      CDD29716 
 460      3AC996DE 
 461 03cf CE79391B 		.ascii	"\316y9\033\312\011\034\331\260\271\335\235u\274\232"
 461      CA091CD9 
 461      B0B9DD9D 
 461      75BC9A
 462 03de 6E13AFA2 		.ascii	"n\023\257\242\353\022\351\244s\352\036\354\360\312\\"
 462      EB12E9A4 
 462      73EA1EEC 
 462      F0CA5C
 463 03ed BEDAB7EF 		.ascii	"\276\332\267\357U\010{\003D\000\334\247\351\345'\003"
 463      55087B03 
 463      4400DCA7 
 463      E9E52703 
 464 03fd DD8466C2 		.ascii	"\335\204f\302\345\336\035\316\345P\232\251\346\301\303"
 464      E5DE1DCE 
 464      E5509AA9 
 464      E6C1C3
 465 040c 402ABDEA 		.ascii	"@*\275\352\2574/\367\344\025v\331J{H\245\177\310\225"
 465      AF342FF7 
 465      E41576D9 
 465      4A7B48A5 
 465      7FC895
 466 041f DEEC3C7A 		.ascii	"\336\354<z@#\261\317\216$\035+\311\362l\" x\240\024"
 466      4023B1CF 
 466      8E241D2B 
 466      C9F26C22 
 466      2078A014 
 467 0433 FA4056E0 		.ascii	"\372@V\340%\012\006\207\017\364\002W\274\274\002w\303"
 467      250A0687 
 467      0FF40257 
 467      BCBC0277 
 467      C3
 468 0444 9EC645BD 		.ascii	"\236\306E\275\026_)\022|DB\257,\241f\352\342\263\000"
 468      165F2912 
 468      7C4442AF 
 468      2CA166EA 
 468      E2B300
 469 0457 49C2C478 		.ascii	"I\302\304x|M\005m6\242\360\273\341\327\360P\326\320"
 469      7C4D056D 
 469      36A2F0BB 
 469      E1D7F050 
 469      D6D0
 470 0469 4734780A 		.ascii	"G4x\012+\274\301\334}\252\341\307\312\314\252\020\177"
ARM GAS  /tmp/ccEMej8H.s 			page 38


 470      2BBCC1DC 
 470      7DAAE1C7 
 470      CACCAA10 
 470      7F
 471 047a 11EB5545 		.ascii	"\021\353UE<R\022<\222\023\364\223\004\363\363\317\216"
 471      3C52123C 
 471      9213F493 
 471      04F3F3CF 
 471      8E
 472 048b 4770BEE5 		.ascii	"Gp\276\345\2138T\337s:\320\2776\010d\261\340\306uW\350"
 472      8B3854DF 
 472      733AD0BF 
 472      360864B1 
 472      E0C67557 
 473 04a0 B2BD1D22 		.ascii	"\262\275\035\"\205\375)\027v\252\365\207jN\2225:\276"
 473      85FD2917 
 473      76AAF587 
 473      6A4E9235 
 473      3ABE
 474 04b2 BE86EC2C 		.ascii	"\276\206\354,b`@Q5 \253\032&\252\212\033\276\277\020"
 474      62604051 
 474      3520AB1A 
 474      26AA8A1B 
 474      BEBF10
 475 04c5 C08D5155 		.ascii	"\300\215QUG\\\375\335\254\024?3\222t\224\304\213U=V"
 475      475CFDDD 
 475      AC143F33 
 475      927494C4 
 475      8B553D56 
 476 04d9 E21FCBF1 		.ascii	"\342\037\313\361OH|\365\213\277\332yn\226\306\017\014"
 476      4F487CF5 
 476      8BBFDA79 
 476      6E96C60F 
 476      0C
 477 04ea 3D1F951B 		.ascii	"=\037\225\033[\257\315\023\352Y\022=\242D\217\310\321"
 477      5BAFCD13 
 477      EA59123D 
 477      A2448FC8 
 477      D1
 478 04fb A324DABD 		.ascii	"\243$\332\275\177\250\"\202{E\243\363\373\033\376\216"
 478      7FA82282 
 478      7B45A3F3 
 478      FB1BFE8E 
 479 050b F09FCB68 		.ascii	"\360\237\313h\345\\\216I\347rL\016~J\202}s]\275\241"
 479      E55C8E49 
 479      E7724C0E 
 479      7E4A827D 
 479      735DBDA1 
 480 051f EA0FB388 		.ascii	"\352\017\263\210U>\314\343\322\377\376q\362\277\377"
 480      553ECCE3 
 480      D2FFFE71 
 480      F2BFFF
 481 052e 7AE7A1B2 		.ascii	"z\347\241\26205xh\021xB\002O\020\360\330\200\373P\270"
 481      30357868 
 481      11784202 
 481      4F10F0D8 
 481      80FB50B8 
ARM GAS  /tmp/ccEMej8H.s 			page 39


 482 0542 1ADCB308 		.ascii	"\032\334\263\010<)\201'\011\370\247\307\017\312\027"
 482      3C298127 
 482      09F8A7C7 
 482      0FCA17
 483 0551 817D8BC0 		.ascii	"\201}\213\300S\022x\212\200]}s\215Ajp\307\"\360\264"
 483      5312788A 
 483      805D7D73 
 483      8D416A70 
 483      C722F0B4 
 484 0565 04169F41 		.ascii	"\004\026\237A\037}\366E\364\206\204\004FcJ6\332\203"
 484      1F7DF645 
 484      F4868404 
 484      46634A36 
 484      DA83
 485 0577 0D860C6B 		.ascii	"\015\206\014k\2323\311\340\374J\237lK\265\350S,\266"
 485      9A33C9E0 
 485      FC4A9F6C 
 485      4BB5E853 
 485      2CB6
 486 0589 34A3DD6C 		.ascii	"4\243\335l\323o\2648LF\373\016\243C\277\303d\2123\332"
 486      D36FB438 
 486      4C46FB0E 
 486      A343BFC3 
 486      648A33DA 
 487 059d 53E3D26C 		.ascii	"S\343\322li\2268\213q\2335\356\335\270\304\370\204\367"
 487      6996388B 
 487      719B35EE 
 487      DDB8C4F8 
 487      84F7
 488 05af E2BE4E88 		.ascii	"\342\276N\210\313H7\033\235\026\375\242\327zk\232)%"
 488      CB48371B 
 488      9D16FDA2 
 488      D77A6B9A 
 488      2925
 489 05c1 C36CD1A7 		.ascii	"\303l\321\247\032M\311\3264\213\336`\266l7f\2448\015"
 489      1A4DC9D6 
 489      348BDE60 
 489      B66C3766 
 489      A4380D
 490 05d4 CE5DE916 		.ascii	"\316]\351\026\207.\231Y!q~\371\377s:v9\364\006\207\323"
 490      872E9959 
 490      21717EF9 
 490      FF733A76 
 490      39F40687 
 491 05e9 8C044814 		.ascii	"\214\004H\024\262\301\226\266\375\2234\253\311jL\321"
 491      B2C196B6 
 491      FD9334AB 
 491      C96A4CD1 
 492 05f9 EAF42A4F 		.ascii	"\352\364*O=\327\231\030\336\224\274%\331\2749\305bI"
 492      3DD79918 
 492      DE94BC25 
 492      D9BC39C5 
 492      6249
 493 060b E7694BD6 		.ascii	"\347iK\326%\032\234A\362$\030\323:\255\251\026\203\363"
 493      251A9C41 
 493      F22418D3 
 493      3AADA916 
ARM GAS  /tmp/ccEMej8H.s 			page 40


 493      83F3
 494 061d 2D9D4EAF 		.ascii	"-\235N\257\2679\364v\247\237\322\224,\276\225J{s\251"
 494      B739F476 
 494      A79FD294 
 494      2CBE954A 
 494      7B73A9
 495 0630 F7CE64BB 		.ascii	"\367\316d\273\305h\026_\207~\272a\343&;f\375\334\266"
 495      C568165F 
 495      877EBA61 
 495      E3263B66 
 495      FDDCB6
 496 0643 333168B3 		.ascii	"31h\263\323\350\314p\030\022\243t\372\215F\247q\263"
 496      D3E8CC70 
 496      1812A374 
 496      FA8D46A7 
 496      71B3
 497 0655 597A88CA 		.ascii	"Yz\210\312\305\010\003\312\261\333R\243u\372\017\310"
 497      C50803CA 
 497      B1DB52A3 
 497      75FA0FC8 
 498 0665 64ABD5EE 		.ascii	"d\253\325\356\314@\355\213<\004\313\211\022Bw\332\255"
 498      CC40ED8B 
 498      3C04CB89 
 498      124277DA 
 498      AD
 499 0676 4E8B14C6 		.ascii	"N\213\024\306;\314\206-\330\010\213\335\026\210\323"
 499      3BCC862D 
 499      D8088BDD 
 499      1688D3
 500 0685 F4F48C10 		.ascii	"\364\364\214\020\025\373?\000\273\242\376"
 500      15FB3F00 
 500      BBA2FE
 501              		.text
 502              		.section	.gnu.lto_.symtab.57eeb96b1d9d2a69,"",%progbits
 503 0000 436F6E66 		.ascii	"ConfInicial\000"
 503      496E6963 
 503      69616C00 
 504 000c 00       		.ascii	"\000"
 505 000d 00       		.ascii	"\000"
 506 000e 00       		.ascii	"\000"
 507 000f 00000000 		.ascii	"\000\000\000\000\000\000\000\000"
 507      00000000 
 508 0017 C6000000 		.ascii	"\306\000\000\000"
 509 001b 63685468 		.ascii	"chThdSleep\000"
 509      64536C65 
 509      657000
 510 0026 00       		.ascii	"\000"
 511 0027 02       		.ascii	"\002"
 512 0028 00       		.ascii	"\000"
 513 0029 00000000 		.ascii	"\000\000\000\000\000\000\000\000"
 513      00000000 
 514 0031 D5000000 		.ascii	"\325\000\000\000"
 515 0035 4C434450 		.ascii	"LCDPrintRow2\000"
 515      72696E74 
 515      526F7732 
 515      00
 516 0042 00       		.ascii	"\000"
ARM GAS  /tmp/ccEMej8H.s 			page 41


 517 0043 02       		.ascii	"\002"
 518 0044 00       		.ascii	"\000"
 519 0045 00000000 		.ascii	"\000\000\000\000\000\000\000\000"
 519      00000000 
 520 004d D8000000 		.ascii	"\330\000\000\000"
 521 0051 53746174 		.ascii	"Status_2\000"
 521      75735F32 
 521      00
 522 005a 00       		.ascii	"\000"
 523 005b 02       		.ascii	"\002"
 524 005c 00       		.ascii	"\000"
 525 005d 00000000 		.ascii	"\000\000\000\000\000\000\000\000"
 525      00000000 
 526 0065 DC000000 		.ascii	"\334\000\000\000"
 527 0069 72656164 		.ascii	"read_eeprom\000"
 527      5F656570 
 527      726F6D00 
 528 0075 00       		.ascii	"\000"
 529 0076 02       		.ascii	"\002"
 530 0077 00       		.ascii	"\000"
 531 0078 00000000 		.ascii	"\000\000\000\000\000\000\000\000"
 531      00000000 
 532 0080 E0000000 		.ascii	"\340\000\000\000"
 533 0084 53746174 		.ascii	"Status_1\000"
 533      75735F31 
 533      00
 534 008d 00       		.ascii	"\000"
 535 008e 02       		.ascii	"\002"
 536 008f 00       		.ascii	"\000"
 537 0090 00000000 		.ascii	"\000\000\000\000\000\000\000\000"
 537      00000000 
 538 0098 E2000000 		.ascii	"\342\000\000\000"
 539 009c 77726974 		.ascii	"write_eeprom\000"
 539      655F6565 
 539      70726F6D 
 539      00
 540 00a9 00       		.ascii	"\000"
 541 00aa 02       		.ascii	"\002"
 542 00ab 00       		.ascii	"\000"
 543 00ac 00000000 		.ascii	"\000\000\000\000\000\000\000\000"
 543      00000000 
 544 00b4 E7000000 		.ascii	"\347\000\000\000"
 545 00b8 73645F54 		.ascii	"sd_Tdinero\000"
 545      64696E65 
 545      726F00
 546 00c3 00       		.ascii	"\000"
 547 00c4 02       		.ascii	"\002"
 548 00c5 00       		.ascii	"\000"
 549 00c6 00000000 		.ascii	"\000\000\000\000\000\000\000\000"
 549      00000000 
 550 00ce E9000000 		.ascii	"\351\000\000\000"
 551 00d2 73645F70 		.ascii	"sd_ppu\000"
 551      707500
 552 00d9 00       		.ascii	"\000"
 553 00da 02       		.ascii	"\002"
 554 00db 00       		.ascii	"\000"
 555 00dc 00000000 		.ascii	"\000\000\000\000\000\000\000\000"
ARM GAS  /tmp/ccEMej8H.s 			page 42


 555      00000000 
 556 00e4 EB000000 		.ascii	"\353\000\000\000"
 557 00e8 4C434450 		.ascii	"LCDPrintRow\000"
 557      72696E74 
 557      526F7700 
 558 00f4 00       		.ascii	"\000"
 559 00f5 02       		.ascii	"\002"
 560 00f6 00       		.ascii	"\000"
 561 00f7 00000000 		.ascii	"\000\000\000\000\000\000\000\000"
 561      00000000 
 562 00ff ED000000 		.ascii	"\355\000\000\000"
 563              		.text
 564              		.section	.gnu.lto_.opts,"",%progbits
 565 0000 272D666D 		.ascii	"'-fmath-errno' '-fsigned-zeros' '-ftrapping-math' '"
 565      6174682D 
 565      6572726E 
 565      6F272027 
 565      2D667369 
 566 0033 2D666E6F 		.ascii	"-fno-trapv' '-fno-openmp' '-fno-openacc' '-mcpu=cor"
 566      2D747261 
 566      70762720 
 566      272D666E 
 566      6F2D6F70 
 567 0066 7465782D 		.ascii	"tex-m4' '-mno-thumb-interwork' '-mthumb' '-ggdb' '-"
 567      6D342720 
 567      272D6D6E 
 567      6F2D7468 
 567      756D622D 
 568 0099 4F322720 		.ascii	"O2' '-w' '-fomit-frame-pointer' '-falign-functions="
 568      272D7727 
 568      20272D66 
 568      6F6D6974 
 568      2D667261 
 569 00cc 31362720 		.ascii	"16' '-ffunction-sections' '-fdata-sections' '-fno-c"
 569      272D6666 
 569      756E6374 
 569      696F6E2D 
 569      73656374 
 570 00ff 6F6D6D6F 		.ascii	"ommon' '-flto'\000"
 570      6E272027 
 570      2D666C74 
 570      6F2700
 571              		.text
 572              		.comm	__gnu_lto_v1,1,1
 573              		.comm	__gnu_lto_slim,1,1
 574              		.ident	"GCC: (GNU Tools for ARM Embedded Processors 6-2017-q1-update) 6.3.1 20170215 (release) [AR
ARM GAS  /tmp/ccEMej8H.s 			page 43


DEFINED SYMBOLS
                            *ABS*:0000000000000000 ConfInicial.c
                            *COM*:0000000000000001 __gnu_lto_v1
                            *COM*:0000000000000001 __gnu_lto_slim

NO UNDEFINED SYMBOLS
