ARM GAS  /tmp/ccc9J5Mo.s 			page 1


   1              		.cpu cortex-m4
   2              		.eabi_attribute 20, 1
   3              		.eabi_attribute 21, 1
   4              		.eabi_attribute 23, 3
   5              		.eabi_attribute 24, 1
   6              		.eabi_attribute 25, 1
   7              		.eabi_attribute 26, 1
   8              		.eabi_attribute 30, 2
   9              		.eabi_attribute 34, 1
  10              		.eabi_attribute 18, 4
  11              		.file	"ConfEmr3.c"
  12              		.text
  13              	.Ltext0:
  14              		.section	.gnu.lto_.profile.8001bcc26a02e458,"",%progbits
  15 0000 789C6365 		.ascii	"x\234ce`b`e```dhgJ\001\000\002\223\000\373"
  15      60626065 
  15      60606064 
  15      68674A01 
  15      00029300 
  16              		.text
  17              		.section	.gnu.lto_.icf.8001bcc26a02e458,"",%progbits
  18 0000 789C6365 		.ascii	"x\234ce`b\340`@\000F\206\027\373\256\336`f\000\000\020"
  18      6062E060 
  18      40004686 
  18      17FBAEDE 
  18      60660000 
  19 0015 6C0367   		.ascii	"l\003g"
  20              		.text
  21              		.section	.gnu.lto_.jmpfuncs.8001bcc26a02e458,"",%progbits
  22 0000 789C6365 		.ascii	"x\234ce`bX\301\310\000\007\020&\023\343tf\306\203\017"
  22      606258C1 
  22      C8000710 
  22      2613E374 
  22      66C6830F 
  23 0014 367DE4EE 		.ascii	"6}\344\356c\236\317\314\300\310\302\270\234Q\006*|\342"
  23      639ECFCC 
  23      C0C8C2B8 
  23      9C51062A 
  23      7CE2
  24 0026 6BCB475E 		.ascii	"k\313G^\210\2604\343\012\270\360\333k\253\3270C\204"
  24      88B034E3 
  24      0AB8F0DB 
  24      6BABD730 
  24      4384
  25 0038 F91857C2 		.ascii	"\371\030W\302\205w\356|s\233\275\376o\003\307|f\306"
  25      8577EE7C 
  25      739BBDFE 
  25      6F03C77C 
  25      66C6
  26 004a C5CC200B 		.ascii	"\305\314 \013V1\326\003\015\204\310\316k}\375\211\025"
  26      5631D603 
  26      0D84C8CE 
  26      6B7DFD89 
  26      15
  27 005b A4898971 		.ascii	"\244\211\211q\301\034F\306\325 ml\330\265\255\201h\003"
  27      C11C46C6 
  27      D5206D6C 
ARM GAS  /tmp/ccc9J5Mo.s 			page 2


  27      D8B5AD81 
  27      6803
  28 006d 49EEDA7F 		.ascii	"I\356\332\177\374\024\330\005\314\214\202\214kAz\030"
  28      FC14D805 
  28      CC8C828C 
  28      6B417A18 
  29 007d 40522C20 		.ascii	"@R, \271;;\257|b\2038C\225q\035H\016$\272g~\317J.\210"
  29      B93B3BAF 
  29      7C628338 
  29      4395711D 
  29      480E24BA 
  30 0097 2813E37A 		.ascii	"(\023\343z\270\343N?\352oc\202\010_g`\334\000\027\377"
  30      B8E34E3F 
  30      EA6F6382 
  30      085F6760 
  30      DC0017FF 
  31 00ab 7DE2D97E 		.ascii	"}\342\331~~\210\370\177\006\306\215 q\026FH\0200\200"
  31      7E88F87F 
  31      06C68D20 
  31      71164648 
  31      103080
  32 00be 992B10CC 		.ascii	"\231+\020\314\225P&\016\337n\202\371\026\257\3476C="
  32      9550260E 
  32      DF6E82F9 
  32      16AFE736 
  32      433D
  33 00d0 87E21B84 		.ascii	"\207\342\033\204\363\267\266\237\331\010u>#\343\026"
  33      F3B7B69F 
  33      D908753E 
  33      23E316
  34 00df B01200F9 		.ascii	"\260\022\000\371\251ci"
  34      A96369
  35              		.text
  36              		.section	.gnu.lto_.inline.8001bcc26a02e458,"",%progbits
  37 0000 789C6365 		.ascii	"x\234ce`b\350a@\000F\006\301g\014\346\214\014Li\035"
  37      6062E861 
  37      40004606 
  37      C1670CE6 
  37      8C0C4C69 
  38 0015 210C6C0B 		.ascii	"!\014l\013\344\231\300\202\\0\202\231\007\244\004\231"
  38      E499C082 
  38      5C308299 
  38      07A40499 
  39 0025 64E24690 		.ascii	"d\342F\220,\274@\025PUL\230\212\231\030&\370\241\323"
  39      2CBC4015 
  39      50554C98 
  39      8A991826 
  39      F8A1D3
  40 0038 78B43300 		.ascii	"x\2643\000\000\250Z\007\204"
  40      00A85A07 
  40      84
  41              		.text
  42              		.section	.gnu.lto_.pureconst.8001bcc26a02e458,"",%progbits
  43 0000 789C6365 		.ascii	"x\234ce`b`f```d\220\000\000\000\204\000$"
  43      60626066 
  43      60606064 
  43      90000000 
ARM GAS  /tmp/ccc9J5Mo.s 			page 3


  43      840024
  44              		.text
  45              		.section	.gnu.lto_ConfEmr3.8001bcc26a02e458,"",%progbits
  46 0000 789C8D57 		.ascii	"x\234\215W[S\024G\024\356\323\275\367\373\302\252\241"
  46      5B531447 
  46      14EED3BD 
  46      F7FBC2AA 
  46      A1
  47 0011 44451405 		.ascii	"DE\024\005\214D\343\213\017\251\344!\225\177\220\267"
  47      8C44E38B 
  47      0FA9E421 
  47      957F90B7 
  48 0021 24952A35 		.ascii	"$\225*5\251\312\203\232R\363\220T\252\030\024\224\250"
  48      A9CA839A 
  48      52F39054 
  48      AA181494 
  48      A8
  49 0032 D1949568 		.ascii	"\321\224\225h\326\012\356&\224eP\300+\032\360\302\012"
  49      D60AEE26 
  49      946550C0 
  49      2B1AF0C2 
  49      0A
  50 0043 86AB8A31 		.ascii	"\206\253\2121\242\202\250\004\015\012\210\010\341\""
  50      A282A804 
  50      0D0A8808 
  50      E122
  51 0051 A0983ED3 		.ascii	"\240\230>\323=\343\270\256\254<\034\346L\237\363}\347"
  51      3DE3B8AE 
  51      AC3C1CE6 
  51      4C9FF37D 
  51      E7
  52 0062 F499F97A 		.ascii	"\364\231\371z\307L(qz\010I'\204$\000!0\205\000\375\341"
  52      C74C2871 
  52      7A084927 
  52      84240021 
  52      308500FD 
  53 0077 22213936 		.ascii	"\"!96JY\315\014\2428\002\015\213\210\342b\324d\360L"
  53      4A59CD0C 
  53      A238020D 
  53      8B88E262 
  53      D464F04C 
  54 008b D46CF0CC 		.ascii	"\324l\360\314\324b\360,\324Z\343U\275w\271g\245\266"
  54      D462F02C 
  54      D45AE355 
  54      BD77B967 
  54      A5B6
  55 009d FCF9DC4B 		.ascii	"\374\371\334KD\353\262Q\373\015\007ze\325\204\273v\352"
  55      44EBB251 
  55      FB0D077A 
  55      65D584BB 
  55      76EA
  56 00af 30243AA8 		.ascii	"0$:\250\323\3409\251\313\340\271\250\333\340\271\251"
  56      D3E039A9 
  56      CBE0B9A8 
  56      DBE0B9A9 
  57 00bf C740E1A1 		.ascii	"\307@\341\241^\203\347\245>\203\347\243~\2250 \010\375"
  57      5E83E7A5 
ARM GAS  /tmp/ccc9J5Mo.s 			page 4


  57      3E83E7A3 
  57      7E953020 
  57      08FD
  58 00d1 1010CD25 		.ascii	"\020\020\315%j\027\001\000\274Pl@\262)3\231-V\233\335"
  58      6A170100 
  58      BC506C40 
  58      B2293399 
  58      2D569BDD 
  59 00e5 E174B93D 		.ascii	"\341t\271=^\237?1\000\331\260\235\355b\3208R\267\325"
  59      5E9F3F31 
  59      00D9B09D 
  59      ED62D038 
  59      52B7D5
  60 00f8 91B14F51 		.ascii	"\221\261OQ\326+\221]cs\373\327\347\275\021b\204\004"
  60      D62B915D 
  60      6373FBD7 
  60      E7BD1162 
  60      8404
  61 010a 198125C9 		.ascii	"\031\201%\311\260(\231\357\036\354\203\014\302C\363"
  61      B02899EF 
  61      1EEC830C 
  61      C243F3
  62 0119 6B6F35C3 		.ascii	"ko5\3036\026b\000~\356\026_\250mc\350R\310\007\356\217"
  62      36166200 
  62      7EEE165F 
  62      A86D63E8 
  62      52C807EE 
  63 012e 1DAA2AA1 		.ascii	"\035\252*\241,\0110\264\245uh\243#\255P\211(Jd\242\220"
  63      2C0930B4 
  63      A57568A3 
  63      23AD5089 
  63      284A64A2 
  64 0143 E52891DC 		.ascii	"\345(\221\334\224\020c\260\037\030\"\027A2\374\016\210"
  64      941063B0 
  64      1F182217 
  64      4132FC0E 
  64      88
  65 0154 4D30BAE3 		.ascii	"M0\272\343\360\304On\213\011\016@\032\022s\306b\260"
  65      F0C44F6E 
  65      8B090E40 
  65      1A1273C6 
  65      62B0
  66 0166 E0C8F0CE 		.ascii	"\340\310\360\316\301\313\020Q&\236mR\"\303\211\373\327"
  66      C1CB1051 
  66      269E6D52 
  66      22C389FB 
  66      D7
  67 0177 BE0D8497 		.ascii	"\276\015\204\227g\347\306\344@\343D\343B\343F\343A\343"
  67      67E7C6E4 
  67      40E344E3 
  67      42E346E3 
  67      41E3
  68 0189 45E34393 		.ascii	"E\343C\223\200&\200f\032\232$43\321\314B\223\202f6\232"
  68      80268066 
  68      1A9A2434 
  68      33D1CC42 
  68      93826636 
ARM GAS  /tmp/ccc9J5Mo.s 			page 5


  69 019e 543473D0 		.ascii	"T4s\320\314E\223\206f>\232t4\231h\026\240Y\210&\013"
  69      CC459386 
  69      663E9A74 
  69      34996816 
  69      A0598826 
  70 01b3 0D219B79 		.ascii	"\015!\233y\241\270\277[\030\305\377\254\007\362\302"
  70      A1B8BF5B 
  70      18C5FFAC 
  70      07F2C2
  71 01c2 FB32B172 		.ascii	"\3732\261rl\251\274\374\301\015k\366S\305\026b\346 "
  71      6CA9BCFC 
  71      C10D6BF6 
  71      53C51662 
  71      E620
  72 01d4 C35E4A20 		.ascii	"\303^J \033\027\332\312\257\014Xp\327\010\244A)$\363"
  72      1B17DACA 
  72      AF0C5870 
  72      D708A441 
  72      2924F3
  73 01e7 5B659BCE 		.ascii	"[e\233\316\037v\210[\000\007!9\304,\244\0076\206Kh\014"
  73      1F76885B 
  73      00072139 
  73      C42CA407 
  73      36864B68 
  74 01fc 346B90F3 		.ascii	"4k\220\363\0218$\320v\346U5Y1\325\006Qq\266B&6\267\373"
  74      113824D0 
  74      76E65535 
  74      5931D506 
  74      5171B642 
  75 0214 7CF33947 		.ascii	"|\3639G\010\012 \304\354p\204\217\3750n<_\010\217\215"
  75      080A20C4 
  75      EC70848F 
  75      FD306E3C 
  75      5F088F8D 
  76 0228 36BB7870 		.ascii	"6\273xp\276\242\244 \300Q\010\201J\010\307 \233\257"
  76      BEA2A420 
  76      C0510881 
  76      4A08C720 
  76      9BAF
  77 023a 5754D636 		.ascii	"WT\3266\270\021\333\001~(S+\335|zp\257\231\247\360\277"
  77      B811DB01 
  77      7E28532B 
  77      DD7C7A70 
  77      AF99A7F0 
  78 024f 70290D31 		.ascii	"p)\0151'\016H\344\034\207\354\020s\361\272s\303Gc\355"
  78      270E48E4 
  78      1C87EC10 
  78      73F1BA73 
  78      C34763ED 
  79 0263 823BC878 		.ascii	"\202;\310xApB\324\275'\257g\300\214\330\036\010\377"
  79      417042D4 
  79      BD27AF67 
  79      C08CD81E 
  79      08FF
  80 0275 02F00736 		.ascii	"\002\360\0076\355U\223\313b5\355\013\342\216C\271H\216"
  80      ED5593CB 
  80      6235ED0B 
ARM GAS  /tmp/ccc9J5Mo.s 			page 6


  80      E28E43B9 
  80      488E
  81 0287 DB65C524 		.ascii	"\333e\305$]\236\324\273<\205\025\373I\027\254?\323\325"
  81      5D9ED4BB 
  81      3C8515FB 
  81      4917AC3F 
  81      D3D5
  82 0299 F40EDE2B 		.ascii	"\364\016\336+`v\2361\274\345\361\021\347\342\203\330"
  82      60769E31 
  82      BCE5F111 
  82      E7E283D8 
  83 02a9 640ACE04 		.ascii	"d\012\316\004[|S}V\3414,&w!\267\265\332\020^8|\354\242"
  83      5B7C537D 
  83      56E1342C 
  83      267721B7 
  83      B5DA105E 
  84 02c1 474CAF9A 		.ascii	"GL\257\232\300\031\371To\341\335\326\314`*x\313\207"
  84      C019F954 
  84      6FE1DDD6 
  84      CC602A78 
  84      CB87
  85 02d3 22DAC1A3 		.ascii	"\"\332\301\243\0077\347\215\250/M\002X\271{\254tW\225"
  85      0737E78D 
  85      A82F4D02 
  85      58B97BAC 
  85      745795
  86 02e6 378AAB52 		.ascii	"7\212\253R@@\204\223a~\375{\"\335\311\343\237>\272\364"
  86      40408493 
  86      617EFD7B 
  86      22DDC9E3 
  86      9F3EBAF4 
  87 02fa D425D211 		.ascii	"\324%\322\021\255\361\366\303\220-*\375\254L\257\322"
  87      ADF1F6C3 
  87      902D2AFD 
  87      AC4CAFD2 
  88 030a 6A6D0349 		.ascii	"jm\003I\317!dm&\262\323\251\326V\377\211Xsq\260\335"
  88      CF21646D 
  88      26B2D3A9 
  88      D656FF89 
  88      587371B0 
  89 031f 27071BCC 		.ascii	"'\007\033\314\002\333\306\335\233{z\313\314Q\330\325"
  89      02DBC6DD 
  89      9B7B7ACB 
  89      CC51D8D5 
  90 032f 12FB9C56 		.ascii	"\022\373\234V\3327\"\335\315\343\307\357\377\330\002"
  90      DA3722DD 
  90      CDE3C7EF 
  90      FFD802
  91 033e 221DD1BE 		.ascii	"\"\035\321\276;\271\241\310\036\225\376\247L\257\321"
  91      3BB9A1C8 
  91      1E95FEA7 
  91      4CAFD1
  92 034d 4ABB6B92 		.ascii	"J\273k\222\364\034B\226f&\005&Q\332\317L,z8\332\201"
  92      F41C4296 
  92      66260526 
  92      51DACF4C 
  92      2C7A38DA 
ARM GAS  /tmp/ccc9J5Mo.s 			page 7


  93 0362 E37B2B24 		.ascii	"\343{+$8\356y^\347\325%Q\330\265\022\273N+\255D\246"
  93      38EE795E 
  93      E7D52551 
  93      D8B512BB 
  93      4E2BAD44 
  94 0377 7B7146DD 		.ascii	"{qF\335\345\325\2625,\265\246rGMtm\3652\277A\253\355"
  94      E5D5B235 
  94      2CB5A672 
  94      474D746D 
  94      F532BF41 
  95 038d 8955D273 		.ascii	"\211U\322s\010Y\233\205\\\000Q[\243\004\367\341L\332"
  95      08599B85 
  95      5C00515B 
  95      A304F7E1 
  95      4CDA
  96 039f 7226A800 		.ascii	"r&\250\000\307R\177\233\270\027tE\2017J\360\363\032"
  96      C7527F9B 
  96      B8177445 
  96      81374AF0 
  96      F31A
  97 03b1 F895E9CF 		.ascii	"\370\225\351\317\363O\205\266\026\311\327\237\302\005"
  97      F34F85B6 
  97      16C9D79F 
  97      C205
  98 03bf FDF9B192 		.ascii	"\375\371\261\222\014US\372\272!\266\250\2309\340E\361"
  98      0C5553FA 
  98      BA21B6A8 
  98      9839E045 
  98      F1
  99 03d0 46F45E3D 		.ascii	"F\364^=P\314\004\204\007\232 \231O\032E\004K-\372X0"
  99      50CC0484 
  99      079A2099 
  99      4F1A4504 
  99      4B2DFA58 
 100 03e5 25C499C9 		.ascii	"%\304\231\311%^\032\247Ky5\327_\202\253n(\267\337-\270"
 100      255E1AA7 
 100      4B7935D7 
 100      5F82AB6E 
 100      28B7DF2D 
 101 03fa A6C365E4 		.ascii	"\246\303e\344J\320\271\344\323\024\230|D\177\307\245"
 101      4AD0B9E4 
 101      D314987C 
 101      447FC7A5 
 102 040a BA22A8CE 		.ascii	"\272\"\250\316\266\037\351w\012*\0234#U@hcn\370Y\025"
 102      B61FE977 
 102      0A2A1334 
 102      23554068 
 102      636EF859 
 103 041f 155CD35E 		.ascii	"\025\\\323^\004H\014\362\000\002W\005\300x]g\245W\000"
 103      04480CF2 
 103      00025705 
 103      C0785D67 
 103      A55700
 104 0432 3C23700D 		.ascii	"<#p\015U& \247\013\317\323u\021%@\340\272>\000\033\011"
 104      552620A7 
 104      0BCFD375 
 104      112540E0 
ARM GAS  /tmp/ccc9J5Mo.s 			page 8


 104      BA3E001B 
 105 0447 30A4DA2F 		.ascii	"0\244\332/g\235\024\223\251E05vl\337H\005\3065\002\255"
 105      679D1493 
 105      A9453035 
 105      766CDF48 
 105      05C63502 
 106 045c 4626B34C 		.ascii	"F&\263LGi\227\320v\302\304y\321\030K\355\344\201q\203"
 106      476997D0 
 106      76C2C479 
 106      D1184BED 
 106      E4817183 
 107 0470 23E30981 		.ascii	"#\343\011\201\317\204~$\260W\037\011m\257\251\2167'"
 107      CF847E24 
 107      B0571F09 
 107      6DAFA98E 
 107      3727
 108 0482 51C75BBA 		.ascii	"Q\307[\272:\336\346Q/\213\376\304\213\242\337n\020\375"
 108      3ADEE651 
 108      2F8BFEC4 
 108      8BA2DF6E 
 108      10FD
 109 0494 98AD48D5 		.ascii	"\230\255H\325\377\007[1\212|\2546\244\310w\274f\033"
 109      FF075B31 
 109      8A7CAC36 
 109      A4C877BC 
 109      661B
 110 04a6 772669E3 		.ascii	"w&i\343\256\336\306\277\006\221\357['&1sr\221\357\324"
 110      AEDEC6BF 
 110      0691EF5B 
 110      27263173 
 110      7291EFD4 
 111 04ba 85533E62 		.ascii	"\205S>b3\015\252\356 B\001\272F\277\025\213\263\342"
 111      330DAAEE 
 111      204201BA 
 111      46BF158B 
 111      B3E2
 112 04cc A8F83D4D 		.ascii	"\250\370=M\217>\022\361)qd\373\276\256?\222}\026\317"
 112      8F3E12F1 
 112      297164FB 
 112      BEAE3F92 
 112      7D16CF
 113 04df 91E45CBE 		.ascii	"\221\344\\\276\205\374|-\226f\307\221\351.\215{\233"
 113      85FC7C2D 
 113      9666C791 
 113      E92E8D7B 
 113      9B
 114 04f0 7C8453E3 		.ascii	"|\204S\343\210@\267F~\316\"\031x\216$wi\344\305\022"
 114      8840B746 
 114      7ECE2219 
 114      788E2477 
 114      69E4C512 
 115 0504 6CCEE46F 		.ascii	"l\316\344oy\217F^/\343\347\306Q\336\007\372\276'I\002"
 115      798F465E 
 115      2FE3E7C6 
 115      51DE07FA 
 115      BE274902 
 116 0518 9E23C9DD 		.ascii	"\236#\311\335\032\371m\011\226\026Gi{5\260\301d\231"
ARM GAS  /tmp/ccc9J5Mo.s 			page 9


 116      1AF96D09 
 116      96164769 
 116      7B35B0C1 
 116      6499
 117 052a 609056FE 		.ascii	"`\220V\376U\240\276\331}w$\332\374\230\257\366C|j\233"
 117      55A0BED9 
 117      7D7724DA 
 117      FC98AFF6 
 117      437C6A9B 
 118 053e C4ABAC92 		.ascii	"\304\253\254\222\257\024\321\351qF\330\2477\242\301"
 118      AF14D1E9 
 118      7146D8A7 
 118      37A2C1
 119 054d F31C49ED 		.ascii	"\363\034I\355\225\324\303r)3&\363#d\276l`.\225\341\013"
 119      95D4C372 
 119      293326F3 
 119      2364BE6C 
 119      602E95E1 
 120 0562 E20CB05F 		.ascii	"\342\014\260_?`\344\351\225\311s$\265OR\217\271\305"
 120      3F60E4E9 
 120      95C97324 
 120      B54F528F 
 120      B9C5
 121 0574 D2C298D4 		.ascii	"\322\302\230\324\003H\335l\240\036\225\324Y\223\217"
 121      0348DD6C 
 121      A01E95D4 
 121      59938F
 122 0583 FB3FBD69 		.ascii	"\373?\275iy\264-\344)\222\331\2572o\010\217\364\340"
 122      79B42DE4 
 122      2992D9AF 
 122      326F088F 
 122      F4E0
 123 0595 17C786D6 		.ascii	"\027\307\206\326\241Q\312R\324\037\254\343\233~}bI\015"
 123      A151CA52 
 123      D41FACE3 
 123      9B7E7D62 
 123      490D
 124 05a7 2BEDFC3B 		.ascii	"+\355\374;\241.\307\227\036bS`P\375F@L~\025\375\211"
 124      A12EC797 
 124      1E625360 
 124      50FD4640 
 124      4C7E15FD 
 125 05bc 3004A9EA 		.ascii	"0\004\251\352\327\001_\035~IA\246\006\371\251I`\204"
 125      D7015F1D 
 125      7E4941A6 
 125      06F9A949 
 125      6084
 126 05ce B7C08154 		.ascii	"\267\300\201T\352D2O\245>\361}F\024\335\303k\326\240"
 126      EA44324F 
 126      A53EF17D 
 126      4614DDC3 
 126      6BD6A0
 127 05e1 5245E332 		.ascii	"RE\3432>~\3168\372*\3061\003c@\375\032\350\202*\361"
 127      3E7ECE38 
 127      FA2AC631 
 127      036340FD 
 127      1AE8822A 
ARM GAS  /tmp/ccc9J5Mo.s 			page 10


 128 05f6 BB0B3789 		.ascii	"\273\0137\211\347\004\333#;\314K\217+\371\\\273\370"
 128      E704DB23 
 128      3BCC4B8F 
 128      2BF95CBB 
 128      F8
 129 0607 CE8DC352 		.ascii	"\316\215\303R\322\013\224\024\240\322\223!\361\273\337"
 129      D20B9414 
 129      A0D29321 
 129      F1BBDF
 130 0616 DF1A9A87 		.ascii	"\337\032\232\207\347\217\267{\031\376sVtFLxa\037\273"
 130      E78FB77B 
 130      19FE7356 
 130      74464C78 
 130      611FBB
 131 0629 D7CE3020 		.ascii	"\327\3160 \261\265'\302\360\216iw\337u\212\027\264u"
 131      B1B527C2 
 131      F08E6977 
 131      DF758A17 
 131      B475
 132 063b 20A25E38 		.ascii	" \242^8\264`\267\352\272T\313\2640\213j\315\252\365"
 132      B460B7EA 
 132      BA54CBB4 
 132      308B6ACD 
 132      AAF5
 133 064d 8C75B4AB 		.ascii	"\214u\264\253\221>\312\277a\000\253\345\247\307\324"
 133      913ECABF 
 133      6100ABE5 
 133      A7C7D4
 134 065c ACB7DE5F 		.ascii	"\254\267\336_\275\352\363\017V\256Y\242_d-'\2265\237"
 134      BDEAF30F 
 134      56AE59A2 
 134      5F642D27 
 134      96359F
 135 066f 2DFF62D9 		.ascii	"-\377b\331j\333\332\025\237~\371\325\252u\253\377\007"
 135      6ADBDA15 
 135      9F7EF9D5 
 135      AA75ABFF 
 135      07
 136 0680 8CB68674 		.ascii	"\214\266\206t"
 137              		.text
 138              		.section	.gnu.lto_.symbol_nodes.8001bcc26a02e458,"",%progbits
 139 0000 789C5590 		.ascii	"x\234U\220;\016\3020\020D\307\3438\241\201\224H\320"
 139      3B0EC230 
 139      1044C7E3 
 139      38A18194 
 139      48D0
 140 0012 701438D9 		.ascii	"p\0248\331\246p\005\022B|\003\265OA\355\232\013\320"
 140      A6700512 
 140      427C03B5 
 140      4F41ED9A 
 140      0BD0
 141 0024 80947320 		.ascii	"\200\224s \274\246\301\315<\351\315\356\026\353@\214"
 141      BCA6C1CD 
 141      3CE9CDEE 
 141      16EB408C 
 142 0034 0D00EE29 		.ascii	"\015\000\356)\300\356\001$\334\273\025\340N\304\"5\346"
 142      C0EE0124 
ARM GAS  /tmp/ccc9J5Mo.s 			page 11


 142      DCBB15E0 
 142      4EC42235 
 142      E6
 143 0045 4631B901 		.ascii	"F1\271\001\272n\231\304\225\302B\\(\266\020gJU\210#"
 143      BA6E99C4 
 143      95C2425C 
 143      28B61067 
 143      4A558823 
 144 0059 C515E240 		.ascii	"\305\025\342@\251\013\321S\232\177a\321 \274>\306\242"
 144      A90BD153 
 144      9A7F61D1 
 144      20BC3EC6 
 144      A2
 145 006a 46CC7418 		.ascii	"F\314t\0302+\370\267r\204\270\246\302o2\242\302b\370"
 145      322BF8B7 
 145      7284B8A6 
 145      C26F32A2 
 145      C262F8
 146 007d 216C8D9E 		.ascii	"!l\215\236\030&z\300\267\272\036Z]\216\255\326~\232"
 146      18267AC0 
 146      B7BA1E5A 
 146      5D8EADD6 
 146      7E9A
 147 008f 6773C699 		.ascii	"gs\306\231Mo\010s\315\3704\370\002\000\3138h"
 147      4D6F0873 
 147      CDF834F8 
 147      0200CB38 
 147      68
 148              		.text
 149              		.section	.gnu.lto_.refs.8001bcc26a02e458,"",%progbits
 150 0000 789C6365 		.ascii	"x\234ce`b\340g```a`bdbbdab\224ab\224c\000\000\003m\000"
 150      6062E067 
 150      60606061 
 150      60626462 
 150      62646162 
 151 001e 67       		.ascii	"g"
 152              		.text
 153              		.section	.gnu.lto_.decls.8001bcc26a02e458,"",%progbits
 154 0000 789CAD59 		.ascii	"x\234\255YkPTI\226\256\274Y\005U\305\313\305\216\036"
 154      6B505449 
 154      96AEBC59 
 154      0555C5CB 
 154      C58E1E
 155 0013 B7979835 		.ascii	"\267\227\2305z\231\226\330\035)\201\211\236\3719\216"
 155      7A9996D8 
 155      1D298189 
 155      9EF9398E 
 156 0023 DAB346B4 		.ascii	"\332\263F\264\255\213\330\261\373c\246\006\241l\210"
 156      AD8BD8B1 
 156      FB63A606 
 156      A16C88
 157 0032 E5E11685 		.ascii	"\345\341\026\205\303\314\356\364^@\024Q\001\021\004"
 157      C3CCEEF4 
 157      5E401451 
 157      011104
 158 0041 4A90A70F 		.ascii	"J\220\247\017\024Q\020\337\202\005\276\000\301\007\276"
 158      145110DF 
ARM GAS  /tmp/ccc9J5Mo.s 			page 12


 158      8205BE00 
 158      C107BE
 159 0050 451E2A0A 		.ascii	"E\036*\012\242\274\025y\011{2\363V\335[E\225\323\035"
 159      A2BC1579 
 159      097B32F3 
 159      56DD5B45 
 159      95D31D
 160 0063 B31564D5 		.ascii	"\263\025d\325=y\277<\347;'O\346=yQ\3108\231q\241L\366"
 160      3D79BF3C 
 160      E73B274F 
 160      E63D7951 
 160      C8389971 
 161 007a F70A996C 		.ascii	"\367\012\231l\\&\223\315\302\207\203\337\243\320\344"
 161      5C2693CD 
 161      C28783DF 
 161      A3D0E4
 162 0089 D08E415B 		.ascii	"\320\216A[\203d\262E\360\273\011~\311G\011\355\277\341"
 162      8364B245 
 162      F0BB097E 
 162      C94709ED 
 162      BFE1
 163 009b FA7B6809 		.ascii	"\372{h\011\320\266@\333\011m7\264\034hFh\004\232'\340"
 163      D0B640DB 
 163      096D37B4 
 163      1C684668 
 163      049A27E0 
 164 00af CD9FF7A0 		.ascii	"\315\237\367\240\370'\202NOh\237@+\004\214\027\374\026"
 164      F827824E 
 164      4F689F40 
 164      2B048C17 
 164      FC16
 165 00c1 C16F36B4 		.ascii	"\301o6\264b\304\354\375\033b\366J\240e@+\0258\354\200"
 165      62C4ECFD 
 165      1B62F64A 
 165      A065402B 
 165      1538EC80 
 166 00d5 DFFDD092 		.ascii	"\337\375\320\222\010\016\344\003\360\033\017\355/\320"
 166      080EE403 
 166      F01B0FED 
 166      2FD0
 167 00e3 0EDAF0CB 		.ascii	"\016\332\360\313\0218\355\0248\032\005\276\337;\340"
 167      1138ED14 
 167      381A05BE 
 167      DF3BE0
 168 00f2 978DD1B1 		.ascii	"\227\215\321\261\244\3562e*F^j4\213\210\374\346\354"
 168      A4EE3265 
 168      2A465E6A 
 168      348B88FC 
 168      E6EC
 169 0104 841B93C9 		.ascii	"\204\033\223\311\355\316\211C_\371\226\363\354\243\344"
 169      EDCE8943 
 169      5FF996F3 
 169      ECA3E4
 170 0113 C471D5A6 		.ascii	"\304q\325\246\321\243r\354B@\334\251\352n\243\032\371"
 170      D1A372EC 
 170      4240DCA9 
 170      EA6EA31A 
ARM GAS  /tmp/ccc9J5Mo.s 			page 13


 170      F9
 171 0124 A80F1090 		.ascii	"\250\017\020\220ip\344\3233<?\017\225#5:\2140*C\276"
 171      6970E4D3 
 171      333C3F0F 
 171      9523353A 
 171      8C302A43 
 172 0139 300414C2 		.ascii	"0\004\024\302w2\317'\360C\305<^ C\001^h\211\227\014"
 172      7732CF27 
 172      F043C53C 
 172      5E204301 
 172      5E688997 
 173 014e 1D413EC4 		.ascii	"\035A>\304\030A\241C\310\013\035D^D\177Y\301\241\313"
 173      1841A143 
 173      C80B1D44 
 173      5E447F59 
 173      C1A1CB
 174 0161 6E381E51 		.ascii	"n8\036Q\003\271Yu\325\356\026\0037\313>?\221\304\363"
 174      03B95975 
 174      D5EE1603 
 174      37CB3E3F 
 174      91C4F3
 175 0174 1C3A0616 		.ascii	"\034:\006\026\216\212\026\300\240}\023\025vL\220\301"
 175      8E8A16C0 
 175      A07D1315 
 175      764C90C1 
 176 0184 60E6F6E6 		.ascii	"`\346\366\346\343y\030\334\365T#9\210\303-\306\347\356"
 176      E37918DC 
 176      F5542339 
 176      88C32DC6 
 176      E7EE
 177 0196 207EA246 		.ascii	" ~\242F\013A\034\330\374\242\313\205\335]\000\342\225"
 177      0B411CD8 
 177      FCA2CB85 
 177      DD5D00E2 
 177      95
 178 01a7 D9F7260F 		.ascii	"\331\367&\017&r \266\0165\347\2730\360<\211\350\311"
 178      267220B6 
 178      0E35E7BB 
 178      30F03C89 
 178      E8C9
 179 01b9 C433896D 		.ascii	"\3043\211my\010\367Q\007\220\361\374\333&\005\273\247"
 179      7908F751 
 179      0790F1FC 
 179      DB2605BB 
 179      A7
 180 01ca 04B178CF 		.ascii	"\004\261x\317\344#\027<\304\356\235\030\3122\252\361"
 180      E423173C 
 180      C4EE9D18 
 180      CA32AAF1 
 181 01da 24133E1C 		.ascii	"$\023>\034\2773\243\302\361\034\025\332\033\312\216"
 181      BF33A3C2 
 181      F11C15DA 
 181      1BCA8E
 182 01e9 10728B60 		.ascii	"\020r\213`n\340\343!\231\236ElzZ\323FJ\235\361\026\216"
 182      6EE0E321 
 182      999E456C 
 182      7A5AD346 
ARM GAS  /tmp/ccc9J5Mo.s 			page 14


 182      4A9DF116 
 183 01fe 45A9E941 		.ascii	"E\251\351A\275\\2\015\213vm%Q\272\010Q\252\021\243\264"
 183      BD5C320D 
 183      8B766D25 
 183      51BA0851 
 183      AA11A3B4 
 184 0212 C812A4F4 		.ascii	"\310\022\244\364D^\365\2572T\011\0219N\"R\013aZ$\204"
 184      445EF5AF 
 184      32540911 
 184      394E2252 
 184      0B615A24 
 185 0227 E902749E 		.ascii	"\351\002t\236\027f\242tW\261\023\336\305l\\\255m{(G"
 185      1766A274 
 185      57B113DE 
 185      C56C5CAD 
 185      6D7B2847 
 186 023b 6A1FBB0A 		.ascii	"j\037\273\012\352\355(\260L\331U:eu@\306$\222\271H\247"
 186      EAED28B0 
 186      4CD9553A 
 186      657540C6 
 186      2492B948 
 187 0250 0C8C2497 		.ascii	"\014\214$\227\247^\302j\320\232\370\203\264\302\210"
 187      A75EC26A 
 187      D09AF883 
 187      B4C288
 188 025f C2E9BA63 		.ascii	"\302\351\272cr\327\024\013\017t\011T\233\007\311\320"
 188      72D7140B 
 188      0F740954 
 188      9B07C9D0 
 189 026f 65E42A64 		.ascii	"e\344*d\352\331\276\027\233\260\221E\264{\372\312\016"
 189      EAD9BE17 
 189      9BB09145 
 189      B47BFACA 
 189      0E
 190 0280 052E62C2 		.ascii	"\005.b\302\323\013\275y*|\200\011\031\325\017\0179\343"
 190      D30BBD79 
 190      2A7C8009 
 190      19D50F0F 
 190      39E3
 191 0292 234CC8AE 		.ascii	"#L\310\256)\257S\343cL\270u\256\353\205;\256f\302\361"
 191      29AF53E3 
 191      634CB875 
 191      AEEB853B 
 191      AE66C2F1 
 192 02a6 0B9BFB85 		.ascii	"\013\233\373\205\0041\221\345\222\360\246\245W\201O"
 192      043191E5 
 192      92F0A6A5 
 192      57814F
 193 02b5 D39BCACA 		.ascii	"\323\233\312\312\303W\342U\310\033>\363\275}\274\213"
 193      C357E255 
 193      C81B3EF3 
 193      BD7DBC8B 
 194 02c5 F9CD89BC 		.ascii	"\371\315\211\274\251\363\246OGk7\317g\270R\202\315\340"
 194      A9F3A64F 
 194      476B37CF 
 194      67B85282 
 194      CDE0
ARM GAS  /tmp/ccc9J5Mo.s 			page 15


 195 02d7 FB6D345F 		.ascii	"\373m4_\364\356$e[I\276elD\323\357sy\323fL\341W\355"
 195      F4EE2465 
 195      5B49BE65 
 195      6C44D3EF 
 195      7379D366 
 196 02ef C3FD44F4 		.ascii	"\303\375D\364\344\357Dt\203-\372\264-zD\202n\264EkD"
 196      E4EF4474 
 196      832DFAB4 
 196      2D7A4482 
 196      6EB4456B 
 197 0304 26BBC8AC 		.ascii	"&\273\310\254\245\363\374\257\3452t\035\356WQE\004\015"
 197      A5F3FCAF 
 197      E532741D 
 197      EE575145 
 197      040D
 198 0316 D380EEC0 		.ascii	"\323\200\356\300\214\334E\336\350\026\264\233\320Z\241"
 198      8CDC45DE 
 198      E816B49B 
 198      D05AA1
 199 0325 DD80D682 		.ascii	"\335\200\326\202\274\351\366\300l\325K\374\270f\237"
 199      BCE9F6C0 
 199      6CD54BFC 
 199      B8669F
 200 0334 1933C652 		.ascii	"\0313\306R\244\243\3353\236\347\021\201\311\204\364"
 200      A4A3DD33 
 200      9EE71181 
 200      C984F4
 201 0343 10750DB4 		.ascii	"\020u\015\264{f$\362\015K\250\262&\273\304\251\227d"
 201      7B6624F2 
 201      0D4BA8B2 
 201      26BBC4A9 
 201      9764
 202 0355 C732DDB8 		.ascii	"\3072\335\270\341\201{Y\272\276\355\270\226\240@\363"
 202      E1817B59 
 202      BABEEDB8 
 202      96A040F3 
 203 0365 7DECF983 		.ascii	"}\354\371\203\036\200\033?\324%\201c\207\023\354\202"
 203      1E801B3F 
 203      D4258163 
 203      8713EC82 
 204 0375 E83E0CBA 		.ascii	"\350>\014\272'&1aLM\233\216_-p\221\246\344}\011K\031"
 204      27263161 
 204      4C4D9B8E 
 204      5F2D7091 
 204      A6E47D09 
 205 038b 7A6849C9 		.ascii	"zhI\311\251\336\314G\210m\007\256$\211\316?\332\345"
 205      A9DECC47 
 205      886D07AE 
 205      2489CE3F 
 205      DAE5
 206 039d C192AA8B 		.ascii	"\301\222\252\213\334\276\360ptR\205\247\250\013\316"
 206      DCBEF070 
 206      745285A7 
 206      A80BCE
 207 03ac 133DC359 		.ascii	"\023=\303Y\356h>\311*o+?\036\203\342GT\361\023\301\211"
 207      EE683EC9 
 207      2A6F2B3F 
ARM GAS  /tmp/ccc9J5Mo.s 			page 16


 207      1E83E247 
 207      54F113C1 
 208 03c1 67E04407 		.ascii	"g\340D\007\220\356\204\366\024Z\027\264v\313\234\000"
 208      90EE84F6 
 208      145A17B4 
 208      76CB9C00 
 209 03d1 2BD3BD5E 		.ascii	"+\323\275^\357\321\004>g\011\335:\333\300\0052T\330"
 209      EFD1043E 
 209      6709DD3A 
 209      DBC00532 
 209      54D8
 210 03e3 25D99454 		.ascii	"%\331\224T\013\231H\320c\355\237\354\246Q\007\346\350"
 210      0B9948D0 
 210      63ED9FEC 
 210      A65107E6 
 210      E8
 211 03f4 8A80B613 		.ascii	"\212\200\266\023u\2066g\"\254<t\316.\270R\242\373~\207"
 211      75863667 
 211      22AC3C74 
 211      CE2EB852 
 211      A2FB7E87 
 212 0408 A7C8E48C 		.ascii	"\247\310\344\214=&\001\"\270\376\367\331\274)\036S\354"
 212      3D260122 
 212      B8FEF7D9 
 212      BC291E53 
 212      EC
 213 0419 597B583F 		.ascii	"Y{X?1\217\006\204<zb\235G\020\326\027G^\345\273\340"
 213      318F0684 
 213      3C7A629D 
 213      4710D617 
 213      475EE5BB 
 214 042e E3986646 		.ascii	"\343\230fFKzq\205\322&3\314\021E/ \220?$\250\314\342"
 214      4B7A7185 
 214      D22633CC 
 214      11452F20 
 214      903F24A8 
 215 0444 4B9615DD 		.ascii	"K\226\025\3350\340\271\230\025O\314Y\321\324\226\036"
 215      30E0B998 
 215      154FCC59 
 215      D1D4961E 
 216 0454 315F3093 		.ascii	"1_0\223\354\310\214\314\241\015\320PT\320\333c\265\325"
 216      ECC88CCC 
 216      A10DD050 
 216      54D0DB63 
 216      B5D5
 217 0466 BDB4CAAB 		.ascii	"\275\264\312\253\036K^\025\227m\313W\342K\230mo\357"
 217      1E4B5E15 
 217      976DCB57 
 217      E24B986D 
 217      6FEF
 218 0478 6F267AE0 		.ascii	"o&z\340F&\224\217\035\355C\3706\023\27222j]\360\003"
 218      4626948F 
 218      1DED43F8 
 218      3613BA32 
 218      326A5DF0 
 219 048d 26DC3D7B 		.ascii	"&\334={/\331\005\2671!\271\2622\307\005w2\241\352\376"
 219      2FD905B7 
ARM GAS  /tmp/ccc9J5Mo.s 			page 17


 219      3121B9B2 
 219      32C70577 
 219      32A1EAFE 
 220 04a1 A1F34AFC 		.ascii	"\241\363J\374\234\011\003\357R\236\311q\017\023F\214"
 220      9C0903EF 
 220      529EC971 
 220      0F13468C 
 221 04b1 575FAB71 		.ascii	"W_\253q\037\023\316\324\364\373\263\\\366\002\351\\"
 221      1F13CED4 
 221      F4FBB35C 
 221      F602E95C 
 222 04c1 FBB04978 		.ascii	"\373\260Ix(v\221\015\362\376\253\370x%\356\247P\325"
 222      2876910D 
 222      F2FEABF8 
 222      7825EEA7 
 222      50D5
 223 04d3 64D6CD4A 		.ascii	"d\326\315JL7H\253\035\362W\215%M;\370\302zD\227\367"
 223      4C3748AB 
 223      1DF2578D 
 223      254D3BF8 
 223      C27A4497 
 224 04e8 1B88E1C4 		.ascii	"\033\210\341\304G\367\274g\215X\334Z\006l\341s6\275"
 224      47F7BC67 
 224      8D58DC5A 
 224      066CE173 
 224      36BD
 225 04fa FA26097C 		.ascii	"\372&\011|\324\026^5gG\225j\177m\237\214t\277n\225\342"
 225      D4165E35 
 225      6747956A 
 225      7F6D9F8C 
 225      74BF6E95 
 226 050f 876CF1E2 		.ascii	"\207l\361\342*\221f\332\010\334\036\246\232&\2044\233"
 226      2A9166DA 
 226      08DC1EA6 
 226      9A268434 
 226      9B
 227 0520 825C1887 		.ascii	"\202\\\030\207i\237\206\366\016\332$\264\267\320\336"
 227      699F86F6 
 227      0EDA24B4 
 227      B7D0DE
 228 052f 431BB3DA 		.ascii	"C\033\263\332W\373\244\366\372\355{/\335X\257\022<\324"
 228      57FBA4F6 
 228      FAED7B2F 
 228      DD58AF12 
 228      3CD4
 229 0541 6313F636 		.ascii	"c\023\3666\326\216F\\V\305\363\333\234\250\266A\273"
 229      D68E465C 
 229      56C5F3DB 
 229      9CA8B641 
 229      BB
 230 0552 EC993298 		.ascii	"\354\2312\230\313\206\366\312L\214G\330\002z\234\235"
 230      CB86F6CA 
 230      4C8C47D8 
 230      027A9C9D 
 231 0562 9EA3403E 		.ascii	"\236\243@>\363\231\221\033M8\221\254\272Y\030\375A\\"
 231      F399911B 
 231      4D3891AC 
ARM GAS  /tmp/ccc9J5Mo.s 			page 18


 231      BA5918FD 
 231      415C
 232 0574 04137411 		.ascii	"\004\023t\021\330\363\034\315\200\303?\306y\260_y\342"
 232      D8F31CCD 
 232      80C33FC6 
 232      79B05F79 
 232      E2
 233 0585 BA46BA0C 		.ascii	"\272F\272\014f\255\226\001\317\231\227\301\253\231c"
 233      66AD9601 
 233      CF9997C1 
 233      AB9963
 234 0594 3D72CCCB 		.ascii	"=r\314\313iz&\235N\233\305x+\023\366ON\015\221\212\352"
 234      697A269D 
 234      4E9BC578 
 234      2B13F64F 
 234      4E0D918A 
 235 05a9 0B525161 		.ascii	"\013RQaI=\365\005\253\247.^o<\340\212\267S0\227^td\273"
 235      493DF505 
 235      ABA72E5E 
 235      6F3CE08A 
 235      B7533097 
 236 05c1 CA5CEB40 		.ascii	"\312\\\353@a\242\360\241\333#:A\350o\345|\310 \272t"
 236      61A2F0A1 
 236      DB233A41 
 236      E86FE57C 
 236      C820BA74 
 237 05d5 37735E28 		.ascii	"7s^(\2213\327:\203U?=K\342\275\205S\243$\316\022\212"
 237      9133D73A 
 237      83553F3D 
 237      4BE2BD85 
 237      53A324CE 
 238 05eb 2F844AA7 		.ascii	"/\204J\247vW\333K5\336\303LL'\356\031\224K\012[\377"
 238      7657DB4B 
 238      35DEC34C 
 238      4C27EE19 
 238      944B0A5B 
 239 0600 CBB44A4A 		.ascii	"\313\264JJ\201\241\311\342P\320d\256\331lil\263C\003"
 239      81A1C9E2 
 239      50D064AE 
 239      D96C696C 
 239      B34303
 240 0613 8CD4643D 		.ascii	"\214\324d=\236\222\343\002\346\364\235\321\221i\214"
 240      9E92E302 
 240      E6F49DD1 
 240      91698C
 241 0622 4B985071 		.ascii	"K\230Pq#\375\232+.cBwG\375V5\256b\\\016\276*\252s\266"
 241      23FD9A2B 
 241      2E634277 
 241      47FD5635 
 241      AE625C0E 
 242 063b 70799F86 		.ascii	"py\237\206_\265@\254\345(\035\310\244\212d\352\220\303"
 242      5FB540AC 
 242      E5281DC8 
 242      A48A64EA 
 242      90C3
 243 064d 02328DB3 		.ascii	"\0022\215\263[\251\225\317\326\2478\311\341\354@U\255"
 243      5BA995CF 
ARM GAS  /tmp/ccc9J5Mo.s 			page 19


 243      D6A738C9 
 243      E1EC4055 
 243      AD
 244 065e 9793BE6D 		.ascii	"\227\223\276m\243\3273\324\270\237\321\030M1\326\311"
 244      A3D733D4 
 244      B89FD118 
 244      4D31D6C9 
 245 066e F17B26E4 		.ascii	"\361{&\344\231\246\2568St\212\005\3358\\\230\247\304"
 245      99A6AE38 
 245      53748A05 
 245      DD385C98 
 245      A7C4
 246 0680 F10A0A48 		.ascii	"\361\012\012H\375\320\377\014\343\355L\230y\222\225"
 246      FDD0FF0C 
 246      E3ED4C98 
 246      799295
 247 068f E9823399 		.ascii	"\351\2023\231\220\270\2478\303\035\3473\341Y\342\370"
 247      90B8A738 
 247      C31DE733 
 247      E159E2F8 
 248 069f 7B393EC8 		.ascii	"{9>\310\004s]\357\311\352\372\212\336\213yj\266I\361"
 248      04735DEF 
 248      C9EAFA8A 
 248      DE8B796A 
 248      B649F1
 249 06b2 A4927F7F 		.ascii	"\244\222\177\177\360\344\026\016W2l\375\235\244I\016"
 249      F0E4160E 
 249      57326CFD 
 249      9DA4490E 
 250 06c2 9F6442D7 		.ascii	"\237dB\327\333\303\273\325\330\304\004s\375\277\206"
 250      DBC3BBD5 
 250      D8C40473 
 250      FDBF86
 251 06d1 D5FF25A7 		.ascii	"\325\377%\247\267\347\311q\003\2737d\314oW\003mT\010"
 251      B7E7C971 
 251      03BB3764 
 251      CC6F5703 
 251      6D5408
 252 06e4 A12A8059 		.ascii	"\241*\200Y \235\203\355\005\027\344\370\021Cd\267\017"
 252      209D83ED 
 252      0517E4F8 
 252      114364B7 
 252      0F
 253 06f5 0F638228 		.ascii	"\017c\202(\006\304\277x\241\"\216\372v\364z\316\013"
 253      06C4BF78 
 253      A1228EFA 
 253      76F47ACE 
 253      0B
 254 0706 39EE6598 		.ascii	"9\356e\2307\027\023zT\004S\012\230\177\366B%\024\303"
 254      3717137A 
 254      5404530A 
 254      987FF642 
 254      2514C3
 255 0719 5DCEBE99 		.ascii	"]\316\276\231\214\221\322g\013=\333$\304\213g\033\031"
 255      8C91D267 
 255      0B3DDB24 
 255      C48B671B 
ARM GAS  /tmp/ccc9J5Mo.s 			page 20


 255      19
 256 072a 3AC029E9 		.ascii	":\300)\351\032:\010\301\337\317\311-\007\034!\031kq"
 256      1A3A08C1 
 256      DFCFC92D 
 256      071C2119 
 256      6B71
 257 073c F3A5AD64 		.ascii	"\363\245\255d\032\001g\363<,-N\374\007\234\356D'\177"
 257      1A0167F3 
 257      3C2C2D4E 
 257      FC079CEE 
 257      44277F
 258 074f 74B0EE31 		.ascii	"t\260\3561F>Ja\313\310\247O\264\303\240\372\2208\363"
 258      463E4A61 
 258      CBC8A74F 
 258      B4C3A0FA 
 258      9038F3
 259 0762 44039C2B 		.ascii	"D\003\234+\347p@e`\332\021\015R\3164L<T\340}\324\020"
 259      E7704065 
 259      60DA110D 
 259      52CE344C 
 259      3C54E07D 
 260 0778 7A9D72AA 		.ascii	"z\235r\252\022\343\003Lxz\356D\265\033q\267\\\022\264"
 260      12E3034C 
 260      787AEE44 
 260      B51B71B7 
 260      5C12B4
 261 078b 9481EC77 		.ascii	"\224\201\354w\010\237f\210\346\333}y$wP\005\013\332"
 261      089F6688 
 261      E6DB7D79 
 261      24775005 
 261      0BDA
 262 079d 5116B48C 		.ascii	"Q\026\264\214\335\005\345r|\225a\212:\013\366\271\020"
 262      DD05E572 
 262      7C95618A 
 262      3A0BF6B9 
 262      10
 263 07ae CC7116B4 		.ascii	"\314q\026\264c,h\015\246\276S\316\016\202V%\260=\001"
 263      632C680D 
 263      A6BE53CE 
 263      0E825625 
 263      B03D01
 264 07c1 6C2BE704 		.ascii	"l+\347\004\255c\257\027-!\252\346\204,u"
 264      AD63AF17 
 264      2D21AAE6 
 264      842C75
 265 07d0 AFF1AE0A 		.ascii	"\257\361\256\012\337a1k\035~\013\305\245=\003\350\024"
 265      DF61316B 
 265      1D7E0BC5 
 265      A53D03E8 
 265      14
 266 07e1 E8FDB88D 		.ascii	"\350\375\270\215\231\2754\304'\001T-\206\270\212\206"
 266      99BD34C4 
 266      2701542D 
 266      86B88A86 
 267 07f1 981CFDF2 		.ascii	"\230\034\375\362\007G\345\370)sp\377p\3033%\356\021"
 267      0747E5F8 
 267      297370FF 
ARM GAS  /tmp/ccc9J5Mo.s 			page 21


 267      70C33325 
 267      EE11
 268 0803 84879987 		.ascii	"\204\207\231\207i\032\235\221\304\254\251/\033\3165"
 268      691A9D91 
 268      C4ACA92F 
 268      1BCE35
 269 0812 230CD13B 		.ascii	"#\014\321;v;\227\246\3429\026\263\263,fO\267\347\217"
 269      763B97A6 
 269      E23916B3 
 269      B32C664F 
 269      B7E78F
 270 0825 633CCD30 		.ascii	"c<\3150\211-\003g\334\011\346\002\213\331y\026\263\346"
 270      892D0367 
 270      DC09E602 
 270      8BD97916 
 270      B3E6
 271 0837 8A86331E 		.ascii	"\212\2063\036\016bV+\370s\021\374\251\231\343\317}#"
 271      0E62562B 
 271      F87311FC 
 271      A999E3CF 
 271      7D23
 272 0849 8B59ED9C 		.ascii	"\213Y\355\234\230\335\355N\251w\301\311\3164f\311\303"
 272      98DDED4E 
 272      A977C1C9 
 272      CE3466C9 
 272      C3
 273 085a CF5F3888 		.ascii	"\317_8\210Y=\350\375\270\2151#\215Y\035\200Lb\314j\315"
 273      593DE8FD 
 273      B88D3123 
 273      8D591D80 
 273      4C62CC6A 
 274 086f 316B7D56 		.ascii	"1k}VZ\306\341Lg\266\223\337JKR\342\002&\304OU\244:\261"
 274      5AC6E14C 
 274      67B693DF 
 274      4A4B52E2 
 274      0226C44F 
 275 0887 D3E50FDB 		.ascii	"\323\345\017\333@\177^R\325\274\307\011y\323\262\333"
 275      407F5E52 
 275      D5BCC709 
 275      79D3B2DB 
 276 0897 D57581DC 		.ascii	"\325u\201\334u>\273\366\206\013\"\373\010\337\336>\363"
 276      753EBBF6 
 276      860B22FB 
 276      08DFDE3E 
 276      F3
 277 08a8 7D4861EE 		.ascii	"}Ha\356\343\303*U\3306\337\034K\203b\246\016\321\375"
 277      E3C32A55 
 277      D836DF1C 
 277      4B8362A6 
 277      0ED1FD
 278 08bb 2B01785E 		.ascii	"+\001x^\343\346\213\366\252$U\266\364\271\270\027l\033"
 278      E3E68BF6 
 278      AA2455B6 
 278      F4B9B817 
 278      6C1B
 279 08cd C96C5238 		.ascii	"\311lR8\211\301k`\326\313y\243\036hO\241\265A\273\016"
 279      89C16B60 
ARM GAS  /tmp/ccc9J5Mo.s 			page 22


 279      D6CB79A3 
 279      1E684FA1 
 279      B541BB0E 
 280 08e1 AD095A23 		.ascii	"\255\011Z#\264\253\320\0328iu_\377\2779\274)\001S\303"
 280      B4ABD01A 
 280      3869755F 
 280      FFBF39BC 
 280      290153C3 
 281 08f5 79F60D4B 		.ascii	"y\366\015KK\360\372\357E\370v\373pIy\377\354/\254\352"
 281      4BF0FAEF 
 281      45F876FB 
 281      704979FF 
 281      EC2FACEA 
 282 0909 2027F81D 		.ascii	" '\370\035\002\332AUDO\003\377\303\340\315\234+\332"
 282      02DA4155 
 282      444F03FF 
 282      C3E0CD9C 
 282      2BDA
 283 091b 691F4E95 		.ascii	"i\037N\225K\036\3477\270\005\"d\030\274o\201\261l\222"
 283      4B1EE737 
 283      B8052264 
 283      18BC6F81 
 283      B16C92
 284 092e 1DA06412 		.ascii	"\035\240d\022\310\036\372\212*\221\237\307\241o?\265"
 284      C81EFA8A 
 284      2A919FC7 
 284      A16F3FB5 
 285 093e F8212378 		.ascii	"\370!#x\370\276\311\221w{\344\251r\013F\354\002I\242"
 285      F8BEC991 
 285      777BE4A9 
 285      720B46EC 
 285      0249A2
 286 0951 F23627AD 		.ascii	"\3626'\255#n\261:\302n\3212\004\254\356\010\3633\010"
 286      236EB13A 
 286      C26ED132 
 286      04ACEE08 
 286      F33308
 287 0964 D7033007 		.ascii	"\327\0030\007\375\320\336@{\010\355\001\264\373\320"
 287      FDD0DE40 
 287      7B08ED01 
 287      B4FBD0
 288 0973 EE41BB0B 		.ascii	"\356A\273\013\255\225\223Vn\255i\230E\374\012D\3742"
 288      AD959356 
 288      6EAD6998 
 288      45FC0A44 
 288      FC32
 289 0985 04E58E83 		.ascii	"\004\345\216\203\210\333\265}I\030\360\343m\323\263"
 289      88DBB57D 
 289      4918F0E3 
 289      6DD3B3
 290 0994 5C2AAE65 		.ascii	"\\*\256e\205\036\034\027\320)\304t}d\002[S\2052\223"
 290      851E1C17 
 290      D029C474 
 290      7D64025B 
 290      53853293 
 291 09a8 E07BEDE3 		.ascii	"\340{\355\343%\3511\266\023\3270\375$A^\331\342O\317"
 291      25E931B6 
ARM GAS  /tmp/ccc9J5Mo.s 			page 23


 291      13D730FD 
 291      24415ED9 
 291      E24FCF
 292 09bb D17F7FA7 		.ascii	"\321\177\177\247\231\020\024n\250\317\376\000\211\201"
 292      9910146E 
 292      A8CFFE00 
 292      8981
 293 09c9 916D029F 		.ascii	"\221m\002\237G\000\217\347l\340\222BU2\261\217\255&"
 293      47008FE7 
 293      6CE09242 
 293      5532B18F 
 293      AD26
 294 09db F691D5C4 		.ascii	"\366\221\325\304&KW\035z\005\001\025\026\236\354G\256"
 294      264B571D 
 294      7A050115 
 294      169EEC47 
 294      AE
 295 09ec BA8EE9CF 		.ascii	"\272\216\351\317\330)\371\011\020\333m\233\352R\307"
 295      D829F909 
 295      10DB6D9B 
 295      EA52C7
 296 09fb 25CC3AA4 		.ascii	"%\314:\244\271\336\005\306\333\355\345z\207U\256\267"
 296      B9DE05C6 
 296      DBEDE57A 
 296      8755AEB7 
 297 0a0b FFD55CEF 		.ascii	"\377\325\\\357\240\271\336i\225\353\231 \011'\343\361"
 297      A0B9DE69 
 297      95EB9920 
 297      0927E3F1 
 298 0a1b 7909F464 		.ascii	"y\011\364d\014\275Y\342\376\331N\303\302|\231\231\022"
 298      0CBD59E2 
 298      FED94EC3 
 298      C27C9999 
 298      12
 299 0a2c 7C790698 		.ascii	"|y\006\230=\366}\261]\266\335RW^\202+\317\355\271\322"
 299      3DF67DB1 
 299      5DB6DD52 
 299      575E822B 
 299      CFEDB9D2 
 300 0a40 6DE5CAF3 		.ascii	"m\345\312\363\277\352J7u\345\205\225+\353-\236\0142"
 300      BFEA4A37 
 300      75E58595 
 300      2BEB2D9E 
 300      0C32
 301 0a52 4F08CB6C 		.ascii	"O\010\313l\321\223\347\022O:\244\236\344\330z2\347u"
 301      D193E712 
 301      4F3AA49E 
 301      E4D87A32 
 301      E775
 302 0a64 C4E49F59 		.ascii	"\304\344\237Yr\021t\256]\264\344\025\303\215Y\372\034"
 302      721174AE 
 302      5DB4E415 
 302      C38D59FA 
 302      1C
 303 0a75 EA034CBE 		.ascii	"\352\003L\276h\035\2068\330\323\245\331\365\243\266"
 303      681D8638 
 303      D8D3A5D9 
ARM GAS  /tmp/ccc9J5Mo.s 			page 24


 303      F5A3B6
 304 0a84 75A11C99 		.ascii	"u\241\034\231do4\210\001\253\003\034]F\333pM\005\004"
 304      646F3488 
 304      01AB031C 
 304      5D46DB70 
 304      4D0504
 305 0a97 D089566B 		.ascii	"\320\211Vk\373\204u!<R5\266otF\2221{\223B\352\216#v"
 305      FB847521 
 305      3C5235B6 
 305      6F744692 
 305      317B9342 
 306 0aaf C092972E 		.ascii	"\300\222\227.\255f,y\336\236\266\203\225Ddlv\036\245"
 306      AD662C79 
 306      DE9EB683 
 306      9544646C 
 306      761EA5
 307 0ac2 78C79AA2 		.ascii	"x\307\232\242ps\340Sz6$\333\354%1^wh\274\204\011\235"
 307      7073E053 
 307      7A3624DB 
 307      EC25315E 
 307      7768BC84 
 308 0ad8 60134A9E 		.ascii	"`\023J\236\026\031\"\244\205N(\231{\311\333\360\325"
 308      161922A4 
 308      854E2899 
 308      7BC9DBF0 
 308      D5
 309 0ae9 73DF86AF 		.ascii	"s\337\206\257f\247\267\322\211\301\323\256x?\2534n\327"
 309      66A7B7D2 
 309      89C1D3AE 
 309      783FAB34 
 309      6ED7
 310 0afb F43F555A 		.ascii	"\364?UZ\2163=\375\377t\246g;\251\203\307`\357}+\232"
 310      8E333DFD 
 310      FF74A667 
 310      3BA983C7 
 310      60EF7D2B 
 311 0b10 58EDF034 		.ascii	"X\355\3604\363\016&j\265P\031\214\302L\216\220\231\204"
 311      F30E266A 
 311      B550198C 
 311      C24C8E90 
 311      9984
 312 0b22 D160E8D4 		.ascii	"\321`\350\324\316\3135\\\007z\202Hf\316\243\256\"\304"
 312      CECB355C 
 312      077A8248 
 312      66CEA3AE 
 312      22C4
 313 0b34 BE116D54 		.ascii	"\276\021mT\2345\177\020\242\375\320\313\311\204\377"
 313      9C357F10 
 313      A2FDD0CB 
 313      C984FF
 314 0b43 C498BB90 		.ascii	"\304\230\273\220y\204 s\202\310\011*\351\2370\030I4"
 314      79842073 
 314      82C8092A 
 314      E99F3018 
 314      4934
 315 0b55 B2DBCC92 		.ascii	"\262\333\314\222\371#cp\306DF\265\263\321\210\023\015"
 315      F9236370 
ARM GAS  /tmp/ccc9J5Mo.s 			page 25


 315      C64446B5 
 315      B3D18813 
 315      0D
 316 0b66 20241D20 		.ascii	" $\035 Q\310h\013\367-\374d\242s\310\\\320\015\3476"
 316      51C8680B 
 316      F72DFC64 
 316      A273C85C 
 316      D00DE736 
 317 0b7a BF5477A2 		.ascii	"\277Tw\242v\322[\370kD\373\262\366o\316v\305{\224t\036"
 317      76D25BF8 
 317      6B44FBB2 
 317      F66FCE76 
 317      C57B9474 
 318 0b8f DE15DE6E 		.ascii	"\336\025\336nu[ Y\331\344\275\235\270\264'\351\322^"
 318      755B2059 
 318      D9E4BD9D 
 318      B8B427E9 
 318      D25E
 319 0ba1 2F67DA26 		.ascii	"/g\332&^\035MV}^\310\027v\361\246\331\355\212\232\252"
 319      5E1D4D56 
 319      7D5EC817 
 319      76F1A6D9 
 319      ED8A9AAA 
 320 0bb5 6E9E57CB 		.ascii	"n\236W\313\011\010M\210\323\004\227\360=\316u\"\364"
 320      09084D88 
 320      D30497F0 
 320      3DCE7522 
 320      F4
 321 0bc6 1E222F43 		.ascii	"\036\"/CS\334\347\244\214}\374\016\356\234bf\307\343"
 321      53DCE7A4 
 321      8C7DFC0E 
 321      EE9C6266 
 321      C7E3
 322 0bd8 EFD5A9A5 		.ascii	"\357\325\251\245f\327H\255~ V\005\017\006\316\014\245"
 322      66D748AD 
 322      7E205605 
 322      0F06CE0C 
 322      A5
 323 0be9 28C06617 		.ascii	"(\300f\027I\275\007\316\271|=G\356\243ib\005\260\302"
 323      49BD07CE 
 323      B97C3D47 
 323      EEA36962 
 323      05B0C2
 324 0bfc AF0CCD50 		.ascii	"\257\014\315P+\335=\251\035\010_dV\206\257ug!z>%^\261"
 324      2BDD3DA9 
 324      1D085F64 
 324      5686AF75 
 324      67217A3E 
 325 0c13 F369EDE5 		.ascii	"\363i\355\345\204+\330\261\303\244\312\225!\036\013"
 325      842BD8B1 
 325      C3A4CA95 
 325      211E0B
 326 0c22 1E9F1D3E 		.ascii	"\036\237\035>9f\266\336\231\253\310;xu\007_\204(\014"
 326      3966B6DE 
 326      99ABC83B 
 326      7875075F 
 326      84280C
ARM GAS  /tmp/ccc9J5Mo.s 			page 26


 327 0c35 CD8A2ECF 		.ascii	"\315\212.\317\232I$`B\242\263\265q\306\031\277a$\316"
 327      9A492460 
 327      42A2B3B5 
 327      71C619BF 
 327      6124CE
 328 0c48 8E151D66 		.ascii	"\216\025\035f\207da_\204\276#OKwYE\235d\272H\"\211\222"
 328      8764615F 
 328      84BE234F 
 328      4B775945 
 328      9D64BA48 
 329 0c5f D86C26D1 		.ascii	"\330l&\321WW\234\356!\220\200Cb\362u\201\004\300P\""
 329      57579CEE 
 329      21908043 
 329      62F27581 
 329      04C05022 
 330 0c73 B690804B 		.ascii	"\266\220\200KFb\013%aL\337\326\340\216\247\031\211\264"
 330      46620B25 
 330      614CDFD6 
 330      E08EA719 
 330      89B4
 331 0c85 936DD31E 		.ascii	"\223m\323\036x\253\212.7\343\261\242Q\354\350\037C)"
 331      78AB8A2E 
 331      37E3B1A2 
 331      51ECE81F 
 331      4329
 332 0c97 D8E13F86 		.ascii	"\330\341?\206\016+^\337\345\371\205h\033V\243dl\363"
 332      0E2B5EDF 
 332      E5F98568 
 332      1B56A364 
 332      6CF3
 333 0ca9 968184B6 		.ascii	"\226\201\204\266`\274\232\243\236\022\004\363\264\341"
 333      60BC9AA3 
 333      9E1204F3 
 333      B4E1
 334 0cb7 EC64B755 		.ascii	"\354d\267U\270\255\236\034;\250\243\333\315\216\036"
 334      B8AD9E1C 
 334      3BA8A3DB 
 334      CD8E1E
 335 0cc6 2A304EBA 		.ascii	"*0N\272\011\216\336\254PT$\011\216\002\014m\025\015"
 335      098EDEAC 
 335      50542409 
 335      8E020C6D 
 335      150D
 336 0cd8 6E353BBA 		.ascii	"n5;\272\223:z\373|[\263\032\337R\261w&\345S\307\325"
 336      933A7AFB 
 336      7C5BB31A 
 336      DF52B177 
 336      26E553C7 
 337 0ced 94C33A73 		.ascii	"\224\303:s\260\273\207r^\273\321.\022\3454L;\023Zj\217"
 337      B0BB8772 
 337      5EBBD12E 
 337      12E5344C 
 337      3B135A6A 
 338 0d02 B85A6625 		.ascii	"\270Zf%\235u>(Hy\354\341\220l\006%\273\313Lv\340q\353"
 338      9D753E28 
 338      4879ECE1 
 338      906C0625 
ARM GAS  /tmp/ccc9J5Mo.s 			page 27


 338      BBCB4C76 
 339 0d19 11A540F6 		.ascii	"\021\245@\366u-\236)\333bZCA(U\244\232j\246\272\233"
 339      752D9E29 
 339      DB625A43 
 339      412855A4 
 339      9A6AA6BA 
 340 0d2e 526DCCBE 		.ascii	"Rm\314\276U\004GE\225\303\354\314\250o+u\262\364e1Z"
 340      55044745 
 340      95C3ECCC 
 340      A86F2B75 
 340      B2F46531 
 341 0d43 054D8DE9 		.ascii	"\005M\215\351\256\016ieSZ{\314\264\366\265\364\276@"
 341      AE0E6965 
 341      535A7BCC 
 341      B4F6B5F4 
 341      BE40
 342 0d55 E68CAD51 		.ascii	"\346\214\255Q\264\227SZ\000B\231\"\255L3\255\034Jkr"
 342      B497535A 
 342      00429922 
 342      AD4C33AD 
 342      1C4A6B72 
 343 0d69 722CDF03 		.ascii	"r,\337\003oa;sI\363\216SXP\320\226\253\310?hQ\220+*"
 343      6F613B73 
 343      49F38E53 
 343      5850D096 
 343      ABC83F68 
 344 0d81 C8352B30 		.ascii	"\3105+0R\005\325\246\033&7\274\233)H\313\334rI\361\263"
 344      5205D5A6 
 344      1B2637BC 
 344      9B2948CB 
 344      DC7249F1 
 345 0d96 12AA00CE 		.ascii	"\022\252\000\316X\251'\312\267\361\351\336\364\221\262"
 345      58A927CA 
 345      B7F1E9DE 
 345      F491B2
 346 0da5 976990BC 		.ascii	"\227i\220\274S\335K\024\241<\3743\362\316\360\300\314"
 346      53DD4B14 
 346      A13CFC33 
 346      F2CEF0C0 
 346      CC
 347 0db6 137772F4 		.ascii	"\023wr\364\343\205B\304S\372_\302|\014i\006O3Z\317\222"
 347      E38542C4 
 347      53FA5FC2 
 347      7C0C6906 
 347      4F335ACF 
 348 0dcb F7DFD73A 		.ascii	"\367\337\327:\356\011\377\230\371;\362\346\252\345\332"
 348      EE09FF98 
 348      F93BF2E6 
 348      AAE5DA
 349 0dda 13CCDE13 		.ascii	"\023\314\336\023%\223\227\331\373\016\327\347(=\323"
 349      259397D9 
 349      FB0ED7E7 
 349      283DD3
 350 0de9 8547FC42 		.ascii	"\205G\374BD\003Z\200\275\320>L\264\025bO\263N*\220\311"
 350      44035A80 
 350      BDD03E4C 
 350      B415624F 
ARM GAS  /tmp/ccc9J5Mo.s 			page 28


 350      B34E2A90 
 351 0dfe B99771DC 		.ascii	"\271\227q\334M\372\316\222\370,\332/\302\264$%\277\344"
 351      4DFACE92 
 351      F82CDA2F 
 351      C2B42425 
 351      BFE4
 352 0e10 3D9889EF 		.ascii	"=\230\211\357r\226\2023\254\300\305\002\270\230\202"
 352      72968233 
 352      ACC0C502 
 352      B89882
 353 0e1f CFF76727 		.ascii	"\317\367g'*\245`0(\001\227\010\340\022\012N\357\032"
 353      2AA56030 
 353      28019708 
 353      E0120A4E 
 353      EF1A
 354 0e31 BF6205DE 		.ascii	"\277b\005\336a\245\271T\000\227R\360\365\374\323)V\377"
 354      61A5B954 
 354      009752F0 
 354      F5FCD329 
 354      56FF
 355 0e43 C64AB202 		.ascii	"\306J\262\002\357\027\300\373)8\263\367Q\245\273\024"
 355      EF17C0FB 
 355      2938B3F7 
 355      51A5BB14 
 356 0e53 1C6F053E 		.ascii	"\034o\005> \200\017Pp\347\370\203\016W)\370\203UUxP"
 356      20800F50 
 356      70E7F883 
 356      0E5729F8 
 356      83555578 
 357 0e68 00935FE5 		.ascii	"\000\223_\345o\277Y\267p\231\237\237L\245\325\306\206"
 357      6FBF59B7 
 357      70999F9F 
 357      4CA5D5C6 
 357      86
 358 0e79 47197EA5 		.ascii	"G\031~\2455\374\247&,:R\247\211\320EG\005\353C\2435"
 358      35FCA726 
 358      2C3A52A7 
 358      89D04547 
 358      05EB43A3 
 359 0e8e CB753121 		.ascii	"\313u1!\301\372\357\202c4\337\205\204,\016\326G.\216"
 359      C1FAEF82 
 359      6334DF85 
 359      842C0ED6 
 359      472E8E
 360 0ea1 8A8ED22D 		.ascii	"\212\216\322-\326\005\257\017_\374\345b\377%~\277\\"
 360      D605AF0F 
 360      5FFCE562 
 360      FF257EBF 
 360      5C
 361 0eb2 FC5F7E8B 		.ascii	"\374_~\213c7\206\006\033t\032\253\333\232\360\250\220"
 361      63378606 
 361      1B741AAB 
 361      DB9AF0A8 
 361      90
 362 0ec3 88D8509D 		.ascii	"\210\330P\235&28$,<J\247\321\206\3526\004\307F\030\264"
 362      26323824 
 362      2C3C4AA7 
ARM GAS  /tmp/ccc9J5Mo.s 			page 29


 362      D186EA36 
 362      04C74618 
 363 0ed8 863F6DD4 		.ascii	"\206?m\324\305\370\206\311\234\005\233\177\370\377\267"
 363      C5F886C9 
 363      9C059B7F 
 363      F8FFB7
 364 0ee7 19F3A718 		.ascii	"\031\363\247\030\2156\306\020\012\006\300\220\"42\330"
 364      8D36C610 
 364      0A06C090 
 364      223432D8 
 365 0ef7 10A78AD1 		.ascii	"\020\247\212\321El\010\217\012\325\3059\205\307\204"
 365      456C088F 
 365      0AD5C539 
 365      85C784
 366 0f06 856F30C8 		.ascii	"\205o0\310\3037\204\350\325\314\365\000\177\255Ai\276"
 366      C33784E8 
 366      D5CCF500 
 366      7FAD4169 
 366      BE
 367 0f17 708A31E8 		.ascii	"p\2121\350u\301\221\362U~K\003\345\253\226,\015\304"
 367      75C191F2 
 367      557E4B03 
 367      E5AB962C 
 367      0DC4
 368 0f29 6BE0E29B 		.ascii	"k\340\342\233\345A\201\334\262@\374\325\262\300\237"
 368      E54181DC 
 368      B240FCD5 
 368      B2C09F
 369 0f38 FBFA6A34 		.ascii	"\373\372j4\3211\032]\234A\263l\325\332\225k5k\203\340"
 369      D1311A5D 
 369      9C41B36C 
 369      D5DA956B 
 369      356B83E0 
 370 0f4c 6F5580FF 		.ascii	"oU\200\377W\277\210\213\323\304\030\"\003\3747\374b"
 370      57BF888B 
 370      D3C41822 
 370      03FC37FC 
 370      62
 371 0f5d C92FE3E2 		.ascii	"\311/\343\342\300\272\347\362UK\265k\251Fm\020\270\276"
 371      C0BAE7F2 
 371      554BB56B 
 371      A9466D10 
 371      B8BE
 372 0f6f 5CB7C169 		.ascii	"\\\267\301i\223.\304\020\255_,\250\011\013\216\320l"
 372      932EC410 
 372      AD5F2CA8 
 372      090B8ED0 
 372      6C
 373 0f80 8CD61B62 		.ascii	"\214\326\033b\230\016\315\327_/\327\300\240M\376L\223"
 373      980ECDD7 
 373      5F2FD7C0 
 373      A04DFE4C 
 373      93
 374 0f91 16E8133D 		.ascii	"\026\350\023=\026A\313\370i\015\3041}\2343"
 374      1641CBF8 
 374      690DC431 
 374      7D9C33
ARM GAS  /tmp/ccc9J5Mo.s 			page 30


 375 0fa0 7C474687 		.ascii	"|GF\207\352\024\2611\301z\003^\026\030\000\315\037\232"
 375      EA14B131 
 375      C17A035E 
 375      161800CD 
 375      1F9A
 376 0fb2 1FFE4D60 		.ascii	"\037\376M` \267<\220[\033(\377m\320\232@\267uk\227\006"
 376      20B73C90 
 376      5B1B28FF 
 376      6DD09A40 
 376      B7756B97 
 377 0fc7 06594884 		.ascii	"\006YH\204DGm\010\377\016\207\350\375\205 \370})\004"
 377      44476D08 
 377      FF0E87E8 
 377      FD8520F8 
 377      7D2904
 378 0fda 815C40BF 		.ascii	"\201\\@\277\237\"f\243N\027\252\324\307\351\364zm\310"
 378      9F2266A3 
 378      4E17AAD4 
 378      C7E9F47A 
 378      6DC8
 379 0fec 7A9758D0 		.ascii	"z\227X\320\277!\"\370\273\030\255\301\367#\334\251\231"
 379      BF2122F8 
 379      BB18ADC1 
 379      F723DCA9 
 379      99
 380 0ffd 4D7E1A   		.ascii	"M~\032"
 381 1000 02D74644 		.ascii	"\002\327FD\204\002y\025\271\326\205\254\327\032T\372"
 381      84027915 
 381      B9D685AC 
 381      D71A54FA 
 382 1010 B890B060 		.ascii	"\270\220\260`\242\216\366\205\220>b!*\024\272\224\264"
 382      A28EF685 
 382      903E6221 
 382      2A14BA94 
 382      B4
 383 1021 8BA00CA4 		.ascii	"\213\240\014\244\307\237\240\350\225\037\\\001\243\000"
 383      C79FA0E8 
 383      951F5C01 
 383      A300
 384 102f F53A50BD 		.ascii	"\365:P\275\214\022w\326\307\305\030 \005\346\221.m\340"
 384      8C1277D6 
 384      C7C51820 
 384      05E6912E 
 384      6DE0
 385 1041 BF6B97AD 		.ascii	"\277k\227\255^\265\346\353\025A+\334\315\035K\227\005"
 385      5EB5E6EB 
 385      15412BDC 
 385      CD1D4B97 
 385      05
 386 1052 ADFC7685 		.ascii	"\255\374v\205\253Y\\\271\374\353\025\237Ih\233\223\205"
 386      AB595CB9 
 386      FCEB159F 
 386      49689B93 
 386      85
 387 1063 D8048A6E 		.ascii	"\330\004\212n\344W\320\25158\033\244\332\203l\265\007"
 387      E457D0A9 
 387      35381BA4 
ARM GAS  /tmp/ccc9J5Mo.s 			page 31


 387      DA836CB5 
 387      07
 388 1074 596B0F62 		.ascii	"Yk\017b\332\251\012\203Y\205\202\376\252\231\371\025"
 388      DAA90A83 
 388      598582FE 
 388      AA99F915 
 389 1084 4B97FF87 		.ascii	"K\227\377\207\212^\256\015Z\275\306\205^\255\373f\345"
 389      8A5EAE0D 
 389      5ABDC685 
 389      5EADFB66 
 389      E5
 390 1095 372B8368 		.ascii	"7+\203hT\205!\024\274\\\037\276I\247W\350\343\326\307"
 390      54852114 
 390      BC5C1FBE 
 390      49A757E8 
 390      E3D6C7
 391 10a8 6E708A09 		.ascii	"np\212\011\3773\364\207\377-K$\"|=\201\331,\225/}\003"
 391      FF33F487 
 391      FF2D4B24 
 391      227C3D81 
 391      D92C952F 
 392 10be 7CFDC405 		.ascii	"|\375\304\005c\010\205\345\011QP\222\340\256\210\324"
 392      630885E5 
 392      09515092 
 392      E0AE88D4 
 393 10ce 077CEAAB 		.ascii	"\007|\352\2531_Z.|Cd\312\230P\355\306\330(C\264\013"
 393      315F5A2E 
 393      7C4364CA 
 393      9850EDC6 
 393      D82843B4 
 394 10e3 A460A856 		.ascii	"\244`\250V\247\333\250\217\216\\\350\253YA/\276\015"
 394      A7DBA88F 
 394      8E5CE8AB 
 394      59412FBE 
 394      0D
 395 10f4 D71B6221 		.ascii	"\327\033b!\264V\022h\365 >\2565Do\014\324\205\350\300"
 395      B4561268 
 395      F5203EAE 
 395      35446F0C 
 395      D485E8C0 
 396 1108 3B754858 		.ascii	";uHXPX\350\332\010\030\256\202\265j\010\217\004'\377"
 396      5058E8DA 
 396      0818AE82 
 396      B56A088F 
 396      0427FF
 397 111b 51981BBD 		.ascii	"Q\230\033\275\301B+$\214\334\025\366\213\237\332\273"
 397      C1422B24 
 397      8CDC15F6 
 397      8B9FDABB 
 398 112b 6F08233C 		.ascii	"o\010#<\310\355y\314\006|\011FT\277\2115\030\242\243"
 398      C8ED79CC 
 398      067C0946 
 398      54BF8935 
 398      18A2A3
 399 113e 80F867BE 		.ascii	"\200\370g\276\032\313u\200\344\022F\271\376Q\037\016"
 399      1ACB7580 
 399      E41246B9 
ARM GAS  /tmp/ccc9J5Mo.s 			page 32


 399      FE511F0E 
 400 114e 91677E38 		.ascii	"\221g~8\321\360\373\375\037}\203\270\206"
 400      D1F0FBFD 
 400      1F7D83B8 
 400      86
 401              		.text
 402              		.section	.gnu.lto_.symtab.8001bcc26a02e458,"",%progbits
 403 0000 436F6E66 		.ascii	"ConfEmr3\000"
 403      456D7233 
 403      00
 404 0009 00       		.ascii	"\000"
 405 000a 00       		.ascii	"\000"
 406 000b 00       		.ascii	"\000"
 407 000c 00000000 		.ascii	"\000\000\000\000\000\000\000\000"
 407      00000000 
 408 0014 7B010000 		.ascii	"{\001\000\000"
 409 0018 55415254 		.ascii	"UARTD1\000"
 409      443100
 410 001f 00       		.ascii	"\000"
 411 0020 02       		.ascii	"\002"
 412 0021 00       		.ascii	"\000"
 413 0022 00000000 		.ascii	"\000\000\000\000\000\000\000\000"
 413      00000000 
 414 002a 9C010000 		.ascii	"\234\001\000\000"
 415 002e 73645F70 		.ascii	"sd_punto\000"
 415      756E746F 
 415      00
 416 0037 00       		.ascii	"\000"
 417 0038 02       		.ascii	"\002"
 418 0039 00       		.ascii	"\000"
 419 003a 00000000 		.ascii	"\000\000\000\000\000\000\000\000"
 419      00000000 
 420 0042 7E010000 		.ascii	"~\001\000\000"
 421 0046 72656164 		.ascii	"read_eeprom\000"
 421      5F656570 
 421      726F6D00 
 422 0052 00       		.ascii	"\000"
 423 0053 02       		.ascii	"\002"
 424 0054 00       		.ascii	"\000"
 425 0055 00000000 		.ascii	"\000\000\000\000\000\000\000\000"
 425      00000000 
 426 005d 82010000 		.ascii	"\202\001\000\000"
 427 0061 75617274 		.ascii	"uartStopReceive\000"
 427      53746F70 
 427      52656365 
 427      69766500 
 428 0071 00       		.ascii	"\000"
 429 0072 02       		.ascii	"\002"
 430 0073 00       		.ascii	"\000"
 431 0074 00000000 		.ascii	"\000\000\000\000\000\000\000\000"
 431      00000000 
 432 007c 86010000 		.ascii	"\206\001\000\000"
 433 0080 63685468 		.ascii	"chThdSleep\000"
 433      64536C65 
 433      657000
 434 008b 00       		.ascii	"\000"
 435 008c 02       		.ascii	"\002"
ARM GAS  /tmp/ccc9J5Mo.s 			page 33


 436 008d 00       		.ascii	"\000"
 437 008e 00000000 		.ascii	"\000\000\000\000\000\000\000\000"
 437      00000000 
 438 0096 8D010000 		.ascii	"\215\001\000\000"
 439 009a 75617274 		.ascii	"uartStartReceive\000"
 439      53746172 
 439      74526563 
 439      65697665 
 439      00
 440 00ab 00       		.ascii	"\000"
 441 00ac 02       		.ascii	"\002"
 442 00ad 00       		.ascii	"\000"
 443 00ae 00000000 		.ascii	"\000\000\000\000\000\000\000\000"
 443      00000000 
 444 00b6 93010000 		.ascii	"\223\001\000\000"
 445 00ba 42757474 		.ascii	"ButtonEmr\000"
 445      6F6E456D 
 445      7200
 446 00c4 00       		.ascii	"\000"
 447 00c5 02       		.ascii	"\002"
 448 00c6 00       		.ascii	"\000"
 449 00c7 00000000 		.ascii	"\000\000\000\000\000\000\000\000"
 449      00000000 
 450 00cf 98010000 		.ascii	"\230\001\000\000"
 451 00d3 77726974 		.ascii	"write_eeprom\000"
 451      655F6565 
 451      70726F6D 
 451      00
 452 00e0 00       		.ascii	"\000"
 453 00e1 02       		.ascii	"\002"
 454 00e2 00       		.ascii	"\000"
 455 00e3 00000000 		.ascii	"\000\000\000\000\000\000\000\000"
 455      00000000 
 456 00eb 9A010000 		.ascii	"\232\001\000\000"
 457              		.text
 458              		.section	.gnu.lto_.opts,"",%progbits
 459 0000 272D666D 		.ascii	"'-fmath-errno' '-fsigned-zeros' '-ftrapping-math' '"
 459      6174682D 
 459      6572726E 
 459      6F272027 
 459      2D667369 
 460 0033 2D666E6F 		.ascii	"-fno-trapv' '-fno-openmp' '-fno-openacc' '-mcpu=cor"
 460      2D747261 
 460      70762720 
 460      272D666E 
 460      6F2D6F70 
 461 0066 7465782D 		.ascii	"tex-m4' '-mno-thumb-interwork' '-mthumb' '-ggdb' '-"
 461      6D342720 
 461      272D6D6E 
 461      6F2D7468 
 461      756D622D 
 462 0099 4F322720 		.ascii	"O2' '-w' '-fomit-frame-pointer' '-falign-functions="
 462      272D7727 
 462      20272D66 
 462      6F6D6974 
 462      2D667261 
 463 00cc 31362720 		.ascii	"16' '-ffunction-sections' '-fdata-sections' '-fno-c"
ARM GAS  /tmp/ccc9J5Mo.s 			page 34


 463      272D6666 
 463      756E6374 
 463      696F6E2D 
 463      73656374 
 464 00ff 6F6D6D6F 		.ascii	"ommon' '-flto'\000"
 464      6E272027 
 464      2D666C74 
 464      6F2700
 465              		.text
 466              		.comm	__gnu_lto_v1,1,1
 467              		.comm	__gnu_lto_slim,1,1
 468              		.ident	"GCC: (GNU Tools for ARM Embedded Processors 6-2017-q1-update) 6.3.1 20170215 (release) [AR
ARM GAS  /tmp/ccc9J5Mo.s 			page 35


DEFINED SYMBOLS
                            *ABS*:0000000000000000 ConfEmr3.c
                            *COM*:0000000000000001 __gnu_lto_v1
                            *COM*:0000000000000001 __gnu_lto_slim

NO UNDEFINED SYMBOLS
