ARM GAS  /tmp/ccc777ab.s 			page 1


   1              		.cpu cortex-m4
   2              		.eabi_attribute 20, 1
   3              		.eabi_attribute 21, 1
   4              		.eabi_attribute 23, 3
   5              		.eabi_attribute 24, 1
   6              		.eabi_attribute 25, 1
   7              		.eabi_attribute 26, 1
   8              		.eabi_attribute 30, 2
   9              		.eabi_attribute 34, 1
  10              		.eabi_attribute 18, 4
  11              		.file	"crt1.c"
  12              		.text
  13              	.Ltext0:
  14              		.section	.gnu.lto_.profile.308123400eda1b0b,"",%progbits
  15 0000 789C6365 		.ascii	"x\234ce`b`a```d\220\024\005\000\000\307\000;"
  15      60626061 
  15      60606064 
  15      90140500 
  15      00C7003B 
  16              		.text
  17              		.section	.gnu.lto_.icf.308123400eda1b0b,"",%progbits
  18 0000 789C6365 		.ascii	"x\234ce`bPc@\0006\206\336\326'\267\271\030\301$\023"
  18      60625063 
  18      40003686 
  18      DED627B7 
  18      B918C124 
  19 0015 98645EDF 		.ascii	"\230d^\337\262\367;\013\313\234I\377>\263\263^\374\266"
  19      B2F73B0B 
  19      CB9C49FF 
  19      3EB3B35E 
  19      FCB6
  20 0027 B1878F01 		.ascii	"\261\207\217\001\000Z\350\021\367"
  20      005AE811 
  20      F7
  21              		.text
  22              		.section	.gnu.lto_.jmpfuncs.308123400eda1b0b,"",%progbits
  23 0000 789C6365 		.ascii	"x\234ce`b\020d@\000V fd\000\0122030\260\0009\000\003"
  23      60621064 
  23      40005620 
  23      6664000A 
  23      32303330 
  24 0019 8C0028   		.ascii	"\214\000("
  25              		.text
  26              		.section	.gnu.lto_.inline.308123400eda1b0b,"",%progbits
  27 0000 789C6365 		.ascii	"x\234ce`b\210g@\000V\006\006f&F\240 \003\003\333\002"
  27      60628867 
  27      40005606 
  27      06662646 
  27      A0200303 
  28 0016 7910C5C0 		.ascii	"y\020\305\300\210!\302\204!\302\014\344ADX\300$\220"
  28      8821C284 
  28      21C20CE4 
  28      414458C0 
  28      2490
  29 0028 1279C509 		.ascii	"\022y\305\011\024Qj[4\223\021\256\214\001\000\001\274"
  29      14516A5B 
  29      349311AE 
ARM GAS  /tmp/ccc777ab.s 			page 2


  29      8C010001 
  29      BC
  30 0039 06A3     		.ascii	"\006\243"
  31              		.text
  32              		.section	.gnu.lto_.pureconst.308123400eda1b0b,"",%progbits
  33 0000 789C6365 		.ascii	"x\234ce`b\340f```e\220`\224`\222`6a\221\002\000\004"
  33      6062E066 
  33      60606065 
  33      90609460 
  33      92603661 
  34 0018 4600B8   		.ascii	"F\000\270"
  35              		.text
  36              		.section	.gnu.lto___core_init.308123400eda1b0b,"",%progbits
  37 0000 789C6365 		.ascii	"x\234ce`b\250d``0\002bi fdf`d\232p\216\201\241\221\203"
  37      6062A864 
  37      60603002 
  37      62692066 
  37      64666064 
  38 001b 899111C4 		.ascii	"\211\221\021\304h\340`d\250gb\254g\354g\236\316\314"
  38      68E06064 
  38      A86762AC 
  38      67EC679E 
  38      CECC
  39 002d 78A8FDD9 		.ascii	"x\250\375\331N&\315\345\015@p`\372\006\256\266\206V"
  39      4E26CDE5 
  39      0D407060 
  39      FA06AEB6 
  39      8656
  40 003f 89F9CC0C 		.ascii	"\211\371\314\014\0143\201\030\004\030\2273j2\000\225"
  40      0C338118 
  40      04189733 
  40      6A320095 
  41 004f 3DDAF86F 		.ascii	"=\332\370o*/\033\013D\234q\005#\033#\220^\177\211\361"
  41      2A2F1B0B 
  41      449C7105 
  41      231B2390 
  41      5E7F89F1 
  42 0063 40C3BFFF 		.ascii	"@\303\277\377\355\015\007\216,f\334\353\305\304\300"
  42      ED0D078E 
  42      2C66DCEB 
  42      C5C4C0
  43 0072 D0059406 		.ascii	"\320\005\224\006\331\321\315\314\004\242\231\33726)"
  43      D9D1CDCC 
  43      04A299DF 
  43      323629
  44 0081 805483CD 		.ascii	"\200T\203\315\352bf\004\011\002\225\031\350\351\351"
  44      EA626604 
  44      09029519 
  44      E8E9E9
  45 0090 EBE717EB 		.ascii	"\353\347\027\353'\347\347\346\346\347\351\027\344\027"
  45      27E7E7E6 
  45      E6E7E917 
  45      E417
  46 009e 9514EB3B 		.ascii	"\225\024\353;\006\371:\373V\200\304\0122sR\213\212\365"
  46      06F93AFB 
  46      5680C40A 
  46      3273528B 
ARM GAS  /tmp/ccc777ab.s 			page 3


  46      8AF5
  47 00b0 DD9D9DF5 		.ascii	"\335\235\235\365\223\213J\014\365\222\031\000\257\355"
  47      938B4A0C 
  47      F5921900 
  47      AFED
  48 00be 38AF     		.ascii	"8\257"
  49              		.text
  50              		.section	.gnu.lto___early_init.308123400eda1b0b,"",%progbits
  51 0000 789C6365 		.ascii	"x\234ce`b(g``0\002bi fdf`d\232p\216\201\241\221\203"
  51      60622867 
  51      60603002 
  51      62692066 
  51      64666064 
  52 001b 899111C4 		.ascii	"\211\221\021\304h\340`d\250gb\254g\354g\236\316\314"
  52      68E06064 
  52      A86762AC 
  52      67EC679E 
  52      CECC
  53 002d 78A8FDD9 		.ascii	"x\250\375\331N&\315\345\015@p`\3727\256\266\206V\211"
  53      4E26CDE5 
  53      0D407060 
  53      FA37AEB6 
  53      865689
  54 0040 F9CC0C0C 		.ascii	"\371\314\014\0143\201\030\004\030\2273j2\000\225=\332"
  54      33811804 
  54      1897336A 
  54      3200953D 
  54      DA
  55 0051 F86F2A2F 		.ascii	"\370o*/\033\013D\234q\005#\033#\220^\177\211\361@\303"
  55      1B0B449C 
  55      7105231B 
  55      23905E7F 
  55      89F140C3 
  56 0065 BFFFED0D 		.ascii	"\277\377\355\015\007\316(3310t\001%A6t\0039@\232\371"
  56      07CE2833 
  56      33313074 
  56      01254136 
  56      74033940 
  57 007b 2D639302 		.ascii	"-c\223\002H-\330\244.fF\220 P\231\201\236\236\276~~"
  57      482DD8A4 
  57      2E664690 
  57      20509981 
  57      9E9EBE7E 
  58 0090 B17E727E 		.ascii	"\261~r~nn~\236~A~QI\261\276c\220\257\263o\005H\254 "
  58      6E6E7E9E 
  58      7E417E51 
  58      49B1BE63 
  58      90AFB36F 
  59 00a8 3327B5A8 		.ascii	"3'\265\250X\337\335\331Y?\271\250\304P/\231\001\000"
  59      58DFDDD9 
  59      593FB9A8 
  59      C4502F99 
  59      0100
  60 00ba 0EB03776 		.ascii	"\016\2607v"
  61              		.text
  62              		.section	.gnu.lto___late_init.308123400eda1b0b,"",%progbits
  63 0000 789C6365 		.ascii	"x\234ce`b(g``0\002bi fdf`d\232p\216\201\241\221\203"
ARM GAS  /tmp/ccc777ab.s 			page 4


  63      60622867 
  63      60603002 
  63      62692066 
  63      64666064 
  64 001b 899111C4 		.ascii	"\211\221\021\304h\340`d\250gb\254g\354g\236\316\314"
  64      68E06064 
  64      A86762AC 
  64      67EC679E 
  64      CECC
  65 002d 78A8FDD9 		.ascii	"x\250\375\331N&\315\345\015@p`\372&\356\266\206V\211"
  65      4E26CDE5 
  65      0D407060 
  65      FA26EEB6 
  65      865689
  66 0040 F9CC0C0C 		.ascii	"\371\314\014\0143\201\030\004\030\2273j2\000\225=\332"
  66      33811804 
  66      1897336A 
  66      3200953D 
  66      DA
  67 0051 F86F2A2F 		.ascii	"\370o*/\033\013D\234q\005#\033#\220^\177\211\361@\303"
  67      1B0B449C 
  67      7105231B 
  67      23905E7F 
  67      89F140C3 
  68 0065 BFFFED0D 		.ascii	"\277\377\355\015\007\216(3310t\001%A6t\0039@\232\371"
  68      078E2833 
  68      33313074 
  68      01254136 
  68      74033940 
  69 007b 2D639302 		.ascii	"-c\223\002H-\330\244.fF\220 P\231\201\236\236\276~~"
  69      482DD8A4 
  69      2E664690 
  69      20509981 
  69      9E9EBE7E 
  70 0090 B17E727E 		.ascii	"\261~r~nn~\236~A~QI\261\276c\220\257\263o\005H\254 "
  70      6E6E7E9E 
  70      7E417E51 
  70      49B1BE63 
  70      90AFB36F 
  71 00a8 3327B5A8 		.ascii	"3'\265\250X\337\335\331Y?\271\250\304P/\231\001\000"
  71      58DFDDD9 
  71      593FB9A8 
  71      C4502F99 
  71      0100
  72 00ba E42B372B 		.ascii	"\344+7+"
  73              		.text
  74              		.section	.gnu.lto___default_exit.308123400eda1b0b,"",%progbits
  75 0000 789C6365 		.ascii	"x\234ce`b(c``0\002bS fde`d\232p\216\201\241\221\203"
  75      60622863 
  75      60603002 
  75      62532066 
  75      64656064 
  76 001b 899119C4 		.ascii	"\211\221\031\304`dfd\201\010\260@\004\034\031\031\352"
  76      60646664 
  76      8108B040 
  76      041C1919 
  76      EA
ARM GAS  /tmp/ccc777ab.s 			page 5


  77 002c 99985918 		.ascii	"\231\230Y\030\201\004\003\004\3643Ogf<\324\376l'\223"
  77      81040304 
  77      F4334F67 
  77      663CD4FE 
  77      6C2793
  78 003f E6F20620 		.ascii	"\346\362\006 80\375\016w[C\253\304|\240\202\231PE\214"
  78      3830FD0E 
  78      775B43AB 
  78      C47CA082 
  78      9950458C 
  79 0053 CB193519 		.ascii	"\313\0315\031\200\312\036m\3747\225\227\215\005\"\316"
  79      80CA1E6D 
  79      FC379597 
  79      8D0522CE 
  80 0063 B882918D 		.ascii	"\270\202\221\215\021H\257\277\304x\240\341\337\377\366"
  80      1148AFBF 
  80      C478A0E1 
  80      DFFFF6
  81 0072 86037716 		.ascii	"\206\003w\0263~\367\006\012u\001\245\031\201$\023\320"
  81      337EF706 
  81      0A7501A5 
  81      19812413 
  81      D0
  82 0083 FE2E6666 		.ascii	"\376.ff\006\240\305\214]\314,P\232\021l\244\201\236"
  82      06A0C58C 
  82      5DCC2C50 
  82      9A116CA4 
  82      819E
  83 0095 9EBE7E7E 		.ascii	"\236\276~~\261~r~nn~\236~A~QI\261\276c\220\257\263o"
  83      B17E727E 
  83      6E6E7E9E 
  83      7E417E51 
  83      49B1BE63 
  84 00ad 0548AC20 		.ascii	"\005H\254 3'\265\250X\337\335\331Y?\271\250\304P/\231"
  84      3327B5A8 
  84      58DFDDD9 
  84      593FB9A8 
  84      C4502F99 
  85 00c1 0100ACB5 		.ascii	"\001\000\254\2659\347"
  85      39E7
  86              		.text
  87              		.section	.gnu.lto___init_ram_areas.308123400eda1b0b,"",%progbits
  88 0000 789C9554 		.ascii	"x\234\225T\315O\\U\024?\347\335\3675\357\0153\3230&"
  88      CD4F5C55 
  88      143FE7DD 
  88      F735EF0D 
  88      33D33026 
  89 0014 C6340D1B 		.ascii	"\3064\015\033\026\335\360$]\330\324U\303B7\335\370\027"
  89      16DDF024 
  89      5DD8D455 
  89      C34237DD 
  89      F817
  90 0026 68D085D1 		.ascii	"h\320\205\321\312\0040q\345\\`\332*h\245Q[\230\3168"
  90      CA043071 
  90      E55C60DA 
  90      2A68A551 
  90      5B98CE38 
ARM GAS  /tmp/ccc777ab.s 			page 6


  91 003a C4C6141C 		.ascii	"\304\306\024\034\351\320\017\225N\245\035\350\007\205"
  91      E9D00F95 
  91      4EA51DE8 
  91      0785
  92 0048 B45566E1 		.ascii	"\264Uf\341\242\351Jl\021\032Mu\212\246D\301s\317\035"
  92      A2E94A6C 
  92      111A4D75 
  92      8AA644C1 
  92      73CF1D
  93 005b D229F8F9 		.ascii	"\322)\370\371\222\231{\357\371\370\235s~\347\336c\201"
  93      92997BEF 
  93      F9F89D73 
  93      7EE7DE63 
  93      81
  94 006c 011FD800 		.ascii	"\001\037\330\000O\003\300'\364\3030\240\321\177\003"
  94      4F03C027 
  94      F4C330A0 
  94      D17F03
  95 007b A0CB3550 		.ascii	"\240\3135P\350\215@KoL\275\231t-\303|g\032@zv\312\001"
  95      E88D404B 
  95      6F4CBD99 
  95      742DC37C 
  95      671A407A 
  96 0092 19B6D155 		.ascii	"\031\266\321Urt\364:\351\272\206\243\365!\326\207\014"
  96      7274F43A 
  96      E9BA86A3 
  96      F521D687 
  96      0C
  97 00a3 5F1F3D3E 		.ascii	"_\037=>\372\032x\267\207\250V\351\"$\015aZ\266\343\206"
  97      FA1A78B7 
  97      87A856E9 
  97      22240D61 
  97      5AB6E386 
  98 00b7 7C0F93A6 		.ascii	"|\017\223\246\000,\231\270F\037\360g\351\005\334\352"
  98      002C99B8 
  98      461FF067 
  98      E905DCEA 
  99 00c7 FA9E3822 		.ascii	"\372\2368\"p\352\300\235\263\306\366\343\222\276\322"
  99      70EAC09D 
  99      B3C6F6E3 
  99      92BED2
 100 00d6 91FEC87E 		.ascii	"\221\376\310~\271\357\361\234\000\030\024\332\006\217"
 100      B9EFF19C 
 100      001814DA 
 100      068F
 101 00e4 E37620B3 		.ascii	"\343v \263\271\324XF\034\0249\201h\322\361\347\353\351"
 101      B9D45846 
 101      1C143981 
 101      68D2F1E7 
 101      EBE9
 102 00f6 F9883A1A 		.ascii	"\371\210:\032\330@\307Tn\270`\212\035\250,?}0\327+\032"
 102      D840C754 
 102      6EB8608A 
 102      1DA82C3F 
 102      7D30D72B 
 103 010b 8F49D92D 		.ascii	"\217I\331-K\337\216\307\337\357\221W\245\231\023\244"
 103      4BDF8EC7 
ARM GAS  /tmp/ccc777ab.s 			page 7


 103      DFEF9157 
 103      A59913A4 
 104 011b 4041A838 		.ascii	"@A\2508\202[q\030\2672:\231\177wr\365\303:\333\304<"
 104      825B7118 
 104      B7323A99 
 104      7F7772F5 
 104      C33ADBC4 
 105 0130 36EAA0F8 		.ascii	"6\352\240\370\031\332\010 \224\204\364\227n\377^\366"
 105      19DA0820 
 105      9484F497 
 105      6EFF5EF6 
 106 0140 C5530CDD 		.ascii	"\305S\014\335\225?\232\011W\241\177\032\337v\250\012"
 106      953F9A09 
 106      57A17F1A 
 106      DF76A80A 
 107 0150 6DE2E866 		.ascii	"m\342\350fh<\301\356\327Jo\027<\261\213\335W\313\213"
 107      683CC1EE 
 107      D74A6F17 
 107      3CB18BDD 
 107      57CB8B
 108 0163 F7ACAAFB 		.ascii	"\367\254\252\373/;\007e)\325\240\234\013\177\341<\206"
 108      2F3B0765 
 108      29D5A09C 
 108      0B7FE13C 
 108      86
 109 0174 8D853296 		.ascii	"\215\2052\226\344\352\332\001Y\272\262s\342\314\255"
 109      E4EADA01 
 109      59BAB273 
 109      E2CCAD
 110 0183 FAC71054 		.ascii	"\372\307\020TJ\006#\01361\371\337\345\177\217\345>\357"
 110      4A06230B 
 110      3631F9DF 
 110      E57F8FE5 
 110      3EEF
 111 0195 C340B875 		.ascii	"\303@\270u\364gE\371\034c\335\026%\255gA\234\241\000"
 111      F46745F9 
 111      1C63DD16 
 111      25AD6741 
 111      9CA100
 112 01a8 7AA9E039 		.ascii	"z\251\3409\200>a\320\"nc\367P>\263\213\011\320\305\037"
 112      803E61D0 
 112      226E63F7 
 112      503EB38B 
 112      09D0C51F 
 113 01bc DE37F5B5 		.ascii	"\3367\365\265\243h\266\271\200\236\225\013\225H\362"
 113      A368B6B9 
 113      809E950B 
 113      9548F2
 114 01cb 0F491DB2 		.ascii	"\017I\035\262\217\011\315\337L:\377J\016\263]\261\234"
 114      8F09CDDF 
 114      4C3AFF4A 
 114      0EB35DB1 
 114      9C
 115 01dc 70F01426 		.ascii	"p\360\024&\361\244\252\201\024kK\247N\204\310x@\312"
 115      F1A4AA81 
 115      146B4BA7 
 115      4E84C878 
ARM GAS  /tmp/ccc777ab.s 			page 8


 115      40CA
 116 01ee A18F0D05 		.ascii	"\241\217\015\005q\032sD,\236\301$\250\230\002R\016\305"
 116      711A7344 
 116      2C9EC124 
 116      A8980252 
 116      0EC5
 117 0200 343897AC 		.ascii	"48\227\254@X\304\356\342\342\273\013NMW(m\225/7\205"
 117      4058C4EE 
 117      E2E2BB0B 
 117      4E4D5728 
 117      6D952F37 
 118 0215 5C3F473B 		.ascii	"\\?G;+\274\332\304\004'\366\333\364\354[a\225\005\335"
 118      2BBCDAC4 
 118      0427F6DB 
 118      F4EC5B61 
 118      9505DD
 119 0228 A2A1F348 		.ascii	"\242\241\363H\205\272\004\210_TS\371h`\274\022\011F"
 119      85BA0488 
 119      5F5453F9 
 119      6860BC12 
 119      0946
 120 023a 65BF94C4 		.ascii	"e\277\224\304x\010\277\244D\006\370\202\3418\006\240"
 120      7808BFA4 
 120      4406F882 
 120      E13806A0 
 121 024a EA7E5361 		.ascii	"\352~Sa\253p\204\317\211\214\034tt8\177#~\361_\361\317"
 121      AB7084CF 
 121      898C1C74 
 121      74387F23 
 121      7EF15FF1 
 122 025f 323E2AFC 		.ascii	"2>*\374\342#\370c\012\337\007XF\254\241S1\224\317<\273"
 122      E223F863 
 122      0ADF0758 
 122      46ACA153 
 122      3194CF3C 
 123 0274 4E2A9EC3 		.ascii	"N*\236\303\244Q\216dE\334O\337\235Db\312\004zw\202\262"
 123      A4518E64 
 123      45DC4FDF 
 123      9D4462CA 
 123      047A7782 
 124 0289 5AE91DAD 		.ascii	"Z\351\035\255$tZu\265,\230\233X\240<\274,\275\216\257"
 124      24745A75 
 124      B52C989B 
 124      58A03CBC 
 124      2CBD8EAF 
 125 029d 548A38A1 		.ascii	"T\2128\241\230'\377\3033O(\357\215\025mccQ5>O\306\204"
 125      9827FFC3 
 125      334F28EF 
 125      8D156D63 
 125      6351353E 
 126 02b4 4FF63D99 		.ascii	"O\366=\231\375\023\225\347u\274\2502P\367\223\252ix"
 126      FD1395E7 
 126      75BCA832 
 126      50F793AA 
 126      6978
 127 02c6 584C549B 		.ascii	"XLT\233]\257\274\250\315b*\350#f\314i\214;n\001\015"
 127      5DAFBCA8 
ARM GAS  /tmp/ccc777ab.s 			page 9


 127      CD622AE8 
 127      2366CC69 
 127      8C3B6E01 
 128 02db 0ADD7276 		.ascii	"\012\335rv\026\300{\2660t\373\007\027<\015\024\336\\"
 128      16C07BB6 
 128      3074FB07 
 128      173C0D14 
 128      DE5C
 129 02ed D03F727E 		.ascii	"\320?r~\20197\024\177%\342\374{L\335\270x\0135\226 "
 129      81393714 
 129      7F25E2FC 
 129      7B4CDDB8 
 129      780B3596 
 130 0302 38D5ED65 		.ascii	"8\325\355e4\250\275\2428\377\200\012\214\231\351\205"
 130      34A8BDA2 
 130      38FF800A 
 130      8C99E985 
 131 0312 195C4652 		.ascii	"\031\\FR\372\342&\213\242\346\312\035&\334VW\223\314"
 131      FAE2268B 
 131      A2E6CA1D 
 131      26DC5657 
 131      93CC
 132 0324 2922254D 		.ascii	")\"%M\002g\275\003\367\177\030\231\266\377\236C\263"
 132      0267BD03 
 132      F77F1899 
 132      B6FF9E43 
 132      B3
 133 0335 CAE12465 		.ascii	"\312\341$eS\333 \217\036\357\024i\230\254\321\345*\247"
 133      53DB208F 
 133      1EEF1469 
 133      98ACD1E5 
 133      2AA7
 134 0347 F5CA6133 		.ascii	"\365\312a3\247\365L\226\253\310\302\207d\231\232\240"
 134      A7F54C96 
 134      ABC8C287 
 134      64999AA0 
 135 0357 E17582B6 		.ascii	"\341u\202\266\374O\202.2A|\301.m$\310$8M\020\355\\\033"
 135      FC4F822E 
 135      32417CC1 
 135      2E6D24C8 
 135      24384D10 
 136 036e 2807E7E6 		.ascii	"(\007\347\346\022S\021RTp\332\227_\327\306q\212B\370"
 136      12531152 
 136      5470DA97 
 136      5FD7C671 
 136      8A42F8
 137 0381 E57BD7B2 		.ascii	"\345{\327\262\276\236\3101\274\\[\004?\347\270\216\360"
 137      BE9EC831 
 137      BC5C5B04 
 137      3FE7B88E 
 137      F0
 138 0392 6BD1566F 		.ascii	"k\321Vo\227\316\344\222>w\177\326R.>\272\377e\234L\327"
 138      97CEE492 
 138      3E777FD6 
 138      522E3EBA 
 138      FF659C4C 
 139 03a7 8C9343B3 		.ascii	"\214\223C\263G\227\254\346\202*gh\011\251V\274J\005"
ARM GAS  /tmp/ccc777ab.s 			page 10


 139      4797ACE6 
 139      822A6768 
 139      09A956BC 
 139      4A05
 140 03b9 E1153D31 		.ascii	"\341\025=1\311\240\357\356\3427\321\365y\203j2\314`"
 140      C9A0EFEE 
 140      E237D1F5 
 140      79836A32 
 140      CC60
 141 03cb 33153BCB 		.ascii	"3\025;\313\343F\315:\037N\333\330G\357\233f\335\217"
 141      E346CD3A 
 141      1F4EDBD8 
 141      47EF9B66 
 141      DD8F
 142 03dd F426E7B3 		.ascii	"\364&\347\263\250\347\012k\221\304t}\236lj\012\202\266"
 142      A8E70A6B 
 142      91C4747D 
 142      9E6C6A0A 
 142      82B6
 143 03ef 8EA0B56D 		.ascii	"\216\240\265m\357\336\266\327\202D[{gG\260\373\271="
 143      EFDEB6D7 
 143      82445B7B 
 143      6747B0FB 
 143      B93D
 144 0401 2D7BDE50 		.ascii	"-{\336P\262\304\313\257\276\324\336\021<\323\322\022"
 144      B2C4CBAF 
 144      BED4DE11 
 144      3CD3D212 
 145 0411 B4B67736 		.ascii	"\264\266w67\265\202h\177!at&0\361'\276\347.-"
 145      37B58268 
 145      7F216174 
 145      2630F127 
 145      BEE72E2D 
 146              		.text
 147              		.section	.gnu.lto_ram_areas.308123400eda1b0b,"",%progbits
 148 0000 789C75D1 		.ascii	"x\234u\321\337KSa\030\007\360\3679\257\3334\327\254"
 148      DF4B5361 
 148      1807F0F7 
 148      39AFDB34 
 148      D7AC
 149 0012 F543CBA5 		.ascii	"\365C\313\245\377\301N\333\325.\223]H\027\273\351_\030"
 149      FFC14EDB 
 149      D52E935D 
 149      4817BBE9 
 149      5F18
 150 0024 5D04DA91 		.ascii	"]\004\332\221\315\013\361f\347b\202\024z\253\2400\241"
 150      CD0BF166 
 150      E7628214 
 150      7AABA030 
 150      A1
 151 0035 C06A2EA7 		.ascii	"\300j.\247\226\266\225i\326\312\331O\255\256\272\021"
 151      96B69569 
 151      D6CAD94F 
 151      ADAEBA11 
 152 0045 1C422004 		.ascii	"\034B \004\242\0144\261w\347{.\342\214\347\\\234/<\317"
 152      A20C34B1 
 152      77E77B2E 
ARM GAS  /tmp/ccc777ab.s 			page 11


 152      E28CE75C 
 152      9C2F3CCF 
 153 0059 CB970FEF 		.ascii	"\313\227\017\357\353\022\232\270\351\022\",\360\215"
 153      EB129AB8 
 153      E912222C 
 153      F08D
 154 0067 492A14F6 		.ascii	"I*\024\366~yR'\346\260in\337\377-\0073R<\220u\253\251"
 154      7E795227 
 154      E6B0696E 
 154      DFFF2D07 
 154      33523C90 
 155 007e 5DCD5A50 		.ascii	"]\315ZP\375\202\254\205V\267\360[si\315\017w++\215\221"
 155      FD82AC85 
 155      56B7F05B 
 155      7369CD0F 
 155      772B2B8D 
 156 0093 457378CA 		.ascii	"Esx\312\274\221\2214.\005=\241\324\270$z\\\013\215\036"
 156      BC919134 
 156      2E053DA1 
 156      D4B8247A 
 156      5C0B8D1E 
 157 00a7 D542D234 		.ascii	"\325B\3224\245j\307\017\356\015U\345\250\314\250\205"
 157      A56AC70F 
 157      EE0D55E5 
 157      A8CCA885 
 158 00b7 C7D17A3C 		.ascii	"\307\321z<\012a\003'tqB7#\364p\302<\204\263\020>\205"
 158      0A610327 
 158      74714237 
 158      23F470C2 
 158      3C84B310 
 159 00cd 300761E5 		.ascii	"0\007a\3458W\364A\350v\264\376\261\205\215\234\260\211"
 159      3857F441 
 159      E876B4FE 
 159      B1858D9C 
 159      B089
 160 00df 139E6184 		.ascii	"\023\236a\204\315\234p\021\302\347\020>\203p\001\302"
 160      CD9C7011 
 160      C2E7103E 
 160      837001C2 
 161 00ef F2C3E25F 		.ascii	"\362\303\342_/\204.G\353\216-\364r\302\263\234\320\307"
 161      2F842E47 
 161      EB8E2DF4 
 161      72C2B39C 
 161      D0C7
 162 0101 085B38E1 		.ascii	"\010[8\341+\010_BX\204\260\000\341f:?i\277r\203\243"
 162      2B085F42 
 162      5884B000 
 162      E1663A3F 
 162      69BF7283 
 163 0116 75C9169E 		.ascii	"u\311\026\236\343\204\3479\241\237\021^\340\204k\020"
 163      E384E739 
 163      A19F115E 
 163      E0846B10 
 164 0126 BE817015 		.ascii	"\276\201p\025\302\025\010\327\366\363\323\366\035JG"
 164      C21508D7 
 164      F6F3D3F6 
 164      1D4A47
ARM GAS  /tmp/ccc777ab.s 			page 12


 165 0135 6BD6165E 		.ascii	"k\326\026^\344\204\2278\341eF\330\312\011\327!\374\000"
 165      E4849738 
 165      E16546D8 
 165      CA09D721 
 165      FC00
 166 0147 E17B084B 		.ascii	"\341{\010K\020\226N\253\253-\020j\216\326\323\021\010"
 166      10964EAB 
 166      AB2D106A 
 166      8ED6D311 
 166      08
 167 0158 DB38E115 		.ascii	"\3338\341\025Nx\225\021\266s\302/\020~\206\360\023\204"
 167      4E789511 
 167      B673C22F 
 167      107E86F0 
 167      1384
 168 016a 1F21FCBF 		.ascii	"\037!\374\277\246j\223\002\034\351\032G\352`H\235\034"
 168      A66A9302 
 168      1CE91A47 
 168      EA60489D 
 168      1C
 169 017b E93B485B 		.ascii	"\351;H[ m\202\364\015\244\364D\351\310\203\343\246\272"
 169      206D82F4 
 169      0DA4F444 
 169      E9C883E3 
 169      A6BA
 170 018d 3A49A100 		.ascii	":I\241\000\375\240\010\205\003\364U\305\006\005\250"
 170      FDA00885 
 170      03F455C5 
 170      0605A8
 171 019c ACF29DCA 		.ascii	"\254\362\235\312\267*_\253\\V\371B\345\222\312y\225"
 171      B72A5FAB 
 171      5C56F942 
 171      E592CA79 
 171      95
 172 01ad 732A6754 		.ascii	"s*gTf)\"\350\247\372]\017\006u\335H\352q\243\267\327"
 172      662922E8 
 172      A7FA5D0F 
 172      0675DD48 
 172      EA71A3B7 
 173 01c2 B8ABF719 		.ascii	"\270\253\367\031\211\376\244\336u+\026\215\015\324f"
 173      89FEA4DE 
 173      752B168D 
 173      0DD466
 174 01d1 7D777A6E 		.ascii	"}wzn'\222zw4\252\307\023\375\241`\\\374\003r\345\012"
 174      27927A77 
 174      34AAC713 
 174      FDA1605C 
 174      FC0372E5 
 175 01e6 80       		.ascii	"\200"
 176              		.text
 177              		.section	.gnu.lto_.symbol_nodes.308123400eda1b0b,"",%progbits
 178 0000 789C55CD 		.ascii	"x\234U\315WR\002Q\000D\321\2763<AE1g\021\334\011\213"
 178      57520251 
 178      0044D1BE 
 178      333C4145 
 178      316711DC 
 179 0016 711D6F90 		.ascii	"q\035o\220`V\3149\254\303E\270!E\035\372\207\232\257"
ARM GAS  /tmp/ccc777ab.s 			page 13


 179      6056CC39 
 179      ACC345B8 
 179      21451DFA 
 179      879AAF
 180 0029 5375ABAB 		.ascii	"Su\253\253:(\321\036\222\222\037Ei\360\245\021\237Y"
 180      3A28D11E 
 180      92921F45 
 180      69F0A511 
 180      9F59
 181 003b 2B2F4345 		.ascii	"+/CE\212\345W1)\226?\305t\\\232y\311\210\245\302&|K"
 181      8AE55731 
 181      29963FC5 
 181      745C9A79 
 181      C988A5C2 
 182 0052 D9AE9486 		.ascii	"\331\256\224\20664\362\253\260Ob;\244\266K\311\366\010"
 182      3634F2AB 
 182      B04F623B 
 182      A4B64BC9 
 182      F608
 183 0064 B6CF843D 		.ascii	"\266\317\204=\240l\017\251\330#&\3551S\366\204i{J\325"
 183      A06C0FA9 
 183      D82326ED 
 183      3153F684 
 183      697B4AD5 
 184 0078 9E3163CF 		.ascii	"\2361c\317\231\265\027\324\354\2009{\311\274\275b\301"
 184      99B517D4 
 184      EC80397B 
 184      C9BCBD62 
 184      C1
 185 0089 5EB3686F 		.ascii	"^\263hoX\262\267,\333;V\354=\253\366\2015\373\310\272"
 185      58B2B72C 
 185      DB3B56EC 
 185      3DABF681 
 185      35FBC8BA 
 186 009d 7D62C33E 		.ascii	"}b\303>\263i_\330\262\257l\3337\352\366\235\035\373"
 186      B3695FD8 
 186      B2AF6CDB 
 186      37EAF69D 
 186      1DFB
 187 00af 4163A4FE 		.ascii	"Ac\244\376\001K\2712\221"
 187      014BB932 
 187      91
 188              		.text
 189              		.section	.gnu.lto_.refs.308123400eda1b0b,"",%progbits
 190 0000 789C05C1 		.ascii	"x\234\005\301\007\022\202@\020\000\260\235\014\207 "
 190      07128240 
 190      1000B09D 
 190      0C8720
 191 000f 168A8A58 		.ascii	"\026\212\212XNl\257\341\377\377!I!\226\210PH\244<'\245"
 191      4E6CAFE1 
 191      FFFF2149 
 191      21968850 
 191      48A43C27 
 192 0024 8D4A6DAB 		.ascii	"\215Jm\253\261\263wp\324\352\364\006'g\027\243\253\311"
 192      B1B37770 
 192      D4EAF406 
 192      276717A3 
ARM GAS  /tmp/ccc777ab.s 			page 14


 192      ABC9
 193 0036 CDDDC353 		.ascii	"\315\335\303S\3662{\373\370\372\371\307\012}f\003\234"
 193      F6327BFB 
 193      F8FAF9C7 
 193      0A7D6603 
 193      9C
 194              		.text
 195              		.section	.gnu.lto_.decls.308123400eda1b0b,"",%progbits
 196 0000 789CAD96 		.ascii	"x\234\255\226kPT\311\025\307oO\0173\3030\202\0017kJ"
 196      6B5054C9 
 196      15C76F4F 
 196      0F33C330 
 196      8201376B 
 197 0015 AD750D1B 		.ascii	"\255u\015\033\251\332\202\021|\345SjS\246\262\373\305"
 197      A9DA8211 
 197      7CE5536A 
 197      53A6B2FB 
 197      C5
 198 0026 24954AF6 		.ascii	"$\225J\366C\276LfqV\251\205\301\300P\253\225T\352\012"
 198      43BE4C66 
 198      7156A985 
 198      C1C050AB 
 198      9554EA0A 
 199 003a 82A282F8 		.ascii	"\202\242\202\370\342%\353\003\037\013\342\213UP\030"
 199      E225EB03 
 199      1F0BE28B 
 199      555018
 200 0049 C151145F 		.ascii	"\301Q\024_\210\202 *OE@\005D\021\025D%\247O\337y6&_"
 200      8882202A 
 200      4F454005 
 200      44111544 
 200      25A74FDF 
 201 0061 726BFE33 		.ascii	"rk\3763\267\373\236\363;\247O\237\2765~\222J\372\327"
 201      B7FB9EF3 
 201      3BA74F9F 
 201      BE357E92 
 201      4AFAD7
 202 0074 5449AAA4 		.ascii	"TI\252\244\222\264V%I\023pi%I:\"\271/?\320q\320\011"
 202      92B45625 
 202      49137069 
 202      25493A22 
 202      B92F3FD0 
 203 008b 5039C80E 		.ascii	"P9\310\016\252\002}\012\272\017\352\006\365\200\372"
 203      AA027D0A 
 203      BA0FEA06 
 203      F580FA
 204 009a 408F41FD 		.ascii	"@\217A\375\240A\320\020\3509\350\005\350%\3505h\014"
 204      A041D010 
 204      E839E805 
 204      E825E835 
 204      680C
 205 00ac 340E7A07 		.ascii	"4\016z\007\232\000\021\"I\024\344\007\322\202\374A\001"
 205      9A001122 
 205      4914E407 
 205      D282FC41 
 205      01
 206 00bd A029A020 		.ascii	"\240)\240 \320\317@!\240\217@\037\203~\001\232\001\232"
ARM GAS  /tmp/ccc777ab.s 			page 15


 206      D0CF4021 
 206      A08F401F 
 206      837E019A 
 206      019A
 207 00cf 05FA04F4 		.ascii	"\005\372\004\364)\221\274.3\214\331\324\327\312\230"
 207      2991BC2E 
 207      338CD9D4 
 207      D7CA98
 208 00de 28B9FB5E 		.ascii	"(\271\373^\313'\261;1\211]\334$v\345\223\330}?\211\235"
 208      CB27B13B 
 208      31895DDC 
 208      2476E593 
 208      D87D3F89 
 209 00f3 7D12BB7F 		.ascii	"}\022\273\177\302\003\203b\027\014\232\006\232\003s"
 209      C2038362 
 209      170C9A06 
 209      9A0373
 210 0102 37E0772E 		.ascii	"7\340w.\350\227p\337\005\277\235\240P\270\277\016\277"
 210      E89770DF 
 210      05BF9DA0 
 210      50B8BF0E 
 210      BF
 211 0113 7F02A941 		.ascii	"\177\002\251AwA\315\240\333\240\026%F\225\362{\337'"
 211      7741CDA0 
 211      DBA01625 
 211      4695F27B 
 211      DF27
 212 0125 4E0DE13E 		.ascii	"N\015\341>7\024\026\213\323\365\001\016\273fK\274\226"
 212      3714168B 
 212      D3F5010E 
 212      BB664BBC 
 212      96
 213 0136 9F28B59D 		.ascii	"\237(\265\235\241\324\372c\245\366!\312^\004){\023\240"
 213      A1D4FA63 
 213      A5F621CA 
 213      5E04297B 
 213      13A0
 214 0148 EC9556D9 		.ascii	"\354\225V\331;\266\207l/\331\236\262\275e{\314\366\232"
 214      3BB6876C 
 214      2FD99EB2 
 214      BD657BCC 
 214      F69A
 215 015a ED39DB7B 		.ascii	"\3559\333{\326\003\254\027XO\260\336`=\302z\205\365"
 215      D603AC17 
 215      584FB0DE 
 215      603DC27A 
 215      85F5
 216 016c 0CEB9D6E 		.ascii	"\014\353\235n\237\374s()\317\270P\245\352 m\004\332"
 216      9FFC7328 
 216      29CFB850 
 216      A5EA206D 
 216      04DA
 217 017e 924CE555 		.ascii	"\222L\345U%\374\233\240x@\347E\010\316\303\254JR6\303"
 217      25FC9BA0 
 217      7840E745 
 217      08CEC3AC 
 217      4A5236C3 
ARM GAS  /tmp/ccc777ab.s 			page 16


 218 0192 39459C1E 		.ascii	"9E\234\036\312X\245\014U\012\022?\2123\361 \362\307"
 218      CA58A50C 
 218      550A123F 
 218      8A33F120 
 218      F2C7
 219 01a4 3C92F3E2 		.ascii	"<\222\363\342\365\3467\350\346\364&*w\000B<\035<\200"
 219      F5E637E8 
 219      E6F4262A 
 219      7700423C 
 219      1D3C80
 220 01b7 3C6DE5B9 		.ascii	"<m\345\271+?\311\2758\342\\\375\363\274\272^}'ig\263"
 220      2B3FC9BD 
 220      38E25CFD 
 220      F3BCBA5E 
 220      7D276967 
 221 01cc 7BBE2038 		.ascii	"{\276 8w\352\336\346K\032\252\"\354\376z\333\340a?\032"
 221      77EADEE6 
 221      4B1AAA22 
 221      ECFE7ADB 
 221      E0613F1A 
 222 01e0 88F7C70B 		.ascii	"\210\367\307\013\3366\350\324\260\354C\204r\357\316"
 222      DE36E8D4 
 222      B0EC4384 
 222      72EFCE
 223 01ef B1A2DF47 		.ascii	"\261\242\337G\034\226\371\245\373\334]\324\213\023\257"
 223      1C96F9A5 
 223      FBDC5DD4 
 223      8B13AF
 224 01fe 1D419994 		.ascii	"\035A\231\224\004\353\211\012\206\215\317\352~\010\200"
 224      04EB890A 
 224      868DCFEA 
 224      7E0880
 225 020d E1343D99 		.ascii	"\3414=\231\012\303\3215\315\347\364\323\263\321+E\236"
 225      0AC3D135 
 225      CDE7F4D3 
 225      B3D12B45 
 225      9E
 226 021e AA225FFF 		.ascii	"\252\"_\377\234\034%3\311\0212\023R;F\246\303\3677j"
 226      9C1C2533 
 226      C9113213 
 226      523B46A6 
 226      C3F7376A 
 227 0232 4EBA949E 		.ascii	"N\272\224\236WF\346\354\221\3678dG_\312\257\036\374"
 227      5746E6EC 
 227      91F73864 
 227      475FCAAF 
 227      1EFC
 228 0244 24CBA9C9 		.ascii	"$\313\251\311\262\254ff\244\230Pr\230D\200y\011Q\263"
 228      B2AC6666 
 228      A4985072 
 228      98448079 
 228      0951B3
 229 0257 11DC1591 		.ascii	"\021\334\025\221NB~$\035\260\342\343d\016[\342\340\346"
 229      4E427E24 
 229      1DB0E2E3 
 229      640E5BE2 
 229      E0E6
ARM GAS  /tmp/ccc777ab.s 			page 17


 230 0269 FA20BAF4 		.ascii	"\372 \272\364\003K\260W;*\003\024\376\275\317\363dG"
 230      034BB057 
 230      3B2A0314 
 230      FEBDCFF3 
 230      6447
 231 027b F21A5956 		.ascii	"\362\032YV!\275\324E\377\011\350\245\276\364\023H\037"
 231      21BDD445 
 231      FF09E8A5 
 231      BEF41348 
 231      1F
 232 028c 6A7AD641 		.ascii	"jz\326A\351\337>@\037\034\270\225\356\247\320\257\206"
 232      E9DF3E40 
 232      1F1CB895 
 232      EEA7D0AF 
 232      86
 233 029d 7BD14FBA 		.ascii	"{\321O\272\350e@?\351K/Gz\361\335\227\347\003\350\267"
 233      E865403F 
 233      E94B2F47 
 233      7AF1DD97 
 233      E703E8B7 
 234 02b1 48DF7DE5 		.ascii	"H\337}\345\301^\003M\302\373\307\217\232Z\203X\244\323"
 234      C15E034D 
 234      C2FBC78F 
 234      9A5A8358 
 234      A4D3
 235 02c3 CE48DDE9 		.ascii	"\316H\335\351\015g\374\235\261I\005Q\263\311\302\267"
 235      0D67FC9D 
 235      B1490551 
 235      B3C9C2B7 
 236 02d3 29D91A16 		.ascii	")\331\032\026\376\234\354\030\216\360\012\177\312\025"
 236      FE9CEC18 
 236      8EF00A7F 
 236      CA15
 237 02e1 BE12C29F 		.ascii	"\276\022\302\237\362\015o\307\3607s7\246\021\372o\014"
 237      F20D6FC7 
 237      F0377337 
 237      A611FA6F 
 237      0C
 238 02f2 995A76B1 		.ascii	"\231Zv\261(\220\261\272d\307\371_3\226\354d\235q\262"
 238      2890B1BA 
 238      64C7F95F 
 238      3396EC64 
 238      9D71B2
 239 0305 2476EB0D 		.ascii	"$v\353\015\252BPE\375\266\232@\272\231 \251\274\367"
 239      AA425045 
 239      FDB69A40 
 239      BA9920A9 
 239      BCF7
 240 0317 4AAD9E37 		.ascii	"J\255\2367\207L`\374\356v\377\005\302\273C\326\301x"
 240      874C60FC 
 240      EE76FF05 
 240      C2BB43D6 
 240      C178
 241 0329 6443EA6B 		.ascii	"dC\352k\312\237ka\330\260\366x\2012T\263\355\274\236"
 241      CA9F6B61 
 241      D8B0F678 
 241      813254B3 
ARM GAS  /tmp/ccc777ab.s 			page 18


 241      EDBC9E
 242 033c DF1DC8AD 		.ascii	"\337\035\310\255g\303\260eo\317\250^\277\236\265RV\212"
 242      67C3B065 
 242      6FCFA85E 
 242      BF9EB552 
 242      568A
 243 034e ECFF1533 		.ascii	"\354\377\0253\253\201^:\217\275t\201\350\341\3338\223"
 243      AB815E3A 
 243      8FBD7481 
 243      E8E1DB38 
 243      93
 244 035f 9C832158 		.ascii	"\234\203!X\347\333G\256\372q\026\213\264\356\305\205"
 244      E7DB47AE 
 244      FA71168B 
 244      B4EEC585 
 245 036f 6435CDE3 		.ascii	"d5\315\343i\265_..aq\346\352\011;EA0ul\240bl\012\237"
 245      69B55F2E 
 245      2E6171E6 
 245      EA093B45 
 245      4130756C 
 246 0388 62168D9B 		.ascii	"b\026\215\233\207\367k\351~4W\345]m9\257&a\372\203,"
 246      87F76BE9 
 246      7E3457E5 
 246      5D6D39AF 
 246      2661FA83 
 247 039d B463E2C8 		.ascii	"\264c\342\310o\362\206ey6\271F\364\344\212\273\036s"
 247      6FF28665 
 247      7936B946 
 247      F4E48ABB 
 247      1E73
 248 03af 21BE04D9 		.ascii	"!\276\004\331%\363\354$Wn\344*\011c\\fG.\303\344%\236"
 248      25F3EC24 
 248      576EE42A 
 248      09635C66 
 248      472EC3E4 
 249 03c5 61F1FE2D 		.ascii	"a\361\376-\205\032\272\023O\237\252\266\272\365\216"
 249      851ABA13 
 249      4F9FAAB6 
 249      BAF58E
 250 03d4 9AE8C326 		.ascii	"\232\350\303&\005\324O\002\340\311\364\325\315\251M"
 250      05D44F02 
 250      E0C9F4D5 
 250      CDA94D
 251 03e3 659B731D 		.ascii	"e\233s\035\222\251s's\215U\203\005Y\327\326s\332\317"
 251      92A97327 
 251      738D5583 
 251      0559D7D6 
 251      73DACF
 252 03f6 B0C14545 		.ascii	"\260\301EECw\325n\020\203r\216\257\325eTki*\305\345"
 252      4377D56E 
 252      1083728E 
 252      AFD56554 
 252      6B692AC5 
 253 040b 673D2DA8 		.ascii	"g=-\250\012\240\233\371\300y\244\203\371\221v\356\351"
 253      0AA09BF9 
 253      C079A483 
 253      F99176EE 
ARM GAS  /tmp/ccc777ab.s 			page 19


 253      E9
 254 041c 34654F6F 		.ascii	"4eOo\014\274>\255\247\273\320V\323|\264\347\025%\241"
 254      0CBC3EAD 
 254      A7BBD056 
 254      D37CB4E7 
 254      1525A1
 255 042f A1A161A1 		.ascii	"\241\241a\241!\205,\250\243\257fF%\234\344t\015\213"
 255      21852CA8 
 255      A3AF6646 
 255      259CE474 
 255      0D8B
 256 0441 456E428A 		.ascii	"EnB\212\367H\210{iF\226E\015\313E\342\366o\262\251\274"
 256      F748887B 
 256      69469645 
 256      0DCB45E2 
 256      F66FB2A9 
 257 0456 7F3A1AD7 		.ascii	"\177:\032\327\372\032_\304\234#\335\306\347s\\\306M"
 257      FA1A5FC4 
 257      9C23DDC6 
 257      E7735CC6 
 257      4D
 258 0467 931B7334 		.ascii	"\223\033s4/V/\240e\035\263\222\224:I.\322\323\203Zh"
 258      2F562FA0 
 258      651DB392 
 258      943A492E 
 258      D2D3835A 
 259 047c F4B51459 		.ascii	"\364\265\024Y\015\223f\211q\267`\373\311\362\027j\211"
 259      0D936689 
 259      71B760FB 
 259      C9F2176A 
 259      89
 260 048d DC82C78D 		.ascii	"\334\202\307\215\030\205\031\003\221\334\201\215\272"
 260      18851903 
 260      91DC818D 
 260      BA
 261 049a 4B424933 		.ascii	"KBI3\3506\250\205\204:\337\223\267\3574\324\372\323"
 261      E836A885 
 261      843ADF93 
 261      B7EF34D4 
 261      FAD3
 262 04ac 122C93AA 		.ascii	"\022,\223\252\361\346\325\026\015\011\011\233\214\006"
 262      F1E6D516 
 262      0D09099B 
 262      8C06
 263 04ba 6FE8B0FF 		.ascii	"o\350\260\377\011\344\013\252_\314\326\323\006\266\255"
 263      09E40BAA 
 263      5FCCD6D3 
 263      06B6AD
 264 04c9 EEAD67CB 		.ascii	"\356\255g\313\303\210\205\257*\266h\202\263\224\020"
 264      C38885AF 
 264      2AB66882 
 264      B39410
 265 04d8 B3D568E8 		.ascii	"\263\325h\350\200(g1\347\016\022\354<6\314\372QU\323"
 265      80286731 
 265      E70E12EC 
 265      3C36CCFA 
 265      5155D3
ARM GAS  /tmp/ccc777ab.s 			page 20


 266 04eb 8EC01025 		.ascii	"\216\300\020%\241\365\037JH\372\320\362N\346]l\360\363"
 266      A1F51F4A 
 266      48FAD0F2 
 266      4EE65D6C 
 266      F0F3
 267 04fd 0CD6F9DF 		.ascii	"\014\326\371\337\202u\244\265\247\031>\333'\337\204"
 267      8275A4B5 
 267      A7193EDB 
 267      27DF84
 268 050c 9765EFCE 		.ascii	"\227e\357\316\231\333d\371+\322E\202I5_\206\207#\233"
 268      99DB64F9 
 268      2BD24582 
 268      49355F86 
 268      87239B
 269 051f F90BBCEB 		.ascii	"\371\013\274\353\356\223\317\300ox$\343d\020\265\363"
 269      EE93CFC0 
 269      6F7824E3 
 269      6410B5F3 
 270 052f BE1C1A7F 		.ascii	"\276\034\032\177\377G`t\301\356\325\346\006oM\331\303"
 270      FF476074 
 270      C1EED5E6 
 270      066F4DD9 
 270      C3
 271 0540 9BFB81C2 		.ascii	"\233\373\201\302p7\371\003|Su#\341IF\363D\020\255\347"
 271      7037F903 
 271      7C537523 
 271      E14946F3 
 271      4410ADE7 
 272 0554 04C7A5ED 		.ascii	"\004\307\245\355\262NA\014l\247Y\241\010x(\000\036\""
 272      B24E410C 
 272      6CA759A1 
 272      08782800 
 272      1E22
 273 0566 A0070107 		.ascii	"\240\007\001\007\3377\225kh\033\0074\014\265\326\372"
 273      DF37956B 
 273      681B0734 
 273      0CB5D6FA 
 274 0576 298087D9 		.ascii	")\200\207\331N@\257\000\350E@\037\002\362\016\015\346"
 274      4E40AF00 
 274      E845401F 
 274      02F20E0D 
 274      E6
 275 0587 E9693F07 		.ascii	"\351i?\007lz\374.;\310\011\230\236'\303{\206\021\036"
 275      6C7AFC2E 
 275      3BC80998 
 275      9E27C37B 
 275      86111E
 276 059a 09844748 		.ascii	"\011\204GHx\214\204\236\232\313\367ut\234\023J\013\037"
 276      788C849E 
 276      9ACBF775 
 276      749C134A 
 276      0B1F
 277 05ac 3E302884 		.ascii	">0(\204\016\2172<\021\020O\020\321\217\210\344g9\245"
 277      0E8F323C 
 277      11104F10 
 277      D18F88E4 
 277      6739A5
ARM GAS  /tmp/ccc777ab.s 			page 21


 278 05bf 0134538D 		.ascii	"\0014S\215\210;[\354\231\376B\031\006\004\300\000\002"
 278      883B5BEC 
 278      99FE4219 
 278      0604C000 
 278      02
 279 05d0 0611D0E0 		.ascii	"\006\021\320\340(;\244\245\005\034\320.o\274\251\027"
 279      283BA4A5 
 279      051CD02E 
 279      6FBCA917 
 280 05e0 CAF05400 		.ascii	"\312\360T\000<E\300\020\002z\2737\225jh\011\007\214"
 280      3C45C010 
 280      027ABB37 
 280      956A6809 
 280      078C
 281 05f2 340C6DA0 		.ascii	"4\014m\240b\031\236\011\204gHx\216\204\266\335?\216"
 281      62199E09 
 281      84674878 
 281      8E84B6DD 
 281      3F8E
 282 0604 19A89D13 		.ascii	"\031\250\235\023v\255+\375H\001\274\362\250\302\260"
 282      76AD2BFD 
 282      4801BCF2 
 282      A8C2B0
 283 0613 401846C2 		.ascii	"@\030F\302\013$\344T\326\235\322\322zN\030=T\276c\212"
 283      0B24E454 
 283      D69DD2D2 
 283      7A4E183D 
 283      54BE638A 
 284 0627 50851101 		.ascii	"P\205\021\0010\202\200\227\010\230\250\337}]E\3338\300"
 284      30828097 
 284      0898A8DF 
 284      7D5D45DB 
 284      38C0
 285 0639 51F0A83B 		.ascii	"Q\360\250;P\250\302+\001\360\012\001\257\021p\365\314"
 285      50A8C22B 
 285      01F00A01 
 285      AF1170F5 
 285      CC
 286 064a 563B3403 		.ascii	"V;4\003\007\244e\336\3542\210U\030\025\010\243H\030"
 286      07A465DE 
 286      EC328855 
 286      181508A3 
 286      4818
 287 065c 4342EEA6 		.ascii	"CB\356\246\364Yt\234\003\372\373\366\356snd}\236\273"
 287      F459749C 
 287      03FAFBF6 
 287      EE736E64 
 287      7D9EBB
 288 066f 0A6F04C2 		.ascii	"\012o\004\302\033$\214\363#q\264\242\314\237f\372!\242"
 288      1B248CF3 
 288      2371B4A2 
 288      CC9F66FA 
 288      21A2
 289 0681 E2EEAB23 		.ascii	"\342\356\253#\001B\025\336\012\200\267\010x\207\200"
 289      014215DE 
 289      0A80B708 
 289      788780
ARM GAS  /tmp/ccc777ab.s 			page 22


 290 0690 F1BD6387 		.ascii	"\361\275c\207\324\264\200\003n\244V7\211G\342\275\000"
 290      D4B48003 
 290      6EA45637 
 290      8947E2BD 
 290      00
 291 06a1 788F8009 		.ascii	"x\217\200\011\004\354,\330e7\320\022\016Hn<[\254\026"
 291      04EC2CD8 
 291      6537D012 
 291      0E486E3C 
 291      5BAC16
 292 06b4 AB20AB7C 		.ascii	"\253 \253|\0110\003\337kT\214p\264\272\275\322\237\332"
 292      093003DF 
 292      6B548C70 
 292      B4BABDD2 
 292      9FDA
 293 06c6 39A1A86A 		.ascii	"9\241\250jC\2413\205^\2172$\013\210dD\244 \"u4m\247"
 293      43A13385 
 293      5E8F3224 
 293      0B886444 
 293      A4202275 
 294 06dd 8ED673C4 		.ascii	"\216\326s\304\232\352\341\"\361\315\260V\000\254E@*"
 294      9AEAE122 
 294      F1CDB056 
 294      00AC4540 
 294      2A
 295 06ee 026A7332 		.ascii	"\002js2N\006\3206\016\350\311\355/\021\313\220&\000"
 295      4E06D036 
 295      0EE8C9ED 
 295      2F11CB90 
 295      2600
 296 0700 D210B00E 		.ascii	"\322\020\260\016\001\007F\262\256\250i?\007\214_k\014"
 296      010746B2 
 296      AEA8693F 
 296      078C5F6B 
 296      0C
 297 0711 13ABB05E 		.ascii	"\023\253\260^\000\254G@:\002\322\317\035,\326\323q\016"
 297      00AC4740 
 297      3A02D2CF 
 297      1D2CD6D3 
 297      710E
 298 0723 58977EF6 		.ascii	"X\227~\366\211F!\274\367\250\302\006\001\261\001\021"
 298      894621BC 
 298      F7A8C206 
 298      01B10111 
 299 0733 1B115159 		.ascii	"\033\021QYtl\030^\014\032D\344W\274\031\022_\014\233"
 299      746C185E 
 299      0C1A44E4 
 299      57BC1912 
 299      5F0C9B
 300 0746 04C02604 		.ascii	"\004\300&\004d \340\364\340\275Q\015-\340\200\326\366"
 300      6420E0F4 
 300      E0BD510D 
 300      2DE080D6 
 300      F6
 301 0757 56593C12 		.ascii	"VY<\022\231\002 \023\001\233\021\360\342Z\026\034\211"
 301      99022013 
 301      019B11F0 
ARM GAS  /tmp/ccc777ab.s 			page 23


 301      E25A161C 
 301      89
 302 0768 120E7899 		.ascii	"\022\016x\231\322\337\254\023\313\220%\020\262\220\260"
 302      D2DFAC13 
 302      CB902510 
 302      B290B0
 303 0777 0509F633 		.ascii	"\005\011\3663\343\263\250\235\003\352\266\327\374\340"
 303      E3B3A89D 
 303      03EAB6D7 
 303      FCE0
 304 0785 ECE7DBF9 		.ascii	"\354\347\333\371\356*l\025\010[\221\260\015\011Y\307"
 304      EE2A6C15 
 304      085B91B0 
 304      0D0959C7 
 305 0795 F6BE855E 		.ascii	"\366\276\205^\340\210\202\252\212d\203P\205\355\002"
 305      E08882AA 
 305      8A648350 
 305      85ED02
 306 07a4 603B0276 		.ascii	"`;\002v\360E\334:\3342\205\266q\300\275\303\023ib/d"
 306      F045DC3A 
 306      DC3285B6 
 306      71C0BDC3 
 306      1369622F 
 307 07b9 0B806C04 		.ascii	"\013\200l\004\344 \240\253\254\374X \355W\312\230y("
 307      E420A0AB 
 307      ACFC5820 
 307      ED57CA98 
 307      7928
 308 07cb 432B5621 		.ascii	"C+V!W"
 308      57
 309 07d0 20E42221 		.ascii	" \344\"!\017\011G\262\272s\264t\234\023\306w\034\277"
 309      0F0947B2 
 309      BA73B474 
 309      9C13C677 
 309      1CBF
 310 07e2 EBACE353 		.ascii	"\353\254\343S\2172\344\013\210|D\354DD\376\255\355v"
 310      8F32E40B 
 310      887C44EC 
 310      4444FEAD 
 310      ED76
 311 07f4 4233B588 		.ascii	"B3\265\2108\270\2668W,C\201\000(@\300\017\010\030X\327"
 311      38B8B638 
 311      572C4381 
 311      002840C0 
 311      0F081858 
 312 0809 D901CDC0 		.ascii	"\331\001\315\300\001\345\003k\366\211\315\260K\000\354"
 312      01E5036B 
 312      F689CDB0 
 312      4B00EC
 313 0818 42C06E04 		.ascii	"B\300n\004\344\274x\223\002\315\300\001\357\363\037"
 313      E4BC7893 
 313      02CDC001 
 313      EFF31F
 314 0827 BF98A419 		.ascii	"\277\230\244\031\366\010\204=H\330\313S8r`\310\340\371"
 314      F608843D 
 314      48D8CB53 
 314      387260C8 
ARM GAS  /tmp/ccc777ab.s 			page 24


 314      E0F9
 315 0839 07B8D3E3 		.ascii	"\007\270\323\343\217\235D\012U\370\007\230\375\202\361"
 315      8F9D440A 
 315      55F80798 
 315      FD82F1
 316 0848 D881F241 		.ascii	"\330\201\362A\235\2471\373S\3426\336\247\030\357C\343"
 316      9DA731FB 
 316      53E236DE 
 316      A718EF43 
 316      E3
 317 0859 C65B4565 		.ascii	"\306[Eej\247\361\372\017\375\265&\373\301)\300d\212"
 317      6AA7F1FA 
 317      0FFDB526 
 317      FBC129C0 
 317      648A
 318 086b 8E4FB098 		.ascii	"\216O\260\230b\25416\365\367\026\363w\272/\377\360\327"
 318      62AC3136 
 318      F5F716F3 
 318      77BA2FFF 
 318      F0D7
 319 087d D94B2223 		.ascii	"\331K\"#\245y\021\021Fc|\2421:>..\336j\\\031\237`K4"
 319      A5791111 
 319      46637CA2 
 319      313A3E2E 
 319      2EDE6A5C 
 320 0896 FEF6CF4B 		.ascii	"\376\366\317K\227,]\305\346V\306\304Z\022\022\215_."
 320      972C5DC5 
 320      E656C6C4 
 320      5A12128D 
 320      5F2E
 321 08a8 59628C4E 		.ascii	"Yb\214N\260EFDK\006\223\311bN\210]\215,\340\306\232"
 321      B0454644 
 321      4B0693C9 
 321      624E885D 
 321      8D2CE0C6 
 322 08bd 6D9C1B68 		.ascii	"m\234\033h2-\263|kN\212\265\231,\253bl:+\004\264%%X"
 322      322DB37C 
 322      6B4E8AB5 
 322      992CAB62 
 322      6C3A2B04 
 323 08d5 A79AF0B1 		.ascii	"\247\232\360\261)\301\034g2'X\314\211\376\256;}t,\260"
 323      29C11C67 
 323      322758CC 
 323      89FEAE3B 
 323      7D742CB0 
 324 08e9 F05E6F32 		.ascii	"\360^o2%\305Xm\363\243L\266\357\214+\342\343,\306XK"
 324      25C5586D 
 324      F3A34CB6 
 324      EF8C2BE2 
 324      E32CC658 
 325 08fe BCD59CB0 		.ascii	"\274\325\234\260,\336\370;Kb\2649a\2719\321\270<::\334"
 325      2CDEF83B 
 325      4B62B439 
 325      61B939D1 
 325      B83C3A3A 
 326 0913 9C10176E 		.ascii	"\234\020\027n\215\267Z\302-\346ob\302\027\205G\315\213"
 326      8DB75AC2 
ARM GAS  /tmp/ccc777ab.s 			page 25


 326      2DE66F62 
 326      C2178547 
 326      CD8B
 327 0925 5C1CFE8F 		.ascii	"\\\034\376\217\310\360\244\225\313 \023\243\327cc\214"
 327      C8F0A495 
 327      CB2013A3 
 327      D763638C 
 328 0935 353A3669 		.ascii	"5:6i\231\305\030g\216^\021c\265\030]\031\332V\257\264"
 328      99C51867 
 328      8E5E1163 
 328      B5185D19 
 328      DA56AFB4 
 329 0949 2446AC90 		.ascii	"$F\254\220t\316\240\177\377\377\007M\\\235h4%\332\226"
 329      74CEA07F 
 329      FFFF074D 
 329      5C9D6834 
 329      25DA96
 330 095c 410488E4 		.ascii	"A\004\210\344\217E`K\015\304;\233e\025\037\032\254\361"
 330      8F45604B 
 330      0DC43B9B 
 330      65151F1A 
 330      ACF1
 331 096e 26D7B320 		.ascii	"&\327\263 V\033\327\310d\0136\261\272\3153\271]LS<\247"
 331      561BD7C8 
 331      640B36B1 
 331      BACD33B9 
 331      5D4C533C 
 332 0983 4C81CA88 		.ascii	"L\201\312\210W\322\024\244\014\255\361\3741\367\217"
 332      57D214A4 
 332      0CADF1FC 
 332      31F78F
 333 0992 14FD23BD 		.ascii	"\024\375#\275\374#\275\375#}\374\243D\377(/\377(o\377"
 333      FC23BDFD 
 333      237DFCA3 
 333      44FF282F 
 333      FF286FFF 
 334 09a6 281FFFF9 		.ascii	"(\037\377\371\242\377|/\377\371\336\376\363}\374\027"
 334      A2FF7C2F 
 334      FFF9DEFE 
 334      F37DFC17 
 335 09b6 88FE0BBC 		.ascii	"\210\376\013\274\374\027x\373/\360\361_(\372/\364\362"
 335      FC1778FB 
 335      2FF0F15F 
 335      28FA2FF4 
 335      F2
 336 09c7 5FE8EDBF 		.ascii	"_\350\355\277\320\307\177\221\350\277\310\313\177\221"
 336      D0C77F91 
 336      E8BFC8CB 
 336      7F91
 337 09d5 B7FF221F 		.ascii	"\267\377\"\037\377\305\242\377b/\377\305\336\376\213"
 337      FFC5A2FF 
 337      622FFFC5 
 337      DEFE8B
 338 09e4 5DFEFF01 		.ascii	"]\376\377\001\242Xg|"
 338      A258677C 
 339              		.text
 340              		.section	.gnu.lto_.symtab.308123400eda1b0b,"",%progbits
ARM GAS  /tmp/ccc777ab.s 			page 26


 341 0000 5F5F636F 		.ascii	"__core_init\000"
 341      72655F69 
 341      6E697400 
 342 000c 00       		.ascii	"\000"
 343 000d 01       		.ascii	"\001"
 344 000e 00       		.ascii	"\000"
 345 000f 00000000 		.ascii	"\000\000\000\000\000\000\000\000"
 345      00000000 
 346 0017 B0000000 		.ascii	"\260\000\000\000"
 347 001b 5F5F6561 		.ascii	"__early_init\000"
 347      726C795F 
 347      696E6974 
 347      00
 348 0028 00       		.ascii	"\000"
 349 0029 01       		.ascii	"\001"
 350 002a 00       		.ascii	"\000"
 351 002b 00000000 		.ascii	"\000\000\000\000\000\000\000\000"
 351      00000000 
 352 0033 B3000000 		.ascii	"\263\000\000\000"
 353 0037 5F5F6C61 		.ascii	"__late_init\000"
 353      74655F69 
 353      6E697400 
 354 0043 00       		.ascii	"\000"
 355 0044 01       		.ascii	"\001"
 356 0045 00       		.ascii	"\000"
 357 0046 00000000 		.ascii	"\000\000\000\000\000\000\000\000"
 357      00000000 
 358 004e B6000000 		.ascii	"\266\000\000\000"
 359 0052 5F5F6465 		.ascii	"__default_exit\000"
 359      6661756C 
 359      745F6578 
 359      697400
 360 0061 00       		.ascii	"\000"
 361 0062 01       		.ascii	"\001"
 362 0063 00       		.ascii	"\000"
 363 0064 00000000 		.ascii	"\000\000\000\000\000\000\000\000"
 363      00000000 
 364 006c BB000000 		.ascii	"\273\000\000\000"
 365 0070 5F5F696E 		.ascii	"__init_ram_areas\000"
 365      69745F72 
 365      616D5F61 
 365      72656173 
 365      00
 366 0081 00       		.ascii	"\000"
 367 0082 00       		.ascii	"\000"
 368 0083 00       		.ascii	"\000"
 369 0084 00000000 		.ascii	"\000\000\000\000\000\000\000\000"
 369      00000000 
 370 008c BD000000 		.ascii	"\275\000\000\000"
 371 0090 5F5F7261 		.ascii	"__ram0_init_text__\000"
 371      6D305F69 
 371      6E69745F 
 371      74657874 
 371      5F5F00
 372 00a3 00       		.ascii	"\000"
 373 00a4 02       		.ascii	"\002"
 374 00a5 00       		.ascii	"\000"
ARM GAS  /tmp/ccc777ab.s 			page 27


 375 00a6 00000000 		.ascii	"\000\000\000\000\000\000\000\000"
 375      00000000 
 376 00ae E3000000 		.ascii	"\343\000\000\000"
 377 00b2 5F5F7261 		.ascii	"__ram0_init__\000"
 377      6D305F69 
 377      6E69745F 
 377      5F00
 378 00c0 00       		.ascii	"\000"
 379 00c1 02       		.ascii	"\002"
 380 00c2 00       		.ascii	"\000"
 381 00c3 00000000 		.ascii	"\000\000\000\000\000\000\000\000"
 381      00000000 
 382 00cb E5000000 		.ascii	"\345\000\000\000"
 383 00cf 5F5F7261 		.ascii	"__ram0_clear__\000"
 383      6D305F63 
 383      6C656172 
 383      5F5F00
 384 00de 00       		.ascii	"\000"
 385 00df 02       		.ascii	"\002"
 386 00e0 00       		.ascii	"\000"
 387 00e1 00000000 		.ascii	"\000\000\000\000\000\000\000\000"
 387      00000000 
 388 00e9 E7000000 		.ascii	"\347\000\000\000"
 389 00ed 5F5F7261 		.ascii	"__ram0_noinit__\000"
 389      6D305F6E 
 389      6F696E69 
 389      745F5F00 
 390 00fd 00       		.ascii	"\000"
 391 00fe 02       		.ascii	"\002"
 392 00ff 00       		.ascii	"\000"
 393 0100 00000000 		.ascii	"\000\000\000\000\000\000\000\000"
 393      00000000 
 394 0108 E9000000 		.ascii	"\351\000\000\000"
 395 010c 5F5F7261 		.ascii	"__ram1_init_text__\000"
 395      6D315F69 
 395      6E69745F 
 395      74657874 
 395      5F5F00
 396 011f 00       		.ascii	"\000"
 397 0120 02       		.ascii	"\002"
 398 0121 00       		.ascii	"\000"
 399 0122 00000000 		.ascii	"\000\000\000\000\000\000\000\000"
 399      00000000 
 400 012a EB000000 		.ascii	"\353\000\000\000"
 401 012e 5F5F7261 		.ascii	"__ram1_init__\000"
 401      6D315F69 
 401      6E69745F 
 401      5F00
 402 013c 00       		.ascii	"\000"
 403 013d 02       		.ascii	"\002"
 404 013e 00       		.ascii	"\000"
 405 013f 00000000 		.ascii	"\000\000\000\000\000\000\000\000"
 405      00000000 
 406 0147 ED000000 		.ascii	"\355\000\000\000"
 407 014b 5F5F7261 		.ascii	"__ram1_clear__\000"
 407      6D315F63 
 407      6C656172 
ARM GAS  /tmp/ccc777ab.s 			page 28


 407      5F5F00
 408 015a 00       		.ascii	"\000"
 409 015b 02       		.ascii	"\002"
 410 015c 00       		.ascii	"\000"
 411 015d 00000000 		.ascii	"\000\000\000\000\000\000\000\000"
 411      00000000 
 412 0165 EF000000 		.ascii	"\357\000\000\000"
 413 0169 5F5F7261 		.ascii	"__ram1_noinit__\000"
 413      6D315F6E 
 413      6F696E69 
 413      745F5F00 
 414 0179 00       		.ascii	"\000"
 415 017a 02       		.ascii	"\002"
 416 017b 00       		.ascii	"\000"
 417 017c 00000000 		.ascii	"\000\000\000\000\000\000\000\000"
 417      00000000 
 418 0184 F1000000 		.ascii	"\361\000\000\000"
 419 0188 5F5F7261 		.ascii	"__ram2_init_text__\000"
 419      6D325F69 
 419      6E69745F 
 419      74657874 
 419      5F5F00
 420 019b 00       		.ascii	"\000"
 421 019c 02       		.ascii	"\002"
 422 019d 00       		.ascii	"\000"
 423 019e 00000000 		.ascii	"\000\000\000\000\000\000\000\000"
 423      00000000 
 424 01a6 F3000000 		.ascii	"\363\000\000\000"
 425 01aa 5F5F7261 		.ascii	"__ram2_init__\000"
 425      6D325F69 
 425      6E69745F 
 425      5F00
 426 01b8 00       		.ascii	"\000"
 427 01b9 02       		.ascii	"\002"
 428 01ba 00       		.ascii	"\000"
 429 01bb 00000000 		.ascii	"\000\000\000\000\000\000\000\000"
 429      00000000 
 430 01c3 F5000000 		.ascii	"\365\000\000\000"
 431 01c7 5F5F7261 		.ascii	"__ram2_clear__\000"
 431      6D325F63 
 431      6C656172 
 431      5F5F00
 432 01d6 00       		.ascii	"\000"
 433 01d7 02       		.ascii	"\002"
 434 01d8 00       		.ascii	"\000"
 435 01d9 00000000 		.ascii	"\000\000\000\000\000\000\000\000"
 435      00000000 
 436 01e1 F7000000 		.ascii	"\367\000\000\000"
 437 01e5 5F5F7261 		.ascii	"__ram2_noinit__\000"
 437      6D325F6E 
 437      6F696E69 
 437      745F5F00 
 438 01f5 00       		.ascii	"\000"
 439 01f6 02       		.ascii	"\002"
 440 01f7 00       		.ascii	"\000"
 441 01f8 00000000 		.ascii	"\000\000\000\000\000\000\000\000"
 441      00000000 
ARM GAS  /tmp/ccc777ab.s 			page 29


 442 0200 F9000000 		.ascii	"\371\000\000\000"
 443 0204 5F5F7261 		.ascii	"__ram3_init_text__\000"
 443      6D335F69 
 443      6E69745F 
 443      74657874 
 443      5F5F00
 444 0217 00       		.ascii	"\000"
 445 0218 02       		.ascii	"\002"
 446 0219 00       		.ascii	"\000"
 447 021a 00000000 		.ascii	"\000\000\000\000\000\000\000\000"
 447      00000000 
 448 0222 FB000000 		.ascii	"\373\000\000\000"
 449 0226 5F5F7261 		.ascii	"__ram3_init__\000"
 449      6D335F69 
 449      6E69745F 
 449      5F00
 450 0234 00       		.ascii	"\000"
 451 0235 02       		.ascii	"\002"
 452 0236 00       		.ascii	"\000"
 453 0237 00000000 		.ascii	"\000\000\000\000\000\000\000\000"
 453      00000000 
 454 023f FD000000 		.ascii	"\375\000\000\000"
 455 0243 5F5F7261 		.ascii	"__ram3_clear__\000"
 455      6D335F63 
 455      6C656172 
 455      5F5F00
 456 0252 00       		.ascii	"\000"
 457 0253 02       		.ascii	"\002"
 458 0254 00       		.ascii	"\000"
 459 0255 00000000 		.ascii	"\000\000\000\000\000\000\000\000"
 459      00000000 
 460 025d FF000000 		.ascii	"\377\000\000\000"
 461 0261 5F5F7261 		.ascii	"__ram3_noinit__\000"
 461      6D335F6E 
 461      6F696E69 
 461      745F5F00 
 462 0271 00       		.ascii	"\000"
 463 0272 02       		.ascii	"\002"
 464 0273 00       		.ascii	"\000"
 465 0274 00000000 		.ascii	"\000\000\000\000\000\000\000\000"
 465      00000000 
 466 027c 01010000 		.ascii	"\001\001\000\000"
 467 0280 5F5F7261 		.ascii	"__ram4_init_text__\000"
 467      6D345F69 
 467      6E69745F 
 467      74657874 
 467      5F5F00
 468 0293 00       		.ascii	"\000"
 469 0294 02       		.ascii	"\002"
 470 0295 00       		.ascii	"\000"
 471 0296 00000000 		.ascii	"\000\000\000\000\000\000\000\000"
 471      00000000 
 472 029e 03010000 		.ascii	"\003\001\000\000"
 473 02a2 5F5F7261 		.ascii	"__ram4_init__\000"
 473      6D345F69 
 473      6E69745F 
 473      5F00
ARM GAS  /tmp/ccc777ab.s 			page 30


 474 02b0 00       		.ascii	"\000"
 475 02b1 02       		.ascii	"\002"
 476 02b2 00       		.ascii	"\000"
 477 02b3 00000000 		.ascii	"\000\000\000\000\000\000\000\000"
 477      00000000 
 478 02bb 05010000 		.ascii	"\005\001\000\000"
 479 02bf 5F5F7261 		.ascii	"__ram4_clear__\000"
 479      6D345F63 
 479      6C656172 
 479      5F5F00
 480 02ce 00       		.ascii	"\000"
 481 02cf 02       		.ascii	"\002"
 482 02d0 00       		.ascii	"\000"
 483 02d1 00000000 		.ascii	"\000\000\000\000\000\000\000\000"
 483      00000000 
 484 02d9 07010000 		.ascii	"\007\001\000\000"
 485 02dd 5F5F7261 		.ascii	"__ram4_noinit__\000"
 485      6D345F6E 
 485      6F696E69 
 485      745F5F00 
 486 02ed 00       		.ascii	"\000"
 487 02ee 02       		.ascii	"\002"
 488 02ef 00       		.ascii	"\000"
 489 02f0 00000000 		.ascii	"\000\000\000\000\000\000\000\000"
 489      00000000 
 490 02f8 09010000 		.ascii	"\011\001\000\000"
 491 02fc 5F5F7261 		.ascii	"__ram5_init_text__\000"
 491      6D355F69 
 491      6E69745F 
 491      74657874 
 491      5F5F00
 492 030f 00       		.ascii	"\000"
 493 0310 02       		.ascii	"\002"
 494 0311 00       		.ascii	"\000"
 495 0312 00000000 		.ascii	"\000\000\000\000\000\000\000\000"
 495      00000000 
 496 031a 0B010000 		.ascii	"\013\001\000\000"
 497 031e 5F5F7261 		.ascii	"__ram5_init__\000"
 497      6D355F69 
 497      6E69745F 
 497      5F00
 498 032c 00       		.ascii	"\000"
 499 032d 02       		.ascii	"\002"
 500 032e 00       		.ascii	"\000"
 501 032f 00000000 		.ascii	"\000\000\000\000\000\000\000\000"
 501      00000000 
 502 0337 0D010000 		.ascii	"\015\001\000\000"
 503 033b 5F5F7261 		.ascii	"__ram5_clear__\000"
 503      6D355F63 
 503      6C656172 
 503      5F5F00
 504 034a 00       		.ascii	"\000"
 505 034b 02       		.ascii	"\002"
 506 034c 00       		.ascii	"\000"
 507 034d 00000000 		.ascii	"\000\000\000\000\000\000\000\000"
 507      00000000 
 508 0355 0F010000 		.ascii	"\017\001\000\000"
ARM GAS  /tmp/ccc777ab.s 			page 31


 509 0359 5F5F7261 		.ascii	"__ram5_noinit__\000"
 509      6D355F6E 
 509      6F696E69 
 509      745F5F00 
 510 0369 00       		.ascii	"\000"
 511 036a 02       		.ascii	"\002"
 512 036b 00       		.ascii	"\000"
 513 036c 00000000 		.ascii	"\000\000\000\000\000\000\000\000"
 513      00000000 
 514 0374 11010000 		.ascii	"\021\001\000\000"
 515 0378 5F5F7261 		.ascii	"__ram6_init_text__\000"
 515      6D365F69 
 515      6E69745F 
 515      74657874 
 515      5F5F00
 516 038b 00       		.ascii	"\000"
 517 038c 02       		.ascii	"\002"
 518 038d 00       		.ascii	"\000"
 519 038e 00000000 		.ascii	"\000\000\000\000\000\000\000\000"
 519      00000000 
 520 0396 13010000 		.ascii	"\023\001\000\000"
 521 039a 5F5F7261 		.ascii	"__ram6_init__\000"
 521      6D365F69 
 521      6E69745F 
 521      5F00
 522 03a8 00       		.ascii	"\000"
 523 03a9 02       		.ascii	"\002"
 524 03aa 00       		.ascii	"\000"
 525 03ab 00000000 		.ascii	"\000\000\000\000\000\000\000\000"
 525      00000000 
 526 03b3 15010000 		.ascii	"\025\001\000\000"
 527 03b7 5F5F7261 		.ascii	"__ram6_clear__\000"
 527      6D365F63 
 527      6C656172 
 527      5F5F00
 528 03c6 00       		.ascii	"\000"
 529 03c7 02       		.ascii	"\002"
 530 03c8 00       		.ascii	"\000"
 531 03c9 00000000 		.ascii	"\000\000\000\000\000\000\000\000"
 531      00000000 
 532 03d1 17010000 		.ascii	"\027\001\000\000"
 533 03d5 5F5F7261 		.ascii	"__ram6_noinit__\000"
 533      6D365F6E 
 533      6F696E69 
 533      745F5F00 
 534 03e5 00       		.ascii	"\000"
 535 03e6 02       		.ascii	"\002"
 536 03e7 00       		.ascii	"\000"
 537 03e8 00000000 		.ascii	"\000\000\000\000\000\000\000\000"
 537      00000000 
 538 03f0 19010000 		.ascii	"\031\001\000\000"
 539 03f4 5F5F7261 		.ascii	"__ram7_init_text__\000"
 539      6D375F69 
 539      6E69745F 
 539      74657874 
 539      5F5F00
 540 0407 00       		.ascii	"\000"
ARM GAS  /tmp/ccc777ab.s 			page 32


 541 0408 02       		.ascii	"\002"
 542 0409 00       		.ascii	"\000"
 543 040a 00000000 		.ascii	"\000\000\000\000\000\000\000\000"
 543      00000000 
 544 0412 1B010000 		.ascii	"\033\001\000\000"
 545 0416 5F5F7261 		.ascii	"__ram7_init__\000"
 545      6D375F69 
 545      6E69745F 
 545      5F00
 546 0424 00       		.ascii	"\000"
 547 0425 02       		.ascii	"\002"
 548 0426 00       		.ascii	"\000"
 549 0427 00000000 		.ascii	"\000\000\000\000\000\000\000\000"
 549      00000000 
 550 042f 1D010000 		.ascii	"\035\001\000\000"
 551 0433 5F5F7261 		.ascii	"__ram7_clear__\000"
 551      6D375F63 
 551      6C656172 
 551      5F5F00
 552 0442 00       		.ascii	"\000"
 553 0443 02       		.ascii	"\002"
 554 0444 00       		.ascii	"\000"
 555 0445 00000000 		.ascii	"\000\000\000\000\000\000\000\000"
 555      00000000 
 556 044d 1F010000 		.ascii	"\037\001\000\000"
 557 0451 5F5F7261 		.ascii	"__ram7_noinit__\000"
 557      6D375F6E 
 557      6F696E69 
 557      745F5F00 
 558 0461 00       		.ascii	"\000"
 559 0462 02       		.ascii	"\002"
 560 0463 00       		.ascii	"\000"
 561 0464 00000000 		.ascii	"\000\000\000\000\000\000\000\000"
 561      00000000 
 562 046c 21010000 		.ascii	"!\001\000\000"
 563              		.text
 564              		.section	.gnu.lto_.opts,"",%progbits
 565 0000 272D666D 		.ascii	"'-fmath-errno' '-fsigned-zeros' '-ftrapping-math' '"
 565      6174682D 
 565      6572726E 
 565      6F272027 
 565      2D667369 
 566 0033 2D666E6F 		.ascii	"-fno-trapv' '-fno-openmp' '-fno-openacc' '-mcpu=cor"
 566      2D747261 
 566      70762720 
 566      272D666E 
 566      6F2D6F70 
 567 0066 7465782D 		.ascii	"tex-m4' '-mno-thumb-interwork' '-mthumb' '-ggdb' '-"
 567      6D342720 
 567      272D6D6E 
 567      6F2D7468 
 567      756D622D 
 568 0099 4F322720 		.ascii	"O2' '-w' '-fomit-frame-pointer' '-falign-functions="
 568      272D7727 
 568      20272D66 
 568      6F6D6974 
 568      2D667261 
ARM GAS  /tmp/ccc777ab.s 			page 33


 569 00cc 31362720 		.ascii	"16' '-ffunction-sections' '-fdata-sections' '-fno-c"
 569      272D6666 
 569      756E6374 
 569      696F6E2D 
 569      73656374 
 570 00ff 6F6D6D6F 		.ascii	"ommon' '-flto'\000"
 570      6E272027 
 570      2D666C74 
 570      6F2700
 571              		.text
 572              		.comm	__gnu_lto_v1,1,1
 573              		.comm	__gnu_lto_slim,1,1
 574              		.ident	"GCC: (GNU Tools for ARM Embedded Processors 6-2017-q1-update) 6.3.1 20170215 (release) [AR
ARM GAS  /tmp/ccc777ab.s 			page 34


DEFINED SYMBOLS
                            *ABS*:0000000000000000 crt1.c
                            *COM*:0000000000000001 __gnu_lto_v1
                            *COM*:0000000000000001 __gnu_lto_slim

NO UNDEFINED SYMBOLS
