ARM GAS  /tmp/cccv8s8E.s 			page 1


   1              		.cpu cortex-m4
   2              		.eabi_attribute 20, 1
   3              		.eabi_attribute 21, 1
   4              		.eabi_attribute 23, 3
   5              		.eabi_attribute 24, 1
   6              		.eabi_attribute 25, 1
   7              		.eabi_attribute 26, 1
   8              		.eabi_attribute 30, 2
   9              		.eabi_attribute 34, 1
  10              		.eabi_attribute 18, 4
  11              		.file	"EepromVirtual.c"
  12              		.text
  13              	.Ltext0:
  14              		.section	.gnu.lto_.profile.dce6991fd736cd4f,"",%progbits
  15 0000 789C6365 		.ascii	"x\234ce`b`a```d`c\001\000\000\220\000\027"
  15      60626061 
  15      60606064 
  15      60630100 
  15      00900017 
  16              		.text
  17              		.section	.gnu.lto_.icf.dce6991fd736cd4f,"",%progbits
  18 0000 789C6365 		.ascii	"x\234ce`b\020a@\000f\206\203\237\227\036\342a\\z\273"
  18      60621061 
  18      40006686 
  18      839F971E 
  18      E2615C7A 
  19 0015 EB180BD3 		.ascii	"\353\030\013\323\224\317\267\017s0\000\000c\231\011"
  19      94CFB70F 
  19      73300000 
  19      639909
  20 0024 4A       		.ascii	"J"
  21              		.text
  22              		.section	.gnu.lto_.jmpfuncs.dce6991fd736cd4f,"",%progbits
  23 0000 789C6365 		.ascii	"x\234ce`b\340c@\000&\006FF\306z&&FF\346\372z\006\000"
  23      6062E063 
  23      40002606 
  23      4646C67A 
  23      26264646 
  24 0019 09BC01A1 		.ascii	"\011\274\001\241"
  25              		.text
  26              		.section	.gnu.lto_.inline.dce6991fd736cd4f,"",%progbits
  27 0000 789C6365 		.ascii	"x\234ce`b0a@\000&\006\006\026fFF\006\016F \233\351\002"
  27      60623061 
  27      40002606 
  27      06166646 
  27      46060E46 
  28 0018 3F03DB02 		.ascii	"?\003\333\002y\240\030\003\013P\006\207\004\003\000"
  28      79A01803 
  28      0B500687 
  28      040300
  29 0027 634403C0 		.ascii	"cD\003\300"
  30              		.text
  31              		.section	.gnu.lto_.pureconst.dce6991fd736cd4f,"",%progbits
  32 0000 789C6365 		.ascii	"x\234ce`b`e`\000\222,L\022\000\000\303\000-"
  32      60626065 
  32      6000922C 
  32      4C120000 
ARM GAS  /tmp/cccv8s8E.s 			page 2


  32      C3002D
  33              		.text
  34              		.section	.gnu.lto_read_eeprom.dce6991fd736cd4f,"",%progbits
  35 0000 789C5550 		.ascii	"x\234UPOK\302A\020\235\267cjR\237 \017B\220x1\245\257"
  35      4F4BC241 
  35      109DB763 
  35      6A529F20 
  35      0F429078 
  36 0017 505FC17B 		.ascii	"P_\301{D\207 +$\317nB\010\031\345\245\244\203HDh\366"
  36      4487202B 
  36      24CF6E42 
  36      0819E5A5 
  36      A4834844 
  37 002d 47BA041E 		.ascii	"G\272\004\036\214\037Q!\024\006A\247 \250[a\227:t\322"
  37      8C1F5121 
  37      140641A7 
  37      20A85B61 
  37      973A74D2 
  38 0041 9AF91944 		.ascii	"\232\371\031D\013\273;\363\346\275\231\267;@\206&A4"
  38      0BBB3BF3 
  38      E6BD99B7 
  38      3B408626 
  38      4134
  39 0053 464423B2 		.ascii	"FD#\262\301\004Sh\023\255\370\015\240\201\365\2032\006"
  39      C1045368 
  39      13ADF80D 
  39      A081F583 
  39      3206
  40 0065 196C7291 		.ascii	"\031lr\221q\363\325Z\017D*\326f\255S\254y\213U\007e"
  40      71F3D55A 
  40      0F442AD6 
  40      66AD53AC 
  40      798B5507 
  41 007a 26DA11D9 		.ascii	"&\332\021\331D\020\261\240\266\250 \"\314\247j\253\020"
  41      4410B1A0 
  41      B6A82022 
  41      CCA76AAB 
  41      10
  42 008b E05190C4 		.ascii	"\340Q\220\304\327\355\253\274\011\357\273\252\316\247"
  42      D7EDABBC 
  42      09EFBBAA 
  42      CEA7
  43 0099 B143A241 		.ascii	"\261C\242A\025\374'\323&8@X\331/\247\275\255a\257G\233"
  43      15FC27D3 
  43      26384058 
  43      D92FA7BD 
  43      AD61AF47 
  44 00ae 0A588357 		.ascii	"\012X\203W\374Q\375\036\216\355}\347\254s\266\213\330"
  44      FC51FD1E 
  44      8EED7DE7 
  44      AC73B68B 
  44      D8
  45 00bf 00A06C23 		.ascii	"\000\240l#:x\\1\255\311\241~\363l\364\346Wd?r\335\204"
  45      3A785C31 
  45      ADC9A17E 
  45      F36CF4E6 
  45      57643F72 
ARM GAS  /tmp/cccv8s8E.s 			page 3


  46 00d5 EA4B6C4A 		.ascii	"\352KlJ\014\022\344|\260\237{d\314\366\352\305\235o"
  46      0C12E47C 
  46      B09F7B64 
  46      CCF6EAC5 
  46      9D6F
  47 00e7 83CB6C5C 		.ascii	"\203\313l\\\217\215F\347\321\227\351Z\277\000{\332P"
  47      8F8D46E7 
  47      D197E95A 
  47      BF007BDA 
  47      50
  48 00f8 B0B7DB87 		.ascii	"\260\267\333\207\313@\031%y#\343H\376\340\020\301~\241"
  48      CB401925 
  48      7923E348 
  48      FEE010C1 
  48      7EA1
  49 010a D97CE678 		.ascii	"\331|\346x\335\312\012\351[\216!,\031\254\206O\020\247"
  49      DDCA0AE9 
  49      5B8E212C 
  49      19AC864F 
  49      10A7
  50 011c 776443BF 		.ascii	"wdC\277\223\310\365\006\365$\365Pt|jv)\265\230L\314"
  50      93C8F506 
  50      F524F550 
  50      747C6A76 
  50      29B5984C 
  51 0131 A596D3D3 		.ascii	"\245\226\323\323\363\377\263\350\014\361B:\371\003w"
  51      F3FFB3E8 
  51      0CF1423A 
  51      F90377
  52 0140 C7711C   		.ascii	"\307q\034"
  53              		.text
  54              		.section	.gnu.lto_write_eeprom.dce6991fd736cd4f,"",%progbits
  55 0000 789C6550 		.ascii	"x\234eP\317+DQ\024>\337=c\336$\212\2352\013e\361\032"
  55      CF2B4451 
  55      143EDF3D 
  55      63DE248A 
  55      9D320B65 
  56 0016 0B4CFE06 		.ascii	"\013L\376\006\377\202\275D)\206&\226\232kJS\224\231"
  56      FF82BD44 
  56      29862696 
  56      9A6B4A53 
  56      9499
  57 0028 0D13F57A 		.ascii	"\015\023\365zJ2~\016e3e\3525!\344G)+?\012\245\210\015"
  57      4A327E0E 
  57      653365EA 
  57      3521E447 
  57      292B3F0A 
  58 003f C9CA70EE 		.ascii	"\311\312p\356\033\0339u\272\347~\367\373\356w\316\251"
  58      1B1B3975 
  58      BAE77EF7 
  58      FBEE77CE 
  58      A9
  59 0050 22456320 		.ascii	"\"Ec j!\242FI0Ae\316\210\306C\0120\205\016\201\022\012"
  59      6A21A246 
  59      49304165 
  59      CE88C643 
  59      0A30850E 
ARM GAS  /tmp/cccv8s8E.s 			page 4


  60 0067 09A439CB 		.ascii	"\011\2449\313(\245\036\013*\262\254%\274\354N\203\316"
  60      28A51E0B 
  60      2AB2AC25 
  60      BCEC4E83 
  60      CE
  61 0078 79709968 		.ascii	"yp\231hN\322\004\226\021\021\326m\3560S\315\315 \251"
  61      4ED20496 
  61      1111D66D 
  61      EE3053CD 
  61      CD20A9
  62 008b 0FCEF6A7 		.ascii	"\017\316\366\247\224\275\244uR{\327\357J\327\270\014"
  62      94BDA475 
  62      527BD7EF 
  62      4AD7B80C 
  63 009b E4C02241 		.ascii	"\344\300\"AG\030\355a\022\200\260\002[\310\251t\351"
  63      4718ED61 
  63      1280B002 
  63      5BC8A974 
  63      E9
  64 00ac 066CFBC2 		.ascii	"\006l\373\302\355\223\213]\353W\270\367\361+\\\375'"
  64      ED938B5D 
  64      EB57B8F7 
  64      F12B5CFD 
  64      27
  65 00bd 5C836DD8 		.ascii	"\\\203m\330\367\333\345\231\332`\240\322\011\326\021"
  65      F7DBE599 
  65      DA60A0D2 
  65      09D611
  66 00cc 94A1287F 		.ascii	"\224\241(\177\001O\227\277S\332\273\255?\266\202\200"
  66      014F97BF 
  66      53DABBAD 
  66      3FB68280 
  67 00dc B151A253 		.ascii	"\261Q\242S\001\370B\232\024\272\231r\212\2259\371\011"
  67      01F8429A 
  67      14BA9972 
  67      8A9539F9 
  67      09
  68 00ed C9B7D4E9 		.ascii	"\311\267\324\351C\320\374\340\260r\304A\240\371\243"
  68      43D0FCE0 
  68      B072C441 
  68      A0F9A3
  69 00fc 8801C466 		.ascii	"\210\001\304fv\242tnM\263\313\354\367X(\274\\Y\211/"
  69      76A2746E 
  69      4DB3CBEC 
  69      F75828BC 
  69      5C59892F 
  70 0110 1D1260D1 		.ascii	"\035\022`\3218\013\366|r\271W\355\302\221\305\004\260"
  70      380BF67C 
  70      72B957ED 
  70      C291C504 
  70      B0
  71 0121 298BDB40 		.ascii	")\213\333@\270\362P,\336q4ov\267\0203\303\344!416\035"
  71      B8F2502C 
  71      DE71346F 
  71      76B71033 
  71      C3E42134 
  72 0138 6F21EA70 		.ascii	"o!\352p\200^\221\\\370\2543f\376>'\305F\332\022JSk["
ARM GAS  /tmp/cccv8s8E.s 			page 5


  72      805E915C 
  72      F8AC3366 
  72      FE3E27C5 
  72      46DA124A 
  73 014f 67EF707C 		.ascii	"g\357p|h\260\253?>2\332=\360\367\326\332C\034\033\035"
  73      68B0AB3F 
  73      3E32DA3D 
  73      F0F7D6DA 
  73      431C1B1D 
  74 0163 E4FE58DF 		.ascii	"\344\376X\337\017.l\2065"
  74      0F2E6C86 
  74      35
  75              		.text
  76              		.section	.gnu.lto_.symbol_nodes.dce6991fd736cd4f,"",%progbits
  77 0000 789C6365 		.ascii	"x\234ce`b\320g\000\002\246\211L\365\014\014\023\316"
  77      6062D067 
  77      0002A689 
  77      4CF50C0C 
  77      13CE
  78 0012 313000A9 		.ascii	"10\000\251]\015\216\014\014\254\023\230\030\032\224"
  78      5D0D8E0C 
  78      0CAC1398 
  78      181A94
  79 0021 18189899 		.ascii	"\030\030\230\231&1\3253\242H1\000\000\001Q\012M"
  79      2631D533 
  79      A2483100 
  79      0001510A 
  79      4D
  80              		.text
  81              		.section	.gnu.lto_.refs.dce6991fd736cd4f,"",%progbits
  82 0000 789C6365 		.ascii	"x\234ce`b\340f```\004\"& ddb\000\000\001u\000\036"
  82      6062E066 
  82      60606004 
  82      22262064 
  82      64620000 
  83              		.text
  84              		.section	.gnu.lto_.decls.dce6991fd736cd4f,"",%progbits
  85 0000 789CAD53 		.ascii	"x\234\255S[HTQ\024=\373\336\311\364\246\243H\224\037"
  85      5B485451 
  85      143DFBDE 
  85      C9F4A6A3 
  85      48941F
  86 0013 438814F8 		.ascii	"C\210\024\3703s5\241\372\014z~E?\371;]gn:\345\314\350"
  86      337335A1 
  86      FA0C7A7E 
  86      453FF93B 
  86      5D676E3A 
  87 002a 3C08FF0E 		.ascii	"<\010\377\016f\320\003E\"\023\355%%\245\351d\351\344"
  87      66D00345 
  87      2213ED25 
  87      25A5E964 
  87      E9E4
  88 003c A3D2461B 		.ascii	"\243\322F\033\225B\351\001=\240\322 +\242\354A\221\350"
  88      9542E901 
  88      3DA0D220 
  88      2BA2EC41 
  88      91E8
ARM GAS  /tmp/cccv8s8E.s 			page 6


  89 004e 8FED73CE 		.ascii	"\217\355s\316\035g\014\253\237\016\263\317=\373\261"
  89      1D670CAB 
  89      9F0EB3CF 
  89      3DFBB1
  90 005d F65E7B9F 		.ascii	"\366^{\2373\313\210D\312M\204\354\002B\232\011!\363"
  90      33CB8844 
  90      CA4D84EC 
  90      02429A09 
  90      21F3
  91 006f B864FC86 		.ascii	"\270d\374\206H|I(=(\267Q0\214\014\223\305\313\213FL"
  91      487C4928 
  91      3D28B751 
  91      308C0C93 
  91      C5CB8B46 
  92 0084 413A5176 		.ascii	"A:Qv\243\214\240D\015\037\030\330\245p\025h\\\206\337"
  92      A38CA044 
  92      0D1F18D8 
  92      A5701568 
  92      5C86DF
  93 0097 C2BF60FF 		.ascii	"\302\277`\377T\263^\206\356\352h\2774\001/\001\371A"
  93      54B35E86 
  93      EEEA68BF 
  93      34012F01 
  93      F941
  94 00a9 864080D8 		.ascii	"\206@\200\330\201\013W\347c\013\200\333\321*\361]\004"
  94      810B57E7 
  94      630B80DB 
  94      D12AF15D 
  94      04
  95 00ba 7213C410 		.ascii	"r\023\304\020\206.\031\252d\244\344?\003\014\011\031"
  95      862E19AA 
  95      64A4E43F 
  95      030C0919 
  96 00ca 855B548A 		.ascii	"\205[T\212-\301W\0348,\206\006)^\000 \021\220\220P\320"
  96      2DC1571C 
  96      382C8606 
  96      295E0020 
  96      11909050 
  97 00df 36FC0BFC 		.ascii	"6\374\013\374H\2749\210u\377\255a\354\2352\011\257\230"
  97      48BC3988 
  97      75FFAD61 
  97      EC9D3209 
  97      AF98
  98 00f1 B5693370 		.ascii	"\265i3p\333\324\373\232\011\220%`\347\311\331\226\355"
  98      DBD4FB9A 
  98      09902560 
  98      E7C9D996 
  98      ED
  99 0102 B6762A56 		.ascii	"\266v*V\362\232\370\330:\016O\265&\327\310`Q`\036\230"
  99      F29AF8D8 
  99      3A0E4FB5 
  99      26D7C860 
  99      51601E98 
 100 0116 FEA96F36 		.ascii	"\376\251o6M\350\314\035\216|\017\231\344\325\354,u\207"
 100      4DE8CC1D 
 100      8E7C0F99 
 100      E4D5EC2C 
ARM GAS  /tmp/cccv8s8E.s 			page 7


 100      7587
 101 0128 A71A15C8 		.ascii	"\247\032\025\310U.\261\034\221\007?V\365R\232\001\035"
 101      552EB11C 
 101      91073F56 
 101      F5529A01 
 101      1D
 102 0139 A0400864 		.ascii	"\240@\010d\270\0026F\310\242\340~\204\322J\372\365\002"
 102      B8023646 
 102      C8A2E07E 
 102      84D24AFA 
 102      F502
 103 014b 95B30814 		.ascii	"\225\263\010\024X \317B\340*\344\262\234,\012\332\301"
 103      5820CF42 
 103      E02AE4B2 
 103      9C2C0ADA 
 103      C1
 104 015c 026D6061 		.ascii	"\002m`a\371[\317\267D\323\344j\340\005\032\352\006\303"
 104      F95BCFB7 
 104      44D3E46A 
 104      E0051AEA 
 104      06C3
 105 016e E685025F 		.ascii	"\346\205\002_\256\344t\035\246T\202N\254p-^\001\013"
 105      AEE4741D 
 105      A654824E 
 105      AC702D5E 
 105      010B
 106 0180 2E5DE2FA 		.ascii	".]\342\372\322%\276\215N\325\201\211\275\012\226\250"
 106      D225BE8D 
 106      4ED58189 
 106      BD0A96A8 
 107 0190 C8C46CC3 		.ascii	"\310\304l\303\3633\221t\3542S\001\011\325\307_\307\316"
 107      F3339174 
 107      EC325301 
 107      09D5C75F 
 107      C7CE
 108 01a2 AE4075A5 		.ascii	"\256@u\245\002\031\250\016D+\207\345\254S|V\207h\206"
 108      0219A80E 
 108      442B87E5 
 108      AC537C56 
 108      876886
 109 01b5 60700333 		.ascii	"`p\0033\2061#\201n\310\302\275\013Lb\202m\263\241M9"
 109      86312381 
 109      6EC8C2BD 
 109      0B4C6282 
 109      6DB3A14D 
 110 01ca 4DB4E935 		.ascii	"M\264\3515\215\314\014\254l\350\244\024Y\323\265,\014"
 110      8DCC0CAC 
 110      6CE8A414 
 110      59D3B52C 
 110      0C
 111 01db 5AE3B4F1 		.ascii	"Z\343\264\361\210{\013L\002\\\206\011\274\307\036\310"
 111      887B0B4C 
 111      025C8609 
 111      BCC71EC8 
 112 01eb 41F4DCDC 		.ascii	"A\364\334\334\317\263\351r\275\270\245\245\250\236\030"
 112      CFB3E972 
 112      BDB8A5A5 
ARM GAS  /tmp/cccv8s8E.s 			page 8


 112      A89E18
 113 01fa 7AD19CB4 		.ascii	"z\321\234\264`\353\003n<\177\377^mj\"\303\302U\011\004"
 113      60EB036E 
 113      3C7FFF5E 
 113      6D6A22C3 
 113      C2550904 
 114 020e 6F718237 		.ascii	"oq\2027c\004\237\234<\0272\033\014\237j\0154RI\331X"
 114      63049F9C 
 114      3C17321B 
 114      0C9F6A0D 
 114      345249D9 
 115 0223 310A7AE3 		.ascii	"1\012z\343\374z\177\347w\233\363\353\034\031\031M\222"
 115      FC7A7FE7 
 115      779BF3EB 
 115      1C19194D 
 115      92
 116 0234 9B05BFA1 		.ascii	"\233\005\277\241\217\317\332\314bl\247\331cy5}\364\213"
 116      8FCFDACC 
 116      626CA7D9 
 116      6379357D 
 116      F48B
 117 0246 2CE6F63C 		.ascii	",\346\366<\005\365\351p\357t\232\36072\377\243\252k"
 117      05F5E970 
 117      EF749AF0 
 117      3732FFA3 
 117      AA6B
 118 0258 6764A19B 		.ascii	"gd\241\233X{\343\215o\314\"<\033\325\317\227/\356W\216"
 118      587BE38D 
 118      6FCC223C 
 118      1BD5CF97 
 118      2FEE578E 
 119 026c B0166A0F 		.ascii	"\260\026j\017\321\224\235,j\010{\030\344=\334e\267\014"
 119      D1949D2C 
 119      6A087B18 
 119      E43DDC65 
 119      B70C
 120 027e AA0522E2 		.ascii	"\252\005\"\342\026\337\324\037m7e\326\362hJ\263\201"
 120      16DFD41F 
 120      6D3765D6 
 120      F2684AB3 
 120      81
 121 028f 4FE30E86 		.ascii	"O\343\016\206\017\360\360(d\306@,\372m\315\207I\363"
 121      0FF0F028 
 121      64C6402C 
 121      FA6DCD87 
 121      49F3
 122 02a1 BA8B3412 		.ascii	"\272\2134\022\301K\031\317\355{XEi&\013\202~\321q\002"
 122      C14B19CF 
 122      ED7B5845 
 122      69260B82 
 122      7ED17102 
 123 02b5 B49F373E 		.ascii	"\264\2377>\014\353\020W\325r\334\224z\214=-A\211!\342"
 123      0CEB1057 
 123      D572DC94 
 123      7A8C3D2D 
 123      418921E2 
 124 02c9 9C462095 		.ascii	"\234F \225\377\363\330w\205O\327\234v]/\363y\335\311"
ARM GAS  /tmp/cccv8s8E.s 			page 9


 124      FFF3D877 
 124      854FD79C 
 124      765D2FF3 
 124      79DDC9
 125 02dc 3B76EDC9 		.ascii	";v\355\311\336\222\237OR\354\366\240\313\023\330d\017"
 125      DE929F4F 
 125      52ECF6A0 
 125      CB13D864 
 125      0F
 126 02ed 1C504BBC 		.ascii	"\034PK\274n]-\325\275\036\315\347\364\252[u\277C\363"
 126      6E5D2DD5 
 126      BD1ECDE7 
 126      F4AA5B75 
 126      BF43F3
 127 0300 156B7EB5 		.ascii	"\025k~\265\330\341\260j>\267\325\343\365\350V]+rY7X"
 127      D8E1B06A 
 127      3EB7D5E3 
 127      F5E8565D 
 127      2B725937 
 128 0315 D7E7E56F 		.ascii	"\327\347\345o\264\226\347[\203eN-\240\253\213\334\252"
 128      B496E75B 
 128      83654E2D 
 128      A0AB8BDC 
 128      AA
 129 0326 CBE3280D 		.ascii	"\313\343(\015:u\325\2559J\\\036]\265;\365}Z\2604`\017"
 129      3A75D5AD 
 129      394A5C1E 
 129      5DB53BF5 
 129      7D5AB034 
 130 033c 5494E97E 		.ascii	"T\224\351~[\011Yn\324\334\373\377k\372+\374\252\335"
 130      5B09596E 
 130      D4DCFBFF 
 130      6BFA2BFC 
 130      AADD
 131 034e 1F706201 		.ascii	"\037pb\001,\224mS\267\361\206\013]\276@P+]\254\331\034"
 131      2C946D53 
 131      B7F1860B 
 131      5DBE4050 
 131      2B5DACD9 
 132 0363 24F5A0CF 		.ascii	"$\365\240\317\025\320\215\251\244`^\257]w\373\012\376"
 132      15D08DA9 
 132      A4605EAF 
 132      5D77FB0A 
 132      FE
 133 0374 812B21BF 		.ascii	"\201+!\277\000\3551\246."
 133      00ED31A6 
 133      2E
 134              		.text
 135              		.section	.gnu.lto_.symtab.dce6991fd736cd4f,"",%progbits
 136 0000 72656164 		.ascii	"read_eeprom\000"
 136      5F656570 
 136      726F6D00 
 137 000c 00       		.ascii	"\000"
 138 000d 00       		.ascii	"\000"
 139 000e 00       		.ascii	"\000"
 140 000f 00000000 		.ascii	"\000\000\000\000\000\000\000\000"
 140      00000000 
ARM GAS  /tmp/cccv8s8E.s 			page 10


 141 0017 B7000000 		.ascii	"\267\000\000\000"
 142 001b 77726974 		.ascii	"write_eeprom\000"
 142      655F6565 
 142      70726F6D 
 142      00
 143 0028 00       		.ascii	"\000"
 144 0029 00       		.ascii	"\000"
 145 002a 00       		.ascii	"\000"
 146 002b 00000000 		.ascii	"\000\000\000\000\000\000\000\000"
 146      00000000 
 147 0033 BC000000 		.ascii	"\274\000\000\000"
 148              		.text
 149              		.section	.gnu.lto_.opts,"",%progbits
 150 0000 272D666D 		.ascii	"'-fmath-errno' '-fsigned-zeros' '-ftrapping-math' '"
 150      6174682D 
 150      6572726E 
 150      6F272027 
 150      2D667369 
 151 0033 2D666E6F 		.ascii	"-fno-trapv' '-fno-openmp' '-fno-openacc' '-mcpu=cor"
 151      2D747261 
 151      70762720 
 151      272D666E 
 151      6F2D6F70 
 152 0066 7465782D 		.ascii	"tex-m4' '-mno-thumb-interwork' '-mthumb' '-ggdb' '-"
 152      6D342720 
 152      272D6D6E 
 152      6F2D7468 
 152      756D622D 
 153 0099 4F322720 		.ascii	"O2' '-w' '-fomit-frame-pointer' '-falign-functions="
 153      272D7727 
 153      20272D66 
 153      6F6D6974 
 153      2D667261 
 154 00cc 31362720 		.ascii	"16' '-ffunction-sections' '-fdata-sections' '-fno-c"
 154      272D6666 
 154      756E6374 
 154      696F6E2D 
 154      73656374 
 155 00ff 6F6D6D6F 		.ascii	"ommon' '-flto'\000"
 155      6E272027 
 155      2D666C74 
 155      6F2700
 156              		.text
 157              		.comm	__gnu_lto_v1,1,1
 158              		.comm	__gnu_lto_slim,1,1
 159              		.ident	"GCC: (GNU Tools for ARM Embedded Processors 6-2017-q1-update) 6.3.1 20170215 (release) [AR
ARM GAS  /tmp/cccv8s8E.s 			page 11


DEFINED SYMBOLS
                            *ABS*:0000000000000000 EepromVirtual.c
                            *COM*:0000000000000001 __gnu_lto_v1
                            *COM*:0000000000000001 __gnu_lto_slim

NO UNDEFINED SYMBOLS
