ARM GAS  /tmp/ccRqeVYw.s 			page 1


   1              		.cpu cortex-m4
   2              		.eabi_attribute 20, 1
   3              		.eabi_attribute 21, 1
   4              		.eabi_attribute 23, 3
   5              		.eabi_attribute 24, 1
   6              		.eabi_attribute 25, 1
   7              		.eabi_attribute 26, 1
   8              		.eabi_attribute 30, 2
   9              		.eabi_attribute 34, 1
  10              		.eabi_attribute 18, 4
  11              		.file	"hal.c"
  12              		.text
  13              	.Ltext0:
  14              		.section	.gnu.lto_.profile.ac6850b1bd09841a,"",%progbits
  15 0000 789C6365 		.ascii	"x\234ce`b`a```d\210\345\006\000\001E\000u"
  15      60626061 
  15      60606064 
  15      88E50600 
  15      01450075 
  16              		.text
  17              		.section	.gnu.lto_.icf.ac6850b1bd09841a,"",%progbits
  18 0000 789C6365 		.ascii	"x\234ce`b\340`@\000F\206{\347g\037\343a\000\000\017"
  18      6062E060 
  18      40004686 
  18      7BE7671F 
  18      E3610000 
  19 0015 79032B   		.ascii	"y\003+"
  20              		.text
  21              		.section	.gnu.lto_.jmpfuncs.ac6850b1bd09841a,"",%progbits
  22 0000 789C6365 		.ascii	"x\234ce`b\320f@\000F\004\223\211q:3c\363\257\375\237"
  22      6062D066 
  22      40004604 
  22      9389713A 
  22      3363F3AF 
  23 0016 F9EAFF36 		.ascii	"\371\352\3776H\314gfX\314\014R\260\234\261\236\201\221"
  23      48CC6766 
  23      58CC0C52 
  23      B09CB19E 
  23      8191
  24 0028 05C80200 		.ascii	"\005\310\002\000\271\260\010\230"
  24      B9B00898 
  25              		.text
  26              		.section	.gnu.lto_.inline.ac6850b1bd09841a,"",%progbits
  27 0000 789C6365 		.ascii	"x\234ce`bpf@\000F\006\006\336\273@\222\011\310f[ \317"
  27      60627066 
  27      40004606 
  27      06DEBB40 
  27      9209C866 
  28 0017 0416E322 		.ascii	"\004\026\343\"H0q\203\264\202\231\014\000\205\342\002"
  28      48307183 
  28      B482990C 
  28      0085E202 
  29 0027 66       		.ascii	"f"
  30              		.text
  31              		.section	.gnu.lto_.pureconst.ac6850b1bd09841a,"",%progbits
  32 0000 789C6365 		.ascii	"x\234ce`b`f```d\220\000\000\000\204\000$"
  32      60626066 
ARM GAS  /tmp/ccRqeVYw.s 			page 2


  32      60606064 
  32      90000000 
  32      840024
  33              		.text
  34              		.section	.gnu.lto_halInit.ac6850b1bd09841a,"",%progbits
  35 0000 789C75D1 		.ascii	"x\234u\321AK\002Q\020\007\360\371\357\323u\245\262\016"
  35      414B0251 
  35      1007F0F9 
  35      EFD375A5 
  35      B20E
  36 0012 45851DBA 		.ascii	"E\205\035\272z\321\257\320\271o\021^\202\202 ?\300\256"
  36      7AD1AFD0 
  36      B96F115E 
  36      8282203F 
  36      C0AE
  37 0024 590806D5 		.ascii	"Y\010\006\325\2412\203\330\245\0105K\323\362\340!\022"
  37      A13283D8 
  37      A508354B 
  37      D3F2E021 
  37      12
  38 0035 6F5D0ABA 		.ascii	"o]\012\272v*\"(\023\212nI\332<\215\330\303\356\300\343"
  38      762A2228 
  38      138A6E49 
  38      DA3C8DD8 
  38      C3EEC0E3 
  39 0049 EDBEF931 		.ascii	"\355\276\3711ov\307K\012\315(D\343D\024\344\005AP\266"
  39      6F76C74B 
  39      0ACD2844 
  39      E34414E4 
  39      054150B6 
  40 005d 6E89E29A 		.ascii	"n\211\342\232\002\310\007C\003\351\012tl\212\264@#\371"
  40      02C80743 
  40      03E90A74 
  40      6C8AB440 
  40      23F9
  41 006f 52534259 		.ascii	"RSBY\203\243\236\376\2304ru\230\202(\303K\006\262\010"
  41      83A39EFE 
  41      98347275 
  41      988228C3 
  41      4B06B208 
  42 0083 11B3A772 		.ascii	"\021\263\247rggH\365\364\317\221\203\012\336K\367\250"
  42      676748F5 
  42      F4CF9183 
  42      0ADE4BF7 
  42      A8
  43 0094 1B9D6ED2 		.ascii	"\033\235n\322\250?\037\342jv\200(\305iy\307\272P\344"
  43      A83F1FE2 
  43      6A768028 
  43      C56979C7 
  43      BA50E4
  44 00a7 2E9A4858 		.ascii	".\232HX\355\240\364\262H\255\366\376\340\323\177\014"
  44      EDA0F4B2 
  44      48ADF6FE 
  44      E0D37F0C 
  45 00b7 CD14C808 		.ascii	"\315\024\310\010\256\200<t2\3316\261j\035\017:8\221"
  45      AE803C74 
  45      32D936B1 
ARM GAS  /tmp/ccRqeVYw.s 			page 3


  45      6A1D0F3A 
  45      3891
  46 00c9 E12CE184 		.ascii	"\341,\341\204\035'v\327\032w\276\015a\012\017\344k\342"
  46      1D2776D7 
  46      1A77BE0D 
  46      610A0FE4 
  46      6BE2
  47 00db FBFA2BC0 		.ascii	"\373\372+\300n\202\017\216dc|v\263_X0q\020\0371\205"
  47      6E820F8E 
  47      64637C76 
  47      B35F5830 
  47      71101F31 
  48 00f0 17A7FC95 		.ascii	"\027\247\374\225\005L\365\022\335\267J\321\317x\317"
  48      054CF512 
  48      DDB74AD1 
  48      CF78CF
  49 00ff 30A66581 		.ascii	"0\246e\2013\230\350]\210\"tS\250${\315\007\234{\345"
  49      3398E85D 
  49      88227453 
  49      A8247BCD 
  49      079C7BE5 
  50 0113 E228FDF7 		.ascii	"\342(\375\367\232\260\036]\234\207\335\271\315\265\\"
  50      9AB01E5D 
  50      9C87DDB9 
  50      CDB55C
  51 0122 9C975DD9 		.ascii	"\234\227]\331\346\216\207\235\235\312\256bs\257.\316"
  51      E68E879D 
  51      9DCAAE62 
  51      73AF2ECE 
  52 0132 C7EEC2E6 		.ascii	"\307\356\302\346\252\243\316Ncwis\237.\316\317\256\372"
  52      AAA3CE4E 
  52      63776973 
  52      9F2ECECF 
  52      AEFA
  53 0144 E75A58B1 		.ascii	"\347ZX\261\332\333\375\177%#\305\223\343\331\362X\306"
  53      DADBFD7F 
  53      2523C593 
  53      E3D9F258 
  53      C6
  54 0155 C2E14864 		.ascii	"\302\341Hd)\026\231\237[\214\304\226\243r\017G\351\027"
  54      2916999F 
  54      5B8CC496 
  54      A3720F47 
  54      E917
  55 0167 D59CC181 		.ascii	"\325\234\301\201"
  56              		.text
  57              		.section	.gnu.lto_.symbol_nodes.ac6850b1bd09841a,"",%progbits
  58 0000 789C55CF 		.ascii	"x\234U\317\271\015\002A\014\205\3417ov\366\240\011("
  58      B90D0241 
  58      0C85E137 
  58      6F76F6A0 
  58      0928
  59 0012 052AF304 		.ascii	"\005*\363\004+\342\345>\342\251\202xcj\000iCZ\000a\034"
  59      2BE2E53E 
  59      E2A98278 
  59      636A0069 
  59      435A0061 
ARM GAS  /tmp/ccRqeVYw.s 			page 4


  60 0027 6127BFF4 		.ascii	"a'\277\364\275\310\011\304\033z\034(\300p\0074\267\274"
  60      BDC809C4 
  60      1B7A1C28 
  60      C0700734 
  60      B7BC
  61 0039 02D28E58 		.ascii	"\002\322\216X\350\022\256\224`\013\220\363R\341B\241"
  61      E812AE94 
  61      600B90F3 
  61      52E142A1 
  62 0049 8333253A 		.ascii	"\2033%:8Q*\007GJrp\240\324\016\366\224\306\301\226\322"
  62      38512A07 
  62      474A7270 
  62      A0D40EF6 
  62      94C6C196 
  63 005e 3AD850BA 		.ascii	":\330P\272\177\210\230\241<>!\242\303hm1Y\033\364\317"
  63      7F8898A1 
  63      3C3E21A2 
  63      C3686D31 
  63      591BF4CF 
  64 0072 5F6B146B 		.ascii	"_k\024k\302h\2550Y#\372\365k\036\365\367\242\305\027"
  64      C268AD30 
  64      5923FAF5 
  64      6B1EF5F7 
  64      A2C517
  65 0085 F3E73E8F 		.ascii	"\363\347>\217"
  66              		.text
  67              		.section	.gnu.lto_.refs.ac6850b1bd09841a,"",%progbits
  68 0000 789C6365 		.ascii	"x\234ce`b`c```d`bdb\000\000\000\275\000\024"
  68      60626063 
  68      60606064 
  68      60626462 
  68      000000BD 
  69              		.text
  70              		.section	.gnu.lto_.decls.ac6850b1bd09841a,"",%progbits
  71 0000 789CAD56 		.ascii	"x\234\255V}PT\327\025\177\367\335\335\205]\027u\304"
  71      7D5054D7 
  71      157FF7DD 
  71      DD855D17 
  71      75C4
  72 0012 36B6633B 		.ascii	"6\266c;\326!#3\025^ \231\324\277\332\244\022?Z\2230"
  72      D6212333 
  72      155E2099 
  72      D4BFDAA4 
  72      123F5A93 
  73 0027 4DEB4CFF 		.ascii	"M\353L\377\332\256\273+\354\024\330\315\356\322&\323"
  73      DAAEBB2B 
  73      EC14D8CD 
  73      EED226D3 
  74 0037 7F9EF229 		.ascii	"\177\236\362)\012H\264F\034\303\250\230\010\370E0\032"
  74      0A48B446 
  74      1CC3A898 
  74      08F84530 
  74      1A
  75 0048 A2685644 		.ascii	"\242hVD\304\005\004\265\202\037\313G@QQ\021\360\203"
  75      C40504B5 
  75      821FCB47 
  75      40515111 
ARM GAS  /tmp/ccRqeVYw.s 			page 5


  75      F083
  76 005a 4591EDB9 		.ascii	"E\221\355\271\367\276\307{\254\353L\333\351\233=\357"
  76      F7BEC77B 
  76      ACEB4CDB 
  76      E99B3DEF 
  77 006a BE73CFEF 		.ascii	"\276s\317\357\376\316\271\347\236{\367j9\236\0333r\334"
  77      FECEB9E7 
  77      9E7BF76A 
  77      399E1B33 
  77      72DC
  78 007c 2F30C7D5 		.ascii	"/0\307\325q\034\027\204\207\207\366 \010\002\271\307"
  78      711C1784 
  78      8787F620 
  78      0802B9C7 
  79 008c B1C70032 		.ascii	"\261\307\0002\012\362\030\344)H\000\344\031\310\004"
  79      0AF218E4 
  79      294800E4 
  79      19C804
  80 009b C824C7C0 		.ascii	"\310$\307\300\032\020\035b\343\"\0217\355\271\005z\004"
  80      1A101D62 
  80      E3221137 
  80      EDB9057A 
  80      04
  81 00ac B4AB41F4 		.ascii	"\264\253A\364\360=B8\021\343\037\004\301h\272\037\235"
  81      F03D4238 
  81      11E31F04 
  81      C168BA1F 
  81      9D
  82 00bd C447C826 		.ascii	"\304G\310&%?\317$\277O\2458\302\371\371\034\243\213"
  82      253FCF24 
  82      BF4FA538 
  82      C2F9F91C 
  82      A38B
  83 00cf D9D53B71 		.ascii	"\331\325;q\021Fs\014H\003\352H\353\216\376\231\240\316"
  83      1146730C 
  83      4803EA48 
  83      EB8EFE99 
  83      A0CE
  84 00e1 35A005A0 		.ascii	"5\240\005\240\036\357\032\361\316`\326^\004z\355\311"
  84      1EEF1AF1 
  84      CE60D65E 
  84      047AEDC9 
  85 00f1 07894C9D 		.ascii	"\007\211L\235\257\262\316\225\254\325u\331\017f2\263"
  85      AFB2CE95 
  85      ACD575D9 
  85      0F6632B3 
  86 0101 97E81B73 		.ascii	"\227\350\033s\2127D`\036\021?C\331\267z%\246y\240^\032"
  86      8A374460 
  86      1E113F43 
  86      D9B77A25 
  86      A679A05E 
  87 0116 6EF94252 		.ascii	"n\371BRg\203\352\337\220[\246\303z\212\354j\252\334"
  87      6783EADF 
  87      905BA6C3 
  87      7A8AEC6A 
  87      AADC
  88 0128 4F225A64 		.ascii	"O\"Zd@$\277\263\240\353\360\375\357\306\243X\027A\364"
ARM GAS  /tmp/ccRqeVYw.s 			page 6


  88      4024BFB3 
  88      A0EBF0FD 
  88      EFC6A358 
  88      1741F4
  89 013b 8C572C8B 		.ascii	"\214W,\213? \262'\362\347\312d.\025\217\356\215\300"
  89      3F20B227 
  89      F2E7CA64 
  89      2E158FEE 
  89      8DC0
  90 014d AF11105F 		.ascii	"\257\021\020_\352\353\254\327\240X\303W\004\344\355"
  90      EAEBACD7 
  90      A058C357 
  90      04E4ED
  91 015c 7CBCA824 		.ascii	"|\274\250$O\024yt\014\031\3207\010\243#(\236$e\021I"
  91      4F147974 
  91      0C19D037 
  91      08A32328 
  91      9E246511 
  92 0171 61BE28AE 		.ascii	"a\276(\256\0277g\211\372\025\034\252@\363\321>4\237"
  92      17376789 
  92      FA151CAA 
  92      40F3D13E 
  92      349F
  93 0183 4347512C 		.ascii	"CGQ,\361Gp\250\006:\277\206NpQ\271\267d\217\016\027"
  93      F14770A8 
  93      063ABF86 
  93      4E7051B9 
  93      B7648F0E 
  94 0198 21EAA3F1 		.ascii	"!\352\243\361\324\215\253\032d\210\015K\360]\030\002"
  94      D48DAB1A 
  94      64880D4B 
  94      F05D1802 
  95 01a8 164CB06A 		.ascii	"\026L\260jac\016\011\246\026\202\371V\011\006bc\363"
  95      61630E09 
  95      A61682F9 
  95      56090662 
  95      63F3
  96 01ba E83BEE5F 		.ascii	"\350;\356_\307\343\000u\202v\234x\354\323\262TE\202"
  96      C7E30075 
  96      82769C78 
  96      ECD3B254 
  96      4582
  97 01cc FA70CBD9 		.ascii	"\372p\313\331V\036O0\333\300\325\254R\035^\317R\274"
  97      561E4F30 
  97      DBC0D5AC 
  97      521D5ECF 
  97      52BC
  98 01de F9C53551 		.ascii	"\371\3055Q\207\013\230R\3700\260[\203K\230r-k\254#\012"
  98      870B9852 
  98      F830B05B 
  98      834B9872 
  98      2D6BAC23 
  99 01f3 7F4E157D 		.ascii	"\177N\025}\356\341\332o\214(\206<\32111\261{H\354\336"
  99      EEE1DA6F 
  99      8C28863C 
  99      D13131B1 
  99      7B48ECDE 
ARM GAS  /tmp/ccRqeVYw.s 			page 7


 100 0207 DBCD8B9B 		.ascii	"\333\315\213\233Fo\212\342gF\032\224\027\202jD\321\312"
 100      466F8AE2 
 100      67461A94 
 100      17826A44 
 100      D1CA
 101 0219 640EC18B 		.ascii	"d\016\301\213C\011\360\342\330\200g\277.\025\275\331"
 101      4309F0E2 
 101      D88067BF 
 101      2E15BDD9 
 102 0229 98A2BF0F 		.ascii	"\230\242\277\017E\013!\340\301\337(\340\272P\360\011"
 102      450B21E0 
 102      C1DF28E0 
 102      BA50F009 
 103 0239 4A5D8154 		.ascii	"J]\201T\334*\370\361P\370\341\320H\256\253\320'\303"
 103      DC2AF8F1 
 103      50F8E1D0 
 103      48AEABD0 
 103      27C3
 104 024b 93537409 		.ascii	"\223St\011\311\375fQ|G\303\241\375`\257\242&\202\206"
 104      C9FD6651 
 104      7C47C3A1 
 104      FD60AFA2 
 104      268286
 105 025e F4A3F3B0 		.ascii	"\364\243\363\260Z\365(\006\235\0039\013r\006\244\001"
 105      5AF52806 
 105      9D03390B 
 105      7206A401 
 106 026e A409E434 		.ascii	"\244\011\3444\212\241\025\306\374\371T\376N\205\235"
 106      8AA115C6 
 106      FCF954FE 
 106      4E859D
 107 027d B97A2EBE 		.ascii	"\271z.\276\025\012\272:\374\\\030\234\225\306\320\251"
 107      150ABA3A 
 107      FC5C189C 
 107      95C6D0A9 
 108 028d 39EB4411 		.ascii	"9\353D\021\021\030'\225\205T\333\337Of\267\353\360y"
 108      11182795 
 108      8554DBDF 
 108      4F66B7EB 
 108      F079
 109 029f BA86FCDE 		.ascii	"\272\206\374\336\202\226c\221(:6\334\234P\013L\345\277"
 109      82966391 
 109      283A36DC 
 109      9C500B4C 
 109      E5BF
 110 02b1 9916F33C 		.ascii	"\231\026\363<\320\244\203\315\204\232a\240O)I\022\007"
 110      D0A483CD 
 110      849A61A0 
 110      4F294912 
 110      07
 111 02c2 75FFA8A2 		.ascii	"u\377\250\242\246,\222Ua\005\331\333w_4\336\323b?\253"
 111      A62C9255 
 111      6105D9DB 
 111      775F34DE 
 111      D3623FAB 
 112 02d6 AF03ADE7 		.ascii	"\257\003\255\347\374\322!\222O\214\227\307\332\363\014"
 112      FCD22192 
ARM GAS  /tmp/ccRqeVYw.s 			page 8


 112      4F8C97C7 
 112      DAF30C
 113 02e5 B89F1983 		.ascii	"\270\237\031\203w\257\225\353\231q\230\350\005G\267"
 113      77AF95EB 
 113      997198E8 
 113      0547B7
 114 02f4 94CFC283 		.ascii	"\224\317\302\203\314xy`w\266\221\031\333\211^T|\344"
 114      CC787960 
 114      77B69119 
 114      DB895E54 
 114      7CE4
 115 0306 6B031E61 		.ascii	"k\003\036a\306\212\201\235E\222q\011\250G[k\273\265"
 115      C68A819D 
 115      45927109 
 115      A8475B6B 
 115      BBB5
 116 0318 38C06CFE 		.ascii	"8\300l\376\321\216\274\0318\310\224\303\023[\367\351"
 116      D18EBC19 
 116      38C894C3 
 116      135BF7E9 
 117 0328 702EA68A 		.ascii	"p.\246\212\317\037\370!\202\215\232 \301\014\026\006"
 117      CF1FF821 
 117      828D9A20 
 117      C10C1606 
 118 0338 FD46E994 		.ascii	"\375F\351\224\"\207I^\353\223}<.\244\340\031Wzn\007"
 118      2287495E 
 118      EB937D3C 
 118      2EA4E019 
 118      577A6E07 
 119 034c A250748C 		.ascii	"\242Pt\214\364\304\306\2503z\0352z\215.\221_J\347-H"
 119      F4C4C6A8 
 119      337A1D32 
 119      7A8D2E91 
 119      5F4AE72D 
 120 0361 6717A4AE 		.ascii	"g\027\244\256\027\244\017\244\007\244\033\244\037\344"
 120      17A40FA4 
 120      07A41BA4 
 120      1FE4
 121 036f 26C800C8 		.ascii	"&\310\000\310\017J\265@Z\033}s\266\210b\323\0334\261"
 121      0F4AB540 
 121      5A1B7D73 
 121      B68862D3 
 121      1B34B1
 122 0382 5721B184 		.ascii	"W!\261\204jj\251\246m\024@\327\257ZG\253\205\200/\205"
 122      6A6AA9A6 
 122      6D1440D7 
 122      AF5A47AB 
 122      85802F85 
 123 0396 822FA210 		.ascii	"\202/\242\020t\337\357\025\364\277B\321\227\247o+\002"
 123      74DFEF15 
 123      F4BF42D1 
 123      97A76F2B 
 123      02
 124 03a7 FF9D02EF 		.ascii	"\377\235\002\357\014\205\037z\011^\377\201\002\277\021"
 124      0C851F7A 
 124      095EFF81 
 124      02BF11
ARM GAS  /tmp/ccRqeVYw.s 			page 9


 125 03b6 0AAF0C8D 		.ascii	"\012\257\014\215\245^\025KG(\372\312K\221\253\346\331"
 125      A55E154B 
 125      4728FACA 
 125      4B91ABE6 
 125      D9
 126 03c7 1E8A6E7B 		.ascii	"\036\212n{9\224\367\025\370\205Px\253B.\355\241\363"
 126      3994F715 
 126      F8855078 
 126      AB422EED 
 126      A1F3
 127 03d9 6C0FF9A7 		.ascii	"l\017\371\247\357!F5\320\252Z\217\203\241\\\007T\256"
 127      EF214635 
 127      D0AA5A8F 
 127      83A15C07 
 127      54AE
 128 03eb A1544E8F 		.ascii	"\241TN\217\337\317\231\205\267\322R\341\367o\274\327"
 128      DFCF9985 
 128      B7D252E1 
 128      F76FBCD7 
 129 03fb AB0BD973 		.ascii	"\253\013\331sr\205\240\273P\030\377K\221\260\210;\332"
 129      7285A0BB 
 129      5018FF4B 
 129      91B0883B 
 129      DA
 130 040c E8DEBB03 		.ascii	"\350\336\273\003\004\267\225\275\347\227\367^_Y\357"
 130      04B795BD 
 130      E797F75E 
 130      5F59EF
 131 041b AE99D192 		.ascii	"\256\231\321\222\337\374W\371\345\376c\247@\371\244"
 131      DFFC57F9 
 131      E5FE63A7 
 131      40F9A4
 132 042a B6BF79A6 		.ascii	"\266\277y\246\261`\352\177\013\015\252\316%\016\335"
 132      B160EA7F 
 132      0B0DAACE 
 132      250EDD
 133 0439 43467A4D 		.ascii	"CFzM\201\026\300\307\012\033N\362\335\340\007\356:h"
 133      8116C0C7 
 133      0A1B4EF2 
 133      DDE007EE 
 133      3A68
 134 044b 36A54088 		.ascii	"6\245@\210\275\021\025\252\006\345\007!\332\017\275"
 134      BD1115AA 
 134      06E50721 
 134      DA0FBD
 135 045a 3C275D70 		.ascii	"<']p\344.$\217\220t^Ry\211\222\376\244\301H\305\310"
 135      E42E248F 
 135      90745E52 
 135      798992FE 
 135      A4C148C5 
 136 046f CCCC93FC 		.ascii	"\314\314\223\374\260;\015\373\240\303\344\321\210W\034"
 136      B03B0DFB 
 136      A0C3E4D1 
 136      88571C
 137 047e 20A41EA0 		.ascii	" \244\036\240\"daK\366\251\3708erHN\325Hi\313\200\241"
 137      2264614B 
 137      F6A9F838 
ARM GAS  /tmp/ccRqeVYw.s 			page 10


 137      6572484E 
 137      D54869CB 
 138 0494 07920B3D 		.ascii	"\007\222\013=\273\336A\264o\370\210\330g\300e\354\300"
 138      BBDE41B4 
 138      6FF888D8 
 138      67C065EC 
 138      C0
 139 04a5 391B1CF3 		.ascii	"9\033\034\363\316b\007\016\257\272\332\314eW\233\300"
 139      CE62070E 
 139      AFBADACC 
 139      65579BC0 
 140 04b5 BA2BA70D 		.ascii	"\272+\247\015\363\266\321\273J\2268\233G\253\177\214"
 140      F3B6D1BB 
 140      4A96389B 
 140      47AB7F8C 
 141 04c5 8621D10F 		.ascii	"\206!\321\017i\242G\320<x\257\321H\365\326^x\302\260"
 141      69A247D0 
 141      3C78AFD1 
 141      48F5D65E 
 141      78C2B0
 142 04d8 7097B8AB 		.ascii	"p\227\270\253W\364\216\335_p\273F\024\341\236 j\010"
 142      57F48EDD 
 142      5F70BB46 
 142      14E19E20 
 142      6A08
 143 04ea 0C0D2995 		.ascii	"\014\015)\225\001\237\360~\000\213\214\356\303*sh\024"
 143      019FF07E 
 143      008B8CEE 
 143      C32A7368 
 143      14
 144 04fb 2D24275B 		.ascii	"-$'[\315P\217\026\327\261\250Jj\332\3730p\365B}\365"
 144      CD508F16 
 144      D7B1A84A 
 144      6ADAFB30 
 144      70F5427D 
 145 0510 0496ECA8 		.ascii	"\004\226\354\250\276)\346\033\250C\364HazD\230\310\307"
 145      BE29E61B 
 145      A843F448 
 145      617A4498 
 145      C8C7
 146 0522 63CAD032 		.ascii	"c\312\3202\320\365\017\354g\004\207\376\331\3660B\""
 146      D0F50FEC 
 146      670487FE 
 146      D9F63042 
 146      22
 147 0533 783411D3 		.ascii	"x4\021\323\366e\2567\231\215\177\242\214\177\"\217\177"
 147      F665AE37 
 147      998D7FA2 
 147      8C7F228F 
 147      7F
 148 0544 4AC76FAF 		.ascii	"J\307o\257\353\022#\3616\015%\360\036i\350\211\222\011"
 148      EB1223F1 
 148      360D25F0 
 148      1E69E889 
 148      9209
 149 0556 36E22FCA 		.ascii	"6\342/\312\247\010\306\024\2021\231 @\011\262\366u\026"
 149      A708C614 
ARM GAS  /tmp/ccRqeVYw.s 			page 11


 149      82319920 
 149      4009B2F6 
 149      7516
 150 0568 E9712D23 		.ascii	"\351q-#xptC\036/\021\234\331\216\257+\021\214+\004\343"
 150      78707443 
 150      1E2F119C 
 150      D98EAF2B 
 150      118C2B04 
 151 057d 32C1334A 		.ascii	"2\3013JP\260\331w'\022w3\202;w\366\214\033%\202\347"
 151      50B0D977 
 151      27127733 
 151      823B77F6 
 151      8C1B2582 
 152 0592 3BF150E5 		.ascii	";\361P\345\024\301s\205\340\271L0A\011\032\256\014\346"
 152      14C17385 
 152      E0B94C30 
 152      41091AAE 
 152      0CE6
 153 05a4 6BF17A2D 		.ascii	"k\361z-%\020\253Nn\225\223x\271\022\027)\004/\024\202"
 153      2510AB4E 
 153      6E959378 
 153      B9121729 
 153      042F1482 
 154 05b8 1732C124 		.ascii	"\0272\301$%h\363\225OD\341\275\214`[\335\351f\275Dp"
 154      2568F395 
 154      4F44E1BD 
 154      8C605BDD 
 154      E966BD44 
 155 05cd E3202E53 		.ascii	"\343 .S\010\202\012AP&\020yBPu\240\364\226\03671\202"
 155      08820A41 
 155      50261079 
 155      425075A0 
 155      F4961E37 
 156 05e3 73C71A9A 		.ascii	"s\307\032\232\364\032\236\355ER($I\233\276\334\257\177"
 156      F41A9EED 
 156      45522824 
 156      499BBEDC 
 156      AF7F
 157 05f5 654965F1 		.ascii	"eIe\361\244\244\326\363RM\005\032\267\026\310\021\364"
 157      A4A4D6F3 
 157      524D051A 
 157      B716C811 
 157      F4
 158 0606 372FDEC4 		.ascii	"7/\336\304V\001@\010\256\230r\004\360\311\"\310\246"
 158      56014008 
 158      AE987204 
 158      F0C922C8 
 158      A6
 159 0617 11949615 		.ascii	"\021\224\226\025Wc\334\301\"\370l\307\304\005y\025n"
 159      5763DCC1 
 159      22F86CC7 
 159      C4057915 
 159      6E
 160 0628 D4E1ED23 		.ascii	"\324\341\355#J!\345(\01492C.eh:s\350\351\014\\\254\243"
 160      4A21E528 
 160      0C393243 
 160      2E65683A 
ARM GAS  /tmp/ccRqeVYw.s 			page 12


 160      73E8E90C 
 161 063f 0CCFABBC 		.ascii	"\014\317\253\274\327u\257\227\213\303\"\271h.\331\230"
 161      D775AF97 
 161      8BC322B9 
 161      682ED998 
 162 064f 75411477 		.ascii	"uA\024w\363\364\310\311c\014\252\277\332<B\204\362\371"
 162      F3F4C8C9 
 162      630CAABF 
 162      DA3C4284 
 162      F2F9
 163 0661 D7C9453F 		.ascii	"\327\311E?\320\331mT\237R\304\251rJm\340\331)\005-\200"
 163      D0D96D54 
 163      9F52C4A9 
 163      724A6DE0 
 163      D929052D 
 164 0676 BFBDB869 		.ascii	"\277\275\270ir\032\230\314Q\001\027H`\322\352\222W$"
 164      721A98CC 
 164      51011748 
 164      60D2EA92 
 164      5724
 165 0688 993D668D 		.ascii	"\231=f\215y\255+-r\371\007\177Z\2604!\2013\230L\231"
 165      79AD2B2D 
 165      72F9077F 
 165      5AB03421 
 165      8133984C 
 166 069d F60CCF9B 		.ascii	"\366\014\317\233\211&\317_\205TG\272MH\26392\314.\253"
 166      8926CF5F 
 166      855447BA 
 166      4D48B339 
 166      32CC2EAB 
 167 06b1 4348B2B9 		.ascii	"CH\262\271-fW\212\331-\244X,qfWz\\\206#\303\026g3\257"
 167      2D66578A 
 167      D92DA458 
 167      2C716657 
 167      7A5C8623 
 168 06ca B1C7BD1D 		.ascii	"\261\307\275\035\227\370F\302\257\342>N\210\313tZ\315"
 168      97F846C2 
 168      AFE23E4E 
 168      88CB745A 
 168      CD
 169 06db 1E9B30CD 		.ascii	"\036\2330\315,\3303,i\231V\233\220n\266\244\3323l\202"
 169      2CD8332C 
 169      6999569B 
 169      906EB6A4 
 169      DA336C82 
 170 06ef C96A5B6B 		.ascii	"\311j[k\316L\363\230<\237:m\356\370T.Rv\372\227\377"
 170      CE4CF398 
 170      3C9F3A6D 
 170      EEF8542E 
 170      5276FA97 
 171 0704 BF53F7A7 		.ascii	"\277S\367\247n\301\344\366X\301\003x\302\016\253K\353"
 171      6EC1E4F6 
 171      58C10378 
 171      C20EAB4B 
 171      EB
 172 0715 8401AE08 		.ascii	"\204\001\256\010\207\333i\263Y]:\007\211\302\245MwX"
 172      87DB69B3 
ARM GAS  /tmp/ccRqeVYw.s 			page 13


 172      595D3A07 
 172      89C2A54D 
 172      7758
 173 0727 6D2E928D 		.ascii	"m.\222\215\324\305\361\361\202\340p\013\251\3464\301"
 173      D4C5F1F1 
 173      82E0700B 
 173      A9E634C1 
 174 0737 E97079DC 		.ascii	"\351py\334\302G\177|\377\315Da\325\252$ay\362\312\017"
 174      C2477F7C 
 174      FFCD4461 
 174      D5AA2461 
 174      79F2CA0F 
 175 074b FF962838 		.ascii	"\377\226(8\315i\246\2644+\020\316q{\322!\362\024\247"
 175      CD69A6B4 
 175      342B10CE 
 175      717BD221 
 175      F214A7
 176 075e DD6172DB 		.ascii	"\335ar\333<\231N\223G\227\274\234dV\227\274\2145\357"
 176      3C994E93 
 176      4797BC9C 
 176      645697BC 
 176      8C35EF
 177 0771 B1268935 		.ascii	"\261&\2115KY\363[\326\274\313\232\225\244\321'\277\273"
 177      4B59F35B 
 177      D6BCCB9A 
 177      95A4D127 
 177      BFBB
 178 0783 6AA92363 		.ascii	"j\251#c\255=%\002\\\257\314\260{~\244\212\304\355\262"
 178      AD3D2502 
 178      5CAFCCB0 
 178      7B7EA48A 
 178      C4EDB2
 179 0796 9036DEC2 		.ascii	"\2206\336\302\351\334\036b\234\2472NM\226\314Q\277\306"
 179      E9DC1E62 
 179      9CA7324E 
 179      4D96CC51 
 179      BFC6
 180 07a8 01C92310 		.ascii	"\001\311#\020A\005\241\235d*&:\233eo\231\222V~\264\364"
 180      4105A19D 
 180      642A263A 
 180      9B656F99 
 180      92567EB4 
 181 07bd C3D5EFFD 		.ascii	"\303\325\357\375\341\317\314\006##\376nM!\343~\022\206"
 181      E1CFCC06 
 181      2323FE6E 
 181      4D21E37E 
 181      1286
 182 07cf 1A       		.ascii	"\032"
 183 07d0 4C04919E 		.ascii	"L\004\221\236n!\210\237\205A\200\311\344v\332\351z\232"
 183      6E21889F 
 183      854180C9 
 183      E476DAE9 
 183      7A9A
 184 07e2 5D34C69F 		.ascii	"]4\306\237\206\201\021\033a\002\350\253|1\026\235\233"
 184      8681111B 
 184      6102E8AB 
 184      7C31169D 
ARM GAS  /tmp/ccRqeVYw.s 			page 14


 184      9B
 185 07f3 4E627E38 		.ascii	"Nb~8\200\315e\207\\\244rQ&i)Lv\200\032SU\312/_\261\214"
 185      80CD6587 
 185      5CA47251 
 185      2669294C 
 185      76801A53 
 186 080d D2F43FF9 		.ascii	"\322\364?\371DHUV\221\260\310Ui\241k\360o6\214\304\357"
 186      44485556 
 186      91B0C855 
 186      69A16BF0 
 186      6F368CC4 
 187              		.text
 188              		.section	.gnu.lto_.symtab.ac6850b1bd09841a,"",%progbits
 189 0000 68616C49 		.ascii	"halInit\000"
 189      6E697400 
 190 0008 00       		.ascii	"\000"
 191 0009 00       		.ascii	"\000"
 192 000a 00       		.ascii	"\000"
 193 000b 00000000 		.ascii	"\000\000\000\000\000\000\000\000"
 193      00000000 
 194 0013 F2000000 		.ascii	"\362\000\000\000"
 195 0017 70616C5F 		.ascii	"pal_default_config\000"
 195      64656661 
 195      756C745F 
 195      636F6E66 
 195      696700
 196 002a 00       		.ascii	"\000"
 197 002b 02       		.ascii	"\002"
 198 002c 00       		.ascii	"\000"
 199 002d 00000000 		.ascii	"\000\000\000\000\000\000\000\000"
 199      00000000 
 200 0035 08010000 		.ascii	"\010\001\000\000"
 201 0039 7374496E 		.ascii	"stInit\000"
 201      697400
 202 0040 00       		.ascii	"\000"
 203 0041 02       		.ascii	"\002"
 204 0042 00       		.ascii	"\000"
 205 0043 00000000 		.ascii	"\000\000\000\000\000\000\000\000"
 205      00000000 
 206 004b F4000000 		.ascii	"\364\000\000\000"
 207 004f 626F6172 		.ascii	"boardInit\000"
 207      64496E69 
 207      7400
 208 0059 00       		.ascii	"\000"
 209 005a 02       		.ascii	"\002"
 210 005b 00       		.ascii	"\000"
 211 005c 00000000 		.ascii	"\000\000\000\000\000\000\000\000"
 211      00000000 
 212 0064 F6000000 		.ascii	"\366\000\000\000"
 213 0068 77646749 		.ascii	"wdgInit\000"
 213      6E697400 
 214 0070 00       		.ascii	"\000"
 215 0071 02       		.ascii	"\002"
 216 0072 00       		.ascii	"\000"
 217 0073 00000000 		.ascii	"\000\000\000\000\000\000\000\000"
 217      00000000 
 218 007b F8000000 		.ascii	"\370\000\000\000"
ARM GAS  /tmp/ccRqeVYw.s 			page 15


 219 007f 6D6D6349 		.ascii	"mmcInit\000"
 219      6E697400 
 220 0087 00       		.ascii	"\000"
 221 0088 02       		.ascii	"\002"
 222 0089 00       		.ascii	"\000"
 223 008a 00000000 		.ascii	"\000\000\000\000\000\000\000\000"
 223      00000000 
 224 0092 FA000000 		.ascii	"\372\000\000\000"
 225 0096 75617274 		.ascii	"uartInit\000"
 225      496E6974 
 225      00
 226 009f 00       		.ascii	"\000"
 227 00a0 02       		.ascii	"\002"
 228 00a1 00       		.ascii	"\000"
 229 00a2 00000000 		.ascii	"\000\000\000\000\000\000\000\000"
 229      00000000 
 230 00aa FC000000 		.ascii	"\374\000\000\000"
 231 00ae 73706949 		.ascii	"spiInit\000"
 231      6E697400 
 232 00b6 00       		.ascii	"\000"
 233 00b7 02       		.ascii	"\002"
 234 00b8 00       		.ascii	"\000"
 235 00b9 00000000 		.ascii	"\000\000\000\000\000\000\000\000"
 235      00000000 
 236 00c1 FE000000 		.ascii	"\376\000\000\000"
 237 00c5 7364496E 		.ascii	"sdInit\000"
 237      697400
 238 00cc 00       		.ascii	"\000"
 239 00cd 02       		.ascii	"\002"
 240 00ce 00       		.ascii	"\000"
 241 00cf 00000000 		.ascii	"\000\000\000\000\000\000\000\000"
 241      00000000 
 242 00d7 00010000 		.ascii	"\000\001\000\000"
 243 00db 5F70616C 		.ascii	"_pal_lld_init\000"
 243      5F6C6C64 
 243      5F696E69 
 243      7400
 244 00e9 00       		.ascii	"\000"
 245 00ea 02       		.ascii	"\002"
 246 00eb 00       		.ascii	"\000"
 247 00ec 00000000 		.ascii	"\000\000\000\000\000\000\000\000"
 247      00000000 
 248 00f4 04010000 		.ascii	"\004\001\000\000"
 249 00f8 68616C5F 		.ascii	"hal_lld_init\000"
 249      6C6C645F 
 249      696E6974 
 249      00
 250 0105 00       		.ascii	"\000"
 251 0106 02       		.ascii	"\002"
 252 0107 00       		.ascii	"\000"
 253 0108 00000000 		.ascii	"\000\000\000\000\000\000\000\000"
 253      00000000 
 254 0110 06010000 		.ascii	"\006\001\000\000"
 255              		.text
 256              		.section	.gnu.lto_.opts,"",%progbits
 257 0000 272D666D 		.ascii	"'-fmath-errno' '-fsigned-zeros' '-ftrapping-math' '"
 257      6174682D 
ARM GAS  /tmp/ccRqeVYw.s 			page 16


 257      6572726E 
 257      6F272027 
 257      2D667369 
 258 0033 2D666E6F 		.ascii	"-fno-trapv' '-fno-openmp' '-fno-openacc' '-mcpu=cor"
 258      2D747261 
 258      70762720 
 258      272D666E 
 258      6F2D6F70 
 259 0066 7465782D 		.ascii	"tex-m4' '-mno-thumb-interwork' '-mthumb' '-ggdb' '-"
 259      6D342720 
 259      272D6D6E 
 259      6F2D7468 
 259      756D622D 
 260 0099 4F322720 		.ascii	"O2' '-w' '-fomit-frame-pointer' '-falign-functions="
 260      272D7727 
 260      20272D66 
 260      6F6D6974 
 260      2D667261 
 261 00cc 31362720 		.ascii	"16' '-ffunction-sections' '-fdata-sections' '-fno-c"
 261      272D6666 
 261      756E6374 
 261      696F6E2D 
 261      73656374 
 262 00ff 6F6D6D6F 		.ascii	"ommon' '-flto'\000"
 262      6E272027 
 262      2D666C74 
 262      6F2700
 263              		.text
 264              		.comm	__gnu_lto_v1,1,1
 265              		.comm	__gnu_lto_slim,1,1
 266              		.ident	"GCC: (GNU Tools for ARM Embedded Processors 6-2017-q1-update) 6.3.1 20170215 (release) [AR
ARM GAS  /tmp/ccRqeVYw.s 			page 17


DEFINED SYMBOLS
                            *ABS*:0000000000000000 hal.c
                            *COM*:0000000000000001 __gnu_lto_v1
                            *COM*:0000000000000001 __gnu_lto_slim

NO UNDEFINED SYMBOLS
