ARM GAS  /tmp/cceX57QE.s 			page 1


   1              		.cpu cortex-m4
   2              		.eabi_attribute 20, 1
   3              		.eabi_attribute 21, 1
   4              		.eabi_attribute 23, 3
   5              		.eabi_attribute 24, 1
   6              		.eabi_attribute 25, 1
   7              		.eabi_attribute 26, 1
   8              		.eabi_attribute 30, 2
   9              		.eabi_attribute 34, 1
  10              		.eabi_attribute 18, 4
  11              		.file	"hal_lld.c"
  12              		.text
  13              	.Ltext0:
  14              		.section	.gnu.lto_.profile.e0b47c4284d330b9,"",%progbits
  15 0000 789C6365 		.ascii	"x\234ce`b`a```d\310\214\003\000\001\260\000\324"
  15      60626061 
  15      60606064 
  15      C88C0300 
  15      01B000D4 
  16              		.text
  17              		.section	.gnu.lto_.icf.e0b47c4284d330b9,"",%progbits
  18 0000 789C6365 		.ascii	"x\234ce`b\020f@\000f\206I\253\377\3530\236x\361e*\017"
  18      60621066 
  18      40006686 
  18      49ABFFEB 
  18      309E78F1 
  19 0017 D393A69D 		.ascii	"\323\223\246\235?\270\031\000Y\261\010\360"
  19      3FB81900 
  19      59B108F0 
  20              		.text
  21              		.section	.gnu.lto_.jmpfuncs.e0b47c4284d330b9,"",%progbits
  22 0000 789C6365 		.ascii	"x\234ce`b\340d@\000&\020\301\010\304\000\001\227\000"
  22      6062E064 
  22      40002610 
  22      C108C400 
  22      019700
  23 0013 14       		.ascii	"\024"
  24              		.text
  25              		.section	.gnu.lto_.inline.e0b47c4284d330b9,"",%progbits
  26 0000 789C6365 		.ascii	"x\234ce`b0d@\000&\006\006\005\015F\006&\213\005\353"
  26      60623064 
  26      40002606 
  26      06050D46 
  26      06268B05 
  27 0015 9919D816 		.ascii	"\231\031\330\026\3103\201\004\031\271@\004\303!\206"
  27      C8338104 
  27      19B94004 
  27      C32186
  28 0024 3B4C40A9 		.ascii	";L@\251\272\037\363\265\340R\014\000\2701\007\214"
  28      BA1FF3B5 
  28      E0520C00 
  28      B831078C 
  29              		.text
  30              		.section	.gnu.lto_.pureconst.e0b47c4284d330b9,"",%progbits
  31 0000 789C6365 		.ascii	"x\234ce`b`e`\000\222R\214R\000\001\005\000D"
  31      60626065 
  31      60009252 
ARM GAS  /tmp/cceX57QE.s 			page 2


  31      8C520001 
  31      050044
  32              		.text
  33              		.section	.gnu.lto_hal_lld_init.e0b47c4284d330b9,"",%progbits
  34 0000 789CA595 		.ascii	"x\234\245\225IL\024A\024\206\353u\365ld\020\022\266"
  34      494C1441 
  34      1486EB75 
  34      F56C6410 
  34      12B6
  35 0012 8921C62B 		.ascii	"\211!\306+1\322\211\022\217\034=\230x\322\273Q<x \301"
  35      31D28912 
  35      8F1C3D98 
  35      78D2BB51 
  35      3C7820C1 
  36 0026 88070E26 		.ascii	"\210\007\016&\323#\003\030\\\360\200 \211c\2171\006"
  36      D3230318 
  36      5CF08020 
  36      89638F31 
  36      06
  37 0037 914D0497 		.ascii	"\221M\004\227\001\225a\330\025\001\021\334\000ABX\202"
  37      019561D8 
  37      150111DC 
  37      00414258 
  37      82
  38 0048 80510E20 		.ascii	"\200Q\016 \233\365\252\232\351\301\213\314\320I\277"
  38      9BF5AA9A 
  38      E9C18BCC 
  38      D049BF
  39 0057 DEAABFF7 		.ascii	"\336\252\277\367\277\367\252^\231\210D\312\255\204\034"
  39      BFF7AA5E 
  39      998844CA 
  39      AD841C
  40 0066 2484A4B1 		.ascii	"$\204\244\261\023L\004\244\233\275\204\270\254\222D"
  40      134C04A4 
  40      9BBD84B8 
  40      AC9244
  41 0075 BBD3891A 		.ascii	"\273\323\211\032%w\306\020\325NA\026\257e\000\274Q\255"
  41      2577C610 
  41      D54E4116 
  41      AF6500BC 
  41      51AD
  42 0087 409C1295 		.ascii	"@\234\022\225\301\011E\264\224B\240`\312'\245\224\253"
  42      C10945B4 
  42      9442A060 
  42      CA27A594 
  42      AB
  43 0098 ECF0970E 		.ascii	"\354\360\227\016Z\362\325<\207F\011)c'\036P\016)\204"
  43      5AF2D53C 
  43      87460929 
  43      63271E50 
  43      0E2984
  44 00ab 0D9BA8DB 		.ascii	"\015\233\250\333\270\025m\226\305{x\010f`\327\332\001"
  44      B8156D96 
  44      C57B7808 
  44      6660D7DA 
  44      01
  45 00bc F0AB1B9B 		.ascii	"\360\253\033\233\005\252\277\347>\324\037\333'\021\215"
ARM GAS  /tmp/cceX57QE.s 			page 3


  45      05AABFE7 
  45      3ED41FDB 
  45      27118D
  46 00cb 3221CC58 		.ascii	"2!\314X\321\330\320\330\321\304\240\211E\023\207&\036"
  46      D1D8D0D8 
  46      D1C4A089 
  46      45138726 
  46      1E
  47 00dc 4D029A44 		.ascii	"M\002\232D4Ih\034h\010)d|\224y\225Jx\245\263\020h\234"
  47      3449681C 
  47      68082964 
  47      7C947995 
  47      4A78A5B3 
  48 00f3 5DC8408F 		.ascii	"]\310@\217\036*1!%y\201>\313\015\252Q\011P\227\333\323"
  48      1E2A3121 
  48      2579813E 
  48      CB0DAA51 
  48      095097DB 
  49 0108 3E65138F 		.ascii	">e\023\217\352\317+\252\314^\315\215\255\372L\032x\\"
  49      EACF2BAA 
  49      CC5ECD8D 
  49      ADFA4C1A 
  49      785C
  50 011a 2CA4FD1A 		.ascii	",\244\375\032\245\360\010\222\241\002\222\011\216\377"
  50      A5F00892 
  50      A1029209 
  50      8EFF
  51 0128 55D23F6E 		.ascii	"U\322?nW\252U7h,\007\225\240\301m\036)T\201B\230\263"
  51      57AA5537 
  51      682C0795 
  51      A0C16D1E 
  51      29548142 
  52 013e 252BBA0A 		.ascii	"%+\272\012\217RmPj@a\237G\273**)\212\002\330dG\014\324"
  52      8F526D50 
  52      6A40619F 
  52      47BB2A2A 
  52      298A02D8 
  53 0156 B2FFC287 		.ascii	"\262\377\302\207\273\360\233\014\217\015|\035\307\007"
  53      BBF09B0C 
  53      8F0D7C1D 
  53      C707
  54 0164 53200381 		.ascii	"S \003\201'\002\335X\261HE\222L\341\211\257\347t\254"
  54      2702DD58 
  54      B1484592 
  54      4CE189AF 
  54      E774AC
  55 0177 2634449E 		.ascii	"&4D\236\202\247\006\345\031(\273\213\367\271\301z\301"
  55      82A706E5 
  55      1928BB8B 
  55      F7B9C17A 
  55      C1
  56 0188 58C10097 		.ascii	"X\301\000\227\365\000\255\341I\363q\234\204\270F\036"
  56      F500ADE1 
  56      49F3719C 
  56      84B8461E 
  57 0198 60EE723E 		.ascii	"`\356r>\010\222M\300\256\257\217\265\204\224k\0174\011"
  57      08924DC0 
ARM GAS  /tmp/cceX57QE.s 			page 4


  57      AEAF8FB5 
  57      84946B0F 
  57      3409
  58 01aa 9725B6F0 		.ascii	"\227%\266\360\023\361\322\360\366\012\024\346\"\362"
  58      13F1D2F0 
  58      F60A14E6 
  58      22F2
  59 01b8 3CBC3650 		.ascii	"<\2746P\315\241yX\321\363`\017O\231\237\343\370\362"
  59      CDA17958 
  59      D1F3600F 
  59      4F999FE3 
  59      F8F2
  60 01ca 6D89BCD0 		.ascii	"m\211\274\320\001\203\322\272\333B\267\031\254\366\320"
  60      0183D2BA 
  60      DB42B719 
  60      ACF6D0
  61 01d9 00D7F400 		.ascii	"\000\327\364\000c\302\223\326\301q2\342:\377)t\254\200"
  61      63C293D6 
  61      C17132E2 
  61      3AFF2974 
  61      AC80
  62 01eb 7534FEF9 		.ascii	"u4\376\371m\027\205\306~\007\320\025y\241\273\015oo"
  62      6D1785C6 
  62      7E07D015 
  62      79A1BB0D 
  62      6F6F
  63 01fd B0D0B15C 		.ascii	"\260\320\261\\\373\354\312\221`\263t\363\236\272\241"
  63      FBECCA91 
  63      60B374F3 
  63      9EBAA1
  64 020c 9979BF2C 		.ascii	"\231y\277,\243\020\332G\341-\230\331\257=\250..tM\233"
  64      A310DA47 
  64      E12D98D9 
  64      AF3DA82E 
  64      2E744D9B 
  65 0220 F8B07BEB 		.ascii	"\370\260{\353\356\032\233xT\307]\274\255\335\355\031"
  65      EE1A9B78 
  65      54C75DBC 
  65      ADDDED19 
  66 0230 698B62DA 		.ascii	"i\213b\332\230w3\3642]\357t]\275}\205K\226\240\256>"
  66      987733F4 
  66      325DEF74 
  66      5DBD7D85 
  66      4B96A0AE 
  67 0245 AECB241C 		.ascii	"\256\313$\034@\377V\"<\213f\341,^\370\253\231i\276\023"
  67      40FF5622 
  67      3C8B66E1 
  67      2C5EF8AB 
  67      9969BE13 
  68 0259 A5A74282 		.ascii	"\245\247B\202\367\301<\364\360<\354\320\327\3006_\037"
  68      F7C13CF4 
  68      F03CECD0 
  68      D7C0365F 
  68      1F
  69 026a 300DF1A2 		.ascii	"0\015\361\242\204\227\204\263\204\220\234\302\377\246"
  69      849784B3 
  69      84909CC2 
ARM GAS  /tmp/cceX57QE.s 			page 5


  69      FFA6
  70 0278 C320A799 		.ascii	"\303 \247\231u\332\220P\276\226_a\022\254D\201\233|"
  70      75DA9050 
  70      BE965F61 
  70      12AC4481 
  70      9B7C
  71 028a 30E9B5E9 		.ascii	"0\351\265\351\302\315\360\221\261&\301=\334\232\246"
  71      C2CDF091 
  71      B126C13D 
  71      DC9AA6
  72 0299 0F62234A 		.ascii	"\017b#J\347W\366\352\003d\370\204\316\010\356'\224t"
  72      E757F6EA 
  72      0364F884 
  72      CE08EE27 
  72      9474
  73 02ab A7E376B2 		.ascii	"\247\343v\2624\263\221\256\207\271\023i\3363\250\355"
  73      34B391AE 
  73      87B91369 
  73      DE33A8ED 
  74 02bb F3366D5F 		.ascii	"\3636m_x\033\236^\250\272f\331\232M2|\325\227\302\314"
  74      781B9E5E 
  74      A8BA66D9 
  74      9A4D327C 
  74      D597C2CC 
  75 02cf 66F8F8E1 		.ascii	"f\370\370\341m\370\021}1\240j\331\330\005\273s-\"\310"
  75      6DF8117D 
  75      31A06AD9 
  75      D805BB73 
  75      2D22C8
  76 02e2 A49D5768 		.ascii	"\244\235Wh\224\203-:\370\333VNA\200\034\202\325P\324"
  76      94832D3A 
  76      F8DB564E 
  76      41801C82 
  76      D550D4
  77 02f5 3414ADF7 		.ascii	"4\024\255\367\277U\334\256\306\"\233\016\343\333\234"
  77      BF55DCAE 
  77      C6229B0E 
  77      E3DB9C
  78 0304 7DC7E9E0 		.ascii	"}\307\351\340 s\220\353\255,\346+\032\377\360\371~\014"
  78      207390EB 
  78      AD2CE62B 
  78      1AFFF0F9 
  78      7E0C
  79 0316 5B9CEBAA 		.ascii	"[\234\353\252U\243\2262ln0\001N\266\365[\311<\\\366"
  79      55A39632 
  79      6C6E3001 
  79      4EB6F55B 
  79      C93C5CF6 
  80 032a 4E17F305 		.ascii	"N\027\363\005\313+V\310\026\014\213\235\0159\220\232"
  80      CB2B56C8 
  80      160C8B9D 
  80      0D39909A 
  81 033a AA2859D9 		.ascii	"\252(Y\331\312\271\323\231\312\371\254\013\027\263\225"
  81      CAB9D399 
  81      CAF9AC0B 
  81      17B395
  82 0349 13278F1F 		.ascii	"\023'\217\037>$\354\321\264\234\034\374r*3\363lj\006"
ARM GAS  /tmp/cceX57QE.s 			page 6


  82      3E24ECD1 
  82      B49C1CFC 
  82      722A33F3 
  82      6C6A06
  83 035c F90B6DA8 		.ascii	"\371\013m\250\324\360"
  83      D4F0
  84              		.text
  85              		.section	.gnu.lto_stm32_clock_init.e0b47c4284d330b9,"",%progbits
  86 0000 789CA557 		.ascii	"x\234\245WKpTE\024\355\373\336|\336L\346\233d\222\220"
  86      4B705445 
  86      14EDFBDE 
  86      7CDE4CE6 
  86      9B649290 
  87 0014 822205A4 		.ascii	"\202\"\005\244\212\024\220\001q\345n6\272r\243\356-"
  87      8A149001 
  87      71E56E36 
  87      BA72A3EE 
  87      2D
  88 0025 3F0BADA2 		.ascii	"?\013\255\242\012K,\213\035op\222 Aq\201|\3240\250E"
  88      0A4B2C8B 
  88      1D6F7092 
  88      20417181 
  88      7CD430A8 
  89 003a 01020908 		.ascii	"\001\002\011\010*\011\202!$\214\011H\000Q\011  \022"
  89      2A098221 
  89      248C0948 
  89      00510920 
  89      2012
  90 004c 92C82708 		.ascii	"\222\310'\010\021B\370\214}\373\366{=>\312\3227\314"
  90      1142F88C 
  90      7DFBF67B 
  90      3D3ECAD2 
  90      37CC
  91 005e E2F44CDF 		.ascii	"\342\364L\3377\247\317\275\367tO\217\227i\2546\312\330"
  91      37A7CFBD 
  91      F7744F8F 
  91      9769AC36 
  91      CAD8
  92 0070 1CC6D833 		.ascii	"\034\306\3303\300\030T1\320>8\312X\332\320@\2477\272"
  92      C0185431 
  92      D03E38CA 
  92      58DAD040 
  92      A737BA
  93 0083 56B922C7 		.ascii	"V\271\"\307\230\031\364d\374\314\014U\322|\312\003^"
  93      9819F464 
  93      FCCC0C55 
  93      D27CCA03 
  93      5E
  94 0094 8A7BB50A 		.ascii	"\212{\265\012\212\373D\274\202\346S>\360S\334\257%("
  94      8AFB44BC 
  94      82E6533E 
  94      F053DCAF 
  94      2528
  95 00a6 6E887882 		.ascii	"n\210x\202\346S\006\004(\036\320\312)\036\024\361r\232"
  95      E6530604 
  95      281ED0CA 
  95      291E14F1 
ARM GAS  /tmp/cceX57QE.s 			page 7


  95      729A
  96 00b8 4F05A184 		.ascii	"O\005\241\204\342%Z\031\305C\"^F\363\251\020\304p\204"
  96      E2255A19 
  96      C543225E 
  96      46F3A910 
  96      C47084
  97 00cb 98564AE1 		.ascii	"\230VJ\341\260\010\227\322t*\014\021\372zD\213S<*\342"
  97      B00897D2 
  97      742A0C11 
  97      FA7A448B 
  97      533C2AE2 
  98 00df 719A4F45 		.ascii	"q\232OE\001p4\015`K4\275\322\343\255\360\371\023F\240"
  98      0170340D 
  98      604B34BD 
  98      D2E3ADF0 
  98      F91346A0 
  99 00f3 3C585216 		.ascii	"<XR\026\212\225\206#\361(,1tF/\257\034\375r\014\310"
  99      8A958623 
  99      F1282C31 
  99      74462FAF 
  99      1CFD720C 
 100 0108 B1448E31 		.ascii	"\261D\21619F\344\270R_\243CW\323\345v\255n\223\311_"
 100      3946E4B8 
 100      525FA343 
 100      57D3E576 
 100      AD6E93C9 
 101 011d 9D6B4E06 		.ascii	"\235kN\006\033\315\206\252,'\\'Ia\023\3241\376\330\305"
 101      1BCD86AA 
 101      2C275C27 
 101      496113D4 
 101      31FED8C5 
 102 0131 9D0F3F0C 		.ascii	"\235\017?\014\373<4\017\233\301\307\333\300\332N@\247"
 102      FB3C340F 
 102      9BC1C7DB 
 102      C0DA4E40 
 102      A7
 103 0142 F930DF64 		.ascii	"\3710\337dv^\375\034\006\236\233\357aY\035\274\010~"
 103      765EFD1C 
 103      069E9BEF 
 103      61591DBC 
 103      087E
 104 0154 04032180 		.ascii	"\004\003!\200\020D\010!D\020\242\0101\2048B9B\002\241"
 104      10440821 
 104      4410A208 
 104      31843842 
 104      394202A1 
 105 0168 12A10A61 		.ascii	"\022\241\012a\022B5\302d\204)\010S\021j\020\246!LG\230"
 105      124235C2 
 105      64842908 
 105      53116A10 
 105      A6214C47 
 106 017d 81508B30 		.ascii	"\201P\2130\023\241\016a\026\302l\2049\010\365\010s\021"
 106      13A10E61 
 106      16C26C84 
 106      3908F508 
 106      7311
 107 018f E62130B6 		.ascii	"\346!0\266\234\347\300\253\334\254k|\320G\240kl\270"
ARM GAS  /tmp/cceX57QE.s 			page 8


 107      9CE7C0AB 
 107      DCAC6B7C 
 107      D047A06B 
 107      6CB8
 108 01a1 B5218849 		.ascii	"\265!\210I\361DW7t\365\373\337\327\263\272\006\230w"
 108      F1445737 
 108      74F5FBDF 
 108      D7B3BA06 
 108      9877
 109 01b3 A6A5E772 		.ascii	"\246\245\347r\200>\2327\226\231\036>u\345\374\275vo"
 109      803E9A37 
 109      96991E3E 
 109      75E5FCBD 
 109      766F
 110 01c5 165AD2BC 		.ascii	"\026Z\322\274d\033\252\263\272\016_\300d\330\302\205"
 110      641BAAB3 
 110      BA0E5FC0 
 110      64D8C285 
 111 01d5 E2176EAE 		.ascii	"\342\027n\256>v!\224\334nf\322fMV\367\300V\310\302Z"
 111      3E762194 
 111      DC6E66D2 
 111      664D56F7 
 111      C056C8C2 
 112 01ea 514CD806 		.ascii	"QL\330\006I\376\300\241\216\211[!d\004\300\242\003l"
 112      49FEC0A1 
 112      8E895B21 
 112      6404C0A2 
 112      036C
 113 01fc E7DF1422 		.ascii	"\347\337\024\":\006}N\021^!\342\323\007\231\326\000"
 113      3A067D4E 
 113      115E21E2 
 113      D30799D6 
 113      00
 114 020d 7D342FA4 		.ascii	"}4/\244\205\210\365G\316v\007\013D\370\240\215\213h"
 114      8588F547 
 114      CE76070B 
 114      44F8A08D 
 114      8B68
 115 021f 95228EF6 		.ascii	"\225\"\216\366/\037\363\027\210\330!D`\313`\247\020"
 115      2F1FF317 
 115      88D82144 
 115      60CB60A7 
 115      10
 116 0230 D1D33A71 		.ascii	"\321\323:qQ0z\270\010\035\276$\011\035#\275$\241Ew&"
 116      51307AB8 
 116      081DBE24 
 116      091D23BD 
 116      24A14577 
 117 0245 5AF3AF79 		.ascii	"Z\363\257y\002\222\354\022\013h\270\300nHr\256w\306"
 117      0292EC12 
 117      0B68B8C0 
 117      6E4872AE 
 117      77C6
 118 0257 1B8198BC 		.ascii	"\033\201\230\274D\266\273;\327hP\332\000_\321z\253\003"
 118      44B6BB3B 
 118      D76850DA 
 118      005FD17A 
ARM GAS  /tmp/cceX57QE.s 			page 9


 118      AB03
 119 0269 325F172B 		.ascii	"2_\027+}\255V\372\006\222\234\236\277k\326u\306\267"
 119      7DAD56FA 
 119      06929C9E 
 119      BF6BD675 
 119      C6B7
 120 027b 892E52E8 		.ascii	"\211.R\350\033\364\323\302\376\377M,\253\264GQ\267S"
 120      1BF4D3C2 
 120      FEFF4D2C 
 120      ABB44751 
 120      B753
 121 028d 12F71B7B 		.ascii	"\022\367\033{\275Df\020_O\376Ng\224\262\320\240\203"
 121      BD446610 
 121      5F4FFE4E 
 121      6794B2D0 
 121      A083
 122 029f F35C82CC 		.ascii	"\363\\\202\314\351\203Gd\252\006\177\242\355j\373\335"
 122      E9834764 
 122      AA067FA2 
 122      ED6AFBDD 
 123 02af 303DC160 		.ascii	"0=\301`/\256\304\320q\225\214ooh\326=\322r\035#\247"
 123      2FAEC4D0 
 123      71958C6F 
 123      6F68D63D 
 123      D2721D23 
 124 02c4 364A9D01 		.ascii	"6J\235\001w\005\370V\250\024\333p\237\245R\256\037$"
 124      7705F856 
 124      A814DB70 
 124      9FA552AE 
 124      1F24
 125 02d6 B2FDB71B 		.ascii	"\262\375\267\033\336&\005\367\363\371|\024\366\027_"
 125      DE2605F7 
 125      F3F97C14 
 125      F6175F
 126 02e5 EDEFD462 		.ascii	"\355\357\324b\235X\355\240\260\311\226\001Y\225\220"
 126      9D58EDA0 
 126      B0C99601 
 126      599590
 127 02f4 3BB6038A 		.ascii	";\266\003\212\255KH/J\323A\305\322\215\232B\302\001"
 127      AD4B482F 
 127      4AD341C5 
 127      D28D9A42 
 127      C201
 128 0306 5EE580D3 		.ascii	"^\345\200\323=\262\262\021\267\016\350Q\324\207\254"
 128      3DB2B211 
 128      B70EE851 
 128      D487AC
 129 0315 DA5AB946 		.ascii	"\332Z\271F\211\357\336\360\252\001\240\352\206 G\016"
 129      89EFDEF0 
 129      AA01A0EA 
 129      8620470E 
 130 0325 38633B20 		.ascii	"8c; Z\320\362\012\331r\237\335\362s\326\356\212\271"
 130      5AD0F20A 
 130      D9729FDD 
 130      F273D6EE 
 130      8AB9
 131 0337 CBF87B65 		.ascii	"\313\370{e\314^G\313\343D\326\326\333\220\223\252\356"
ARM GAS  /tmp/cceX57QE.s 			page 10


 131      CC5E47CB 
 131      E344D6D6 
 131      DB9093AA 
 131      EE
 132 0348 02F415DF 		.ascii	"\002\364\025\337\360\303j\251#X\3348\035M\347\311\254"
 132      F0C36AA9 
 132      2358DC38 
 132      1D4DE7C9 
 132      AC
 133 0359 AE4FBF1F 		.ascii	"\256O\277\037TA\217\212\203\307>\331<|{\364[\307\316"
 133      54418F8A 
 133      83C73ED9 
 133      3C7C7BF4 
 133      5BC7CE
 134 036c B8559872 		.ascii	"\270U\230rwj\217)\265\307\035\307N\202\310\206\256o"
 134      776A8F29 
 134      B5C71DC7 
 134      4E82C886 
 134      AE6F
 135 037e 5BE1B74E 		.ascii	"[\341\267N[\017\234(\2762?\252\265Nbe\022\302v~e\273"
 135      5B0F9C28 
 135      BE323FAA 
 135      B54E6265 
 135      12C2767E 
 136 0394 09CB7695 		.ascii	"\011\313v\225nm\367\223\242\376\331\352o\273\264]\025"
 136      6E6DF793 
 136      A2FED9EA 
 136      6FBBB45D 
 136      15
 137 03a5 F11D5CBF 		.ascii	"\361\035\\\277>\243Yy\030\360\213\363\350\251*0^B\032"
 137      3EA35979 
 137      18F08BF3 
 137      E8A92A30 
 137      5E421A
 138 03b8 CFB08DB7 		.ascii	"\317\260\215\267\254IJ\233\344.\347SB\230\007\205\015"
 138      AC494A9B 
 138      E42EE753 
 138      42980785 
 138      0D
 139 03c9 38EA5BCD 		.ascii	"8\352[\315\311\036\347\034?\255\250\317`9\253E9\003"
 139      C91EE71C 
 139      3FADA8CF 
 139      6039AB45 
 139      3903
 140 03db AA9CEFE6 		.ascii	"\252\234\357\346\244\346\311n\313yVQ\377\352<\307\247"
 140      A4E6C96E 
 140      CB795651 
 140      FFEA3CC7 
 140      A7
 141 03ec 70BE470F 		.ascii	"p\276G\017\356)\005\325+\227\325\013\332\227\203\225"
 141      EE2905D5 
 141      2B97D50B 
 141      DA978395 
 142 03fc 4DC1A2CC 		.ascii	"M\301\242\314\177N\350\300\037(8/\314\33791zI\376\352"
 142      7F4EE8C0 
 142      1F28382F 
 142      CCDF3931 
ARM GAS  /tmp/cceX57QE.s 			page 11


 142      7A49FEEA 
 143 0410 2EDB9C7E 		.ascii	".\333\234~\012.X\376_7$\375?\325]\021\177S\306\271\350"
 143      0A2E58FE 
 143      5F3724FD 
 143      3FD55D11 
 143      7F53C6B9 
 144 0425 E84F0D91 		.ascii	"\350O\015\221\035\037\234\350\017\330\267\015\003~/"
 144      1D1F9CE8 
 144      0FD8B70D 
 144      037E2F
 145 0434 BE6397D4 		.ascii	"\276c\227\324b\203\330\261\032\321\261\022\325\261\026"
 145      6283D8B1 
 145      1AD1B112 
 145      D5B116
 146 0443 AB63D31C 		.ascii	"\253c\323\034\027\224\232\377\272\237\\\026\324>\244"
 146      17949AFF 
 146      BA9F5C16 
 146      D43EA4
 147 0452 1E72766C 		.ascii	"\036rvl:\361\235\351\333s\322\336\310\000\303\316\026"
 147      3AF19DE9 
 147      DB73D2DE 
 147      C800C3CE 
 147      16
 148 0463 4E2F6861 		.ascii	"N/ha\231h\341r\376\313\300[\330\254\307P\"\010\211\373"
 148      9968E172 
 148      FECBC05B 
 148      D8ACC750 
 148      220889FB 
 149 0477 86A4C419 		.ascii	"\206\244\304\031nM5\242\262\377\303)\261\226\370\016"
 149      6E4D35A2 
 149      B2FFC329 
 149      B196F80E 
 150 0487 E7578C7A 		.ascii	"\347W\214z\355Z\307\340\212Scm\201\306Ri\263\260m\263"
 150      ED5AC7E0 
 150      8A53636D 
 150      81C65269 
 150      B3B06DB3 
 151 049b D14DC59D 		.ascii	"\321M\305\235\261W\325\031{M\330\354\300\271\265\215"
 151      B157D519 
 151      7B4DD8EC 
 151      C0B9B58D 
 152 04ab D6E56EF3 		.ascii	"\326\345n\363g\335:\\\267n\230\357\365ZK\330\347\260"
 152      67DD3A5C 
 152      B76E98EF 
 152      F55A4BD8 
 152      E7B0
 153 04bd 5FDC3087 		.ascii	"_\3340\207w\344&\302\364\321\034\247knn\255\271\323"
 153      77E426C2 
 153      F4D11CA7 
 153      6B6E6EAD 
 153      B9D3
 154 04cf BE61BECC 		.ascii	"\276a\276\314o\316\006\334\340*F\245\212\314\355\334"
 154      6FCE06DC 
 154      E02A46A5 
 154      8ACCEDDC 
 155 04df 2A5F818A 		.ascii	"*_\201\212?\205\012\374\353\0017\205\212\364\267]\207"
 155      3F850AFC 
ARM GAS  /tmp/cceX57QE.s 			page 12


 155      EB013785 
 155      8AF4B75D 
 155      87
 156 04f0 4BA81A0D 		.ascii	"K\250\032\015\021\270eY\375\343-\262\0033\335\271oL"
 156      11B86559 
 156      FDE32DB2 
 156      0333DDB9 
 156      6F4C
 157 0502 65F997C3 		.ascii	"e\371\227\303\352u\234L\354\351\"\215}[Q\337Ac\327\011"
 157      EA759C4C 
 157      ECE9228D 
 157      7D5B51DF 
 157      4163D709 
 158 0516 634794B1 		.ascii	"cG\224\261?\351\225\232g\271u\315\270\242\276\353\274"
 158      3FE9959A 
 158      67B975CD 
 158      B8A2BEEB 
 158      BC
 159 0527 50CCE67C 		.ascii	"P\314\346|\217\336 fs\226\217\366\216\365I#\0310a[&"
 159      8FDE2066 
 159      73968FF6 
 159      8EF54923 
 159      1930615B 
 160 053c 2E2D13B5 		.ascii	".-\023\265\317\365\255\257\323\227\346\270K\370\236"
 160      CFF5ADAF 
 160      D397E6B8 
 160      4BF89E
 161 054b 5065A0AA 		.ascii	"Pe\240\252\373\216Z\326s2\261\271\212\254\345\003E\375"
 161      FB8E5AD6 
 161      7332B1B9 
 161      8AACE503 
 161      45FD
 162 055d 106B592F 		.ascii	"\020kY/\272\036 \362\271\356\270\362\202\013\377\305"
 162      BA1E20F2 
 162      B9EEB8F2 
 162      820BFFC5 
 163 056d 82A9FD53 		.ascii	"\202\251\375S\346<N\36682\323\232M\275T\3432\347\261"
 163      E63C4EF6 
 163      3832D39A 
 163      4DBD54E3 
 163      32E7B1
 164 0580 6BB074C3 		.ascii	"k\260t\303\256\215\202^\226\033x\231\371~\237U_\237"
 164      AE8D825E 
 164      961B7899 
 164      F97E9F55 
 164      5F9F
 165 0592 4C2E5C94 		.ascii	"L.\\\224|\355\245\005\3117\026\276\371\326\242\344\363"
 165      7CEDA505 
 165      C93716BE 
 165      F9D6A2E4 
 165      F3
 166 05a3 2F3C3BFF 		.ascii	"/<;\377\011\302\247\237\\\274\030#/.X\360j\375+\354"
 166      09C2A79F 
 166      5CBC1823 
 166      2F2E58F0 
 166      6AFD2BEC 
 167 05b7 6F61FFFF 		.ascii	"oa\377\377\265"
ARM GAS  /tmp/cceX57QE.s 			page 13


 167      B5
 168              		.text
 169              		.section	.gnu.lto_.symbol_nodes.e0b47c4284d330b9,"",%progbits
 170 0000 789C6365 		.ascii	"x\234ce`b\360`\000\002\246IL\365\014\014\023\31610\000"
 170      6062F060 
 170      0002A649 
 170      4CF50C0C 
 170      13CE3130 
 171 0015 A95D0D8E 		.ascii	"\251]\015\216@\221\311L\365\214(\"\254\023\230\030\032"
 171      4091C94C 
 171      F58C2822 
 171      AC139818 
 171      1A
 172 0026 95808A19 		.ascii	"\225\200\212\031\2470\3253\201\245\030\030\032\032\034"
 172      A730D533 
 172      81A51818 
 172      1A1A1C
 173 0035 18189881 		.ascii	"\030\030\230\201\260\245\377\215<\003\000i\236\020@"
 173      B0A5FF8D 
 173      3C030069 
 173      9E1040
 174              		.text
 175              		.section	.gnu.lto_.refs.e0b47c4284d330b9,"",%progbits
 176 0000 789C6365 		.ascii	"x\234ce`b`d\000\002\000\000I\000\011"
 176      60626064 
 176      00020000 
 176      490009
 177              		.text
 178              		.section	.gnu.lto_.decls.e0b47c4284d330b9,"",%progbits
 179 0000 789CCD57 		.ascii	"x\234\315WkPTG\026\236\276=<f@\244 \225u7\326\206uM"
 179      6B505447 
 179      169EBE3D 
 179      3C6640A4 
 179      20957537 
 180 0018 49ED2E0C 		.ascii	"I\355.\014\203&n\355\217\255\350\240b-f\255\031\343"
 180      83266EED 
 180      8FADE8A0 
 180      622D66AD 
 180      19E3
 181 002a D6FED862 		.ascii	"\326\376\330bG\030#%\017WpKk\363\343\3620(\202\212\011"
 181      47182325 
 181      0F57704B 
 181      6BF3E3F2 
 181      3028828A 
 182 003f 41DE0F31 		.ascii	"A\336\017122\"\242\210\012\350\004\020\221h\242\230"
 182      323222A2 
 182      880AE804 
 182      109168A2 
 182      98
 183 0050 28C86BD0 		.ascii	"(\310k\320\210\370\300\000\276\020\211\354\351\356;"
 183      88F8C000 
 183      BE1089EC 
 183      E9EE3B
 184 005f 4C7319B7 		.ascii	"Ls\031\267\262U\373c\247\346\334\356\323\347\353s\372"
 184      B255FB63 
 184      A7E6DCEE 
 184      D3E7EB73 
ARM GAS  /tmp/cceX57QE.s 			page 14


 184      FA
 185 0070 3CBAEF6D 		.ascii	"<\272\357m\027\205\240\230\364Q(\\\260B\361\006R(&\341"
 185      1785A098 
 185      F451285C 
 185      B042F106 
 185      522826E1 
 186 0084 075DC511 		.ascii	"\007]\305\021\205\343G\370J\240*\240j \200)\316)\246"
 186      85E347F8 
 186      4AA02AA0 
 186      6A208029 
 186      CE29A6
 187 0097 FFFE0683 		.ascii	"\377\376\006\203*h\327\002-\000\372\031\360o\0025B\377"
 187      2A68D702 
 187      2D00FA19 
 187      F06F0235 
 187      42FF
 188 00a9 6D687F09 		.ascii	"mh\177\011\344\207\230^w \025\364\275\200|\201\236\001"
 188      E487985E 
 188      772015F4 
 188      BD807C81 
 188      9E01
 189 00bb AF84F62D 		.ascii	"\257\204\366-\240W\320\3779r\330\234\207\230M\371\317"
 189      A057D0FF 
 189      3972D89C 
 189      87984DF9 
 189      CF
 190 00cc F813EC2D 		.ascii	"\370\023\354-\006z\027H\315\351\367\006zI|\202vB\262"
 190      067A1748 
 190      CDE9F706 
 190      7A497C82 
 190      7642B2
 191 00df 150CF414 		.ascii	"\025\014\364\024\372c\222oUN\354ect2\243\271A\350E\335"
 191      FA63926F 
 191      554EEC65 
 191      637432A3 
 191      B941E845 
 192 00f4 48009837 		.ascii	"H\000\2307\035E\210=\021%\312N\332\177\010\321q\030"
 192      1D45883D 
 192      1125CA4E 
 192      DA7F08D1 
 192      7118
 193 0106 15E89301 		.ascii	"\025\350\223\001\351\020\262\317\220xAb\005I%\375K\223"
 193      E910B2CF 
 193      90784162 
 193      054925FD 
 193      4B93
 194 0118 11A79189 		.ascii	"\021\247\221\211\231%\373\217\255\231u\3504\373l$8\014"
 194      9925FB8F 
 194      AD9975E8 
 194      34FB6C24 
 194      380C
 195 012a 20C44FE0 		.ascii	" \304O\340\024\262eK\362\251\365)\034\316!\273\367#"
 195      14B2654B 
 195      F2A9F529 
 195      1CCE21BB 
 195      F723
 196 013c 399706D4 		.ascii	"9\227\006\324}\250\207\214\026\277\217\350XN\341\236"
ARM GAS  /tmp/cceX57QE.s 			page 15


 196      7DA8878C 
 196      16BF8FE8 
 196      584EE19E 
 197 014c 2A8C0544 		.ascii	"*\214\005D\372}/\312\227\007ZD\366s\177\333\021\266"
 197      FA7D2FCA 
 197      97075A44 
 197      F6737FDB 
 197      11B6
 198 015e F393CFAD 		.ascii	"\363\223\317\255\263wc\344\243F\002\260\355\303\227"
 198      B37763E4 
 198      A34602B0 
 198      EDC397
 199 016d 0A3C807D 		.ascii	"\012<\200}C\215\274\201\035K\374\356K\365\234\317\351"
 199      438DBC81 
 199      1D4BFCEE 
 199      4BF59CCF 
 199      E9
 200 017e AC64D15B 		.ascii	"\254d\321[@k\337D\0264\027U\240\271`\374\010\232\003"
 200      406BDF44 
 200      16341755 
 200      A0B960FC 
 200      089A03
 201 0191 CF754AA6 		.ascii	"\317uJ\246)\261\363`\256r^\261Xl\023\255\027\232\376"
 201      29B1F360 
 201      AE725EB1 
 201      586C13AD 
 201      179AFE
 202 01a4 D05F2D8A 		.ascii	"\320_-\212\333a\232\222\300\220\031at\030\005\222%C"
 202      DB619A92 
 202      C0901961 
 202      74180592 
 202      2543
 203 01b6 179EE5A8 		.ascii	"\027\236\345\250\017\241C\250\027\034\252D\363`\272"
 203      0FA143A8 
 203      171CAA44 
 203      F360BA
 204 01c5 3858D73D 		.ascii	"8X\327=\033\207\320\325\246\036\261\225{J\252\332\177"
 204      1B87D0D5 
 204      A61EB195 
 204      7B4AAADA 
 204      7F
 205 01d6 93235A93 		.ascii	"\223#Z\223@\221@\025\035u(:*WTE\025]\274\333\330\213"
 205      40914015 
 205      1D75283A 
 205      2A575445 
 205      155DBCDB 
 206 01ec F18754D1 		.ascii	"\361\207T\321us\345~\262&\233(Z\177\310\363\253HnI\027"
 206      7573E57E 
 206      B2269B28 
 206      5A7FC8F3 
 206      AB486E49 
 207 0201 4B105D39 		.ascii	"K\020]9:\346\320t\214h\"\235j\252\241\247\325\\\201"
 207      3AE6D074 
 207      8C68229D 
 207      6AAAA1A7 
 207      D55C81
 208 0214 21080BD4 		.ascii	"!\010\013\324\210\344a6\014\035}x\372\305,6D\364\266"
ARM GAS  /tmp/cceX57QE.s 			page 16


 208      88E46136 
 208      0C1D7D78 
 208      FAC52C36 
 208      44F4B6
 209 0227 EF192D73 		.ascii	"\357\031-s\303\273\020e\256\246T\345c\026B%I\305\345"
 209      C3BB1065 
 209      AEA654E5 
 209      63164225 
 209      49C5E5
 210 023a DCDB5E2C 		.ascii	"\334\333^,\204~\331X\310i\273\321\250D\376\352/H\014"
 210      847ED958 
 210      C869BBD1 
 210      A844FEEA 
 210      2F480C
 211 024d ADCF0FFF 		.ascii	"\255\317\017\3771gT\024\375\320i\244F5\216\025, \273"
 211      31675414 
 211      FDD069A4 
 211      46358E15 
 211      2C20BB
 212 0260 60872826 		.ascii	"`\207(&\211{\223EU\250\002\325B\224OB\224\321)\344O"
 212      897B9345 
 212      55A802D5 
 212      42944F42 
 212      94D129E4 
 213 0275 AC121C3A 		.ascii	"\254\022\034:\001\203\307a\020\254\230\3132K]q\022\315"
 213      0183C761 
 213      10AC98CB 
 213      324B5D71 
 213      12CD
 214 0287 AED072B6 		.ascii	"\256\320r\266\253C\211\324\376N\025\324;Q\300\026\323"
 214      AB4389D4 
 214      FE4E15D4 
 214      3B51C016 
 214      D3
 215 0298 77715ECB 		.ascii	"wq^\313v\022\330:X\314\031\307b`m,\245\307J\213\207"
 215      7612D83A 
 215      58CC19C7 
 215      62606D2C 
 215      A5C74A8B 
 216 02ad 3DC11522 		.ascii	"=\301\025\"\027\237d\\!cUew~\215\037\262\252z2Y\222"
 216      179F645C 
 216      21635565 
 216      777E8D1F 
 216      B2AA7A32 
 217 02c3 E5F1CE01 		.ascii	"\345\361\316\001\261\270\021R~\3337\027R\256\242\340"
 217      B1B81152 
 217      7EDB3717 
 217      52AEA2E0 
 218 02d3 B34CD9D4 		.ascii	"\263L\331\324\"\024t\244\201,\347\034z\207\354\326\201"
 218      221474A4 
 218      812CE71C 
 218      7A87ECD6 
 218      81
 219 02e4 8B2D6A16 		.ascii	"\213-j\0263\021\001omI\037Bx\202\251\335a\331\335\204"
 219      3311016F 
 219      6D491F42 
 219      7882A9DD 
ARM GAS  /tmp/cceX57QE.s 			page 17


 219      61D9DD84 
 220 02f8 D53B48C9 		.ascii	"\325;H\311\375\024g\310\214\376\324k\222\2721\302\347"
 220      FD1467C8 
 220      8CFED46B 
 220      92BA31C2 
 220      E7
 221 0309 D63D6973 		.ascii	"\326=isa\274;\260\265\217*jg\261\224X\211x\262\361y"
 221      61BC3BB0 
 221      B58F2A6A 
 221      67B19458 
 221      8978B2F1 
 222 031e C72C9C84 		.ascii	"\307,\234\204\251\265\264\223\327z\225\304\232\310\254"
 222      A9B5B493 
 222      D77A95C4 
 222      9AC8AC
 223 032d 91498E75 		.ascii	"\221I\216u_ \261@\232\271(\210\032\312j\310\252\361"
 223      5F20B140 
 223      9AB92888 
 223      1ACA6AC8 
 223      AAF1
 224 033f F2D94BC1 		.ascii	"\362\331K\301\220F%\365\366<\240\233)\272\025\371\330"
 224      904625F5 
 224      F63CA09B 
 224      29BA15F9 
 224      D8
 225 0350 E7503BF7 		.ascii	"\347P;\367:\017\250\3302\206\011\237}\372\326\260\027"
 225      3A0FA8D8 
 225      3286099F 
 225      7DFAD6B0 
 225      17
 226 0361 4E677633 		.ascii	"Ngv3\233\236>\366\300{\031\323]\372\331A%C\016\022\276"
 226      9B9E3EF6 
 226      C07B19D3 
 226      5DFAD941 
 226      25430E12 
 227 0376 60622245 		.ascii	"`b\"E\211\263\2300\251\2563S\332\2436Z}I\237\226\271"
 227      89B39830 
 227      A9AE3353 
 227      DAA3365A 
 227      7D499F96 
 228 038b E222267C 		.ascii	"\342\"&|\371\350\320\260+63\246\266?\353\234d\260\203"
 228      F9E8D0B0 
 228      2B3633A6 
 228      B63FEB9C 
 228      64B083
 229 039e F04D8FF3 		.ascii	"\360M\217\363G<\361q&\334^\366m\272\033n`\314\265\201"
 229      473CF171 
 229      26DC5EF6 
 229      6DBA1B6E 
 229      60CCB581 
 230 03b2 92144F86 		.ascii	"\222\024O\206\244i}\334\225\321\342\211/0as\353\355"
 230      A4697DDC 
 230      95D1E289 
 230      2F306173 
 230      EBED
 231 03c4 6BEEF82A 		.ascii	"k\356\370*cv\235\257i\221\312\273\225\356\363\301\252"
 231      63769DAF 
ARM GAS  /tmp/cceX57QE.s 			page 18


 231      6991CABB 
 231      95EEF3C1 
 231      AA
 232 03d5 548CBB24 		.ascii	"T\214\273$\203Rd}\244\310\216\\iJS\341;Lxy\347\276,"
 232      8352647D 
 232      A4C88E5C 
 232      694A53E1 
 232      3B4C7879 
 233 03ec 010F31A6 		.ascii	"\001\0171\246| \177\267d\360\367$4y\303\005\236\370"
 233      7C207FB7 
 233      64F0F724 
 233      3479C305 
 233      9EF8
 234 03fe 2993D51F 		.ascii	")\223\325\037\330nv\307\223\214\251\253\255o\221r\027"
 234      D86E76C7 
 234      938CA9AB 
 234      AD6F9172 
 234      17
 235 040f 046CCAD7 		.ascii	"\004l\312\327\031\335\2368UIe\225\203\251V7\274\207"
 235      19DD9E38 
 235      55496595 
 235      83A95637 
 235      BC87
 236 0421 31798F7B 		.ascii	"1y\217{\356I\316\372\023%\227_X\274p6\223\3317\241\017"
 236      EE49CEFA 
 236      1325975F 
 236      58BC7036 
 236      93D937A1 
 237 0436 DD84A8BE 		.ascii	"\335\204\250\276\253F\203K\230\250d\360\364\247\263"
 237      AB46834B 
 237      98A864F0 
 237      F4A7B3
 238 0445 F161C63C 		.ascii	"\361a\306<J\271c\363`\2709\300\366\367\334M\363\302"
 238      4AB963F3 
 238      60B839C0 
 238      F6F7DC4D 
 238      F3C2
 239 0457 C799EC93 		.ascii	"\307\231\354\223sY\015*\334\300\030\373\301\350\303"
 239      73590D2A 
 239      DCC018FB 
 239      C1E8C3
 240 0466 0EC6665B 		.ascii	"\016\306f[/\302-L\364 \315\332)\340o\030c>\235\321\357"
 240      2FC22D4C 
 240      F420CDDA 
 240      29E06F18 
 240      633E9DD1 
 241 047b 823B1873 		.ascii	"\202;\030s\2736\345\231\022w3\246b\242\360\212\012\367"
 241      BB36E599 
 241      127733A6 
 241      62A2F08A 
 241      0AF7
 242 048d 33E6CA19 		.ascii	"3\346\312\031\333\035/|\2171\226\313\027\272\245\010"
 242      DB1D2F7C 
 242      8F3196CB 
 242      17BAA508 
 243 049d EF209BC1 		.ascii	"\357 \233\301R\3363\340&\225+)\337\262S\266\011\204"
 243      52DE33E0 
ARM GAS  /tmp/cceX57QE.s 			page 19


 243      26952B29 
 243      DFB253B6 
 243      0984
 244 04af 1F52B05F 		.ascii	"\037R\260_y\271\365\241\027\232\317\375|\351\323\237"
 244      79B9F5A1 
 244      179ACFFD 
 244      7CE9D39F 
 245 04bf 1F9A5F2A 		.ascii	"\037\232_*\246$\213\326\311B\234^Sv1Q,\233\203\032\241"
 245      A6248BD6 
 245      C9429C5E 
 245      53763151 
 245      2C9B831A 
 246 04d4 50BF844D 		.ascii	"P\277\204M(\012\276\216\355d\245U\253\205\207\202\315"
 246      280ABE8E 
 246      ED64A555 
 246      AB858782 
 246      CD
 247 04e5 682CC270 		.ascii	"h,\302p\334\246`\012\277)\207wRx-r\340\333\0129\374"
 247      DCA6600A 
 247      BF298777 
 247      52782D72 
 247      E0DB0A39 
 248 04fa 1D39FEFB 		.ascii	"\0359\376\373\031\370\321\002\016\177O\216\277+_\316"
 248      19F8D102 
 248      0E7F4F8E 
 248      BF2B5FCE 
 249 050a 38BF9C6F 		.ascii	"8\277\234o\344\360\257g\250\277_\316\341\037;\367\326"
 249      E4F0AF67 
 249      A8BF5FCE 
 249      E11F3BF7 
 249      D6
 250 051b 8E2727E0 		.ascii	"\216''\340\315r\234H\361\260qQ\213\204\267og\324$_N"
 250      CD729C48 
 250      F1B07151 
 250      8B84B76F 
 250      67D4245F 
 251 0530 3BBFFA47 		.ascii	";\277\372Gr\365\315rx\033\017\377A\016\327\310\027\337"
 251      72F5CD72 
 251      781B0FFF 
 251      410ED7C8 
 251      17DF
 252 0542 CE3B7B5D 		.ascii	"\316;{]\016\377v\206v\336\327\257\344\360\213r\370-"
 252      0EFF7686 
 252      76DED7AF 
 252      E4F08B72 
 252      F82D
 253 0554 5EFB3539 		.ascii	"^\37359\374\252\003\236)\035n\357+\025h\024\344#TD\320"
 253      FCAA039E 
 253      291D6EEF 
 253      2B156814 
 253      E4235444 
 254 0569 E444FF44 		.ascii	"\344D\377D\360G{\205\371h\002\315G/\201\266C\177'\320"
 254      F0477B85 
 254      F96802CD 
 254      472F81B6 
 254      437F27D0 
 255 057d 6EA0E7C0 		.ascii	"n\240\347\300gB\373)\3203\350'A\233\016\224\010\224"
ARM GAS  /tmp/cceX57QE.s 			page 20


 255      6742FB29 
 255      D033E827 
 255      419B0E94 
 255      0894
 256 058f 06940A94 		.ascii	"\006\224\012\224\002\364\024d\273\240\375\021\332\035"
 256      02F41464 
 256      BBA0FD11 
 256      DA1D
 257 059d D04E42BB 		.ascii	"\320NB\273\007\332\014\2401\350\357\203\366\025\264"
 257      07DA0CA0 
 257      31E8EF83 
 257      F615B4
 258 05ac C9D08E43 		.ascii	"\311\320\216C\373\004\350\005\232O_\321\2223|\331\331"
 258      FB04E805 
 258      9A4F5FD1 
 258      92337CD9 
 258      D9
 259 05bd E4CEF4CD 		.ascii	"\344\316\364\315\310s{!\227\347\333\362<\337\232\221"
 259      C8737B21 
 259      97E7DBF2 
 259      3CDF9A91 
 260 05cd 673EB46D 		.ascii	"g>\264m\316C\313gn\234_N\227\363]\303\251\277\311\327"
 260      CE43CB67 
 260      6E9C5F4E 
 260      97F35DC3 
 260      A9BFC9D7 
 261 05e1 C590F332 		.ascii	"\305\220\3632b\352\331{\372Y>\340Eo\002SH\357h\026\012"
 261      62EAD97B 
 261      FA593EE0 
 261      456F0253 
 261      48EF6816 
 262 05f6 78DB5B9F 		.ascii	"x\333[\237\025b3\274ww\272\322WQ\217\\[\367\214\305"
 262      156233BC 
 262      7777BAD2 
 262      57518F5C 
 262      5BF78CC5 
 263 060a DEE40BE1 		.ascii	"\336\344\013\341;\347e\306\343o\361\253}(\307\337\227"
 263      3BE765C6 
 263      E36FF1AB 
 263      7D28C7DF 
 263      97
 264 061b 3B779F8F 		.ascii	";w\237\217E\257\363\345h\035\231i+\3422\323!\317\314"
 264      45AFF3E5 
 264      681D9969 
 264      2BE232D3 
 264      21CFCC
 265 062e 8D19A1E3 		.ascii	"\215\031\241\343\265\367;O<\007\037\345}\275\342\374"
 265      B5F73B4F 
 265      3C071FE5 
 265      7DBDE2FC 
 266 063e FCE0D7CE 		.ascii	"\374\340\327\316\273\372\300\271\253Se\005\261\277o"
 266      BBFAC0B9 
 266      AB536505 
 266      B1BF6F
 267 064d 574F42DF 		.ascii	"WOB\337\356|O\361\241l\344\365\017;=\020\264\016\355"
 267      EE7C4FF1 
 267      A16CE4F5 
ARM GAS  /tmp/cceX57QE.s 			page 21


 267      0F3B3D10 
 267      B40EED
 268 0660 E3059CF6 		.ascii	"\343\005\234\366A\347g%_\344\215\374avY\036\312K3\216"
 268      41E76725 
 268      5FE48DFC 
 268      6176591E 
 268      CA4B338E 
 269 0674 7A3E9403 		.ascii	"z>\224\003\316\217n\012\2077\320S\213\245\307\003\227"
 269      CE8F6E0A 
 269      8737D053 
 269      8BA5C703 
 269      97
 270 0685 B9D0AFCD 		.ascii	"\271\320\257\315\023\231u\231\263\220\277/+\316W\345"
 270      13997599 
 270      B390BF2F 
 270      2BCE57E5 
 271 0695 38591411 		.ascii	"8Y\024\021\372\034f\177&L}C\222Zu~\226\240,8B\376_\216"
 271      FA1C667F 
 271      264C7D43 
 271      925A757E 
 271      96A02C38 
 272 06ad 13F269FF 		.ascii	"\023\362i\377U\327\023\344\2316\365\351L=q|\000f\013"
 272      55D713E4 
 272      9936F5E9 
 272      4C3D717C 
 272      00660B
 273 06c0 9EF46A00 		.ascii	"\236\364j\000m6Vv%\025\232\225\310\027\336\266\274k"
 273      6D365676 
 273      25159A95 
 273      C817DEB6 
 273      BC6B
 274 06d2 8E0FC0FD 		.ascii	"\216\017\300\375\222_\271\340W\036\330\313\021\370c"
 274      925FB9E0 
 274      571ED8CB 
 274      11F863
 275 06e1 EB559E7D 		.ascii	"\353U\236}\257\332\017\226\375\257y#\260\330\016\344"
 275      AFDA0F96 
 275      FDAF7923 
 275      B0D80EE4 
 276 06f1 B18DBF5F 		.ascii	"\261\215\277_\276\361\211\262g\323\224\015;Uf\317_n"
 276      BEF189B2 
 276      67D3940D 
 276      3B5566CF 
 276      5F6E
 277 0703 75F33937 		.ascii	"u\36397\\\305\362gn\350.UN\345\257%\237\345\257\020"
 277      5CC5F267 
 277      6EE82E55 
 277      4EE5AF25 
 277      9FE5AF10 
 278 0717 26E73BF2 		.ascii	"&\347;\362\267\177F\376\246*\251\000|{\235\237\344\376"
 278      B77F46FE 
 278      A62AA900 
 278      7C7B9D9F 
 278      E4FE
 279 0729 651E1F9B 		.ascii	"e\036\037\233\026\317\302i\361,\222\342YD\342\211\372"
 279      16CFC269 
 279      F12C92E2 
ARM GAS  /tmp/cceX57QE.s 			page 22


 279      5944E289 
 279      FA
 280 073a C66EF47A 		.ascii	"\306n\364z\362`r3s\200\213%p1\005\027t\224\236\025p"
 280      F2607233 
 280      73808B25 
 280      70310517 
 280      74949E15 
 281 074f 3DF50255 		.ascii	"=\365\002U\217\357\375\025\334\354\254\364\266\371V"
 281      8FEFFD15 
 281      DCECACF4 
 281      B6F956
 282 075e 01BB6D26 		.ascii	"\001\273m&\261\333f\211\303\017\350N\277$\226\012\344"
 282      B1DB6689 
 282      C30FE84E 
 282      BF24960A 
 282      E4
 283 076f 8A777DA8 		.ascii	"\212w}\250`\237\013\276\301T\215\346\266<P\343\036\306"
 283      609F0BBE 
 283      C1548DE6 
 283      B63C50E3 
 283      1EC6
 284 0781 E4551E4E 		.ascii	"\344U\036N\301\330\306\230\356\372\304f/<\310\230\376"
 284      C1D8C698 
 284      EEFAC466 
 284      2F3CC898 
 284      FE
 285 0792 A2A4EF5D 		.ascii	"\242\244\357]\360\020cN5\014\005\263O\266\271\300\235"
 285      F010634E 
 285      350C05B3 
 285      4FB6B9C0 
 285      9D
 286 07a3 E919B14A 		.ascii	"\351\031\261J\327f\033\371\202+z0h\363\300#\024\252"
 286      D7661BF9 
 286      822B7A30 
 286      68F3C023 
 286      14AA
 287 07b5 FAF15473 		.ascii	"\372\361Ts\211+b\237i\376\334\247Y\303\321\266t\270"
 287      892B629F 
 287      69FEDCA7 
 287      59C3D1B6 
 287      74B8
 288 07c7 3A219ABF 		.ascii	":!\232\277/`\311\226\327"
 288      2F60C996 
 288      D7
 289 07d0 14039F05 		.ascii	"\024\003\237\005\2630\027\225\013Df\221Rp\014RP\015"
 289      B3301795 
 289      0B446691 
 289      52700C52 
 289      500D
 290 07e2 29A800AA 		.ascii	")\250\000\252\004:\016t\024\250\012\350\310\264\362"
 290      043A0E74 
 290      14A80AE8 
 290      C8B4F2
 291 07f1 6BFFD8B1 		.ascii	"k\377\330\261\341\017\313\355\315\370\366\032\375\227"
 291      E10FCBED 
 291      CDF8F61A 
 291      FD97
ARM GAS  /tmp/cceX57QE.s 			page 23


 292 07ff 037D508E 		.ascii	"\003}P\216\236\361\255\323\370\361\364\223\315\362\037"
 292      9EF1ADD3 
 292      F8F1F493 
 292      CDF21F
 293 080e 5F126D1C 		.ascii	"_\022m\034\372\200\\7\177\316\262\032\275\376\322'\221"
 293      FA805C37 
 293      7FCEB21A 
 293      BDFED227 
 293      91
 294 081f D4A8C5D9 		.ascii	"\324\250\305\331>\030x\351\263/Yl\015\242\312\0169\015"
 294      3E1878E9 
 294      B32F596C 
 294      0DA2CA0E 
 294      390D
 295 0831 23FF45C9 		.ascii	"#\377E\311yU\346\334+f\231\\\000:\305\016\017<\306v"
 295      7955E6DC 
 295      2B66995C 
 295      003AC50E 
 295      0F3CC676 
 296 0845 4DEBE060 		.ascii	"M\353\340`\205\007\362\365w\226\014t\022r\360\337\344"
 296      8507F2F5 
 296      77960C74 
 296      1272F0DF 
 296      E4
 297 0856 83B9D53B 		.ascii	"\203\271\325;\341*\212\356\250\006&\236pT\254\205\356"
 297      E12A8AEE 
 297      A806269E 
 297      7054AC85 
 297      EE
 298 0867 3C7247E8 		.ascii	"<rG\3502Wx\361{\243f\332F\252\225\366\006i=7\030\243"
 298      325778F1 
 298      7BA366DA 
 298      46AA95F6 
 298      06693D37 
 299 087d C3A3A323 		.ascii	"\303\243\243#\303\243b\243\022\334W|\360\241\237N\253"
 299      C3A362A3 
 299      12DC577C 
 299      F0A19F4E 
 299      AB
 300 088e 55FC3630 		.ascii	"U\37460P\243\211\213\327\200P\263)nsB\274\306\260f\325"
 300      50A3898B 
 300      D78050B3 
 300      296E7342 
 300      BCC6B066 
 301 08a3 C260F65C 		.ascii	"\302`\366\\\276h\353V\2154-0B\341\035\237\020\26308"
 301      BE68EB56 
 301      8D342D30 
 301      42E11D9F 
 301      10B33038 
 302 08b7 3C223A2E 		.ascii	"<\":.b#\325\342\026\031c\\\011m\300k\224\204\205\205"
 302      6223D5E2 
 302      1619635C 
 302      096DC06B 
 302      94848585 
 303 08cb 6842562D 		.ascii	"hBV-\371g\260\206\315\004x\340\006\205:<|KTl\002\360"
 303      F967B086 
 303      CD0478E0 
ARM GAS  /tmp/cceX57QE.s 			page 24


 303      06853A3C 
 303      7C4B546C 
 304 08e1 091B351B 		.ascii	"\011\0335\033\342bL\232hS\\\254qsd\234&\304\024\037"
 304      E2624C9A 
 304      68535CAC 
 304      7173649C 
 304      26C4141F 
 305 08f5 61DCFC91 		.ascii	"a\334\374\2211^\363QDD\200qsL@l\\\254)\300d\\\027\025"
 305      315EF351 
 305      44448071 
 305      734C406C 
 305      5CAC29C0 
 306 090d F05E4070 		.ascii	"\360^@p\220vq\300?\264\001[6E\032\023L\232ibMTlD\364"
 306      907671C0 
 306      3FB4015B 
 306      36451A13 
 306      4C9A6962 
 307 0926 96489326 		.ascii	"\226H\223&\306\030\261!*\326\244\011\2174\2557n\211"
 307      C618B121 
 307      2AD6A409 
 307      8F34AD37 
 307      6E89
 308 0938 4E084FD8 		.ascii	"N\010O\330\266\311\024\017f\335\355F\377\376\2777\032"
 308      B6C9140F 
 308      66DDED46 
 308      FFFEBF37 
 308      1A
 309 0949 BF2D5E13 		.ascii	"\277-^\023\036\237\020\011\026\300\322l\303\266\370"
 309      1E9F1009 
 309      16C0D26C 
 309      C3B6F8
 310 0958 04538C2E 		.ascii	"\004S\214.n\263IGb\345b0\350V\350U\372e\206e\372\265"
 310      6EB34947 
 310      62E56230 
 310      E856E855 
 310      FA658665 
 311 096e CB42DEC3 		.ascii	"\313B\336\303:\203^\2714D\347\030zW\265d\365\322\340"
 311      3A835EB9 
 311      3444E718 
 311      7A57B564 
 311      F5D2E0
 312 0981 B0D5CB3E 		.ascii	"\260\325\313>\320\223\236\226\365\354\322E\252%\241"
 312      D0939E96 
 312      F5ECD245 
 312      AA25A1
 313 0990 4B174AD2 		.ascii	"K\027J\322\320)\\\250\034\267\320\215h\201\021\322j"
 313      D0295CA8 
 313      1CB7D08D 
 313      688111D2 
 313      6A
 314 09a1 7949B01B 		.ascii	"yI\260\033\321@%\241\022\"t:B\353N\346\352\015k\364"
 314      D14025A1 
 314      1222743A 
 314      42EB4EE6 
 314      EA0D6BF4 
 315 09b5 A4A3259D 		.ascii	"\244\243%\235)Y\220;\231\315d\241vP(\003a\335J\275R"
 315      2959903B 
ARM GAS  /tmp/cceX57QE.s 			page 25


 315      99CD64A1 
 315      76502803 
 315      61DD4ABD 
 316 09ca B77C85DE 		.ascii	"\267|\205\336muX\030i\005\235^\015\335\225\301\006\302"
 316      6D755818 
 316      69059D5E 
 316      0DDD95C1 
 316      06C2
 317 09dc FD4EAA0C 		.ascii	"\375N\252\014\323\326\004\215n\225a\245\001*\203\253"
 317      D3D6048D 
 317      6E9561A5 
 317      012A83AB 
 318 09ec 2D5A16EB 		.ascii	"-Z\026\353\027\005-\336\272\025\342\346\241\327\351"
 318      17052DDE 
 318      BA15E2E6 
 318      A1D7E9
 319 09fb C2D740BA 		.ascii	"\302\327@\272BL\353=V\377Eo\357\377\302^\271\353\214"
 319      424CEB3D 
 319      56FF456F 
 319      EFFFC25E 
 319      B9EB8C
 320 0a0e 111BB76C 		.ascii	"\021\033\267l\012\217\214\2131F\305\322\012t\371\363"
 320      0A8F8C8B 
 320      3146C5D2 
 320      0A74F9F3 
 321 0a1e EA353ABD 		.ascii	"\3525:\275`\320\273A\347O\313\376\252W\222\007^\242"
 321      60D0BB41 
 321      E74FCBFE 
 321      AA579207 
 321      5EA2
 322 0a30 D3BB5289 		.ascii	"\323\273R\211v\326\362\260%\206P\273\246\177\003\347"
 322      76D6F2B0 
 322      258650BB 
 322      A67F03E7 
 323 0a40 08306A   		.ascii	"\0100j"
 324              		.text
 325              		.section	.gnu.lto_.symtab.e0b47c4284d330b9,"",%progbits
 326 0000 68616C5F 		.ascii	"hal_lld_init\000"
 326      6C6C645F 
 326      696E6974 
 326      00
 327 000d 00       		.ascii	"\000"
 328 000e 00       		.ascii	"\000"
 329 000f 00       		.ascii	"\000"
 330 0010 00000000 		.ascii	"\000\000\000\000\000\000\000\000"
 330      00000000 
 331 0018 AE000000 		.ascii	"\256\000\000\000"
 332 001c 73746D33 		.ascii	"stm32_clock_init\000"
 332      325F636C 
 332      6F636B5F 
 332      696E6974 
 332      00
 333 002d 00       		.ascii	"\000"
 334 002e 00       		.ascii	"\000"
 335 002f 00       		.ascii	"\000"
 336 0030 00000000 		.ascii	"\000\000\000\000\000\000\000\000"
 336      00000000 
ARM GAS  /tmp/cceX57QE.s 			page 26


 337 0038 B0000000 		.ascii	"\260\000\000\000"
 338 003c 53797374 		.ascii	"SystemCoreClock\000"
 338      656D436F 
 338      7265436C 
 338      6F636B00 
 339 004c 00       		.ascii	"\000"
 340 004d 00       		.ascii	"\000"
 341 004e 00       		.ascii	"\000"
 342 004f 00000000 		.ascii	"\000\000\000\000\000\000\000\000"
 342      00000000 
 343 0057 BF000000 		.ascii	"\277\000\000\000"
 344 005b 646D6149 		.ascii	"dmaInit\000"
 344      6E697400 
 345 0063 00       		.ascii	"\000"
 346 0064 02       		.ascii	"\002"
 347 0065 00       		.ascii	"\000"
 348 0066 00000000 		.ascii	"\000\000\000\000\000\000\000\000"
 348      00000000 
 349 006e B2000000 		.ascii	"\262\000\000\000"
 350              		.text
 351              		.section	.gnu.lto_.opts,"",%progbits
 352 0000 272D666D 		.ascii	"'-fmath-errno' '-fsigned-zeros' '-ftrapping-math' '"
 352      6174682D 
 352      6572726E 
 352      6F272027 
 352      2D667369 
 353 0033 2D666E6F 		.ascii	"-fno-trapv' '-fno-openmp' '-fno-openacc' '-mcpu=cor"
 353      2D747261 
 353      70762720 
 353      272D666E 
 353      6F2D6F70 
 354 0066 7465782D 		.ascii	"tex-m4' '-mno-thumb-interwork' '-mthumb' '-ggdb' '-"
 354      6D342720 
 354      272D6D6E 
 354      6F2D7468 
 354      756D622D 
 355 0099 4F322720 		.ascii	"O2' '-w' '-fomit-frame-pointer' '-falign-functions="
 355      272D7727 
 355      20272D66 
 355      6F6D6974 
 355      2D667261 
 356 00cc 31362720 		.ascii	"16' '-ffunction-sections' '-fdata-sections' '-fno-c"
 356      272D6666 
 356      756E6374 
 356      696F6E2D 
 356      73656374 
 357 00ff 6F6D6D6F 		.ascii	"ommon' '-flto'\000"
 357      6E272027 
 357      2D666C74 
 357      6F2700
 358              		.text
 359              		.comm	__gnu_lto_v1,1,1
 360              		.comm	__gnu_lto_slim,1,1
 361              		.ident	"GCC: (GNU Tools for ARM Embedded Processors 6-2017-q1-update) 6.3.1 20170215 (release) [AR
ARM GAS  /tmp/cceX57QE.s 			page 27


DEFINED SYMBOLS
                            *ABS*:0000000000000000 hal_lld.c
                            *COM*:0000000000000001 __gnu_lto_v1
                            *COM*:0000000000000001 __gnu_lto_slim

NO UNDEFINED SYMBOLS
