ARM GAS  /tmp/cchIg6b4.s 			page 1


   1              		.cpu cortex-m4
   2              		.eabi_attribute 20, 1
   3              		.eabi_attribute 21, 1
   4              		.eabi_attribute 23, 3
   5              		.eabi_attribute 24, 1
   6              		.eabi_attribute 25, 1
   7              		.eabi_attribute 26, 1
   8              		.eabi_attribute 30, 2
   9              		.eabi_attribute 34, 1
  10              		.eabi_attribute 18, 4
  11              		.file	"nvic.c"
  12              		.text
  13              	.Ltext0:
  14              		.section	.gnu.lto_.profile.52e9ffa8be480367,"",%progbits
  15 0000 789C6365 		.ascii	"x\234ce`b`a```dP\227\002\000\000\350\000N"
  15      60626061 
  15      60606064 
  15      50970200 
  15      00E8004E 
  16              		.text
  17              		.section	.gnu.lto_.icf.52e9ffa8be480367,"",%progbits
  18 0000 789C6365 		.ascii	"x\234ce`bP`@\000V\206\027\337\372'q3~\336ur'\033\323"
  18      60625060 
  18      40005686 
  18      17DFFA27 
  18      71337EDE 
  19 0019 975317DF 		.ascii	"\227S\027\337s1\317<\262\263\237\213\245\343\336\217"
  19      7331CF3C 
  19      B2B39F8B 
  19      A5E3DE8F 
  20 0029 16260600 		.ascii	"\026&\006\000\013\032\017\221"
  20      0B1A0F91 
  21              		.text
  22              		.section	.gnu.lto_.jmpfuncs.52e9ffa8be480367,"",%progbits
  23 0000 789C6365 		.ascii	"x\234ce`b\260`@\000\026\006&FF\346\372zF \250g\202\260"
  23      6062B060 
  23      40001606 
  23      264646E6 
  23      FA7A4620 
  24 0018 9918A733 		.ascii	"\231\030\247336\377\332\377\231\257\376o\203\304|f\206"
  24      3336FFDA 
  24      FF99AFFE 
  24      6F83C47C 
  24      6686
  25 002a C5CC4095 		.ascii	"\305\314@\225\214\313\031\353\031\030Y\030X@*\031\000"
  25      8CCB19EB 
  25      19185918 
  25      58402A19 
  25      00
  26 003b 52EF0BBD 		.ascii	"R\357\013\275"
  27              		.text
  28              		.section	.gnu.lto_.inline.52e9ffa8be480367,"",%progbits
  29 0000 789C458E 		.ascii	"x\234E\216\301\015\3020\014E\377wL\222\266\007\030\000"
  29      C10DC230 
  29      0C45FF77 
  29      4C92B607 
  29      1800
ARM GAS  /tmp/cchIg6b4.s 			page 2


  30 0012 A99980B5 		.ascii	"\251\231\200\265`\032\256\034\351\215\0018\263\002b"
  30      601AAE1C 
  30      E98D0138 
  30      B30262
  31 0021 148E485C 		.ascii	"\024\216H\\\370I\241X\262-\313\337\357{\005\303\025"
  31      F849A158 
  31      B22DCBDF 
  31      EF7B05C3 
  31      15
  32 0032 FF70A0EF 		.ascii	"\377p\240\357h,\324P\213\307\347\016q\032\015\366X;"
  32      682CD450 
  32      8BC7E70E 
  32      711A0DF6 
  32      583B
  33 0044 34656D32 		.ascii	"4em2\210\234\310&\011>\215\263D[o\020C\327\323Q\016"
  33      889CC826 
  33      093E8DB3 
  33      445B6F10 
  33      43D7D351 
  34 0059 A7C0F7EB 		.ascii	"\247\300\367\353~K\307p\016\344\300\013\267\342\356"
  34      7E4BC770 
  34      0EE4C00B 
  34      B7E2EE
  35 0068 BF5DC7CD 		.ascii	"\277]\307\315\311\305\236\011Bm\252S\251\317\330 \024"
  35      C9C59E09 
  35      426DAA53 
  35      A9CFD820 
  35      14
  36 0079 9529FEAC 		.ascii	"\225)\376\254\026\341b\205\017a\215\026\377"
  36      16E16285 
  36      0F618D16 
  36      FF
  37              		.text
  38              		.section	.gnu.lto_.pureconst.52e9ffa8be480367,"",%progbits
  39 0000 789C6365 		.ascii	"x\234ce`b\340d```a\220b\224b\222b\221\002\000\002\323"
  39      6062E064 
  39      60606061 
  39      90629462 
  39      92629102 
  40 0017 0084     		.ascii	"\000\204"
  41              		.text
  42              		.section	.gnu.lto_nvicEnableVector.52e9ffa8be480367,"",%progbits
  43 0000 789C9D53 		.ascii	"x\234\235S\317k\023Q\020~\337N\222M\332$\236\305`{\020"
  43      CF6B1351 
  43      107EDF4E 
  43      924DDA24 
  43      9EC5607B 
  44 0015 4310B2F4 		.ascii	"C\020\262\364OP\301[/\376\007\222\213\005\233\224V\212"
  44      4F50C15B 
  44      2FFE0792 
  44      8B059B94 
  44      568A
  45 0027 B7BE2435 		.ascii	"\267\276$5\301(Z\264I\254\0306B\265ik\233\246Vm\252"
  45      C1285AB4 
  45      49AC1836 
  45      42B5696B 
  45      9BA6566D 
ARM GAS  /tmp/cchIg6b4.s 			page 3


  46 003c 420805C9 		.ascii	"B\010\005\311\241\212\342M\360`D\311!R\203\007\017M"
  46      A18AE24D 
  46      F06044C9 
  46      21528307 
  46      0F4D
  47 004e 75DE6E40 		.ascii	"u\336n@A=\350\203\367cf\276of\276\367v\235B\023'H\010"
  47      413DE883 
  47      F76366BE 
  47      6F66BEF7 
  47      769D4213 
  48 0065 43087188 		.ascii	"C\010q\210'H@\233y!D\334\255\001\352 \335\020S\032\246"
  48      2748409B 
  48      792144DC 
  48      AD01EA20 
  48      DD10531A 
  49 007a 708DF284 		.ascii	"p\215\362\204z\372cU\013-H\036\265|\347\240,\325`2}"
  49      7AFA6355 
  49      0B2D481E 
  49      B57CE7A0 
  49      2CD56032 
  50 008f 8EA71A58 		.ascii	"\216\247\032X@\210Q\257\246\327n\323U2\011p\260\371"
  50      408851AF 
  50      A6D76ED3 
  50      55320970 
  50      B0F9
  51 00a1 65E756D3 		.ascii	"e\347V\323\257L\015\203lv\345l\316O!\010>\317\325\263"
  51      AF4C0D83 
  51      6C76E56C 
  51      CE4F2108 
  51      3ECFD5B3 
  52 00b5 6F7DC1BB 		.ascii	"o}\301\273R&dm{\226\344\021\223\010K N\210E\004PB@\260"
  52      5226646D 
  52      7B96E411 
  52      93084B20 
  52      4E884504 
  53 00cd 4B601941 		.ascii	"K`\031A\206/'>\265\211\216Y\324K\215nS\357Q?d{\324\373"
  53      862F273E 
  53      B5898E59 
  53      D44B8D6E 
  53      53EF513F 
  54 00e5 7FA0AE20 		.ascii	"\177\240\256 \250\360\357+\373Y\237\313a\367\212U\270"
  54      A8F0EF2B 
  54      FB599FCB 
  54      61F78A55 
  54      B8
  55 00f6 C07BF935 		.ascii	"\300{\3715jr\377{Z\326\336\334C\376\224\027Pp\215\211"
  55      6A72FF7B 
  55      5AD6DEDC 
  55      43FE9417 
  55      50708D89 
  56 010a 0E528B13 		.ascii	"\016R\213\023\252\262\316G\247[-\036^\\Bd8\207\272\234"
  56      AAB2CE47 
  56      A75B2D1E 
  56      5E5C4264 
  56      3887BA9C 
  57 011e CBA4A99D 		.ascii	"\313\244\251\235ZHt\322\335r\237J[ \255@\020-$wS\260"
  57      5A4874D2 
ARM GAS  /tmp/cchIg6b4.s 			page 4


  57      DD729F4A 
  57      5B20AD40 
  57      102D2477 
  58 0134 1DC4BE5F 		.ascii	"\035\304\276_\257\305\005\007\312\334^\013\365\\c@a"
  58      AFC50507 
  58      CADC5E0B 
  58      F55C6340 
  58      61
  59 0145 389ABB58 		.ascii	"8\232\273X\177\251\253\250n\311\333\270\363\371\233"
  59      7FA9ABA8 
  59      6EC9DBB8 
  59      F3F99B
  60 0154 D736653D 		.ascii	"\3276e=)\375\354\272\336\356l\372M\024\342|\373\305"
  60      29FDECBA 
  60      DEEE6CFA 
  60      4D14E27C 
  60      FBC5
  61 0166 C326B951 		.ascii	"\303&\271Qa\235k\234H\021v\336\255\317\0340V\344t\\"
  61      619D6B9C 
  61      481176DE 
  61      ADCF1C30 
  61      56E4745C 
  62 017a 0E9AE4C1 		.ascii	"\016\232\344\301:L\334\264\336Ee[\372Z\242\241\262\012"
  62      3A4CDCB4 
  62      DE45655B 
  62      FA5AA2A1 
  62      B20A
  63 018c 16A326F5 		.ascii	"\026\243&\365\341\001\214\0029\2557\333\300\020\267"
  63      E1018C02 
  63      39AD37DB 
  63      C010B7
  64 019b A81AEEA4 		.ascii	"\250\032\356\244\012\225b\257g\235\303Ll\314o\355y\355"
  64      0A9562AF 
  64      679DC34C 
  64      6CCC6FED 
  64      79ED
  65 01ad 9E9D7868 		.ascii	"\236\235xh\365\234\334K-zl\220\333\006\335\230_\255"
  65      F59CDC4B 
  65      2D7A6C90 
  65      DB06DD98 
  65      5FAD
  66 01bf FA14C889 		.ascii	"\372\024\310\211\001<\262A\273\251\206n\203<\252\376"
  66      013CB241 
  66      BBA9866E 
  66      833CAAFE 
  67 01cf F6F394DB 		.ascii	"\366\363\224\333N\003<F\200\251\266z\243\247\376_\264"
  67      4E033C46 
  67      80A9B67A 
  67      A3A7FE5F 
  67      B4
  68 01e0 F563D3D2 		.ascii	"\365c\323\322\206\337\265M\232\344EUi\323-m[J\233\307"
  68      86DFB54D 
  68      9AE44555 
  68      69D32D6D 
  68      5B4A9BC7 
  69 01f4 2AD5CA34 		.ascii	"*\325\3124\373\377\253\330\023\253\230\366\227bO\177"
  69      FBFFABD8 
ARM GAS  /tmp/cchIg6b4.s 			page 5


  69      13AB98F6 
  69      97624F7F 
  70 0204 167B6617 		.ascii	"\026{f\027k#Q,_\261\256\321\372)2\334(\177$\234\340"
  70      6B23512C 
  70      5FB1AED1 
  70      FA2932DC 
  70      287F249C 
  71 0219 68386C18 		.ascii	"h8l\030\261\011\343\354\231s\306Xl\374\374\204\021\211"
  71      B109E3EC 
  71      9973C658 
  71      6CFCFC84 
  71      1189
  72 022b 8D8EC6A2 		.ascii	"\215\216\306\242\306\361\323\303'\207/\030\321\311\221"
  72      C6F1D3C3 
  72      27872F18 
  72      D1C991
  73 023a 48382210 		.ascii	"H8\"\020u\214\215\217\304~\000\310_\025\001"
  73      758C8D8F 
  73      C47E00C8 
  73      5F1501
  74              		.text
  75              		.section	.gnu.lto_nvicDisableVector.52e9ffa8be480367,"",%progbits
  76 0000 789C9592 		.ascii	"x\234\225\222MkSQ\020\206\347=s\223\334\332&\335\012"
  76      4D6B5351 
  76      1086E73D 
  76      7393DCDA 
  76      26DD0A
  77 0013 06ED422C 		.ascii	"\006\355B,q\221C~\202\010\356\272\361\037H\020\024l"
  77      7191437E 
  77      8208EEBA 
  77      F11F4810 
  77      146C
  78 0025 22568ABB 		.ascii	"\"V\212\273\236\364\343\026*j\3216\265b\270\021\"M["
  78      9EF4E316 
  78      2A6AD136 
  78      B562B811 
  78      224D5B
  79 0038 DBF4236A 		.ascii	"\333\364#j\353*\004A\002FQp%\270\260\"\272\250h\351"
  79      EB2A0441 
  79      02465170 
  79      25B8B022 
  79      BAA868E9 
  80 004c C245ADCE 		.ascii	"\302E\255\316\271\267\013\301\225\007\316\307\234\373"
  80      B9B70BC1 
  80      9507CEC7 
  80      9CFB
  81 005a CCBC3373 		.ascii	"\314\2743sn\204\024\235WD'\211\350\210L0AM\276\"*\270"
  81      6E84149D 
  81      57442789 
  81      E8884C30 
  81      414DBE22 
  82 0070 0AB007E3 		.ascii	"\012\260\007\343\202\206\024\206p\213g\030\315\361\317"
  82      82861486 
  82      708B6718 
  82      CDF1CF
  83 007f 9B2A3567 		.ascii	"\233*5gd4f\352Q\317\214\035\366\231hV\246\035\230CJ"
  83      643466EA 
ARM GAS  /tmp/cchIg6b4.s 			page 6


  83      51CF8C1D 
  83      F6996856 
  83      A61D9843 
  84 0094 A837A32B 		.ascii	"\2507\243+\367\371&\373\0148b\376h\337\333JXS\241G\314"
  84      F7F926FB 
  84      0C3862FE 
  84      68DFDB4A 
  84      5853A147 
  85 00a9 5F66AA98 		.ascii	"_f\252\230\340\024H\316\263\315\351\367\361\336\207"
  85      E01448CE 
  85      B3CDE9F7 
  85      F1DE87
  86 00b8 C60C9BC6 		.ascii	"\306\014\233\306\313)6\307}f,\200% \346\221D\025I\222"
  86      CB2936C7 
  86      7D662C80 
  86      2520E691 
  86      44154992 
  87 00cc 2BC2227A 		.ascii	"+\302\"z-\377qu\177:\036uBA<B\024\262\327\336\242a\366"
  87      2DFF7175 
  87      7F3A1E75 
  87      42413C42 
  87      14B2D7DE 
  88 00e3 7F8F9BC6 		.ascii	"\177\217\233\306\247\012\336\235q\001\213+qt\330.\216"
  88      A70ADE9D 
  88      71018B2B 
  88      7174D82E 
  88      8E
  89 00f4 2C11A209 		.ascii	",\021\242\011\361\261\025]gew\376\212\221\035\257\275"
  89      F1B1155D 
  89      676577FE 
  89      8A911DAF 
  89      BD
  90 0105 5E868D53 		.ascii	"^\206\215SbUb\210B\253\362l\257\313&\033A\004K\"/\330"
  90      62556288 
  90      42ABF26C 
  90      AFCB261B 
  90      41044B22 
  91 011b 9E37DF11 		.ascii	"\2367\337\021B\034Bw*\313\233q\01398\206\345\020\372"
  91      421C4277 
  91      2ACB9B71 
  91      0B393886 
  91      E510FA
  92 012e EEB56221 		.ascii	"\356\265b!dk\256?\177\341\271a\030\240\206\244\270\012"
  92      646BAE3F 
  92      7FE1B961 
  92      18A086A4 
  92      B80A
  93 0140 D42CB6B4 		.ascii	"\324,\266\264e\004(\2165_\307,\020\015\032Q\177\360"
  93      6504288E 
  93      355FC72C 
  93      100D1A51 
  93      7FF0
  94 0152 ED675768 		.ascii	"\355gWh\232\346\210I\310\325\355\355\235\215\204\217"
  94      9AE68849 
  94      C8D5EDED 
  94      9D8D848F 
  95 0162 52419A5D 		.ascii	"RA\232]>\352s\014\253\322\221\025Q\263\016\355\017k"
ARM GAS  /tmp/cchIg6b4.s 			page 7


  95      3EEA730C 
  95      ABD29115 
  95      51B30EED 
  95      0F6B
  96 0174 93DD7AC9 		.ascii	"\223\335z\311\214\026L\217\317.\326\340\343n\360\014"
  96      8C164C8F 
  96      CF2ED6E0 
  96      E36EF00C 
  97 0184 36DAC26E 		.ascii	"6\332\302n\22535\373\261<\350s\007\326\241\245\302\340"
  97      953335FB 
  97      B13CE873 
  97      07D6A1A5 
  97      C2E0
  98 0196 89EAC848 		.ascii	"\211\352\310H\2126\231\335/\325\255\330A:\377#v\010"
  98      8A3699DD 
  98      2FD5ADD8 
  98      413AFF23 
  98      7608
  99 01a8 8F0331FC 		.ascii	"\217\0031\374+\226\363\271\023O\254\030\002\261\247"
  99      2B96F3B9 
  99      134FAC18 
  99      02B1A7
 100 01b7 C8FC5D6B 		.ascii	"\310\374]k'\010\033\022s\033\303\345\305\033A\343\203"
 100      27081B12 
 100      731BC3E5 
 100      C51B41E3 
 100      83
 101 01c8 FF664270 		.ascii	"\377fBpy\022I\360D:\255u~@_8wI_\316_\271:\240\263\371"
 101      791249F0 
 101      443AAD75 
 101      7E405F38 
 101      77495FCE 
 102 01e2 FEFE7C4E 		.ascii	"\376\376|N\237:\333w\272\357\232\316\015^\314\246\263"
 102      9F3ADB77 
 102      BAEF9ACE 
 102      0D5ECCA6 
 102      B3
 103 01f3 84DC1FF2 		.ascii	"\204\334\037\362\276\320$"
 103      BED024
 104              		.text
 105              		.section	.gnu.lto_nvicSetSystemHandlerPriority.52e9ffa8be480367,"",%progbits
 106 0000 789C6D92 		.ascii	"x\234m\222\317KTQ\024\307\357\367\2357\357\275\361\027"
 106      CF4B5451 
 106      14C7EFF7 
 106      9D37EFBD 
 106      F117
 107 0012 2D254466 		.ascii	"-%Df\021\211\213|\010\365\007\204k7\375\007b\201\222"
 107      11898B7C 
 107      08F50784 
 107      6B37FD07 
 107      628192
 108 0025 CE8846B4 		.ascii	"\316\210F\264\233;?TR\260\250t\324\032\336\200\204\245"
 108      9B3B3F54 
 108      52B0A874 
 108      D41ADE80 
 108      84A5
 109 0037 F9B39F63 		.ascii	"\371\263\237cVb\233f\241Q\213\010[\225\242L)T\272\210"
ARM GAS  /tmp/cchIg6b4.s 			page 8


 109      56629B66 
 109      A1518B08 
 109      5B95A24C 
 109      2954BA88 
 110 004b 42ED9C37 		.ascii	"B\355\2347\023\270\350\362\356\273\367\234{~|\316\271"
 110      13B8E8F2 
 110      EEBBF79C 
 110      7B7E7CCE 
 110      B9
 111 005c 37A00C35 		.ascii	"7\240\0145a(uF)u\232'\002\012\306\365U\245b\216a\320"
 111      61287546 
 111      29759A27 
 111      020AC6F5 
 111      55A5628E 
 112 0072 42B5D225 		.ascii	"B\265\322%\346\007W\3512\202YP\233\200l\264\003\025"
 112      E60757E9 
 112      32825950 
 112      9B806CB4 
 112      0315
 113 0084 35C84414 		.ascii	"5\310D\024\327(EX\356\335\314\032\265\343\232\307Rj"
 113      D7284558 
 113      EEDDCC1A 
 113      B5E39AC7 
 113      526A
 114 0096 CFEAD1DD 		.ascii	"\317\352\321\335\225\036)5\302S\006\306Q\313V\357\222"
 114      951E2935 
 114      C25306C6 
 114      51CB56EF 
 114      92
 115 00a7 B3776880 		.ascii	"\263wh\200<\002L\026\177\254\214\256W\210h \304b\342"
 115      3C024C16 
 115      7FAC8CAE 
 115      57886820 
 115      C462E2
 116 00ba E6CB4587 		.ascii	"\346\313E\207j\241x\277\243s1\253\346\256\326q\275\264"
 116      6AA178BF 
 116      A37331AB 
 116      E6AED671 
 116      BDB4
 117 00cc 3148FA84 		.ascii	"1H\372\204G\204\011\020\007\304}T\341\036\252\024\253"
 117      47840910 
 117      07C47D54 
 117      E11EAA14 
 117      AB
 118 00dd 142651C3 		.ascii	"\024&Q\303\346\223\361\255\035\242z\337\365jn\177\335"
 118      E693F1AD 
 118      1DA27ADF 
 118      F56A6E7F 
 118      DD
 119 00ee 2EBAEEA5 		.ascii	".\272\356\245\212\256\017\376\343:\205\032\261\3772"
 119      8AAE0FFE 
 119      E33A851A 
 119      B1FF32
 120 00fd 7730586E 		.ascii	"w0Xn\231c\377p1\015\013\274\260b\346=\226\364\301a/"
 120      9963FF70 
 120      310D0BBC 
 120      B062E63D 
ARM GAS  /tmp/cchIg6b4.s 			page 9


 120      96F4C161 
 121 0112 3354AEED 		.ascii	"3T\256\355:A\003\222/\000q\2658\210i\313O\251>\366\223"
 121      3A410392 
 121      2F0071B5 
 121      388869CB 
 121      4FA93EF6 
 122 0127 AEF49321 		.ascii	"\256\364\223!+m \371\361\365\346mKB\245\311\340$\177"
 122      2B6D20F9 
 122      F1F5E66D 
 122      4B42A5C9 
 122      E0247F
 123 013a 7EADBEB0 		.ascii	"~\255\276\260\245TB)f\230@F?S,T\3237$Cb)0\331\354\366"
 123      A5544229 
 123      66984046 
 123      3F532C54 
 123      D3372443 
 124 0154 273BBAAF 		.ascii	"';\272\257\035\217\002#$\030\263\210\312\301P\367\362"
 124      1D8F0223 
 124      2418B388 
 124      CAC150F7 
 124      F2
 125 0165 5B3F80E5 		.ascii	"[?\200\345\027\231\370\375j\267\202\355\270\313\226"
 125      1799F8FD 
 125      6AB782ED 
 125      B8CB96
 126 0174 908B2E37 		.ascii	"\220\213.7:y\321C:v\314#\033\363|3s\222\207\017\016"
 126      3A79D143 
 126      3A76CC23 
 126      1BF37C33 
 126      7392870F 
 127 0189 BFCE4F07 		.ascii	"\277\316O\007\331xX\353\220\004x\010\017~B<B\324#\307"
 127      D97858EB 
 127      90047808 
 127      0F7E423C 
 127      42D423C7 
 128 019d 47317DF2 		.ascii	"G1}\362<\342?{W\262\213(\240\363\027Py$\276\367\024"
 128      3CE23F7B 
 128      57B28B28 
 128      A0F31750 
 128      7924BEF7 
 129 01b2 1536EB8E 		.ascii	"\0256\353\216^d\020&\036s\232<\226\207r\247\304\346"
 129      5E641026 
 129      1E739A3C 
 129      968772A7 
 129      C4E6
 130 01c4 286B89CF 		.ascii	"(k\211\317\032\313.\336\012\024D\275\226\320\025\342"
 130      1ACB2EDE 
 130      0A1444BD 
 130      96D015E2 
 131 01d4 3F1CFFEC 		.ascii	"?\034\377\354\010+\277\227\314q\217J\361\224o\346I\221"
 131      082BBF97 
 131      CC718F4A 
 131      F1946FE6 
 131      4991
 132 01e6 777BF0CD 		.ascii	"w{\360\315D\211;\245\2231\341-\3033\346\035\366_\022"
 132      44893BA5 
 132      9331E12D 
ARM GAS  /tmp/cchIg6b4.s 			page 10


 132      C333E61D 
 132      F65F12
 133 01f9 1F8EDD48 		.ascii	"\037\216\335H7\324\317\310Y&\354Q9\262p\271\305\376"
 133      37D4CFC8 
 133      5926EC51 
 133      39B270B9 
 133      C5FE
 134 020b 235B403D 		.ascii	"#[@=\023\252\035\3043\317\007\012\025\312\350\343>r"
 134      13AA1DC4 
 134      33CF070A 
 134      15CAE8E3 
 134      3E72
 135 021d 6D6C73B2 		.ascii	"mls\262\256\316u#]nKS\233\333\021\351\274\324\3456G"
 135      AECE7523 
 135      5D6E4B53 
 135      9BDB11E9 
 135      BCD4E536 
 136 0232 DADB2361 		.ascii	"\332\333#a\367\354\271\306\206\306+n\370rks]\263\262"
 136      F7ECB9C6 
 136      86C62B6E 
 136      F8726B73 
 136      5DB3B2
 137 0245 5B9AC2E7 		.ascii	"[\232\302\347\333.t\232\035\235\255\221\277\343G\353"
 137      DB2E749A 
 137      1D9DAD91 
 137      BFE347EB 
 138 0255 20       		.ascii	" "
 139              		.text
 140              		.section	.gnu.lto___func__.7677.52e9ffa8be480367,"",%progbits
 141 0000 789C6365 		.ascii	"x\234ce`b\020e``\220g\200\200\351\314\214\037\036\317"
 141      60621065 
 141      60609067 
 141      8080E9CC 
 141      8C1F1ECF 
 142 0014 B9CCA4C8 		.ascii	"\271\314\244\3104\277\201c>3\003\003\343rFE\006\331"
 142      34BF8163 
 142      3E330303 
 142      E3724645 
 142      06D9
 143 0026 BCB2CCE4 		.ascii	"\274\262\314\344\340\324\222\340\312\342\222\324\\\217"
 143      E0D492E0 
 143      CAE292D4 
 143      5C8F
 144 0034 C4BC949C 		.ascii	"\304\274\224\234\324\242\200\242\314\374\242\314\222"
 144      D4A280A2 
 144      CCFCA2CC 
 144      92
 145 0041 4A0600E6 		.ascii	"J\006\000\346\254\022o"
 145      AC126F
 146              		.text
 147              		.section	.gnu.lto_nvicClearPending.52e9ffa8be480367,"",%progbits
 148 0000 789C2D51 		.ascii	"x\234-Q\317OSA\020\236o\347\275\266$\264^Ml\224\203"
 148      CF4F5341 
 148      109E6FE7 
 148      BDB624B4 
 148      5E4D6C94 
 149 0015 9154936E 		.ascii	"\221T\223n\370\023\214\007O\\\374\017H/\232Hk\304\020"
ARM GAS  /tmp/cchIg6b4.s 			page 11


 149      F8138C07 
 149      4F5CFC0F 
 149      482F9A48 
 149      6BC410
 150 0028 6F6C0BB4 		.ascii	"ol\013\264\021\023!\012E\210\315\253\261\206\037\012"
 150      1113210A 
 150      4588CDAB 
 150      B1861F0A 
 151 0038 05F42078 		.ascii	"\005\364 xi^\274p@\203W\215\007ML<@\264\361\340\001"
 151      695EBC70 
 151      4083578D 
 151      074D4C3C 
 151      40B4F1E0 
 152 004d D099F7DC 		.ascii	"\320\231\367\334dwg\276\375\346\233\331\031\237\014"
 152      647767BE 
 152      FDE69BD9 
 152      199F0C
 153 005c 1D82E822 		.ascii	"\035\202\350\"\021\235\221\015&\230\231\367D\345\224"
 153      119D910D 
 153      269899F7 
 153      44E594
 154 006b 01D47029 		.ascii	"\001\324p)\320\230\301\030\246y\236\021\326\276o\233"
 154      D098C118 
 154      A6799E11 
 154      D6BE6F9B 
 155 007b DC9293D5 		.ascii	"\334\222\223\325\231\337IV\335\344\351\200\211\026d"
 155      99DF4956 
 155      DDE4E980 
 155      891664
 156 008a EBC21272 		.ascii	"\353\302\022r\302\332\237\330x\302\0178`\300\023\367"
 156      C2DA9FD8 
 156      78C20F38 
 156      60C013F7 
 157 009a D7DEE2B7 		.ascii	"\327\336\342\267\214\272\006}\342\036\273\331z\206s"
 157      8CBA067D 
 157      E21EBBD9 
 157      7A8673
 158 00a9 20B117C2 		.ascii	" \261\027\302\271O\351\376\347\316U\\\347\335,\273\363"
 158      B94FE9FE 
 158      E7CE555C 
 158      E7DD2CBB 
 158      F3
 159 00ba 013356C1 		.ascii	"\0013V\301\"\210\025d\261\214,\011Dx\201~\345\177\335"
 159      22881564 
 159      B18C2C09 
 159      4478817E 
 159      E57FDD
 160 00cd 3C994B27 		.ascii	"<\231K'\2748!^\"!\265S\373#:\356\344o\315u>\267\260"
 160      BC38215E 
 160      2221B553 
 160      FB233AEE 
 160      E46FCD75 
 161 00e4 7F350528 		.ascii	"\1775\005(\335H\240\307zxr\370\276ZDS\022\250\337\272"
 161      DD48A0C7 
 161      7A7872F8 
 161      BE5A4453 
 161      12A8DFBA 
ARM GAS  /tmp/cchIg6b4.s 			page 12


 162 00f8 CF466FFE 		.ascii	"\317Fo\376\201\361n\365\370m\023*\326`\323`H\232\335"
 162      81F16EF5 
 162      F86D132A 
 162      D660D360 
 162      489ADD
 163 010b D6CE51AF 		.ascii	"\326\316Q\257V\354\303\307\232\324 \264\243\352\275"
 163      56ECC3C7 
 163      9AD420B4 
 163      A3EABD
 164 011a 9E98C431 		.ascii	"\236\230\3041\351Qk};\255$\017\347\260\036\223~VW\222"
 164      E9516B7D 
 164      3BAD240F 
 164      E7B01E93 
 164      7E565792 
 165 012e 31C9C3A5 		.ascii	"1\311\303\245\254P\005\254tk\377\325}\201\005\010\353"
 165      AC5005AC 
 165      746BFFD5 
 165      7D810508 
 165      EB
 166 013f BB790544 		.ascii	"\273y\005D\243>\031~H\252F\"j\307\353\247\207\177zc"
 166      A33E197E 
 166      48AA4622 
 166      6AC7EBA7 
 166      877F7A63 
 167 0153 D785E32E 		.ascii	"\327\205\343.#\320\303\203\356\233L\200FYZ\336<\033"
 167      23D0C383 
 167      EE9B4C80 
 167      46595ADE 
 167      3C1B
 168 0165 70121BD2 		.ascii	"p\022\033\322\227\266\244\323\200\275/[3\247\354\232"
 168      97B6A4D3 
 168      80BD2F5B 
 168      33A7EC9A 
 169 0175 9B28BBBE 		.ascii	"\233(\273\276\200S\330D\200\307\3210Tm\365\3672\017"
 169      8053D844 
 169      80C7D130 
 169      546DF5F7 
 169      320F
 170 0187 B4F5B139 		.ascii	"\264\365\2619\032p\017\266`\345\213\321\240^a@\352\241"
 170      1A700FB6 
 170      60E58BD1 
 170      A05E6140 
 170      EAA1
 171 0199 03549ACF 		.ascii	"\003T\232\317\246\243\362\242\001N1\264-\302\271\220"
 171      A6A3F2A2 
 171      014E31B4 
 171      2DC2B990 
 172 01a9 CF5B5B1A 		.ascii	"\317[[\032\261\327\207n\332[\245\333wFl\2414<\\*\332"
 172      B1D7876E 
 172      DA5BA5DB 
 172      77466CA1 
 172      343C5C2A 
 173 01be CBD706AF 		.ascii	"\313\327\006\257\014\336\265\305\321\033\205|\201P\374"
 173      0CDEB5C5 
 173      D11B857C 
 173      8150FC
 174 01cd 07F261A7 		.ascii	"\007\362a\247\316"
ARM GAS  /tmp/cchIg6b4.s 			page 13


 174      CE
 175              		.text
 176              		.section	.gnu.lto_.symbol_nodes.52e9ffa8be480367,"",%progbits
 177 0000 789C55CA 		.ascii	"x\234U\312\271\021\2000\020C\321o\0317B\015\024\000"
 177      B9118030 
 177      1043D16F 
 177      1937420D 
 177      1400
 178 0012 F550C46E 		.ascii	"\365P\304n\011\346\352\204\210\230\230\232X\310\254"
 178      09E6EA84 
 178      8898989A 
 178      58C8AC
 179 0021 44334F2A 		.ascii	"D3O*\210\231\210\252\014\352\003Q\227O!\213,\265\262"
 179      889988AA 
 179      0CEA0351 
 179      974F218B 
 179      2CB5B2
 180 0034 CAD44839 		.ascii	"\312\324H9\204\367\220\265\311r3\245]\326\375\002\356"
 180      84F790B5 
 180      C97233A5 
 180      5DD6FD02 
 180      EE
 181 0045 E3F729DC 		.ascii	"\343\367)\334\347\300\013u\233\030\332"
 181      E7C00B75 
 181      9B18DA
 182              		.text
 183              		.section	.gnu.lto_.refs.52e9ffa8be480367,"",%progbits
 184 0000 789C6365 		.ascii	"x\234ce`b`c```dbbfb\000\000\000\315\000\030"
 184      60626063 
 184      60606064 
 184      62626662 
 184      000000CD 
 185              		.text
 186              		.section	.gnu.lto_.decls.52e9ffa8be480367,"",%progbits
 187 0000 789CBD57 		.ascii	"x\234\275WkPTG\026\236\276=\3000 \272H%n\226\244R)\263"
 187      6B505447 
 187      169EBE3D 
 187      C03020BA 
 187      48256E96 
 188 0018 B25BAB83 		.ascii	"\262[\253\203&\033\363oCPW~\230P\203q\367\037Kp\022"
 188      261BF36F 
 188      4350577E 
 188      98508371 
 188      F71F4B70 
 189 002d D9E59105 		.ascii	"\331\345\221\005\334\322\344\307^\004\"bDP|\3600 \210"
 189      DCD2E4C7 
 189      5E042262 
 189      44507CF0 
 189      302088
 190 0040 A8A08020 		.ascii	"\250\240\200 \250\210\001D\336 \242\210 /\021\020\020"
 190      A8880144 
 190      DE20A288 
 190      202F1110 
 190      10
 191 0051 9087CA43 		.ascii	"\220\207\312C\204=\375\270\314\345f\306\312\217\324"
 191      843DFDB8 
 191      CCE566C6 
ARM GAS  /tmp/cchIg6b4.s 			page 14


 191      CA8FD4
 192 0060 DEE2CCE5 		.ascii	"\336\342\314\345t\177}\316\327\347t\237\356k\241\022"
 192      747F7DCE 
 192      D7E7749F 
 192      EE6BA112 
 193 0070 546E6FA9 		.ascii	"Tno\251T\347\005\225\252\013\251T\363\360X\252@\007"
 193      54E70595 
 193      AA0BA954 
 193      F3F058AA 
 193      4007
 194 0082 8126D525 		.ascii	"\201&\325%\220\"\025{,@*@j@\352@n\201\334\005\201a\252"
 194      9022157B 
 194      2C402A40 
 194      6A40EA40 
 194      6E81DC05 
 195 0099 66D5E2E7 		.ascii	"f\325\342\347 4.\201\3676\020{\020\007n\307\021d\025"
 195      20342E81 
 195      F736107B 
 195      10076EC7 
 195      116415
 196 00ac C8E7207F 		.ascii	"\310\347 \177\000\214\023\310(\374\377T\305\014\315"
 196      008C13C8 
 196      28FCFF54 
 196      C50CCD
 197 00bb C30B83BC 		.ascii	"\303\013\203\274\011\377\277\003\342\210\230\375\012"
 197      09FFBF03 
 197      E28898FD 
 197      0A
 198 00c8 D5CF9F63 		.ascii	"\325\317\237c\320ak\302\207\322\276dW\362C\346\3656"
 198      D0616BC2 
 198      87D2BE64 
 198      57F243E6 
 198      F536
 199 00da 623E109F 		.ascii	"b>\020\237\217\362I\200\016;3\374\377\210X\\\362@\356"
 199      8FF24980 
 199      0E3B33FC 
 199      FF88585C 
 199      F240EE
 200 00ed 705FDF41 		.ascii	"p_\337A\333n\220\277!\346\203\330\365B\314W\335k\342"
 200      DB6E90BF 
 200      21E683D8 
 200      F542CC57 
 200      DD6BE2
 201 0100 94C539E4 		.ascii	"\224\3059\344\231\340 =I\000\320\232\231\247\273\211"
 201      99E0203D 
 201      4900D09A 
 201      99A7BB89 
 202 0110 79927FDF 		.ascii	"y\222\177\337\341vo\231\212\033F\267\303\262\023q\024"
 202      E1766F99 
 202      8A1B46B7 
 202      C3B21371 
 202      14
 203 0121 46F65AA4 		.ascii	"F\366Z\244\006u\254.\376\221\035\250\016Z\364.\250\227"
 203      0675AC2E 
 203      FE911DA8 
 203      0E5AF42E 
 203      A897
ARM GAS  /tmp/cchIg6b4.s 			page 15


 204 0133 8B86D7B1 		.ascii	"\213\206\327\261NG\202\3751\276\033i#Dx\242CE\353\315"
 204      4E4782FD 
 204      31BE1B69 
 204      234478A2 
 204      4345EBCD 
 205 0147 A4FD0C72 		.ascii	"\244\375\014rD\351\010\202\201\316!\240\206t\216\350"
 205      44E90882 
 205      81CE21A0 
 205      86748EE8 
 206 0157 2CA8804E 		.ascii	",\250\200N\351\257\253\262`\203\337\006\265\351\360"
 206      E9AFABB2 
 206      6083DF06 
 206      B5E9F0
 207 0166 50146296 		.ascii	"P\024b\226\373\021\321\247\212fl\261\200\000\252\356"
 207      FB11D1A7 
 207      8A666CB1 
 207      8000AAEE 
 208 0176 4A1D7F62 		.ascii	"J\035\177b\211\234\034\021\322\202\234\026\331\243Q"
 208      899C1C11 
 208      D2829C16 
 208      D9A351
 209 0185 A16CA445 		.ascii	"\241l\244E\347\021\226\370\306\213\340|\364\277\244"
 209      E71196F8 
 209      C68BE07C 
 209      F4BFA4
 210 0194 5905FFED 		.ascii	"Y\005\377\355\021GSD\274B\205>pD\316\216*t\0019\321"
 210      11475344 
 210      BC42853E 
 210      7044CE8E 
 210      2A740139 
 211 01a9 2E15CA01 		.ascii	".\025\312\001VY@#^\324\320\026\360wn\362t\232\306>\232"
 211      56594023 
 211      5ED4D016 
 211      F0776EF2 
 211      749AC63E 
 212 01be 9217C577 		.ascii	"\222\027\305w\021\265\235\011\270\014\312\376\"\262"
 212      11B59D09 
 212      B80CCAFE 
 212      22B2
 213 01cc 97E640D0 		.ascii	"\227\346@\320\321u'\023\254\265\334G\304k}\000\372h"
 213      D1752713 
 213      ACB5DC47 
 213      C46B7D00 
 213      FA68
 214 01de 677CBB56 		.ascii	"g|\273Vn;\367u\266\247\262\305\031l\033Il\2630\346!"
 214      6E3BF775 
 214      B6A7B2C5 
 214      196C1B49 
 214      6CB330E6 
 215 01f3 7B591C2F 		.ascii	"{Y\034/!\262\224\351\033\300\355\225g3H~Vi\021\331\221"
 215      21B294E9 
 215      1BC0ED95 
 215      6733487E 
 215      566911D9 
 216 0208 4BA1296B 		.ascii	"K\241)k\350\312\364\022\326D\314uN\237\331\264&S\212"
 216      E8CAF412 
 216      D644CC75 
ARM GAS  /tmp/cchIg6b4.s 			page 16


 216      4E9FD9B4 
 216      26538A
 217 021b 999531B5 		.ascii	"\231\2251\265\215\007\307OY\341e\004$\304U7\227\252"
 217      8D07C74F 
 217      59E16504 
 217      24C45537 
 217      97AA
 218 022d 919396C6 		.ascii	"\221\223\226\306\266\270sbU\314^Q\024P!\360\274\202"
 218      B6B87362 
 218      55CC5E51 
 218      145021F0 
 218      BC82
 219 023f 20CF680D 		.ascii	" \317h\015q\271\2120\214X \246Z`\205\256\302\264\301"
 219      71B98A30 
 219      8C5820A6 
 219      5A6085AE 
 219      C2B4C1
 220 0252 1FC1A102 		.ascii	"\037\301\241\002h\314g\023?{*&\305\022\357E\324G\371"
 220      68CC6713 
 220      3F7B2A26 
 220      C512EF45 
 220      D447F9
 221 0265 F507F7D5 		.ascii	"\365\007\367\325H\353d\322\300u\023\006\030\231\212"
 221      48EB64D2 
 221      C0751306 
 221      18998A
 222 0274 73EF9587 		.ascii	"s\357\225\207\0232E@\346\232\221L!\215\027i\005G\371"
 222      13324540 
 222      E69A914C 
 222      218D1769 
 222      0547F9
 223 0287 07CA8A84 		.ascii	"\007\312\212\204\016\324\206`\033\241et\206\010\261"
 223      0ED48660 
 223      1BA16574 
 223      8608B1
 224 0296 5F4485AA 		.ascii	"_D\205\252\363\322\203\020m\207VA\305\327\277\324\204"
 224      F3D28310 
 224      6D875641 
 224      C5D7BFD4 
 224      84
 225 02a7 A4115C17 		.ascii	"\244\021\\\027\270*p\223\364\217\017F2\213\254\233y"
 225      B82A7093 
 225      F48F0F46 
 225      328BAC9B 
 225      79
 226 02b8 921EB6C5 		.ascii	"\222\036\266\305\330?t\2304\032\011F\007\010\311\007"
 226      D83F7498 
 226      341A0946 
 226      0708C907 
 227 02c8 C80C32DA 		.ascii	"\310\0142\332\274\177\201\237\31289$er,\256\266O\333"
 227      BC7F819F 
 227      CA383924 
 227      65722CAE 
 227      B64FDB
 228 02db 89DA496B 		.ascii	"\211\332Ik\362'\210\266%\334\355N\025\360\030\015=*"
 228      F22788B6 
 228      25DCED4E 
ARM GAS  /tmp/cchIg6b4.s 			page 17


 228      15F0180D 
 228      3D2A
 229 02ed 9DEE5CA6 		.ascii	"\235\356\\\246\026X\264\320\227j\322\024\231V5\203\027"
 229      1658B4D0 
 229      976AD214 
 229      99563583 
 229      17
 230 02fe DA4A116D 		.ascii	"\332J\021m\2749?Y\274\224\355I\201\254\220\321\332\023"
 230      BC393F59 
 230      BC94ED49 
 230      81AC90D1 
 230      DA13
 231 0310 366C4F2E 		.ascii	"6lO.\003\265\346\366x\263\355\212\243t!\205\212\313"
 231      03B5E6F6 
 231      78B3ED8A 
 231      A3742185 
 231      8ACB
 232 0322 04B4ED0D 		.ascii	"\004\264\355\015t\023rUF\327e9Z\001\2777\300\020\365"
 232      74137255 
 232      46D76539 
 232      5A01BF37 
 232      C010F5
 233 0335 3F7B3F64 		.ascii	"?{?d\310\362\275d1\271K,n\256\\\371\370\242(B\026E5"
 233      C8F2BD64 
 233      31B94B2C 
 233      6EAE5CF9 
 233      F8A22842 
 234 034c C1A11263 		.ascii	"\301\241\022c\032K\310\366E\305\250\023\241\237P\007"
 234      1A4BC8F6 
 234      45C5A813 
 234      A19F5007 
 235 035c CCB002BD 		.ascii	"\314\260\002\275G\266\177G\321(\306g\005s\364\313\262"
 235      47B67F47 
 235      D128C667 
 235      0573F4CB 
 235      B2
 236 036d 335ED999 		.ascii	"3^\331\231\345RM\271TI\\\216^\314\232\0238\227\306\337"
 236      E5524DB9 
 236      54495C8E 
 236      5ECC9A13 
 236      3897C6DF 
 237 0381 C689C57B 		.ascii	"\306\211\305{D\262\240\000\205*\215L*\225Lj(\223\234"
 237      44B2A000 
 237      852A8D4C 
 237      2A954C6A 
 237      28939C
 238 0394 A927A118 		.ascii	"\251'\241\030\0272&\247\237\314\\\261\225,\375n\301"
 238      173226A7 
 238      9FCC5CB1 
 238      952CFD6E 
 238      C1
 239 03a5 129953AD 		.ascii	"\022\231S\255\321R\255\322R\035\265T\224~\314\015\337"
 239      D152ADD2 
 239      521DB554 
 239      947ECC0D 
 239      DF
 240 03b6 67860A2F 		.ascii	"g\206\012/\267Nj\270\241\301\267\027Q\2527\032\252W"
ARM GAS  /tmp/cchIg6b4.s 			page 18


 240      B74E6AB8 
 240      A1C1B717 
 240      51AA371A 
 240      AA57
 241 03c8 1ABA450D 		.ascii	"\032\272E\015\025\217\236:\216\361\000\2634:\321vW\220"
 241      158F9E3A 
 241      8EF100B3 
 241      343AD176 
 241      5790
 242 03da 970B525C 		.ascii	"\227\013R\\\214\345\3426+\027\000\034Il\370^K\303\010"
 242      8CE5E236 
 242      2B17001C 
 242      496CF85E 
 242      4BC308
 243 03ed 6D3C8CDF 		.ascii	"m<\214\337\227u%Y\233\015\343\035\032\306F)\214/\217"
 243      97752559 
 243      9B0DE31D 
 243      1AC64629 
 243      8C2F8F
 244 0400 DF0E5D0A 		.ascii	"\337\016]\012\234\273H\211\350\370\270:\273G\214\320"
 244      9CBB4889 
 244      E8F8B83A 
 244      BB478CD0 
 245 0410 52146A30 		.ascii	"R\024j0rn\340\365\030\335\245\\K\362\207\253\005R\241"
 245      726EE0F5 
 245      18DDA55C 
 245      4BF287AB 
 245      0552A1
 246 0423 88859375 		.ascii	"\210\205\223u\023G\2658\221)uO\006\276{?Ul(&\013\304"
 246      1347B538 
 246      9129754F 
 246      06BE7B3F 
 246      556C2826 
 247 0439 39E1B418 		.ascii	"9\341\264\030\021\035\242\241\305\356\036X\203\220\311"
 247      111DA2A1 
 247      C5EE1E58 
 247      8390C9
 248 0448 4A6413B4 		.ascii	"Jd\023\264l\205\275\332\214\336\207\221\231MI\205\266"
 248      6C85BDDA 
 248      8CDE8791 
 248      994D4985 
 248      B6
 249 0459 6C998AE4 		.ascii	"l\231\212\344\340\031+\331\233\307\365Q+\320c\317?*"
 249      E0192BD9 
 249      9BC7F551 
 249      2BD063CF 
 249      3F2A
 250 046b 404C8F76 		.ascii	"@L\217v\000\275\277)=~\011[\307\342Ir\270\234\230\235"
 250      00BDBF29 
 250      3D7E095B 
 250      C7E24972 
 250      B89C989D 
 251 047f 0D53E334 		.ascii	"\015S\3434\306\343\341\275\271\032~\304\205Z\220c,\177"
 251      C6E3E1BD 
 251      B91A7EC4 
 251      855A9063 
 251      2C7F
ARM GAS  /tmp/cchIg6b4.s 			page 19


 252 0491 E0908DD9 		.ascii	"\340\220\215\331c\254C:\306\332Y\211\233xP\222,\253"
 252      63AC433A 
 252      C6DA5989 
 252      9B785092 
 252      2CAB
 253 04a3 ED6ABA46 		.ascii	"\355j\272F\037\000\274\225\302;im\357\220j{OZO\2625"
 253      1F00BC95 
 253      C23B696D 
 253      EF906A7B 
 253      4F5A4FB2 
 254 04b8 676E49E2 		.ascii	"gnI\342\037\323\235j\307\231\023b\0151?\034Vs\246\244"
 254      1FD39D6A 
 254      C7991362 
 254      0D313F1C 
 254      5673A6A4 
 255 04cc 964735C7 		.ascii	"\226G5\307\374\005g1\236\367s\016g\363\003\363)\301"
 255      FC056731 
 255      9EF7730E 
 255      67F303F3 
 255      29C1
 256 04de 8ECDA51D 		.ascii	"\216\315\245\035\2614\313\263W\342\331\303xf\205\367"
 256      B134CBB3 
 256      57E2D9C3 
 256      786685F7 
 257 04ee 9CD5C068 		.ascii	"\234\325\300hG8(\220\354\224pd\247D^\361\304y5\276H"
 257      47382890 
 257      EC947064 
 257      A7445EF1 
 257      C47935BE 
 258 0503 3D09F979 		.ascii	"=\011\371y=\361Z\331i\360\306eQ\\\206\006\0219\232\027"
 258      3DF15AD9 
 258      69F0C665 
 258      515C8606 
 258      11399A17 
 259 0517 F2ECB870 		.ascii	"\362\354\270p\030,>e\007\240\222;\362J\376\030\350\364"
 259      182C3E65 
 259      07A0923B 
 259      F24AFE18 
 259      E8F4
 260 0529 F1A320E9 		.ascii	"\361\243 \351L\331\022|\2159\210;R\222g\267\340\000"
 260      4CD9127C 
 260      8D39883B 
 260      529267B7 
 260      E000
 261 053b 2A7C2EAD 		.ascii	"*|.\255\360\303\340\341\211\321\303 2\343b\310\264\213"
 261      F0C3E0E1 
 261      89D1C320 
 261      32E362C8 
 261      B48B
 262 054d 89DE6B05 		.ascii	"\211\336k\005\226\362c\226\330\353\206\376\2074\"#4"
 262      96F26396 
 262      D8EB86FE 
 262      87342223 
 262      34
 263 055e 15BD522A 		.ascii	"\025\275R*\2223\343\206\254H\370B\177\231\365N1|\320"
 263      9233E386 
 263      AC48F842 
ARM GAS  /tmp/cchIg6b4.s 			page 20


 263      7F99F54E 
 263      317CD0
 264 0571 4A6EFDE9 		.ascii	"Jn\375\351\353\254\347w\306\356\343K2\231\\\234\256"
 264      EBACE777 
 264      C6EEE34B 
 264      32995C9C 
 264      AE
 265 0582 B68F15DB 		.ascii	"\266\217\025\3330\275\213\204\177z\350x\223\206'\332"
 265      30BD8B84 
 265      7F7AE878 
 265      938627DA 
 266 0592 0EF41B13 		.ascii	"\016\364\033\023\211c\266\270\214e\272\364AQ\004\317"
 266      8963B6B8 
 266      8C65BAF4 
 266      415104CF 
 267 05a2 F47A50F7 		.ascii	"\364zP\367\014\346\260\313\206\311D\277\220\022\375"
 267      0CE6B0CB 
 267      86C944BF 
 267      9012FD
 268 05b1 9CF10CEF 		.ascii	"\234\361\014\357;\321&(\027\344\004\300\307)|\222\362"
 268      3BD12628 
 268      17E404C0 
 268      C7297C92 
 268      F2
 269 05c2 7C21F13C 		.ascii	"|!\361<6<\375\026_\217\362\373\235=\273\337]\350\377"
 269      363CFD16 
 269      5F8FF2FB 
 269      9D3DBBDF 
 269      5DE8FF
 270 05d5 2951CB59 		.ascii	")Q\313Y\222\003\341\306\235\204\014+\\\317X>\213\014"
 270      9203E1C6 
 270      9D840C2B 
 270      5CCF583E 
 270      8B0C
 271 05e7 9FE4FB86 		.ascii	"\237\344\373\206l\272\346\223\275SZ\263,_I,g\031\313"
 271      6CBAE693 
 271      BD535AB3 
 271      2C5F492C 
 271      6719CB
 272 05fa C8C49413 		.ascii	"\310\304\224\023\226J\2263\000\237\246\3609\312\362"
 272      964A9633 
 272      009FA6F0 
 272      39CAF2
 273 0609 95C43222 		.ascii	"\225\3042\"3\352\006f\271\372%\027\007\030Q\225\234"
 273      33EA0666 
 273      B9FA2517 
 273      07185195 
 273      9C
 274 061a 1FB7685B 		.ascii	"\037\267h[\316\277\316\376d\376\313\007|\332\311\230"
 274      CEBFCEFE 
 274      64FECB07 
 274      7CDAC998 
 275 062a 44BCB025 		.ascii	"D\274\260%\206\237\203]\362m\353\300\267mH\177\366^"
 275      869F835D 
 275      F26DEBC0 
 275      B76D487F 
 275      F65E
ARM GAS  /tmp/cchIg6b4.s 			page 21


 276 063c 8CEFB038 		.ascii	"\214\357\2608L\034\013\337\247a\3407A\255LH|\307l\030"
 276      4C1C0BDF 
 276      A761E037 
 276      41AD4C48 
 276      7CC76C18 
 277 0650 BE177818 		.ascii	"\276\027x\030\302\005J\363z\375\203\313\326\3120\204"
 277      C2054AF3 
 277      7AFD83CB 
 277      D6CA3084 
 278 0660 0A8E688F 		.ascii	"\012\216h\217@\340{\005{i\020\335\244EciR\365 4{3\272"
 278      40E07B05 
 278      7B6910DD 
 278      A4456369 
 278      52F52034 
 279 0677 53B5B89D 		.ascii	"S\265\270\235\3218W\274\277\222\247#\231\344j>a\364"
 279      D13857BC 
 279      BF92A723 
 279      99E46A3E 
 279      61F4
 280 0689 842DEE66 		.ascii	"\204-\356f\235R\"\355y\"o\015\344\347\010x\210u\276"
 280      9D5222ED 
 280      79226F0D 
 280      E4E70878 
 280      8875BE
 281 069c EA8C8EB6 		.ascii	"\352\214\216\266\342#\311\332\354li\312\261\305c\254"
 281      E223C9DA 
 281      EC6C69CA 
 281      B1C563AC 
 282 06ac 33BFAFAA 		.ascii	"3\277\257\252\\\032I:\367eu\357\267\3003\274t\266?\216"
 282      5C1A493A 
 282      F76575EF 
 282      B7C033BC 
 282      74B63F8E 
 283 06c0 B4C3F34C 		.ascii	"\264\303\363L\251(\337\363O\274OM\377\257y\024\366'"
 283      A928DFF3 
 283      4FBC4F4D 
 283      FFAF7914 
 283      F627
 284 06d2 36288C14 		.ascii	"6(\214\024\350\233\247r\2220\213_2]\376\271%\221\241"
 284      E89BA772 
 284      92308B5F 
 284      325DFEB9 
 284      2591A1
 285 06e5 4B711405 		.ascii	"Kq\024\005/\275\3610=A\203V\362g9\371qZ\231\"\206\205"
 285      2FBDF130 
 285      3D418356 
 285      F26739F9 
 285      715A9922 
 286 06fb 40ED89C4 		.ascii	"@\355\211\304m\347\253E\261\253\030A\201\264G\217\240"
 286      6DE7AB45 
 286      B1AB1841 
 286      81B4478F 
 286      A0
 287 070c 3A2409CB 		.ascii	":$\011\313\027\366\035l&\022\247\265\344k\213\215\030"
 287      17F61D6C 
 287      2612A7B5 
 287      E46B8B8D 
ARM GAS  /tmp/cchIg6b4.s 			page 22


 287      18
 288 071d F7859F30 		.ascii	"\367\205\2370\014\323\264G\007\004\206\226\362\216~"
 288      0CD3B447 
 288      07048696 
 288      F28E7E
 289 072c 10E4E850 		.ascii	"\020\344\350P@\373\305Q4Y\035G9zai\335\227\333&\205"
 289      40FBC551 
 289      34591D47 
 289      397A6169 
 289      DD97DB26 
 290 0741 AA95DB86 		.ascii	"\252\225\333\206\264\240C\034-%\213/,\031zF\206\336"
 290      B4A0431C 
 290      2D258B2F 
 290      2C197A46 
 290      86DE
 291 0753 AF44470A 		.ascii	"\257DG\012\012\336\2152\336\207\225\274u\012p\267\014"
 291      0ADE8D32 
 291      DE8795BC 
 291      750A70B7 
 291      0C
 292 0764 1CA30447 		.ascii	"\034\243\004G+M\227\372\031\321\373\224\350\010#:\206"
 292      2B4D97FA 
 292      19D1FB94 
 292      E808233A 
 292      86
 293 0775 2FC34FD4 		.ascii	"/\303O\324*t\004\210\306\322.\202\206\335\205N\011N"
 293      2A740488 
 293      C6D22E82 
 293      86DD854E 
 293      094E
 294 0787 28515889 		.ascii	"(QX\211\342AN\200\244\202\034\007I\000\371\021$\031"
 294      E2414E80 
 294      A4821C07 
 294      4900F911 
 294      2419
 295 0799 2405240D 		.ascii	"$\005$\015\344\030\310I\2208a%\275\013\260\200T\373"
 295      E418C849 
 295      90386125 
 295      BD0BB080 
 295      54FB
 296 07ab 190312A6 		.ascii	"\031\003\022\246\014H\210\240\010\337 G\303\011\012"
 296      0C4888A0 
 296      08DF2047 
 296      C3090A
 297 07ba F77A8696 		.ascii	"\367z\206\226\316U\324\242L{\243l\216/\221b\216S\312"
 297      CE55D4A2 
 297      4C7BA36C 
 297      8E2F9162 
 297      8E53CA
 298 07cd D40CCA   		.ascii	"\324\014\312"
 299 07d0 527350C9 		.ascii	"RsP\311$\312\310\204\235O\345C\366!\242\210\010J\305"
 299      24CAC884 
 299      9D4FE543 
 299      F621A288 
 299      084AC5
 300 07e3 CF26E3A4 		.ascii	"\317&\343\244:\206\355\017\211b\2453)\254\350\031\367"
 300      3A86ED0F 
ARM GAS  /tmp/cchIg6b4.s 			page 23


 300      8962A533 
 300      29ACE819 
 300      F7
 301 07f4 2C955B34 		.ascii	",\225[4f\364\014\253~\356^g\031\302\227\351\252\027"
 301      66F40CAB 
 301      7EEE5E67 
 301      19C297E9 
 301      AA17
 302 0806 42AE25D5 		.ascii	"B\256%\325\333 \247\345\314\307\334\260\006\276\316"
 302      DB20A7E5 
 302      CCC7DCB0 
 302      06BECE
 303 0815 D019187C 		.ascii	"\320\031\030|ZX8\001\211G\323yA\351\220\216_#5d\263"
 303      5A583801 
 303      8947D379 
 303      41E9908E 
 303      5F233564 
 304 082a 46E58CDB 		.ascii	"F\345\214\333\311o\220gd\273@\205\316\012\354\203\023"
 304      C96F9067 
 304      64BB4085 
 304      CE0AEC83 
 304      13
 305 083b DEA4CC8C 		.ascii	"\336\244\314\214$\306k\344`r\375\223}\345s\3609\012"
 305      24C66BE4 
 305      6072FD93 
 305      7DE573F0 
 305      390A
 306 084d CEACAB68 		.ascii	"\316\254\253h\3435)\202l\373\371\201\226T^\300F\351"
 306      E3352982 
 306      6CFBF981 
 306      96545EC0 
 306      46E9
 307 085f 87CBEC89 		.ascii	"\207\313\354\211\002\256;\310\012\221\003/D\263\373"
 307      02AE3BC8 
 307      0A91032F 
 307      44B3FB
 308 086e 8BE2CCDF 		.ascii	"\213\342\314\337p\262\244Z\232\316J\376tXA\027R\326"
 308      70B2A45A 
 308      9ACE4AFE 
 308      74584117 
 308      52D6
 309 0880 D20B10AF 		.ascii	"\322\013\020\257\3634\241\331\264\226fI\265\364Rc\363"
 309      F334A1D9 
 309      B4966649 
 309      B5F45263 
 309      F3
 310 0891 0B6B5CCA 		.ascii	"\013k\\\312\312U\362\\L\212\215t\276D\374\222\363e_"
 310      CA55F25C 
 310      4C8A8D74 
 310      BE44FC92 
 310      F3655F
 311 08a4 53DBC545 		.ascii	"S\333\305E\316.\012\257qv\247\357d\030\277\0154\250"
 311      CE2E0AAF 
 311      7176A7EF 
 311      6418BF0D 
 311      34A8
 312 08b6 641F56F6 		.ascii	"d\037V\366\354\303J\252\261\016\274\306\026\2267V!\\"
ARM GAS  /tmp/cchIg6b4.s 			page 24


 312      ECC34AAA 
 312      B10EBCC6 
 312      16963756 
 312      215C
 313 08c8 C1B8958E 		.ascii	"\301\270\225\216g\247\363\261\244\346G\304\2157,5\033"
 313      67A7F3B1 
 313      A4E647C4 
 313      8D372C35 
 313      1B
 314 08d9 932B524C 		.ascii	"\223+RL.\263\363\245e\352f\253\2052&\371@\363\022\245"
 314      2EB3F3A5 
 314      65EA66AB 
 314      853226F9 
 314      40F312A5 
 315 08ed 7995D2BC 		.ascii	"y\225\322\274\"\321\354\310\215\353\263RN\312,z\377"
 315      22D1ECC8 
 315      8DEBB352 
 315      4ECA2C7A 
 315      FF
 316 08fe CD4BE53C 		.ascii	"\315K\345<\271\225D\357\233\313\255\266\302\265\214"
 316      B99544EF 
 316      9BCBADB6 
 316      C2B58C
 317 090d F5E14353 		.ascii	"\365\341CS\325\032\334\300\224\202\221\214\202%\014"
 317      D51ADCC0 
 317      9482918C 
 317      82250C
 318 091c 594CF4F8 		.ascii	"YL\364\370\302g\325\374~\243\221u;\360\356\211\214\321"
 318      C267D5FC 
 318      7EA39175 
 318      3BF0EE89 
 318      8CD1
 319 092e 344B7C97 		.ascii	"4K|\227\215\215\314\277\323\2416;\337\033\322|\235\351"
 319      8D8DCCBF 
 319      D3A1363B 
 319      DF1BD27C 
 319      9DE9
 320 0940 748F141D 		.ascii	"t\217\024\035\271d\247\234n\011L\240\230N\240\214N\340"
 320      B964A79C 
 320      6E094CA0 
 320      984EA08C 
 320      4EE0
 321 0952 8634810B 		.ascii	"\2064\201\013\317'\256j\225\3235\213>\323\227\030\305"
 321      CF27AE6A 
 321      95D3358B 
 321      3ED39718 
 321      C5
 322 0963 F3F031A8 		.ascii	"\363\3601\250\307\247O\016.\301\367\031\311\341\221"
 322      C7A74F0E 
 322      2EC1F719 
 322      C9E191
 323 0972 D92C3BDC 		.ascii	"\331,;\334\316\224\302\202k\345|v\316\240fd\226\324"
 323      CE94C282 
 323      6BE57C76 
 323      CEA06664 
 323      96D4
 324 0984 DBE06ED6 		.ascii	"\333\340n\3267\033\235\224k\215\373\231\2220\321>\300"
ARM GAS  /tmp/cchIg6b4.s 			page 25


 324      371B9D94 
 324      6B8DFB99 
 324      9230D13E 
 324      C0
 325 0995 57BF1349 		.ascii	"W\277\023It\352\217\207\254\3610\353\233\217\216\210"
 325      74EA8F87 
 325      ACF130EB 
 325      9B8F8E88 
 326 09a5 B3C2E34C 		.ascii	"\263\302\343L\211\255\217M\265\301\223L\031\011\353"
 326      89AD8F4D 
 326      B5C1934C 
 326      1909EB
 327 09b4 EDE26B67 		.ascii	"\355\342kg\005\371(\353\217m\341\337:\266\262\233\213"
 327      05F928EB 
 327      8F6DE1DF 
 327      3AB6B29B 
 327      8B
 328 09c5 03BFB95C 		.ascii	"\003\277\271\\x\021u\314\006\277bC\233[\302\256p\254"
 328      781175CC 
 328      06BF6243 
 328      9B5BC2AE 
 328      70AC
 329 09d7 0DA8D135 		.ascii	"\015\250\3215\235\1777\033\331&)\262w\331J\252\256\254"
 329      9D7F371B 
 329      D92629B2 
 329      77D94AAA 
 329      AEAC
 330 09e9 3DA0565E 		.ascii	"=\240V^\256\033!X\267i\260\356\321`5I\301J\215\013\235"
 330      AE1B2158 
 330      B769B0EE 
 330      D1603549 
 330      C14A8D0B 
 331 09fe B1505E96 		.ascii	"\261P^\226\315\242\213\032\333>\301!\026\224\343\363"
 331      CDA28B1A 
 331      DB3EC121 
 331      1694E3F3 
 332 0a0e FAB68708 		.ascii	"\372\266\207\010\2073%\254\246*\335\012\357c\312\320"
 332      873325AC 
 332      A62ADD0A 
 332      EF63CAD0 
 333 0a1e D9BA4A4B 		.ascii	"\331\272JK|\220)=}3\2271\216e\312\351\241\224\003\326"
 333      7C90293D 
 333      7D339731 
 333      8E65CAE9 
 333      A19403D6 
 334 0a32 388E8FE9 		.ascii	"8\216\217\351\031\251\347\361\371\201l\246\227\243\371"
 334      19A9E7F1 
 334      F9816CA6 
 334      97A3F9
 335 0a41 77A58890 		.ascii	"w\245\210\220\3256\370\274w^\203\223(\370\315\241\274"
 335      D536F8BC 
 335      775E8393 
 335      28F8CDA1 
 335      BC
 336 0a52 9834DBC5 		.ascii	"\2304\333\305W\017\3668\201\260\223\245|\232\024\370"
 336      570FF638 
 336      81B093A5 
ARM GAS  /tmp/cchIg6b4.s 			page 26


 336      7C9A14F8 
 337 0a62 E3CEA819 		.ascii	"\343\316\250\031\016\213;P\233\007\240:JSA\015\312\033"
 337      0E8B3B50 
 337      9B07A03A 
 337      4A53410D 
 337      CA1B
 338 0a74 45EB2EE3 		.ascii	"E\353.\343\215\242\215\243\027\212\011=\307\317 \206"
 338      8DA28DA3 
 338      178A093D 
 338      C7CF2086 
 339 0a84 8E05E3AD 		.ascii	"\216\005\343\255\337\262\203\250\020l\027p\264\264\341"
 339      DFB283A8 
 339      106C1770 
 339      B4B4E1
 340 0a93 509ED276 		.ascii	"P\236\322v\365n\243\355[J\333\354\376!\031'\360n\031"
 340      F56EA3ED 
 340      5B4ADBEC 
 340      FE211927 
 340      F06E19
 341 0aa6 BC4609AF 		.ascii	"\274F\011\257\222\033\217%\306\277eh\262\011\256+\321"
 341      921B8F25 
 341      C6BF6568 
 341      B209AE2B 
 341      D1
 342 0ab7 D794541A 		.ascii	"\327\224T\032e\266\353\225\350Z%\272[\026\224\007Jt"
 342      65B6EB95 
 342      E85A25BA 
 342      5B169407 
 342      4A74
 343 0ac9 B1E91B48 		.ascii	"\261\351\033H'\204\241\203v\015\360c\356\031\034s\203"
 343      2784A183 
 343      760DF063 
 343      EE191C73 
 343      83
 344 0ada 70747583 		.ascii	"ptu\203\364\203\214\201\014\201L\200<\004\351\001y\014"
 344      F4838C81 
 344      0C814C80 
 344      3C04E901 
 344      790C
 345 0aec 320AD20B 		.ascii	"2\012\322\0132\016\362\004d\022\3449H\037\310\013\220"
 345      320EF204 
 345      6412E439 
 345      481FC80B 
 345      90
 346 0afd 47202320 		.ascii	"G # OA\206\027n($\006\215\273\2141h7\231<\371\335Q\026"
 346      4F418617 
 346      6E282406 
 346      8DBB8C31 
 346      6837993C 
 347 0b15 824A25B8 		.ascii	"\202J%\270\374g7MY\010Z\224\350K?C\177kDw)\321\031\213"
 347      FC67374D 
 347      59085A94 
 347      E84B3F43 
 347      7F6B4477 
 348 0b2d 5247AE83 		.ascii	"RG\256\203|\025\345\302*\312\341h\351,\342_\022\362"
 348      7C15E5C2 
 348      2ACAE168 
ARM GAS  /tmp/cchIg6b4.s 			page 27


 348      E92CE25F 
 348      12F2
 349 0b3f CB0F4767 		.ascii	"\313\017Gg\363[\354\"t\246\240\\E\255\262i\326\231\316"
 349      F35BEC22 
 349      74A6A05C 
 349      45ADB269 
 349      D699CE
 350 0b52 B41C3E28 		.ascii	"\264\034>(\233g\253\351T/\202\313\254W\233^\243r\370"
 350      9B67ABE9 
 350      542F82CB 
 350      AC579B5E 
 350      A372F8
 351 0b65 8CCCFA7D 		.ascii	"\214\314\372}\323Qdp~s\233b7\267\001\345\315\215D\255"
 351      D3516470 
 351      7E739B62 
 351      37B701E5 
 351      CD8D44AD 
 352 0b79 7C86DFDC 		.ascii	"|\206\337\334nB J\2711\251\374\243\237\224\373\243Q"
 352      6E42204A 
 352      B931A9FC 
 352      A39F94FB 
 352      A351
 353 0b8b B63F8A4C 		.ascii	"\266?\212L\357\217ELe\023\2530\275:\030\034JR}\347\221"
 353      EF8F454C 
 353      6513AB30 
 353      BD3A181C 
 353      4A527DE7 
 354 0ba0 7A354EA3 		.ascii	"z5N\243%I(h\316=b\207\226;\231\332\013h\006\266\300"
 354      25492868 
 354      CE3D6287 
 354      963B99DA 
 354      0B6806B6 
 355 0bb5 FF633BF0 		.ascii	"\377c;\360K\351\214%\271\224N\203\303)\343\245t\200"
 355      4BE98C25 
 355      B9944E83 
 355      C329E3A5 
 355      7480
 356 0bc7 5E4A81F6 		.ascii	"^J\201\366\321\332\266P+\371Upz\321\275\361%\277\012"
 356      D1DAB650 
 356      2BF95570 
 356      7AD1BDF1 
 356      25BF0A
 357 0bda 92B7DA7B 		.ascii	"\222\267\332{\207W\240\346\257\237}\361\256\353\332"
 357      8757A0E6 
 357      AF9F7DF1 
 357      AEEBDA
 358 0be9 B52AADA7 		.ascii	"\265*\255\247\347N\037\377\340\017\326y\006\377K\267"
 358      E74E1FFF 
 358      E00FD679 
 358      06FF4BB7 
 359 0bf9 23C0CFA0 		.ascii	"#\300\317\240\3635\004\370{\005n\017\320m0\004y{\005"
 359      F33504F8 
 359      7B056E0F 
 359      D06D3004 
 359      797B05
 360 0c0c 7EED15A4 		.ascii	"~\355\025\244\373\332\333{\265W\240\337j\377\000\177"
 360      FBDADB7B 
ARM GAS  /tmp/cchIg6b4.s 			page 28


 360      B557A0DF 
 360      6AFF007F 
 361 0c1c C36A83D7 		.ascii	"\303j\203\327\227>\253?Z\275\316y\355\372\325\377^\273"
 361      973EAB3F 
 361      5ABDCE79 
 361      EDFAD5FF 
 361      5EBB
 362 0c2e 7AE737DB 		.ascii	"z\3477\333\275\202\015\272E\335:\037\177o\337\235\333"
 362      BD820DBA 
 362      45DD3A1F 
 362      7F6FDF9D 
 362      DB
 363 0c3f 0D3A3F2F 		.ascii	"\015:?/\357\035>\376\006\235\347v\303W^;}\203=\203w"
 363      EF1D3EFE 
 363      069DE776 
 363      C3575E3B 
 363      7D833D83 
 364 0c54 7F63085A 		.ascii	"\177c\010Z\263C\245\221\234\376\343\327w\032\264;H\347"
 364      B343A591 
 364      9CFEE3D7 
 364      771AB43B 
 364      48E7
 365 0c66 1914BC1D 		.ascii	"\031\024\274\035<\200\247e\376\377\361\361\336\350\357"
 365      3C80A765 
 365      FEFFF1F1 
 365      DEE8EF
 366 0c75 F5A5AF61 		.ascii	"\365\245\257a\233\301;8 \360\367k\326\350t\001A\272"
 366      9BC13B38 
 366      20F0F76B 
 366      D6E87401 
 366      41BA
 367 0c87 1D5EBEBA 		.ascii	"\035^\276\272o\002\002\203\203t\336\001~~\001\376:\027"
 367      6F020283 
 367      8374DE01 
 367      7E7E01FE 
 367      3A17
 368 0c99 FD16D72D 		.ascii	"\375\026\327-\273t\004\277\306[\365\033\362\336\340"
 368      BB7404BF 
 368      C65BF51B 
 368      F2DEE0
 369 0ca8 13641CE8 		.ascii	"\023d\034\350HZ<\014\301\036\273\203\202\015~\233\275"
 369      485A3C0C 
 369      C11EBB83 
 369      820D7E9B 
 369      BD
 370 0cb9 FCB7FB1A 		.ascii	"\374\267\373\032\002\335\003}\002\002}\202wS7\256\276"
 370      02DD037D 
 370      02027D82 
 370      775337AE 
 370      BE
 371 0cca 06AF4077 		.ascii	"\006\257@w\203?\270\376\332\332{\007\0007{\371\006\277"
 371      833FB8FE 
 371      DADA7B07 
 371      00377BF9 
 371      06BF
 372 0cdc C51D0606 		.ascii	"\305\035\006\006/P\364\336\001$\201\334\022O\317\257"
 372      2F50F4DE 
ARM GAS  /tmp/cchIg6b4.s 			page 29


 372      012481DC 
 372      124FCFAF 
 373 0cec 76FA7B7B 		.ascii	"v\372{{z\256Y\377\321\372\365\032I\263\326o\364\330"
 373      7AAE59FF 
 373      D1FAF51A 
 373      49B3D66F 
 373      F4D8
 374 0cfe A8DFB671 		.ascii	"\250\337\266q\303\237\0057wk\226\241\217=\203\255\370"
 374      C39F0537 
 374      776B96A1 
 374      8F3D83AD 
 374      F8
 375 0d0f 7BA1FB43 		.ascii	"{\241\373C\265\233\313\247\372\005\365\003\265\233\253"
 375      B59BCBA7 
 375      FA05F503 
 375      B59BAB
 376 0d1e BB515DA7 		.ascii	"\273Q]\247v\363p\327k\364L[\013\235\033\215\235\316"
 376      76F370D7 
 376      6BF44C5B 
 376      0B9D1B8D 
 376      9DCE
 377 0d30 D0B951AF 		.ascii	"\320\271Q\257\366\330\352\246_\311\371\031v\005\353"
 377      F6D8EAA6 
 377      5FC9F919 
 377      7605EB
 378 0d3f 5CB778B8 		.ascii	"\\\267x\270y\030i\006\004\032<\275\375>\004\246\326"
 378      79186906 
 378      041A3CBD 
 378      FD3E04A6 
 378      D6
 379 0d50 9F6D7373 		.ascii	"\237mss\365\334\012\351\203\201.z\365\226-\233\364\330"
 379      F5DC0AE9 
 379      83812E7A 
 379      F5962D9B 
 379      F4D8
 380 0d62 65831E6F 		.ascii	"e\203\036o\200\267\373&\275\332e\223\207^\375\351&\027"
 380      80B7FB26 
 380      BDDA6593 
 380      875EFDE9 
 380      2617
 381 0d74 BD057401 		.ascii	"\275\005t\001`\003\3217\223\037W\370\261\360\330\354"
 381      6003D137 
 381      931F57F8 
 381      B1F0D8EC 
 382 0d84 EAA1C71E 		.ascii	"\352\241\307\036\233\335\261\253+\274]\365\026.nzW\275"
 382      9BDDB1AB 
 382      2BBC5DF5 
 382      162E6E7A 
 382      57BD
 383 0d96 7ADBD6CF 		.ascii	"z\333\326\317\365\300\014\020\256\356_\270m\200_\027"
 383      F5C00C10 
 383      AEEE5FB8 
 383      6D805F17 
 384 0da6 57BDC6C3 		.ascii	"W\275\306\303\365S\352\353\177^kK\317"
 384      F553EAEB 
 384      7F5E6B4B 
 384      CF
ARM GAS  /tmp/cchIg6b4.s 			page 30


 385              		.text
 386              		.section	.gnu.lto_.symtab.52e9ffa8be480367,"",%progbits
 387 0000 6E766963 		.ascii	"nvicEnableVector\000"
 387      456E6162 
 387      6C655665 
 387      63746F72 
 387      00
 388 0011 00       		.ascii	"\000"
 389 0012 00       		.ascii	"\000"
 390 0013 00       		.ascii	"\000"
 391 0014 00000000 		.ascii	"\000\000\000\000\000\000\000\000"
 391      00000000 
 392 001c C7000000 		.ascii	"\307\000\000\000"
 393 0020 6E766963 		.ascii	"nvicDisableVector\000"
 393      44697361 
 393      626C6556 
 393      6563746F 
 393      7200
 394 0032 00       		.ascii	"\000"
 395 0033 00       		.ascii	"\000"
 396 0034 00       		.ascii	"\000"
 397 0035 00000000 		.ascii	"\000\000\000\000\000\000\000\000"
 397      00000000 
 398 003d CB000000 		.ascii	"\313\000\000\000"
 399 0041 6E766963 		.ascii	"nvicSetSystemHandlerPriority\000"
 399      53657453 
 399      79737465 
 399      6D48616E 
 399      646C6572 
 400 005e 00       		.ascii	"\000"
 401 005f 00       		.ascii	"\000"
 402 0060 00       		.ascii	"\000"
 403 0061 00000000 		.ascii	"\000\000\000\000\000\000\000\000"
 403      00000000 
 404 0069 CD000000 		.ascii	"\315\000\000\000"
 405 006d 6E766963 		.ascii	"nvicClearPending\000"
 405      436C6561 
 405      7250656E 
 405      64696E67 
 405      00
 406 007e 00       		.ascii	"\000"
 407 007f 00       		.ascii	"\000"
 408 0080 00       		.ascii	"\000"
 409 0081 00000000 		.ascii	"\000\000\000\000\000\000\000\000"
 409      00000000 
 410 0089 CF000000 		.ascii	"\317\000\000\000"
 411 008d 63685379 		.ascii	"chSysHalt\000"
 411      7348616C 
 411      7400
 412 0097 00       		.ascii	"\000"
 413 0098 02       		.ascii	"\002"
 414 0099 00       		.ascii	"\000"
 415 009a 00000000 		.ascii	"\000\000\000\000\000\000\000\000"
 415      00000000 
 416 00a2 D4000000 		.ascii	"\324\000\000\000"
 417              		.text
 418              		.section	.gnu.lto_.opts,"",%progbits
ARM GAS  /tmp/cchIg6b4.s 			page 31


 419 0000 272D666D 		.ascii	"'-fmath-errno' '-fsigned-zeros' '-ftrapping-math' '"
 419      6174682D 
 419      6572726E 
 419      6F272027 
 419      2D667369 
 420 0033 2D666E6F 		.ascii	"-fno-trapv' '-fno-openmp' '-fno-openacc' '-mcpu=cor"
 420      2D747261 
 420      70762720 
 420      272D666E 
 420      6F2D6F70 
 421 0066 7465782D 		.ascii	"tex-m4' '-mno-thumb-interwork' '-mthumb' '-ggdb' '-"
 421      6D342720 
 421      272D6D6E 
 421      6F2D7468 
 421      756D622D 
 422 0099 4F322720 		.ascii	"O2' '-w' '-fomit-frame-pointer' '-falign-functions="
 422      272D7727 
 422      20272D66 
 422      6F6D6974 
 422      2D667261 
 423 00cc 31362720 		.ascii	"16' '-ffunction-sections' '-fdata-sections' '-fno-c"
 423      272D6666 
 423      756E6374 
 423      696F6E2D 
 423      73656374 
 424 00ff 6F6D6D6F 		.ascii	"ommon' '-flto'\000"
 424      6E272027 
 424      2D666C74 
 424      6F2700
 425              		.text
 426              		.comm	__gnu_lto_v1,1,1
 427              		.comm	__gnu_lto_slim,1,1
 428              		.ident	"GCC: (GNU Tools for ARM Embedded Processors 6-2017-q1-update) 6.3.1 20170215 (release) [AR
ARM GAS  /tmp/cchIg6b4.s 			page 32


DEFINED SYMBOLS
                            *ABS*:0000000000000000 nvic.c
                            *COM*:0000000000000001 __gnu_lto_v1
                            *COM*:0000000000000001 __gnu_lto_slim

NO UNDEFINED SYMBOLS
