ARM GAS  /tmp/ccaWPCqA.s 			page 1


   1              		.cpu cortex-m4
   2              		.eabi_attribute 20, 1
   3              		.eabi_attribute 21, 1
   4              		.eabi_attribute 23, 3
   5              		.eabi_attribute 24, 1
   6              		.eabi_attribute 25, 1
   7              		.eabi_attribute 26, 1
   8              		.eabi_attribute 30, 2
   9              		.eabi_attribute 34, 1
  10              		.eabi_attribute 18, 4
  11              		.file	"pal.c"
  12              		.text
  13              	.Ltext0:
  14              		.section	.gnu.lto_.profile.ae2ea13b0ba70795,"",%progbits
  15 0000 789C6365 		.ascii	"x\234ce`b`a```d\2100\004\000\001a\000\226"
  15      60626061 
  15      60606064 
  15      88300400 
  15      01610096 
  16              		.text
  17              		.section	.gnu.lto_.icf.ae2ea13b0ba70795,"",%progbits
  18 0000 789C6365 		.ascii	"x\234ce`bPc@\0006\206w+\226\355ee\234\375h\3055\036"
  18      60625063 
  18      40003686 
  18      772B96ED 
  18      65659CFD 
  19 0018 A6C7272E 		.ascii	"\246\307'.]\347b>?\345C;#\313\336\177\037W\363\260\036"
  19      5DE7623E 
  19      3FE5433B 
  19      23CBDE7F 
  19      1F57F3B0 
  20 002d 3D38F92A 		.ascii	"=8\371*;\003\000t2\022\331"
  20      3B030074 
  20      3212D9
  21              		.text
  22              		.section	.gnu.lto_.jmpfuncs.ae2ea13b0ba70795,"",%progbits
  23 0000 789C658C 		.ascii	"x\234e\2141\012\2000\024C\223\237\352\350\354U\005\341"
  23      310A8030 
  23      1443939F 
  23      EAE8EC55 
  23      05E1
  24 0012 0B1EC2B1 		.ascii	"\013\036\302\261C\007\365\024\036\312M\020\254v\020"
  24      4307F514 
  24      1ECA4D10 
  24      AC7610
  25 0021 344396BC 		.ascii	"4C\226\274\227\012\206\036o\004\222n\234\304\361\330"
  25      970A861E 
  25      6F04926E 
  25      9CC4F1D8 
  26 0031 F6C6CFA1 		.ascii	"\366\306\317\241\215BR\3368\323\301\0003R\376\203\230"
  26      8D4252DE 
  26      38D3C100 
  26      3352FE83 
  26      98
  27 0042 C40C2D05 		.ascii	"\304\014-\005\012\017\304\272\334Z\307\273?\206%Y6\326"
  27      0A0FC4BA 
  27      DC5AC7BB 
ARM GAS  /tmp/ccaWPCqA.s 			page 2


  27      3F862559 
  27      36D6
  28 0054 62E00275 		.ascii	"b\340\002u\266\034R"
  28      B61C52
  29              		.text
  30              		.section	.gnu.lto_.inline.ae2ea13b0ba70795,"",%progbits
  31 0000 789C6365 		.ascii	"x\234ce`b\360`d\200\003f\006\006\001\021F6\006\205\254"
  31      6062F060 
  31      64800366 
  31      06060111 
  31      46360685 
  32 0015 E9CC8CD3 		.ascii	"\351\314\214\323Z\017\235g\357c\236\317\314\314\310"
  32      5A0F9D67 
  32      EF639ECF 
  32      CCCCC8
  33 0024 C0B89C51 		.ascii	"\300\270\234Q\206\201A!\033Jg\000\245\327,\373x\200"
  33      86814121 
  33      1B4A6700 
  33      A5D72CFB 
  33      7880
  34 0036 1F24CDC2 		.ascii	"\037$\315\302\310\317\270\202Q\206\331\201A!\035\306"
  34      C8CFB882 
  34      5186D981 
  34      41211DC6 
  35 0046 00990924 		.ascii	"\000\231\011$\230\035X9W\2701p\3360cb`Y \357\300\300"
  35      981D5839 
  35      57B83170 
  35      DE306362 
  35      605920EF 
  36 005c B884BD81 		.ascii	"\270\204\275\201\221\203\211\201u\213\012\220\006Y\311"
  36      91838981 
  36      758B0A90 
  36      0659C9
  37 006b C4CD20C2 		.ascii	"\304\315 \302\300\010t\207\250$#;\320bt\233p\033\315"
  37      C0087487 
  37      A824233B 
  37      D062749B 
  37      701BCD
  38 007e 0862B209 		.ascii	"\010b\262\011\276ha\304m\001\323\005\376\006&$kX\030"
  38      BE6861C4 
  38      6D01D305 
  38      FE062624 
  38      6B5818
  39 0091 84E4C1FE 		.ascii	"\204\344\301\376#\336\032V\326\016u\274>`\341\005\006"
  39      23DE1A56 
  39      D60E75BC 
  39      3E60E105 
  39      06
  40 00a2 DC043F10 		.ascii	"\334\004?\020\204\332\302\000\000z\21538"
  40      84DAC200 
  40      007A8D33 
  40      38
  41              		.text
  42              		.section	.gnu.lto_.pureconst.ae2ea13b0ba70795,"",%progbits
  43 0000 789C6365 		.ascii	"x\234ce`b`g```f\220b\222b\221\004\000\001\317\000e"
  43      60626067 
  43      60606066 
ARM GAS  /tmp/ccaWPCqA.s 			page 3


  43      90629262 
  43      91040001 
  44              		.text
  45              		.section	.gnu.lto_palReadBus.ae2ea13b0ba70795,"",%progbits
  46 0000 789C9592 		.ascii	"x\234\225\222\333KTQ\024\306\327w\3269g\316\214\243"
  46      DB4B5451 
  46      14C6D777 
  46      D63967CE 
  46      8CA3
  47 0012 F6120849 		.ascii	"\366\022\010I\314C \276x\350o(\372?\314\227 \241Hz\236"
  47      CC4320BE 
  47      78E86F28 
  47      FA3FCC97 
  47      20A1487A 
  48 0027 ED385A19 		.ascii	"\3558Z\031]\210\312KN'(3\363nW\315j\320\240\013tQ\202"
  48      5D88CA4B 
  48      4E272833 
  48      F36E57CD 
  48      6AD0A00B 
  49 003e C2E842F9 		.ascii	"\302\350B\371b\031\244=\004Q\332Z{\274\014\275\3710"
  49      6219A43D 
  49      0451DA5A 
  49      7BBC0CBD 
  49      F930
  50 0050 FBECB5F7 		.ascii	"\373\354\265\367\267~k\255o\217G\016u1\3216\"\332-?"
  50      B77E6BAD 
  50      6F8F470E 
  50      7531D136 
  50      22DA2D3F 
  51 0064 F804E7F4 		.ascii	"\370\004\347\364\013\242\306\300q\334K\036\231\004\377"
  51      0BA2C6C0 
  51      71DC4B1E 
  51      9904FF
  52 0073 78426492 		.ascii	"xBd\222\354\270\257C\011\275\211\355\022\271\360\012"
  52      ECB8AF43 
  52      09BD89ED 
  52      12B9F00A 
  53 0083 2A0FD08D 		.ascii	"*\017\320\215\011@i\207]\017i\234\3426\306tv\270\213"
  53      09406987 
  53      5D0F699C 
  53      E236C674 
  53      76B88B
  54 0096 4F72C404 		.ascii	"Or\304\004W\302\305\347\235_\3124\004R\022^03\307b\325"
  54      57C2C5E7 
  54      9D5FCA34 
  54      0452125E 
  54      3033C762 
  55 00ab 3DC6644C 		.ascii	"=\306dL\276\355\214\177q\364\225\211G\354P\207\310\257"
  55      BEED8C7F 
  55      71F49589 
  55      47EC5087 
  55      C8AF
  56 00bd A1123DA8 		.ascii	"\241\022=\250\324fzQ-\342\346\351\266\026\346\012\220"
  56      D4667A51 
  56      2DE2E6E9 
  56      B616E60A 
  56      90
ARM GAS  /tmp/ccaWPCqA.s 			page 4


  57 00ce ECDF7FFC 		.ascii	"\354\337\177\374\324\033Tu\333\304Gg\331\354\210\230"
  57      D41B5475 
  57      DBC44767 
  57      D9EC8898 
  58 00de 711D5C9C 		.ascii	"q\035\\\234(G\204>T\251\376\363\310\362\271R\337\275"
  58      2847843E 
  58      54A9FEF3 
  58      C8F2B952 
  58      DFBD
  59 00f0 2C238A44 		.ascii	",#\212D\220\375\360!\0379\030\232A\336,\257\0341\371"
  59      90FDF021 
  59      1F39189A 
  59      41DE2CAF 
  59      1C31F9
  60 0103 852BC8ED 		.ascii	"\205+\310\355I:\320$W\322]_\026/&\213\037h\030\327]"
  60      493AD024 
  60      57D25D5F 
  60      162F268B 
  60      1F6818D7 
  61 0118 429712D2 		.ascii	"B\227\022\322.\251UP:\365q\011\344\313s\310\316N}h\367"
  61      2EA95550 
  61      3AF57109 
  61      E4CB73C8 
  61      CE4E7D68 
  62 012d 959E6347 		.ascii	"\225\236cG\352\236o\236|\031\323y\031\204\001;\215\312"
  62      EA9E6F9E 
  62      7C19D379 
  62      1984013B 
  62      8DCA
  63 013f 99C44C9E 		.ascii	"\231\304L\236Gf<^\320\2527\277\036?;\232\214\220k4\306"
  63      47663C5E 
  63      D0AA37BF 
  63      1E3F3B9A 
  63      8C906B34 
  64 0154 A4228E09 		.ascii	"\244\"\216\011\241\220\"w\335s\231\301X8`\012W\001\006"
  64      A1902277 
  64      DD7399C1 
  64      5838600A 
  64      570106
  65 0167 11A15D07 		.ascii	"\021\241]\007!\014!$)\374v\327\006\251\377\352b\276"
  65      210C2124 
  65      29FC76D7 
  65      06A9FFEA 
  65      62BE
  66 0179 5CAB0628 		.ascii	"\\\253\006(\307\360zU\227fw\3627dS\252T\352\330\330"
  66      C7F07A55 
  66      976677F2 
  66      376453AA 
  66      54EAD8D8 
  67 018d C2BB58FA 		.ascii	"\302\273X\372\257\011\"\216w\260\3721\2024\025\267\235"
  67      AF09228E 
  67      77B0FA31 
  67      823415B7 
  67      9D
  68 019e B06E37FD 		.ascii	"\260n7\375~\370\263Lt\025r\240\026\352\331\323\316\276"
  68      7EF8B34C 
  68      741572A0 
ARM GAS  /tmp/ccaWPCqA.s 			page 5


  68      16EAD9D3 
  68      CEBE
  69 01b0 FDDAEC96 		.ascii	"\375\332\354\226\210KpC\236{t\265\325\225\257\243\203"
  69      884B7043 
  69      9E7B74B5 
  69      D595AFA3 
  69      83
  70 01c1 7111B7DB 		.ascii	"q\021\267\333V\023\270)\255\332\202\270\205t\304I\333"
  70      5613B829 
  70      ADDA82B8 
  70      8574C449 
  70      DB
  71 01d2 8A67FD52 		.ascii	"\212g\375R\003\346OL\255\372\345o\312\203R\334\266\036"
  71      03E64F4C 
  71      ADFAE56F 
  71      CA8352DC 
  71      B61E
  72 01e4 403DB823 		.ascii	"@=\270#\036\314cr\315\315X\361\010\245v\204\377\300"
  72      1ECC6372 
  72      CDCD58F1 
  72      08A57684 
  72      FFC0
  73 01f6 65520E77 		.ascii	"eR\016wW\301o\226\226\246\222\002\3166\352U9\306,\330"
  73      57C16F96 
  73      96A69202 
  73      CE36EA55 
  73      39C62CD8 
  74 020a 51F0B805 		.ascii	"Q\360\270\005\257?S\260\311g\272\267\361L\023\226\324"
  74      AF3F53B0 
  74      C967BAB7 
  74      F14C1396 
  74      D4
  75 021b B4D48202 		.ascii	"\264\324\202\002*\236\323\324\240\230\236\330\024\335"
  75      2A9ED3D4 
  75      A0989ED8 
  75      14DD
  76 0229 C17D4BB7 		.ascii	"\301}K\267\177\347\007\005\372\2375z\211-\220\240\357"
  76      7FE70705 
  76      FA9F357A 
  76      892D90A0 
  76      EF
  77 023a C8A4564F 		.ascii	"\310\244VO\264\213V\261K\214\227\321\266\326\324\204"
  77      B48B56B1 
  77      4B8C97D1 
  77      B6D6D484 
  78 024a E1818670 		.ascii	"\341\201\206p_m}\330p\250.<X[_SG\274\367p\303?\307\240"
  78      5F6D7DD8 
  78      70A82E3C 
  78      585B5F53 
  78      47BCF770 
  79 0262 26FF     		.ascii	"&\377"
  80              		.text
  81              		.section	.gnu.lto_palWriteBus.ae2ea13b0ba70795,"",%progbits
  82 0000 789C9552 		.ascii	"x\234\225R[KTQ\024\336\337\331\347\234\271\234\271\025"
  82      5B4B5451 
  82      14DEDFD9 
  82      E79CB99C 
ARM GAS  /tmp/ccaWPCqA.s 			page 6


  82      B915
  83 0012 043E48F8 		.ascii	"\004>H\370\020\210/\036\372\015E\377C})\022\212,z\234"
  83      10882F1E 
  83      FA0D45FF 
  83      437D2912 
  83      8A2C7A9C 
  84 0026 E3780BA5 		.ascii	"\343x\013\245\013\204\327\224#\205\332\344\335\256\232"
  84      0B84D794 
  84      2385DAE4 
  84      DDAE9A
  85 0035 E9343E58 		.ascii	"\3514>Xa\205\022\025V\024eB7P\013\212\250\231\326\332"
  85      61851215 
  85      56146542 
  85      37500B8A 
  85      A899D6DA 
  86 0049 674627DF 		.ascii	"gF'\337\334p\326\331{\355\265\276\365\255omCh\342\264"
  86      DC70D6D9 
  86      7BEDB5BE 
  86      F5AD6F6D 
  86      4368E2B4 
  87 005d 2E448910 		.ascii	".D\211\020\342 }0\005\264\013O\204\250\365k\232\336"
  87      E2207D30 
  87      05B40B4F 
  87      84A8F56B 
  87      9ADE
  88 006f 6B082728 		.ascii	"k\010'(\327\036\010\341\204\244\246?\263\351hL\357\245"
  88      D71E08E1 
  88      84A4A63F 
  88      B3E9684C 
  88      EFA5
  89 0081 930EC38B 		.ascii	"\223\016\303\2132\000\3368~\210\270&u\003q\234\227\355"
  89      3200DE38 
  89      7E88B826 
  89      7503719C 
  89      97ED
  90 0093 12E9A6D5 		.ascii	"\022\351\246\325I\255l\300\241\225j\377a6:\015E\256"
  90      49AD6CC0 
  90      A1956AFF 
  90      61363A0D 
  90      45AE
  91 00a5 14A2933E 		.ascii	"\024\242\223>^\030@\031E-\326\217u\313s\322\225\200"
  91      5E184019 
  91      452DD68F 
  91      75CB73D2 
  91      9580
  92 00b7 4EC7F5C7 		.ascii	"N\307\365\307]\037\"|\324PB\307\206\305\366F)\213 h"
  92      5D1F227C 
  92      D45042C7 
  92      86C5F646 
  92      298B2068 
  93 00cb FFE6EDBB 		.ascii	"\377\346\355\273\244\277\264\317q\022Nj\341\242t\366"
  93      A4BFB4CF 
  93      71124E6A 
  93      E1A274F6 
  94 00db B952E21A 		.ascii	"\271R\342\032$\001\"\211b\\E\261 \227\300 J)\274'sy"
  94      24012289 
  94      625C45B1 
ARM GAS  /tmp/ccaWPCqA.s 			page 7


  94      2097C020 
  94      4A29BC27 
  95 00f1 DE92C52A 		.ascii	"\336\222\305*u\322\355N\232\271\324\327\255*U\307\320"
  95      75D2ED4E 
  95      9AB9D4D7 
  95      AD2A55C7 
  95      D0
  96 0102 F6545D60 		.ascii	"\366T]`\030\245\034\377~<\323\0326\365+y\272\030\201"
  96      18A51CFF 
  96      7E3CD31A 
  96      36F52B79 
  96      BA1881
  97 0115 09FA9163 		.ascii	"\011\372\221ct\011)'\223m\"\016\375\310\036\332\255"
  97      74092927 
  97      936D220E 
  97      FDC81EDA 
  97      AD
  98 0126 81EBE994 		.ascii	"\201\353\351\224n\230dL\037\030\304O[_\200M\220\215"
  98      6E98644C 
  98      1F18C44F 
  98      5B5F804D 
  98      908D
  99 0138 C5D72136 		.ascii	"\305\327!6a>F\330D\331\304\330\010\321LEX\303\026\251"
  99      613E46D8 
  99      44D9C4D8 
  99      08D14C45 
  99      58C316A9 
 100 014c F15FAEA0 		.ascii	"\361_\256\240~yn\365\222\311u{\244F\214\332\032\322"
 100      7E796EF5 
 100      92C9757B 
 100      A4468CDA 
 100      1AD2
 101 015e 4F7DAC8B 		.ascii	"O}\254\213\204\300(\321\345\325B\335\322h\344'$\246"
 101      84C028D1 
 101      E5D542DD 
 101      D268E427 
 101      24A6
 102 0170 025E2C6B 		.ascii	"\002^,k\370s\376\321\231\220\213\236ZR\276\304\225~"
 102      F873FED1 
 102      99908B9E 
 102      5A52BEC4 
 102      957E
 103 0182 42F052E8 		.ascii	"B\360R\350\256o%1\342\263\207\035\357*\2001\270\350"
 103      AE6F2531 
 103      E2B3871D 
 103      EF2A8031 
 103      B8E8
 104 0194 5013C138 		.ascii	"P\023\3018lA\205_\036\330B\032\352_OE\271j\000QLlV\325"
 104      6C41855F 
 104      1ED8421A 
 104      EA5F4F45 
 104      B96A0051 
 105 01ac C5F27EF9 		.ascii	"\305\362~\371\005\365%\034\251\364\235\374\372\312\027"
 105      05F5251C 
 105      A9F49DFC 
 105      FACA17
 106 01bb FFEBF85D 		.ascii	"\377\353\370]\031\354\224\254\324u\304E!mK\315\241\356"
ARM GAS  /tmp/ccaWPCqA.s 			page 8


 106      19EC94AC 
 106      D475C445 
 106      216D4BCD 
 106      A1EE
 107 01cd F7ECF708 		.ascii	"\367\354\367\010\305\321C\260X\\\366=\354\032<\312d"
 107      C5D143B0 
 107      585CF63D 
 107      EC1A3CCA 
 107      64
 108 01de 63AE0CE1 		.ascii	"c\256\014\341&=\236\0339\252\331\317\023#\001\012\356"
 108      263D9E1B 
 108      39AAD9CF 
 108      1323010A 
 108      EE
 109 01ef 50542DDC 		.ascii	"PT-\334\"\252\252 n#\356\312\260\242b(\275X\200\344"
 109      22AAAA20 
 109      6E23EECA 
 109      B0A26228 
 109      BD5880E4 
 110 0203 8CF4889B 		.ascii	"\214\364\210\233;\222 \202;J\002\260\004\223$\001ae"
 110      3B922082 
 110      3B4A02B0 
 110      04932401 
 110      6165
 111 0215 1AE14151 		.ascii	"\032\341AQ\236O\024\250\033\330\021\264\216)\005\255"
 111      9E4F14A8 
 111      1BD811B4 
 111      8E2905AD 
 112 0225 31F45D05 		.ascii	"1\364]\005]\367'\017\035T\350\201Btk\207\263\233\336"
 112      5DF7270F 
 112      1D54E881 
 112      42746B87 
 112      B39BDE
 113 0238 9ADD3D0F 		.ascii	"\232\335=\017\275-\217\036\362\320\226\326\026z,\226"
 113      BD2D8F1E 
 113      F2D096D6 
 113      167A2C96 
 114 0248 DF400C33 		.ascii	"\337@\0143\004C1k\371\230\260\"\021\372\217U\204\032"
 114      0443316B 
 114      F998B022 
 114      11FA8F55 
 114      841A
 115 025a F6586DC5 		.ascii	"\366Xm\305E\225\333b\337\257\274/\246\322\243\344K\267"
 115      4595DB62 
 115      DFAFBC2F 
 115      A6D2A3E4 
 115      4BB7
 116 026c 29F685B3 		.ascii	")\366\205\263\216\250Yo\353\204PL\314\346:y\261\261"
 116      8EA8596F 
 116      EB84504C 
 116      CCE63A79 
 116      B1B1
 117 027e 3117A24E 		.ascii	"1\027\242N\352k\371*\206\224\352$\367 ZV>>76/w\341>"
 117      EA6BF92A 
 117      8694EA24 
 117      F7205A56 
 117      3E3E3736 
ARM GAS  /tmp/ccaWPCqA.s 			page 9


 118 0296 EC0E7A72 		.ascii	"\354\016zr\324e\0326\225\026\337\220\350\315\236\365"
 118      D4651A36 
 118      9516DF90 
 118      E8CD9EF5 
 119 02a6 DE02AF66 		.ascii	"\336\002\257f\032\036\275\002\222yOy\271m\037\253\261"
 119      1A1EBD02 
 119      92794F79 
 119      B96D1FAB 
 119      B1
 120 02b7 0F5754DB 		.ascii	"\017WT\3335'\252\354\343\025\325\345UBV\236\252\321"
 120      3527AAEC 
 120      E315D5E5 
 120      5542569E 
 120      AAD1
 121 02c9 2B8F9CAC 		.ascii	"+\217\234\254\371\007\362\370f\377"
 121      F907F2F8 
 121      66FF
 122              		.text
 123              		.section	.gnu.lto_palSetBusMode.ae2ea13b0ba70795,"",%progbits
 124 0000 789C9592 		.ascii	"x\234\225\222\333K\025Q\024\306\3277kn\347\342\245\207"
 124      DB4B1551 
 124      14C6D737 
 124      6B6EE7E2 
 124      A587
 125 0012 C00789F3 		.ascii	"\300\007\211\363\020\210/\016\375\015\005\375\013\275"
 125      10882F0E 
 125      FD0D05FD 
 125      0BBD
 126 0020 9A054186 		.ascii	"\232\005A\206\221\364|\266G=\206\222\006bG%\033!Nf\336"
 126      91F47CB6 
 126      473D8692 
 126      06624725 
 126      1B214E66 
 127 0035 B5DBF152 		.ascii	"\265\333\361R\007{\350^(=\204eEIP&(>\004Q\332\3323\226"
 127      077BE85E 
 127      283D8465 
 127      45495026 
 127      283E0451 
 128 004d 16BDB861 		.ascii	"\026\275\270af\366\332{\255o}\373\267\307\"\203\316"
 128      66F6DA7B 
 128      AD6F7DFB 
 128      B7C72283 
 128      CE
 129 005e 33518288 		.ascii	"3Q\202\210\016\311\003\233`\\xNT\347\032\206\331k\221"
 129      0EC9039B 
 129      605C784E 
 129      54E71A86 
 129      D96B91
 130 0071 8AF2EA43 		.ascii	"\212\362\352C\"\025g\303|\351IhM\357\223\310\204\025"
 130      221567C3 
 130      7CE94968 
 130      4DEF93C8 
 130      8415
 131 0083 6659809E 		.ascii	"fY\200\236(\027\2244\330\264\220D\033g\030\263M\237"
 131      28179434 
 131      D8B49044 
 131      1B6718B3 
ARM GAS  /tmp/ccaWPCqA.s 			page 10


 131      4D9F
 132 0095 7246799F 		.ascii	"rFy\237\222\221\317\314;i\325X\342K\237.y\364@\037\312"
 132      9291CFCC 
 132      3B69D558 
 132      E24B9F2E 
 132      79F4401F 
 133 00aa 256BAE61 		.ascii	"%k\256a\364\022\267\262\317\200)\341\332\263\356\217"
 133      F412B7B2 
 133      CF8029E1 
 133      DAB3EE8F 
 134 00ba 853A3490 		.ascii	"\205:4\220\220\260q.\223f.\001\311|\361\335\373~\267"
 134      90B0712E 
 134      93662E01 
 134      C97CF1DD 
 134      FB7EB7
 135 00cd 2CAB544A 		.ascii	",\253TJ\345\337\264\263\332\3573\343:X\004\321\217R"
 135      E5DFB4B3 
 135      DAEF33E3 
 135      3A5804D1 
 135      8F52
 136 00df 5C4329C9 		.ascii	"\\C)\311\022a\000e\222\276>\221m\217qiP\372\244u\346"
 136      12610065 
 136      92BE3E91 
 136      6D8F7169 
 136      50FAA475 
 137 00f4 C856E5D3 		.ascii	"\310V\345\323\216\240\322\304\340\277\225&a\010e:\375"
 137      8EA0D2C4 
 137      E0BF9526 
 137      6108653A 
 137      FD
 138 0105 C3D84647 		.ascii	"\303\330FG\201m^\371\355\026\303\260!\037Y\030\231G"
 138      816D5EF9 
 138      ED16C3B0 
 138      211F5918 
 138      9947
 139 0117 5E6D6C36 		.ascii	"^ml6\251\374\217,\026\017\307\015\350v\246\224[\266"
 139      A9FC8F2C 
 139      160FC70D 
 139      E876A694 
 139      5BB6
 140 0129 BC6C475E 		.ascii	"\274lG^\216\253\303\210\236E\021hR\263\310hH-l\350/"
 140      8EABC388 
 140      9E451168 
 140      52B3C868 
 140      482D6CE8 
 141 013e 2FA161E1 		.ascii	"/\241a\341\376\333\313\266V\356aCz^l\234}\341\350\203"
 141      FEDBCBB6 
 141      56EE6143 
 141      7A5E6C9C 
 141      7DE1E883 
 142 0152 33082362 		.ascii	"3\010#bH\217\0269\216\260\347\317HMF\302\\\015\351\333"
 142      488F1639 
 142      8EB0E7CF 
 142      484D46C2 
 142      5C0DE9DB 
 143 0166 83C7E7E2 		.ascii	"\203\307\347\342>z\352\004m\302gW\024\302\022\331\313"
 143      3E7AEA04 
ARM GAS  /tmp/ccaWPCqA.s 			page 11


 143      6DC26757 
 143      14C212D9 
 143      CB
 144 0177 2EA5861D 		.ascii	".\245\206\035oH\205[\021\214\302Gg\200\034c\360H\032"
 144      6F48855B 
 144      118CC247 
 144      67801C63 
 144      F0481A
 145 018a BF3AB8AD 		.ascii	"\277:\270\2554xu-_\244\273FP\204\361?]MZ8\300\313hH"
 145      3478752D 
 145      5FA4BB46 
 145      5084F13F 
 145      5D4D5A38 
 146 01a2 E84CAD9A 		.ascii	"\350L\255\232\313}}\355$\177*\327\347h\027k\026\023"
 146      CB7D7DED 
 146      247F2AD7 
 146      E768176B 
 146      1613
 147 01b4 48D24EDB 		.ascii	"H\322N\333\261\000t\375\367{\353\205\222'7\035\323\370"
 147      B10074FD 
 147      F77BEB85 
 147      9227371D 
 147      D3F8
 148 01c6 F4DAA3EE 		.ascii	"\364\332\243\356\201\223\332l\261\317q\334\224\277\343"
 148      8193DA6C 
 148      B1CF71DC 
 148      94BFE3
 149 01d5 C696D5CD 		.ascii	"\306\226\325\315/\343\303\021I\356\014\254\306pK\254"
 149      2FE3C311 
 149      49EE0CAC 
 149      C6704BAC 
 150 01e5 060D711B 		.ascii	"\006\015q\033I\237\013\002+V\300K\003\350_\341\320\270"
 150      499F0B02 
 150      2B56C04B 
 150      03E85FE1 
 150      D0B8
 151 01f7 BD2B0485 		.ascii	"\275+\004\205\270\023 \200F\220\023\004;`:\273R*\302"
 151      B8132080 
 151      46901304 
 151      3B603ABB 
 151      522AC2
 152 020a 64A06468 		.ascii	"d\240dh\245\251\277\225\334]^\313\364\366\265\314\004"
 152      A5A9BF95 
 152      DC5D5ECB 
 152      F4F6B5CC 
 152      04
 153 021b 4AF5AB69 		.ascii	"J\365\253i\204R\021\361%\202\264\214\364\377\370\027"
 153      845211F1 
 153      2582B48C 
 153      F4FFF817 
 154 022b 776903B8 		.ascii	"wi\003\270+\374\005E\220\036\365y\017\255 \325;\325"
 154      2BFC0545 
 154      901EF579 
 154      0FAD20D5 
 154      3BD5
 155 023d 1602D4A3 		.ascii	"\026\002\324\243YN,\350$woE\205\347\325\324z'*\253\275"
 155      594E2CE8 
ARM GAS  /tmp/ccaWPCqA.s 			page 12


 155      24776F45 
 155      85E7D5D4 
 155      7A272AAB 
 156 0252 DA3355DE 		.ascii	"\3323U\336\351\312\352\212*\342\243gk\315S5\307\216"
 156      E9CAEA8A 
 156      2AE2A367 
 156      6BCD5335 
 156      C78E
 157 0264 FF02D6F8 		.ascii	"\377\002\326\370$\027"
 157      2417
 158              		.text
 159              		.section	.gnu.lto_.symbol_nodes.ae2ea13b0ba70795,"",%progbits
 160 0000 789C55C9 		.ascii	"x\234U\311\313\015\203@\020\004\321\232^0aX\"\022\034"
 160      CB0D8340 
 160      1004D19A 
 160      5E306158 
 160      22121C
 161 0013 D9ECC1E2 		.ascii	"\331\354\301\342\014\030p\002\216\302A@\"\\\310\000"
 161      0C187002 
 161      8EC24140 
 161      225CC800 
 162 0023 C44782BE 		.ascii	"\304G\202\276\224\324/Et\254S%\207j\2005\377\370\202"
 162      94D42F45 
 162      74AC5325 
 162      876A8035 
 162      FFF882
 163 0036 B4153187 		.ascii	"\264\0251\207\240Znw\352d;5r\335\251\2276\262\217<l"
 163      A05A6E77 
 163      EA643B35 
 163      72DDA997 
 163      36B28F3C 
 164 004b 04311660 		.ascii	"\0041\026`_yr=\002\017\336\363hAG\223\263\031\277rz"
 164      5F79723D 
 164      020FDEF3 
 164      68414793 
 164      B319BF72 
 165 0060 B200C19C 		.ascii	"\262\000\301\234\"N"
 165      224E
 166              		.text
 167              		.section	.gnu.lto_.refs.ae2ea13b0ba70795,"",%progbits
 168 0000 789C05C1 		.ascii	"x\234\005\301\261\001\000\000\010\303\2404\326\335\377"
 168      B1010000 
 168      08C3A034 
 168      D6DDFF
 169 000f AF151639 		.ascii	"\257\025\0269 \230F\247\251[\036\003\003\000<"
 169      209846A7 
 169      A95B1E03 
 169      03003C
 170              		.text
 171              		.section	.gnu.lto_.decls.ae2ea13b0ba70795,"",%progbits
 172 0000 789CB558 		.ascii	"x\234\265X{TT\307\031\277sg\027\226eA\017hj[\232jJt"
 172      7B5454C7 
 172      19BF7367 
 172      17966541 
 172      0F686A5B 
 173 0018 CF69707D 		.ascii	"\317ip}\244\246i\222Sk\360\221SS,\346\321\236\376\261"
 173      A4A66992 
ARM GAS  /tmp/ccaWPCqA.s 			page 13


 173      536BF091 
 173      53532CE6 
 173      D19EFEB1 
 174 002c DDC02A9C 		.ascii	"\335\300*\234 Xv\3519\371\253\227\207\212\242\010j\020"
 174      205876E9 
 174      39F9AB97 
 174      878AA208 
 174      6A10
 175 003e 019587A8 		.ascii	"\001\225\207\250<T4\212\342\002\256\013\002\202\370"
 175      3C54348A 
 175      E202AE0B 
 175      0282F8
 176 004d 06E42544 		.ascii	"\006\344%D|\021\215<C\020\243\364\233\231\273\273w7"
 176      7C118D3C 
 176      4310A3F4 
 176      9B99BBBB 
 176      7737
 177 005f BB9E9ED3 		.ascii	"\273\236\236\323\366\236\235\235;3\277\371\276\337\367"
 177      F69E9D9D 
 177      3B33BFF9 
 177      BEDFF7
 178 006e 98B973AF 		.ascii	"\230\271s\257\234\343\271\342i\0347\035s\\/\342\270"
 178      9CE3B9E2 
 178      691C371D 
 178      735C2FE2 
 178      B8
 179 007f 49B8641C 		.ascii	"I\270d\034\307\035\201\"\207r\012\212\011\212\005\312"
 179      C71D8122 
 179      87720A8A 
 179      098A05CA 
 180 008f 2F60DC1F 		.ascii	"/`\334\037\012'\216\375\012\356\325P\346A\371\015\224"
 180      0A278EFD 
 180      0AEED550 
 180      E641F90D 
 180      94
 181 00a0 77A08018 		.ascii	"w\240\200\030\356\367P/\201\262T\304Z\257\345<\307M"
 181      EEF7502F 
 181      81B254C4 
 181      5AAFE53C 
 181      C74D
 182 00b2 85DA0F0A 		.ascii	"\205\332\017\012\250\344\256\2122C\240\366\206z\016"
 182      A8E4AE8A 
 182      3243A0F6 
 182      867A0E
 183 00c1 D401A28E 		.ascii	"\324\001\242\216e\210\351>\011\345M\270\367\205\342"
 183      6588E93E 
 183      09E54DB8 
 183      F785E2
 184 00d0 05A505DA 		.ascii	"\005\245\005\332\204\337t\270\177\005\012\017\345'\244"
 184      84DF74B8 
 184      7F050A0F 
 184      E527A4
 185 00df 16F9101E 		.ascii	"\026\371\020\036H\344 \275\376\3143\275\237H\364\023"
 185      48E420BD 
 185      FECC33BD 
 185      9F48F413 
 186 00ef DD84833B 		.ascii	"\335\204\203;\375\304\356\263N\372\0079\306A.\341@\364"
ARM GAS  /tmp/ccaWPCqA.s 			page 14


 186      FDC4EEB3 
 186      4EFA0739 
 186      C6412EE1 
 186      40F4
 187 0101 CBA10C70 		.ascii	"\313\241\014p\214\207Z\302c\211\023\017\235\033\036"
 187      8C875AC2 
 187      6389130F 
 187      9D1B1E
 188 0110 BF7E891F 		.ascii	"\277~\211\037\210\357\317Kx\020\316\313\241\376\235"
 188      88EFCF4B 
 188      7810CECB 
 188      A1FE9D
 189 011f E86F290F 		.ascii	"\350o)\017\322\226\306\203\250w\216\303n\214\256%\225"
 189      D296C683 
 189      A8778EC3 
 189      6E8CAE25 
 189      95
 190 0130 E5E0548C 		.ascii	"\345\340T\214\374\224H\006\315\241\346\254>_hNS\242"
 190      FC944806 
 190      CDA1E6AC 
 190      3E5F684E 
 190      53A2
 191 0142 99D07C3E 		.ascii	"\231\320|>x\365\271\212\215*\241y6\241\254G\256L\026"
 191      78F5B98A 
 191      8D2AA179 
 191      36A1AC47 
 191      AE4C16
 192 0155 E04A4B14 		.ascii	"\340JK\024\274V\220\376\303(\000\035B\001\240\240\030"
 192      BC5690FE 
 192      C328001D 
 192      4201A0A0 
 192      18
 193 0166 29E15F13 		.ascii	")\341_\023\200\212\240\011\350\266\366\244\012\304&"
 193      808AA009 
 193      E8B6F6A4 
 193      0AC426
 194 0175 7B43F3F4 		.ascii	"{C\363\364\327_\236\363b\242o\221\341\226\361\252\011"
 194      D75F9EF3 
 194      62A26F91 
 194      E196F1AA 
 194      09
 195 0186 1586B0ED 		.ascii	"\025\206\260\355\306\262\336\202\341G\036H\035\200\220"
 195      C6B2DE82 
 195      E1471E48 
 195      1D8090
 196 0195 12CA4181 		.ascii	"\022\312A\201]\012\016\225!%:\202\260\225p\226\000\312"
 196      5D0A0E95 
 196      21253A82 
 196      B0957096 
 196      00CA
 197 01a7 07FF45BA 		.ascii	"\007\377E\2729\270K\020\006\363\005<\203C\013\003\320"
 197      39B84B10 
 197      06F3053C 
 197      83430B03 
 197      D0
 198 01b8 BC000E1D 		.ascii	"\274\000\016\035Ej:\304\241\343\300\352\030\320\310"
 198      456A3AC4 
ARM GAS  /tmp/ccaWPCqA.s 			page 15


 198      A1E3C0EA 
 198      18D0C8
 199 01c7 1214B407 		.ascii	"\022\024\264\007\364\265\247\216u\311\374\322(yA\230"
 199      F4B5A78E 
 199      75C9FCD2 
 199      28794198 
 200 01d7 89A8EC52 		.ascii	"\211\250\354R\300\225P\366'\220\237\325\006\202Nk\316"
 200      C09550F6 
 200      27909FD5 
 200      06824E6B 
 200      CE
 201 01e8 CBF6528A 		.ascii	"\313\366R\212:\222_\252\003\3205\355\243\225>R\331_"
 201      3A925FAA 
 201      03D035ED 
 201      A3953E52 
 201      D95F
 202 01fa BD4CF6F1 		.ascii	"\275L\366\361\032S\265\\\265\205\310fn<\211\374$~<\205"
 202      1A53B55C 
 202      B585C866 
 202      6E3C89FC 
 202      247E3C85 
 203 020e 54C45652 		.ascii	"T\304VR\023\"M=\177q\353\362r\253\313K\030\217g\017"
 203      13224D3D 
 203      7F71EBF2 
 203      72ABCB4B 
 203      188F670F 
 204 0222 77B58B2E 		.ascii	"w\265\213.'s\023L\355\351S\230\313{\311p\374H\301#\037"
 204      2773134C 
 204      EDE95398 
 204      CB7BC970 
 204      FC48C123 
 205 0237 67179C01 		.ascii	"g\027\234\001i\247\251\264\012J\263\334J\263-\367A\255"
 205      69A7A9B4 
 205      0A4AB3DC 
 205      4AB32DF7 
 205      41AD
 206 0249 CAD928B7 		.ascii	"\312\331(\267h\323\204\345\241\217\324\250\263\016F"
 206      68D384E5 
 206      A18FD4A8 
 206      B30E46
 207 0258 9944A34C 		.ascii	"\231D\243L\224X\3017\0255r\306\323\007\232/j\007\333"
 207      9458C137 
 207      153572C6 
 207      D3079A2F 
 207      6A07DB
 208 026b 7CDC1A59 		.ascii	"|\334\032Ye5\262\222\031\371\274+\376\005\317&\373B"
 208      6535B292 
 208      19F9BC2B 
 208      FE05CF26 
 208      FB42
 209 027d 73B2BFBD 		.ascii	"s\262\277\275@\314\253A2\274\275\255;\301\313\331\310"
 209      40CCAB41 
 209      32BCBDAD 
 209      3BC1CBD9 
 209      C8
 210 028e 7320AD9A 		.ascii	"s \255\232J3S\332UV\332\2657\223:\261\263\221n\321\365"
 210      4A3353DA 
ARM GAS  /tmp/ccaWPCqA.s 			page 16


 210      5556DAB5 
 210      37933AB1 
 210      B3916ED1 
 211 02a3 17EBF629 		.ascii	"\027\353\366)\244F\236w0\322\"\032i\241Ff\231F\033E"
 211      A4469E77 
 211      30D2221A 
 211      69A14666 
 211      99461B45 
 212 02b7 231584E7 		.ascii	"#\025\204\347\301\262\315\012\354I\362\035u7\024\225"
 212      C1B2CD0A 
 212      EC49F21D 
 212      75371495 
 213 02c7 90553747 		.ascii	"\220U7G\211\310>;\005\272\216=\256x\352\303\272\010"
 213      89C83E3B 
 213      05BA8E3D 
 213      AE78EAC3 
 213      BA08
 214 02d9 A2E7E9E1 		.ascii	"\242\347\351\341esK\255\013!\300\276`\257o\037>\340"
 214      65734BAD 
 214      0B21C0BE 
 214      60AF6F1F 
 214      3EE0
 215 02eb 89A71310 		.ascii	"\211\247\023\020\277\247\261\315\"Cj%]0\346\372\321"
 215      BFA7B1CD 
 215      22436A25 
 215      5D30E6FA 
 215      D1
 216 02fc 39E99B04 		.ascii	"9\351\233\004\201G\215`B\003\002\266h.a3\207\220O\266"
 216      81478D60 
 216      420302B6 
 216      682E6133 
 216      87904FB6 
 217 0310 71E66C84 		.ascii	"q\346l\204\321E\310e\320Gp\250\016:/0\007\027\035H\317"
 217      D145C865 
 217      D04770A8 
 217      0E3A2F30 
 217      07171D48 
 218 0325 F7C05B11 		.ascii	"\367\300[\021\325QW\335yK\206\224j\227\002\232]\010"
 218      D55157DD 
 218      794B8694 
 218      6A97029A 
 218      5D08
 219 0337 6064068A 		.ascii	"`d\006\212_\253\333@\310\\\0022Mv2\215VW&\325\216\245"
 219      5FABDB40 
 219      C85C0232 
 219      4D76328D 
 219      565726D5 
 220 034d FBE031A6 		.ascii	"\373\3401\246$\365B\375S\271\315\220\236\206w\257\334"
 220      24F542FD 
 220      53B9CD90 
 220      9E8677AF 
 220      DC
 221 035e 24C1B80A 		.ascii	"$\301\270\012s/\333\347^Bn-\271\342\332\222\226\241"
 221      732FDBE7 
 221      5E426E2D 
 221      B9E2DA92 
 221      96A1
ARM GAS  /tmp/ccaWPCqA.s 			page 17


 222 0370 E10C5F5C 		.ascii	"\341\014_\\F7\031\224=\322\335\357\305\342\241\226l"
 222      46371994 
 222      3DD2DDEF 
 222      C5E2A196 
 222      6C
 223 0381 757E6CAB 		.ascii	"u~l\253\033\317\273\273\203\307\247\0314\2714\265\006"
 223      1BCFBBBB 
 223      83C7A719 
 223      34B934B5 
 223      06
 224 0392 93844CFC 		.ascii	"\223\204L\374\217L\206\031e\223\273z}p%\233\376$\351"
 224      8F4C8619 
 224      6593BB7A 
 224      7D70259B 
 224      FE24E9
 225 03a5 5EAF3713 		.ascii	"^\2577\023=\003\232G\306{\312\345\370<\033\333\266\313"
 225      3D039A47 
 225      C67BCAE5 
 225      F83C1BDB 
 225      B6CB
 226 03b7 6291E13A 		.ascii	"b\221\341:\326(\330\223\276I\216\233X\243hGZ\231\022"
 226      D628D893 
 226      BE498E9B 
 226      58A36847 
 226      5A9912
 227 03ca 37B3C6F5 		.ascii	"7\263\306\365\301K{\275YVO\205\346\205\311\357\315S"
 227      C14B7BBD 
 227      59564F85 
 227      E685C9EF 
 227      CD53
 228 03dc 98441E9A 		.ascii	"\230D\036\232\231\305m\023^\370\012\203\026N<\033$\311"
 228      99C56D13 
 228      5EF80A83 
 228      164E3C1B 
 228      24C9
 229 03ee 349B2413 		.ascii	"4\233$\023\226\244\322l\226J\347\232.\036T\341\026\012"
 229      96A4D26C 
 229      964AE79A 
 229      2E1E54E1 
 229      160A
 230 0400 E6D3F24A 		.ascii	"\346\323\362JR\274\254\341\004\363\344j\016u\201\031"
 230      52BCACE1 
 230      04F3E46A 
 230      0E758119 
 231 0410 DDC4B63E 		.ascii	"\335\304\266>\260m\266h[/t\366\330\302Y\177\362\325"
 231      B06DB668 
 231      5B2F74F6 
 231      D8C2597F 
 231      F2D5
 232 0422 0A41988A 		.ascii	"\012A\230\212\356@D\276\266Gd\266\030\314\352\364\316"
 232      EE4044BE 
 232      B64764B6 
 232      18CCEAF4 
 232      CE
 233 0433 FB4ADCCB 		.ascii	"\373J\334\313T\374\220\2301`\317\312\201\342\005\265"
 233      54FC9098 
 233      3160CFCA 
ARM GAS  /tmp/ccaWPCqA.s 			page 18


 233      81E205B5 
 234 0443 3411EEC3 		.ascii	"4\021\356\303\324\273\366\251w\354\301t\246q\317\005"
 234      D4BBF6A9 
 234      77ECC174 
 234      A671CF05 
 235 0453 0DB29B8D 		.ascii	"\015\262\233\215\347W*p?{b\214\214m\355P\"\377\300@"
 235      E7572A70 
 235      3F7B628C 
 235      8C6DED50 
 235      22FFC040 
 236 0467 75BAB876 		.ascii	"u\272\270v\027\363\234d)>D\376D\000z\004\262\276A\201"
 236      17F39C64 
 236      293E44FE 
 236      44007A04 
 236      B2BE4181 
 237 047b A81F05D2 		.ascii	"\250\037\005\322\025\224O\024B\206\005V\015\367\012"
 237      15944F14 
 237      42860556 
 237      0DF70A
 238 048a C21615A5 		.ascii	"\302\026\025\245u\033h\221\0116\006\032\"\242\213\010"
 238      751B6891 
 238      0936061A 
 238      22A28B08 
 239 049a 122758DE 		.ascii	"\022'X\336\313\024\314\011\230\242\037\270D\317'`f\362"
 239      CB14CC09 
 239      98A21FB8 
 239      44CF2760 
 239      66F2
 240 04ac 8B4A25AC 		.ascii	"\213J%\254Y\202\341Dk\331\332\225\335\274\375d\007B"
 240      5982E144 
 240      6BD9DA95 
 240      DDBCFD64 
 240      0742
 241 04be 81D3D481 		.ascii	"\201\323\324\201\371\024\330Z\345\033O\305\022q\235"
 241      F914D85A 
 241      E51B4FC5 
 241      12719D
 242 04cd 20F65B34 		.ascii	" \366[4\315\236iv\261;\304\235q\261Lj\"\001\023\023"
 242      CD9E6976 
 242      B13BC49D 
 242      71B14C6A 
 242      22011313 
 243 04e1 9F808903 		.ascii	"\237\200\211\003`\342c\321DF\342I\345\214xA@\004%e\301"
 243      60E263D1 
 243      4446E249 
 243      E58C7841 
 243      40042565 
 244 04f6 CC19ABF4 		.ascii	"\314\031\253\364\333\231(4\314\243\253\263\303\275b"
 244      DB992834 
 244      CCA3ABB3 
 244      C3BD62
 245 0505 F0FA7065 		.ascii	"\360\372pe\323%~\0320\210w\313\200sP/I^?\226\274I5-"
 245      D3257E1A 
 245      308877CB 
 245      8073502F 
 245      495E3F96 
 246 051d A754F85B 		.ascii	"\247T\370[\226\255\367\232\216%(\360\020k\354k>\332"
ARM GAS  /tmp/ccaWPCqA.s 			page 19


 246      96ADF79A 
 246      8E2528F0 
 246      106BEC6B 
 246      3EDA
 247 052f 24C7DFB1 		.ascii	"$\307\337\261\206\251\344\350u\036?c\215\322\212\301"
 247      86A9E4E8 
 247      751E3F63 
 247      8DD28AC1 
 248 053f 14841331 		.ascii	"\024\204\0231m\014m:f\304[\330}\322\336\264+\342\356"
 248      6D0C6D3A 
 248      66C45BD8 
 248      7DD2DEB4 
 248      2BE2EE
 249 0552 FF063433 		.ascii	"\377\006436\347\364\312\304G\034Y\031'Z\017\233\024"
 249      36E7F4CA 
 249      C4471C59 
 249      19275A0F 
 249      9B14
 250 0564 388D627D 		.ascii	"8\215b}\322\212\322N+Q \\\376\201\354R\347\013I\211"
 250      D28AD24E 
 250      2B51205C 
 250      FE81EC52 
 250      E70B4989 
 251 0578 10CE77F7 		.ascii	"\020\316w\367\010\346$\330\037\300\37410\177\022\374"
 251      08E624D8 
 251      1FC0FC31 
 251      307F12FC 
 252 0588 EF68FE61 		.ascii	"\357h\376a1\370\004=\361\236\035=\341\214\276\216l\336"
 252      31F8043D 
 252      F19E1D3D 
 252      E18CBE8E 
 252      6CDE
 253 059a 62E86F24 		.ascii	"b\350o$\350Vg\364\015g\364\260\004}\3235\232Q\261\245"
 253      E85667F4 
 253      0D67F4B0 
 253      047DD335 
 253      9A51B1A5 
 254 05ae 3944E029 		.ascii	"9D\340)\000\306\351\330\244\230\346\233x5J\344\003\321"
 254      00C6E9D8 
 254      A498E69B 
 254      78354AE4 
 254      03D1
 255 05c0 33088400 		.ascii	"3\010\204\000u\022\224\004(\033\241l\200\022\017\345"
 255      75129404 
 255      281BA16C 
 255      80120FE5 
 256 05d0 398CBD80 		.ascii	"9\214\275\200\362\203m)\020\002\215\022W|\347L\240\306"
 256      F2836D29 
 256      10028D12 
 256      577CE74C 
 256      A0C6
 257 05e2 99EE1D09 		.ascii	"\231\356\035\011\335[\316\3506\344\354\271\016\211\360"
 257      DD5BCEE8 
 257      36E4ECB9 
 257      0E89F0
 258 05f1 1167F890 		.ascii	"\021g\370\220\263\360\211w\354\350\357]FE\002\276.\021"
 258      B3F08977 
ARM GAS  /tmp/ccaWPCqA.s 			page 20


 258      ECE8EF5D 
 258      464502BE 
 258      2E11
 259 0603 3DEA9AB7 		.ascii	"=\352\232\267\215\011,\262\333UJ\206\037\204\234mw\315"
 259      8D092CB2 
 259      DB554A86 
 259      1F849C6D 
 259      77CD
 260 0615 5C22FDBE 		.ascii	"\\\"\375\276u\201\020\361\303\256\2313\361\342j3\371"
 260      758110F1 
 260      C3AE9933 
 260      F1E26A33 
 260      F9
 261 0626 D1D536E9 		.ascii	"\321\3256\351\274\346\221\271y\374\244\034\357\242\011"
 261      BCE691B9 
 261      79FCA41C 
 261      EFA209
 262 0635 C9F7673F 		.ascii	"\311\367g?,\361D\376jW\301D[ \206\377M<\031\223\272"
 262      2CF144FE 
 262      6A57C144 
 262      5B2086FF 
 262      4D3C1993 
 263 064a 6A0FB2F9 		.ascii	"j\017\262\371l\346\375Q2o\333m\011/JgKc\307v_\351\011"
 263      6CE6FD51 
 263      326FDB6D 
 263      092F4A67 
 263      4B63C776 
 264 0661 8600ED2B 		.ascii	"\206\000\355+:\205W\211S\310\211}s\346\003\037\234\307"
 264      3A855789 
 264      53C8897D 
 264      73E6031F 
 264      9CC7
 265 0673 A8B75C1E 		.ascii	"\250\267\\\036\252\360Ej\025\323r\271cj\"\2617\025\360"
 265      AAF0456A 
 265      15D372B9 
 265      636A22B1 
 265      3715F0
 266 0686 5BED6A60 		.ascii	"[\355j`:Tn\244\243m`\224\203\202\321\235\035=\276\270"
 266      3A546EA4 
 266      A36D6094 
 266      8382D19D 
 266      1D3DBEB8 
 267 069a 143B9C89 		.ascii	"\024;\234\211B~|&\012a\017\262\307W\257\334@\370+\306"
 267      427E7C26 
 267      0A610FB2 
 267      C757AFDC 
 267      40F82BC6 
 268 06ae A7765FDF 		.ascii	"\247v_\337\011\017w\347\222]\240)D|\202\244\363\001"
 268      090F77E7 
 268      925DA029 
 268      447C82A4 
 268      F301
 269 06c0 288DB73D 		.ascii	"(\215\267=\310\306\027\214\321C\322N^\211v\330\231\207"
 269      C8C6178C 
 269      D143D24E 
 269      5E8976D8 
 269      9987
ARM GAS  /tmp/ccaWPCqA.s 			page 21


 270 06d2 B02799FC 		.ascii	"\260'\231\374fUc\246\234l\031\376j\266U>H\301\231\205"
 270      665563A6 
 270      9C6C19FE 
 270      6AB6553E 
 270      48C19985 
 271 06e6 97B70AB9 		.ascii	"\227\267\012\271\026D\347l\2079\231\274\2735Bf\014\377"
 271      1644E76C 
 271      873999BC 
 271      BB354266 
 271      0CFF
 272 06f8 92651AF1 		.ascii	"\222e\032\361\3155\344\204\3268\201\357\250\031\230"
 272      CD35E484 
 272      D63881EF 
 272      A81998
 273 0707 1C756A5D 		.ascii	"\034uj]\202\177\274\374\355gp\202&\351\262\007\354\315"
 273      827FBCFC 
 273      ED677082 
 273      26E9B207 
 273      ECCD
 274 0719 8094D80D 		.ascii	"\200\224\330\015\345K^\232\016\255\373Yb\002\322)1\237"
 274      E54B5E9A 
 274      0EADFB59 
 274      6202D229 
 274      319F
 275 072b 168D8C62 		.ascii	"\026\215\214b\\.c\007\260'\343Y\012\244\366\027\243"
 275      5C2E6307 
 275      B027E359 
 275      0AA4F617 
 275      A3
 276 073c 5B447328 		.ascii	"[Ds(\007\244g\331]DD\270&\202\262A\377\313\270\200\272"
 276      07A467D9 
 276      5D4444B8 
 276      2682B241 
 276      FFCBB880 
 277 0751 D6B4D4C3 		.ascii	"\326\264\324\303\336\322\304\313qH\274\275<;:C\015\340"
 277      DED2C4CB 
 277      7148BCBD 
 277      3C3B3A43 
 277      0DE0
 278 0763 F26DB555 		.ascii	"\362m\265U\374mx\302\302K2\232JE \304\376\021-\2649"
 278      FC6D78C2 
 278      C24B329A 
 278      4A4520C4 
 278      FE112DB4 
 279 0778 69BD10A2 		.ascii	"i\275\020\242\375\320\313s\342\253\256\265\013Yg\210"
 279      FDD0CB73 
 279      E2ABAEB5 
 279      0B596788 
 280 0788 6D5E6CF2 		.ascii	"m^l\362\242H\372\023'#\211D6\3144Y/\216\301\031\023"
 280      A248FA13 
 280      27238944 
 280      36CC3459 
 280      2F8EC119 
 281 079d 8E4A67B3 		.ascii	"\216Jg\263\021oW\200\220t\202D \243-\216\333\370qv\343"
 281      116F5780 
 281      90748244 
 281      20A32D8E 
ARM GAS  /tmp/ccaWPCqA.s 			page 22


 281      DBF87176 
 282 07b2 90D55543 		.ascii	"\220\325UC{.\335W\366\300\331\002zr\027#\332\367\365"
 282      7B2EDD57 
 282      F6C0D902 
 282      7A721723 
 282      DAF7F5
 283 07c5 F5CAE70A 		.ascii	"\365\312\347\012\\I\243\205\316\336z"
 283      5C49A385 
 283      CEDE7A
 284 07d0 749797F1 		.ascii	"t\227\227\361\314]\3503\031\351K\331^u\300kF\006}_H"
 284      CC5DE833 
 284      19E94BD9 
 284      5E75C06B 
 284      46067D5F 
 285 07e5 14A6F234 		.ascii	"\024\246\3624\243\254G\024\016\345\3633\340?\217\227"
 285      A3AC4714 
 285      0EE5F333 
 285      E03F8F97 
 286 07f5 3115C95D 		.ascii	"1\025\311]g\352\321k\271Bn\257`\236\314\304\233k\352"
 286      67EAD16B 
 286      B9426EAF 
 286      609ECCC4 
 286      9B6BEA
 287 0808 21C3D162 		.ascii	"!\303\321b\002C\271\366\220\303-\374\357\347{\020\332"
 287      0243B9F6 
 287      90C32DFC 
 287      EFE77B10 
 287      DA
 288 0819 07F1E050 		.ascii	"\007\361\340P\001\377\032\314>\224\231\330\344\215\273"
 288      01FF1ACC 
 288      3E9499D8 
 288      E48DBB
 289 0828 1999ACEE 		.ascii	"\031\231\254\356\256\273JJ\206hdd\256u_\272(\263\021"
 289      AEBB4A4A 
 289      86686464 
 289      AE755FBA 
 289      28B311
 290 083b 2CE469E7 		.ascii	",\344i\347\015\323!\263B\312\360\223W$\004\017Q\202"
 290      0DD321B3 
 290      42CAF093 
 290      5724040F 
 290      5182
 291 084d 07AD045B 		.ascii	"\007\255\004[\022\232*\260H\2605[\005\213\004\316\211"
 291      129A2AB0 
 291      48B0355B 
 291      058B04CE 
 291      89
 292 085e B06C0186 		.ascii	"\260l\001\206\016\330\011\036p&x\230\022|~\273o\230"
 292      0ED8091E 
 292      70267898 
 292      127C7EBB 
 292      6F98
 293 0870 C7FD8C60 		.ascii	"\307\375\214`qs\321\0172\374=K\364m\226\234\307*w\333"
 293      7173D10F 
 293      32FC3D4B 
 293      F46D969C 
 293      C72A77DB 
ARM GAS  /tmp/ccaWPCqA.s 			page 23


 294 0884 4629EFEE 		.ascii	"F)\357\356u\246\247a\336-\372JR\002[@1\357\364JBB\262"
 294      75A6A761 
 294      DE2DFA4A 
 294      52025B40 
 294      31EFF44A 
 295 089b BD701C53 		.ascii	"\275p\034S\213\011\202y\241G\030~\214m^8\302\274po`"
 295      8B098279 
 295      A147187E 
 295      8C6D5E38 
 295      C2BC706F 
 296 08b0 62B7A75B 		.ascii	"b\267\247[/\034\243^8j\365\302\231\354\256}\236\366"
 296      2F1CA35E 
 296      386AF5C2 
 296      99ECAE7D 
 296      9EF6
 297 08c2 30F5D7DC 		.ascii	"0\365\327\334\023\004\245\214\240P\221\235D\221\263"
 297      1304A58C 
 297      A050919D 
 297      4491B3
 298 08d1 13CAA813 		.ascii	"\023\312\250\023\314\203\00721\026\344\324\011\203#"
 298      CC830732 
 298      3116E4D4 
 298      098323
 299 08e0 5D3779E9 		.ascii	"]7y\351\362#\357\271\366\345w\202-?\362\356\222su#\013"
 299      F223EFB9 
 299      F6E57782 
 299      2D3FF2EE 
 299      92737523 
 300 08f5 E7095B6E 		.ascii	"\347\011[nm\254\355\335\357\345\226\363I\312\371++\347"
 300      6DACEDDD 
 300      EFE596F3 
 300      49CAF92B 
 300      2BE7
 301 0907 6799D712 		.ascii	"g\231\327\022\247\000g8^\233\333\212\360\321\315u[\205"
 301      A7006738 
 301      5E9BDB8A 
 301      F0D1CD75 
 301      5B85
 302 0919 3C4461E8 		.ascii	"<Da\350\270\235\364q\236}\325A\247(\331o\013\023wN\301"
 302      B89DF471 
 302      9E7DD541 
 302      A728D96F 
 302      0B13774E 
 303 092e 858CAC2B 		.ascii	"\205\214\254+g~\267\351\336edK\263\323\314\231y\267"
 303      677EB7E9 
 303      DE65644B 
 303      B3D3CC99 
 303      79B7
 304 0940 FAF6FAD2 		.ascii	"\372\366\372\322N\262\331\236a\235\2273\012\033\261"
 304      4EB2D99E 
 304      619D9733 
 304      0A1BB1
 305 094f 5BB66729 		.ascii	"[\266g)\333\012+\333\241k\217\217x\210l;\033\346m-\330"
 305      DB0A2BDB 
 305      A16B8F8F 
 305      78886C3B 
 305      1BE66D2D 
ARM GAS  /tmp/ccaWPCqA.s 			page 24


 306 0964 685E4541 		.ascii	"h^EA\250\334\316\265\334\312\325D\271\216\226\2326\340"
 306      A8DCCEB5 
 306      DCCAD544 
 306      B98E969A 
 306      36E0
 307 0976 5926F97E 		.ascii	"Y&\371~\330#O\"?\032\250\201\221D\031\256g\364\363\232"
 307      D8234F22 
 307      3F1AA881 
 307      914419AE 
 307      67F4F39A 
 308 098a 473294B8 		.ascii	"G2\224\270\2055\372,\235)\036\257\027\010W\3154\204"
 308      8535FA2C 
 308      9D291EAF 
 308      170857CD 
 308      3484
 309 099c 297D4942 		.ascii	")}IB\374\016\330\220\3117\237jP\001+J\362\245\250\012"
 309      FC0ED890 
 309      C9379F6A 
 309      50012B4A 
 309      F2A5A80A 
 310 09b0 7A2AF959 		.ascii	"z*\371Y\034:\307\277NL\261TlD\263nSMg\231\246\316\272"
 310      1C3AC7BF 
 310      4E4CB154 
 310      6C44B36E 
 310      534D6799 
 311 09c7 73ADDEF8 		.ascii	"s\255\336\370\021\023\336T[}\324S\024~\347\347\361\271"
 311      1113DE54 
 311      5B7DD453 
 311      147EE7E7 
 311      F1B9
 312 09d9 E6A499F4 		.ascii	"\346\244\231\364\273\013\021\014+A\362\2448\017=f\""
 312      BB0B110C 
 312      2B41F2A4 
 312      380F3D66 
 312      22
 313 09ea D84205B7 		.ascii	"\330B\005\267d\013\307\225\263\236R\301\347\231\340"
 313      640BC795 
 313      B39E52C1 
 313      E799E0
 314 09f9 07A6C90D 		.ascii	"\007\246\311\015\0368\331\203\012\276V\260!u\212(\270"
 314      1E38D983 
 314      0ABE56B0 
 314      21758A28 
 314      B8
 315 0a0a E35526F8 		.ascii	"\343U&\370\274(\030\262K\362\205\244\026zj\210\340\013"
 315      BC2818B2 
 315      4BF285A4 
 315      167A6A88 
 315      E00B
 316 0a1c 5470F193 		.ascii	"Tp\361\223\234,\207/$$\354\366<\253\023\267\371:\272"
 316      9C2C872F 
 316      2424ECF6 
 316      3CAB13B7 
 316      F93ABA
 317 0a2f CD37D45B 		.ascii	"\3157\324[Z\260\3037#\007p\275\010&\265,,B\027+[\247"
 317      5AB0C337 
 317      230770BD 
ARM GAS  /tmp/ccaWPCqA.s 			page 25


 317      0826B52C 
 317      2C42172B 
 318 0a45 337CAE58 		.ascii	"3|\256X\376\247\217g\276?\177>\247\324j\343\"\243\215"
 318      FEA78F67 
 318      BE3F7F3E 
 318      A7D46AE3 
 318      22A38D
 319 0a58 0B17688D 		.ascii	"\013\027h\215\237k\"b\326\3515Q\372\230h]lx\214&Xo\010"
 319      9F6B2262 
 319      D6E93551 
 319      FA98685D 
 319      6C788C26 
 320 0a6f D3C5AED5 		.ascii	"\323\305\256\325\0314k\303\302\202t\261\353\202\242"
 320      19346BC3 
 320      C28274B1 
 320      EB82A2
 321 0a7e 63A2F541 		.ascii	"c\242\365Az\335g\221A\213\202\026\314\233\377V\320?"
 321      7ADD6791 
 321      418B8216 
 321      CC9BFF56 
 321      D03F
 322 0a90 E607C5AD 		.ascii	"\346\007\305\255\017\327\031\365\032\207aMdtXT\\\270"
 322      0FD719F5 
 322      1A87614D 
 322      64745854 
 322      5CB8
 323 0aa2 5EB34E17 		.ascii	"^\263N\027\026\021\031\255\327h\303\365ktqQF\255\361"
 323      161119AD 
 323      D768C3F5 
 323      6B747151 
 323      46ADF1
 324 0ab5 8BF57AC3 		.ascii	"\213\365z\303\334\010NaU\372\367\377\275R\303\027\006"
 324      DC084E61 
 324      55FAF7FF 
 324      BD52C317 
 324      06
 325 0ac6 8DD6600C 		.ascii	"\215\326`\014\007\015\240I\025\031\263>&\326H\214\326"
 325      070DA049 
 325      1519B33E 
 325      26D6488C 
 325      D6
 326 0ad7 1ADF983B 		.ascii	"\032\337\230;W\243\2111h\"tQ\032\322k\320\254\376\350"
 326      57A38931 
 326      68227451 
 326      1AD26BD0 
 326      ACFEE8
 327 0aea C3850B34 		.ascii	"\303\205\0134+W\006k\226\257\372 \344\237\0134\353u"
 327      2B57066B 
 327      96AFFA20 
 327      E49F0B34 
 327      EB75
 328 0afc 51DAA8A8 		.ascii	"Q\332\250\250p\230\351A\020\221\341\262?,\013]A\376"
 328      7098E941 
 328      1091E1B2 
 328      3F2C0B5D 
 328      41FE
 329 0b0e 56CA56BE 		.ascii	"V\312V\276\377\307P\331\222\325\241\241\350S\264B\036"
ARM GAS  /tmp/ccaWPCqA.s 			page 26


 329      FFC750D9 
 329      92D5A1A1 
 329      E853B442 
 329      1E
 330 0b1f 16A5D7C5 		.ascii	"\026\245\327\305\212\376\233\277HkTXo\260Ao\304!\301"
 330      8AFE9BBF 
 330      486B5458 
 330      6FB0416F 
 330      C421C1
 331 0b32 A1F883E0 		.ascii	"\241\370\203\340P\371\252\217W\005\207z\206\254^\265"
 331      50F9AA8F 
 331      5705877A 
 331      86AC5EB5 
 332 0b42 746970A8 		.ascii	"tip\250G\310G\177]\2654T\376aH\360\322P\274$4Te0\256"
 332      47C8477F 
 332      5DB53454 
 332      FE6148F0 
 332      D250BC24 
 333 0b5b 0337AC5D 		.ascii	"\0037\254]\037\031\2435*\031\325\310p\255\321#f\315"
 333      1F19A335 
 333      2A19D5C8 
 333      70ADD123 
 333      66CD
 334 0b6d 1A90A222 		.ascii	"\032\220\242\"\"\265kt\006\343o\265\306\277\375\037"
 334      22B56B74 
 334      06E36FB5 
 334      C6BFFD1F 
 335 0b7d 5C65F5D2 		.ascii	"\\e\365\322O%\216\261\016\202'`D\376A\310\2228\203\022"
 335      4F258EB1 
 335      0E822760 
 335      44FE41C8 
 335      92388312 
 336 0b91 1AA17A5D 		.ascii	"\032\241z]8\334N\227@\015\261a\024\026\306yC\365il\244"
 336      38DC4E97 
 336      400DB161 
 336      1416C679 
 336      43F5696C 
 337 0ba6 510F081F 		.ascii	"Q\017\010\037\270_\2557\302\335\2071\341zEd\314:\250"
 337      B85FAD37 
 337      C2DD8731 
 337      E17A4564 
 337      CC3AA8
 338 0bb9 B446AFB0 		.ascii	"\264F\257\260\210\325_\030V\350\242\214?\023E\304\032"
 338      88D55F18 
 338      56E8A28C 
 338      3F1345C4 
 338      1A
 339 0bca 6DCAC222 		.ascii	"m\312\302\" l\240n\272V\014\200\026\314_\033\033\023"
 339      206CA06E 
 339      BA560C80 
 339      16CC5F1B 
 339      1B13
 340 0bdc B79E4CF6 		.ascii	"\267\236L\366\266\253\347|\264\3325q\321aZ\355\334\267"
 340      B6ABE77C 
 340      B4DA3571 
 340      D1615AED 
 340      DCB7
ARM GAS  /tmp/ccaWPCqA.s 			page 27


 341 0bee 162D7A5B 		.ascii	"\026-z[am\251$\004\0340o\275\351\353\300\307q\360\355"
 341      616DA924 
 341      041C306F 
 341      BDE9EBC0 
 341      C771F0ED 
 342 0c02 7F03A022 		.ascii	"\177\003\240\"\332\220"
 342      DA90
 343              		.text
 344              		.section	.gnu.lto_.symtab.ae2ea13b0ba70795,"",%progbits
 345 0000 70616C52 		.ascii	"palReadBus\000"
 345      65616442 
 345      757300
 346 000b 00       		.ascii	"\000"
 347 000c 00       		.ascii	"\000"
 348 000d 00       		.ascii	"\000"
 349 000e 00000000 		.ascii	"\000\000\000\000\000\000\000\000"
 349      00000000 
 350 0016 23010000 		.ascii	"#\001\000\000"
 351 001a 70616C57 		.ascii	"palWriteBus\000"
 351      72697465 
 351      42757300 
 352 0026 00       		.ascii	"\000"
 353 0027 00       		.ascii	"\000"
 354 0028 00       		.ascii	"\000"
 355 0029 00000000 		.ascii	"\000\000\000\000\000\000\000\000"
 355      00000000 
 356 0031 28010000 		.ascii	"(\001\000\000"
 357 0035 70616C53 		.ascii	"palSetBusMode\000"
 357      65744275 
 357      734D6F64 
 357      6500
 358 0043 00       		.ascii	"\000"
 359 0044 00       		.ascii	"\000"
 360 0045 00       		.ascii	"\000"
 361 0046 00000000 		.ascii	"\000\000\000\000\000\000\000\000"
 361      00000000 
 362 004e 30010000 		.ascii	"0\001\000\000"
 363 0052 63685379 		.ascii	"chSysHalt\000"
 363      7348616C 
 363      7400
 364 005c 00       		.ascii	"\000"
 365 005d 02       		.ascii	"\002"
 366 005e 00       		.ascii	"\000"
 367 005f 00000000 		.ascii	"\000\000\000\000\000\000\000\000"
 367      00000000 
 368 0067 35010000 		.ascii	"5\001\000\000"
 369 006b 5F70616C 		.ascii	"_pal_lld_setgroupmode\000"
 369      5F6C6C64 
 369      5F736574 
 369      67726F75 
 369      706D6F64 
 370 0081 00       		.ascii	"\000"
 371 0082 02       		.ascii	"\002"
 372 0083 00       		.ascii	"\000"
 373 0084 00000000 		.ascii	"\000\000\000\000\000\000\000\000"
 373      00000000 
 374 008c 3B010000 		.ascii	";\001\000\000"
ARM GAS  /tmp/ccaWPCqA.s 			page 28


 375              		.text
 376              		.section	.gnu.lto_.opts,"",%progbits
 377 0000 272D666D 		.ascii	"'-fmath-errno' '-fsigned-zeros' '-ftrapping-math' '"
 377      6174682D 
 377      6572726E 
 377      6F272027 
 377      2D667369 
 378 0033 2D666E6F 		.ascii	"-fno-trapv' '-fno-openmp' '-fno-openacc' '-mcpu=cor"
 378      2D747261 
 378      70762720 
 378      272D666E 
 378      6F2D6F70 
 379 0066 7465782D 		.ascii	"tex-m4' '-mno-thumb-interwork' '-mthumb' '-ggdb' '-"
 379      6D342720 
 379      272D6D6E 
 379      6F2D7468 
 379      756D622D 
 380 0099 4F322720 		.ascii	"O2' '-w' '-fomit-frame-pointer' '-falign-functions="
 380      272D7727 
 380      20272D66 
 380      6F6D6974 
 380      2D667261 
 381 00cc 31362720 		.ascii	"16' '-ffunction-sections' '-fdata-sections' '-fno-c"
 381      272D6666 
 381      756E6374 
 381      696F6E2D 
 381      73656374 
 382 00ff 6F6D6D6F 		.ascii	"ommon' '-flto'\000"
 382      6E272027 
 382      2D666C74 
 382      6F2700
 383              		.text
 384              		.comm	__gnu_lto_v1,1,1
 385              		.comm	__gnu_lto_slim,1,1
 386              		.ident	"GCC: (GNU Tools for ARM Embedded Processors 6-2017-q1-update) 6.3.1 20170215 (release) [AR
ARM GAS  /tmp/ccaWPCqA.s 			page 29


DEFINED SYMBOLS
                            *ABS*:0000000000000000 pal.c
                            *COM*:0000000000000001 __gnu_lto_v1
                            *COM*:0000000000000001 __gnu_lto_slim

NO UNDEFINED SYMBOLS
