ARM GAS  /tmp/ccErMqPv.s 			page 1


   1              		.cpu cortex-m4
   2              		.eabi_attribute 20, 1
   3              		.eabi_attribute 21, 1
   4              		.eabi_attribute 23, 3
   5              		.eabi_attribute 24, 1
   6              		.eabi_attribute 25, 1
   7              		.eabi_attribute 26, 1
   8              		.eabi_attribute 30, 2
   9              		.eabi_attribute 34, 1
  10              		.eabi_attribute 18, 4
  11              		.file	"pal_lld.c"
  12              		.text
  13              	.Ltext0:
  14              		.section	.gnu.lto_.profile.608fe31a37522277,"",%progbits
  15 0000 789C6365 		.ascii	"x\234ce`b`c```d\270\314x\221\021\000\005\240\001\265"
  15      60626063 
  15      60606064 
  15      B8CC7891 
  15      110005A0 
  16              		.text
  17              		.section	.gnu.lto_.icf.608fe31a37522277,"",%progbits
  18 0000 789C6365 		.ascii	"x\234ce`b\340c@\000&\206U}\007\257\2623^\177\274\366"
  18      6062E063 
  18      40002686 
  18      557D07AF 
  18      B2335E7F 
  19 0016 212B0300 		.ascii	"!+\003\000.\246\006;"
  19      2EA6063B 
  20              		.text
  21              		.section	.gnu.lto_.jmpfuncs.608fe31a37522277,"",%progbits
  22 0000 789C6365 		.ascii	"x\234ce`b\020`@\000&\006FF\306zFf \311^__\317\000\000"
  22      60621060 
  22      40002606 
  22      4646C67A 
  22      466620C9 
  23 001a 0D4C0227 		.ascii	"\015L\002'"
  24              		.text
  25              		.section	.gnu.lto_.inline.608fe31a37522277,"",%progbits
  26 0000 789C6365 		.ascii	"x\234ce`b\330\305\200\000L\014\014\355\214m\214\214"
  26      6062D8C5 
  26      80004C0C 
  26      0CED8C6D 
  26      8C8C
  27 0012 EC0C0A8C 		.ascii	"\354\014\012\214\014\314\012`\322\001L&\200\311\006"
  27      0CCC0A60 
  27      D2014C26 
  27      80C906
  28 0021 4630B500 		.ascii	"F0\265\000B\035\200P\014\002\207\030/\274\346f\260{"
  28      421D8050 
  28      0C028718 
  28      2FBCE666 
  28      B07B
  29 0033 70859989 		.ascii	"p\205\231\211\201\361\005;\013\204\004\021\034`&\007"
  29      81F1053B 
  29      0B840411 
  29      1C602607 
  30 0043 88100033 		.ascii	"\210\020\0003\005@\204\002\230\251\000\"\034\300L\007"
ARM GAS  /tmp/ccErMqPv.s 			page 2


  30      05408402 
  30      98A90022 
  30      1CC04C07 
  31 0053 10D1C0C8 		.ascii	"\020\321\300\310\004\241\300$\023\204\303\004r\026#"
  31      04A1C024 
  31      1384C304 
  31      721623
  32 0062 C33986BD 		.ascii	"\3039\206\275L\214\214L@\353\030\230\363Z\316+0H\314"
  32      4C8C8C4C 
  32      40EB1898 
  32      F35ACE2B 
  32      3048CC
  33 0075 B908B44C 		.ascii	"\271\010\264Ll\316.&\026\260\313\001-] \311"
  33      6CCE2E26 
  33      16B0CB01 
  33      2D5D20C9 
  34              		.text
  35              		.section	.gnu.lto_.pureconst.608fe31a37522277,"",%progbits
  36 0000 789C6365 		.ascii	"x\234ce`b`e`\000\222R\214R\000\001\005\000D"
  36      60626065 
  36      60009252 
  36      8C520001 
  36      050044
  37              		.text
  38              		.section	.gnu.lto__pal_lld_init.608fe31a37522277,"",%progbits
  39 0000 789CA59B 		.ascii	"x\234\245\233iPTW\032\206\373\334\333\264\354\270k\242"
  39      69505457 
  39      1A86FBDC 
  39      DBB4ECB8 
  39      6BA2
  40 0012 49482231 		.ascii	"IH\"1.\261\023ML\242\331cb\315T\246f\246f\376Oe25\231"
  40      2EB1134D 
  40      4CA2D963 
  40      62CD54A6 
  40      66A666FE 
  41 002b 5459A335 		.ascii	"TY\2435I\315_\033DAPA\305\005\025!A\005D@E\\@\014\242"
  41      49CD5F1B 
  41      44415041 
  41      C5051521 
  41      41054440 
  42 0044 A0A8E002 		.ascii	"\240\250\340\002\256\304\005\025\0207@\334\021\230\363"
  42      AEC40515 
  42      103740DC 
  42      1198F3
  43 0053 BD7D0EA7 		.ascii	"\275}\016\247[\240\350{\306*?i\270>\367\351{?\036\240"
  43      5BA0E87B 
  43      C62A3F69 
  43      B83EF7E9 
  43      7B3F1EA0 
  44 0067 4DFC6C86 		.ascii	"M\374l\206\355\350T\233m\272\315f\033\305\1773\323\306"
  44      EDE8549B 
  44      6DBACD66 
  44      1BC57F33 
  44      D3C6
  45 0079 8CC42A9B 		.ascii	"\214\304*\233-\322\337`\214\336p\3713\333\\\203\315"
  45      2DD2DF60 
  45      8CDE70F9 
ARM GAS  /tmp/ccErMqPv.s 			page 3


  45      33DB5C83 
  45      CD
  46 008a 6509E62A 		.ascii	"e\011\346*\223\225\3064\3541\306e\270\370\257\222U-"
  46      9395C634 
  46      EC31C665 
  46      B8F8AF92 
  46      552D
  47 009c 8E05AEF9 		.ascii	"\216\005\256\371#SM\233-\231\377\246_,\203\215\343G"
  47      23534D9B 
  47      2D99FFA6 
  47      5F2C838D 
  47      E347
  48 00ae 9D8CDEBA 		.ascii	"\235\214\336\272\316\\b\246\232\214\331\371\303\326"
  48      CE5C62A6 
  48      9A8CD9F9 
  48      C3D6
  49 00bc CA35D742 		.ascii	"\3125\327B\351\241\301\302\371\303\246\316\274F\273"
  49      E9A1C1C2 
  49      F9C3A6CE 
  49      BC46BB
  50 00cb E96436FE 		.ascii	"\351d6\376v\326\245\265\177\036\273\321\345\212r\225"
  50      76D6A5B5 
  50      7F1EBBD1 
  50      E58A7295 
  51 00db DC4E325D 		.ascii	"\334N2]cRM\223mf&\347\261,6\232e\262\3216\376.\033\313"
  51      63524D93 
  51      6D6626E7 
  51      B12C369A 
  51      65B2D136 
  52 00f3 6663E9F0 		.ascii	"fc\351\360\253\333:W\2048\354\356\363\261-\314\301\370"
  52      ABDB3A57 
  52      8438ECEE 
  52      F3B12DCC 
  52      C1F8
  53 0105 9F79A758 		.ascii	"\237y\247X\211\253\263+\206#6\262\223\277\217a\006\377"
  53      89ABB32B 
  53      862336B2 
  53      93BF8F61 
  53      06FF
  54 0117 3B769386 		.ascii	";v\223\206\037\015\007\015\177F\214\000z3\220F\020\215"
  54      1F0D070D 
  54      7F468C00 
  54      7A339046 
  54      108D
  55 0129 601A2134 		.ascii	"`\032!4Bi\204\321\030Hc\020\215\3014\206\320\030Jc\030"
  55      426984D1 
  55      18486310 
  55      8DC13486 
  55      D0184A63 
  56 013e 8DE13446 		.ascii	"\215\3414F\320\030I\343\005\032/\322\030E\203d\355/"
  56      D01849E3 
  56      051A2FD2 
  56      18458364 
  56      ED2F
  57 0150 D17899C6 		.ascii	"\321x\231\306+4\302i\274J\3435\032\257\323\030C#\202"
  57      2B34C269 
  57      BC4AE335 
ARM GAS  /tmp/ccErMqPv.s 			page 4


  57      1AAFD318 
  57      432382
  58 0163 C61B34C6 		.ascii	"\306\0334\306\322x\223\3068\032\343iL\2401\221\306["
  58      D27893C6 
  58      381AE369 
  58      4CA03191 
  58      C65B
  59 0175 3426D170 		.ascii	"4&\321p\322x\233\306;4&\323\230B\343]\032\357\321\230"
  59      D2789BC6 
  59      3B3426D3 
  59      9842E35D 
  59      1AEFD198 
  60 0189 4AE37D1A 		.ascii	"J\343}\032\037\320\370\220\3064\032\323i|D\343c\032"
  60      1FD0F890 
  60      C6341AD3 
  60      697C44E3 
  60      631A
  61 019b 9FD0F894 		.ascii	"\237\320\370\224\306g4>\247\361\005\215/i\314\240\361"
  61      C667343E 
  61      A7F1058D 
  61      2F69CCA0 
  61      F1
  62 01ac 158DAF69 		.ascii	"\025\215\257i\314\244a\263\305\361\213N\033\021o\032"
  62      CCA461B3 
  62      C5F18B4E 
  62      1B116F1A 
  63 01bc F4A7D9C4 		.ascii	"\364\247\331\304J\013\233\316\035\010\244\373\220b\032"
  63      4A0B9BCE 
  63      1D08A4FB 
  63      90621A
  64 01cb FCF6AC9C 		.ascii	"\374\366\254\234_z|\000\335h?\334\334\350\224\262\206"
  64      5F7A7C00 
  64      DD683FDC 
  64      DCE894B2 
  64      86
  65 01dc 00F74357 		.ascii	"\000\367CWK\254\213V\341\326\345\366=~\251,%\222/Px"
  65      4BAC8B56 
  65      E1D6E5F6 
  65      3D7EA92C 
  65      25922F50 
  66 01f1 AAE960B9 		.ascii	"\252\351`\271\374.\347\360\273L\307\337[y\342J\2603"
  66      FC2EE7F0 
  66      BB4CC7DF 
  66      5B79E24A 
  66      B033
  67 0203 C715CD52 		.ascii	"\307\025\315R\315\001,\217\245\262\325\330+\266\225"
  67      CD012C8F 
  67      A5B2D5D8 
  67      2BB695
  68 0212 396D4D6C 		.ascii	"9mMl\336\343\005\314}.\323}\272\304\323G\027\333\211"
  68      DEE305CC 
  68      7D2ED37D 
  68      BAC4D347 
  68      17DB89
  69 0225 6F675D26 		.ascii	"og]&\333\306)\\ie\000\035c\355T\333\325\251\362\231"
  69      DBC6295C 
  69      6965001D 
ARM GAS  /tmp/ccErMqPv.s 			page 5


  69      63ED54DB 
  69      D5A9F299 
  70 0239 93F30954 		.ascii	"\223\363\011T\230u\336t\237\316\317\032m\007h\264\231"
  70      9875DE74 
  70      9FCECF1A 
  70      6D0768B4 
  70      99
  71 024a ACE03971 		.ascii	"\254\3409q\202\375?\242;\025z\027\211:l\365,*-=\301"
  71      82FD3FA2 
  71      3B157A17 
  71      893A6CF5 
  71      2C2A2D3D 
  72 025f 14A8B3BF 		.ascii	"\024\250\263\277\354[\036:>\023\237\236\345\205Fr\232"
  72      EC5B1E3A 
  72      3E139F9E 
  72      E5854672 
  72      9A
  73 0270 7FAAE96F 		.ascii	"\177\252\351o\023\237\233\273\331x\317{d\342\036=:t"
  73      139F9BBB 
  73      D978CF7B 
  73      64E21E3D 
  73      3A74
  74 0282 2436589C 		.ascii	"$6X\234\234\203hW\002RL\177\266G\234\177\375\352\335"
  74      9C836857 
  74      02524C7F 
  74      B6479C7F 
  74      FDEADD
  75 0295 6DA1FCFC 		.ascii	"m\241\374\374\211p\013d\20500l\370`\301\336\203\323"
  75      89700B64 
  75      8530306C 
  75      F860C1DE 
  75      83D3
  76 02a7 E676D0C7 		.ascii	"\346v\320\307\322B\371\211X\021s\222\210\215\355es\311"
  76      D242F989 
  76      58117392 
  76      888DED65 
  76      73C9
  77 02b9 2C5C68C5 		.ascii	",\\h\305\327gF\032\346T\234\260\371\344\376y,\"\035"
  77      D767461A 
  77      E6549CB0 
  77      F9E4FE79 
  77      2C221D
  78 02cc 9FF2E56B 		.ascii	"\237\362\345k\203\223]%\321\034\034\304\212\275?\353"
  78      83935D25 
  78      D11C1CC4 
  78      8ABD3FEB 
  79 02dc 61BC8F45 		.ascii	"a\274\217E\360\277q\277\366j\025#\343 \346r\3615b\277"
  79      F0BF71BF 
  79      F66A1523 
  79      E320E672 
  79      F13562BF 
  80 02f0 F28F7B3F 		.ascii	"\362\217{?\357\025\235\3633\002{@\375\237O\011\240%"
  80      EF159DF3 
  80      33027B40 
  80      FD9F4F09 
  80      A025
  81 0302 2C822E05 		.ascii	",\202.\005\277\005Q\205M]?uW%\332}\325\326;p\004?5\002"
ARM GAS  /tmp/ccErMqPv.s 			page 6


  81      BF055185 
  81      4D5D3F75 
  81      5725DA7D 
  81      D5D63B70 
  82 031a 93ECBE4C 		.ascii	"\223\354\276L2<l?\177z6VJ7\363s\317\253\351\357u5\371"
  82      323C6C3F 
  82      7F7A3656 
  82      4A37F373 
  82      CFABE9EF 
  83 0331 CD0AA6AB 		.ascii	"\315\012\246\253x\240\347UL\353\252\346\207\207\260"
  83      78A0E755 
  83      4CEBAAE6 
  83      8787B0
  84 0340 83B890A6 		.ascii	"\203\270\220\246\233\310\312\260(\245++\306\023\333"
  84      9BC8CAB0 
  84      28A52B2B 
  84      C613DB
  85 034f 131C0470 		.ascii	"\023\034\004pd\301\365\245\201np(=\177V.\310\035\217"
  85      64C1F5A5 
  85      816E7028 
  85      3D7F562E 
  85      C81D8F
  86 0362 EB9686D1 		.ascii	"\353\226\206\321~D\272\322\376N+r\010\\a\312\016\323"
  86      7E44BAD2 
  86      FE4E2B72 
  86      085C61CA 
  86      0ED3
  87 0374 967CEE7E 		.ascii	"\226|\356~\256\261\007B\335\342_\370f\032N\232\025\300"
  87      AEB10742 
  87      DDE25FF8 
  87      661A4E9A 
  87      15C0
  88 0386 F909DC91 		.ascii	"\371\011\334\221\3475}\367:\012\220C\200\216\221\327"
  88      E7357DF7 
  88      3A0A9043 
  88      808E91D7 
  89 0396 176EAF85 		.ascii	"\027n\257\205\322\353K\013^\225\300\015\020\270*}\257"
  89      D2EB4B0B 
  89      5E95C00D 
  89      10B82A7D 
  89      AF
  90 03a7 E300F90B 		.ascii	"\343\000\371\013\320\011\362\372\322\355\025'\275fX"
  90      D009F2FA 
  90      D2ED1527 
  90      BD6658
  91 03b6 F03A095C 		.ascii	"\360:\011\\\200\300\235\322\367\252\006(P\200j\310k"
  91      80C09DD2 
  91      F7AA0628 
  91      50806AC8 
  91      6B
  92 03c7 86DB2B5E 		.ascii	"\206\333+^z}e\301\3534pA\002wF\337\353,@\301\002t\216"
  92      7A7D65C1 
  92      EB347041 
  92      027746DF 
  92      EB2C40C1 
  93 03de BCBE727B 		.ascii	"\274\276r{-\222^_[\360:\017\\\210\300]\320\367\252\005"
  93      2D925E5F 
ARM GAS  /tmp/ccErMqPv.s 			page 7


  93      5BF03A0F 
  93      5C88C05D 
  93      D0F7AA05 
  94 03f2 2854807E 		.ascii	"(T\200~#\257\257\335^\213\245\327L\013^\027\201\013"
  94      23AFAFDD 
  94      5E8BA5D7 
  94      4C0B5E17 
  94      810B
  95 0404 13B84BFA 		.ascii	"\023\270K\372^\227\001\032(@W\310k\246g\275P\232\356"
  95      5E97011A 
  95      284057C8 
  95      6BA667BD 
  95      509AEE
  96 0417 58527BF0 		.ascii	"XR{\360(-'\314\227\246\327\241\351^\021\317\353?\342"
  96      282D27CC 
  96      97A6D7A1 
  96      E95E11CF 
  96      EB3FE2
  97 042a 57E134A8 		.ascii	"W\3414\250\367\210_\223\021\277\356\035q+\341\256G\270"
  97      F7885F93 
  97      11BFEE1D 
  97      712BE1AE 
  97      47B8
  98 043c D794B61F 		.ascii	"\327\224\266\037\010\020\341\216\245p7\210p\347i\205"
  98      0810E18E 
  98      A5703788 
  98      70E76985 
  99 044c BB9167B9 		.ascii	"\273\221g\271\256\317p_\342\341\246#\352\373\010\367"
  99      AECF705F 
  99      E2E1A623 
  99      EAFB08F7 
 100 045c 0D84BB89 		.ascii	"\015\204\273\211\366`\032\177\177}\305\362\005\301\356"
 100      F6601A7F 
 100      7F7DC5F2 
 100      05C1EE
 101 046b 708FE60F 		.ascii	"p\217\346\017[\226\356oc\036kqS\\\271#\011\033\222\203"
 101      5B96EE6F 
 101      631E6B71 
 101      535CB923 
 101      091B9283 
 102 047f BDC37D4B 		.ascii	"\275\303}K\206\233\210\354\266\332\214&<\243\250\323"
 102      869B88EC 
 102      B6DA8C26 
 102      3CA3A8D3 
 103 048f 29CD2172 		.ascii	")\315!r3\032<6\243\341`\314z\273\347f\334\221\245\006"
 103      331A3C36 
 103      A3E160CC 
 103      7ABBE766 
 103      DC91A506 
 104 04a3 E82E6DC6 		.ascii	"\350.m\3064Uj\230N\367M\015\033\333,K\015\\\213\276"
 104      34556A98 
 104      4EF74D0D 
 104      1BDB2C4B 
 104      0D5C8BBE 
 105 04b7 57AB2C35 		.ascii	"W\253,5@\367\310k\272*5\274>\262\340\325&K\015\334}"
 105      40F7C86B 
 105      BA2A35BC 
ARM GAS  /tmp/ccErMqPv.s 			page 8


 105      3EB2E0D5 
 105      264B0DDC 
 106 04cc 7DAF07B2 		.ascii	"}\257\007\262\324\000=$\257\217T\251\341\365\261\005"
 106      D4003D24 
 106      AF8F54A9 
 106      E1F5B105 
 107 04dc AF47B2D4 		.ascii	"\257G\262\324\300=\326\367z\"K\015\320S\362\372X\225"
 107      C03DD6F7 
 107      7A224B0D 
 107      D053F2FA 
 107      5895
 108 04ee 1A5E9F58 		.ascii	"\032^\237X\360j\227\245\006\356\231\276W\207,5@\235"
 108      F06A97A5 
 108      06EE99BE 
 108      57872C35 
 108      409D
 109 0500 E4F5892A 		.ascii	"\344\365\211*5\274>\265\340\325%K\015\234\313\320\366"
 109      35BC3EB5 
 109      E0D5254B 
 109      0D9CCBD0 
 109      F6
 110 0511 8A3444A9 		.ascii	"\2124D\251\001\2122\270\327\247\252\324\360\372\314"
 110      018A32B8 
 110      D7A7AAD4 
 110      F0FACC
 111 0520 82D73C43 		.ascii	"\202\327<C\224\032\270h}\257\371\206(5@\013\310\353"
 111      941AB868 
 111      7DAFF986 
 111      2835400B 
 111      C8EB
 112 0532 33CF5C21 		.ascii	"3\317\\!-\252\324\215\262\324{|*u\214\321\243\324E\375"
 112      2DAAD48D 
 112      B2D47B7C 
 112      2A758CD1 
 112      A3D445FD 
 113 0546 973A164E 		.ascii	"\227:\026N\203{/\365BC\224:\316\320.u\274A\245N*M\256"
 113      837B2FF5 
 113      4243943A 
 113      CED02E75 
 113      BC41A54E 
 114 055d 0911A54E 		.ascii	"\011\021\245N\244R/2\334\245.\322*\365b#\202\236o\037"
 114      A4522F32 
 114      DCA52ED2 
 114      2AF56223 
 114      829E6F1F 
 115 0571 A57EC84B 		.ascii	"\245~\310KMG\360S\367Z\352%\006\225:\301\340{0\205J"
 115      4D47F053 
 115      F75AEA25 
 115      06953AC1 
 115      E07B3085 
 116 0586 7D6AE7A1 		.ascii	"}j\347\241Pw\251?\240\257\274\256\332\215\236_\300\023"
 116      5077A93F 
 116      A0AFBCAE 
 116      DA8D9E5F 
 116      C013
 117 0598 0DF7955B 		.ascii	"\015\367\225[xx\375\335 \357R/5D\251\211\310\226\251"
 117      7878FDDD 
ARM GAS  /tmp/ccErMqPv.s 			page 9


 117      20EF522F 
 117      3544A989 
 117      C896A9
 118 05ab CDE06CBA 		.ascii	"\315\340l\272]\015\351\352k8\177\302\335\233\261\371"
 118      5D0DE9EA 
 118      6B387FC2 
 118      DD9BB1F9 
 119 05bb FEA2FC00 		.ascii	"\376\242\374\000\317\315Xn\210R\003\224D\2331E\225\032"
 119      CFCD586E 
 119      88520394 
 119      449B3145 
 119      951A
 120 05cd A6EFFAA6 		.ascii	"\246\357\372\246\206\215]a\210R\003\267R\337k\225!J"
 120      868D5D61 
 120      885203B7 
 120      52DF6B95 
 120      214A
 121 05df 0DD06AF2 		.ascii	"\015\320j\362zW\225\032^\357Y\360J6D\251\201[\243\357"
 121      7A57951A 
 121      5EEF59F0 
 121      4A3644A9 
 121      815BA3EF 
 122 05f3 B5D610A5 		.ascii	"\265\326\020\245\006h\035y\275\247J\015\257\251\026"
 122      06681D79 
 122      BDA74A0D 
 122      AFA916
 123 0602 BC520C51 		.ascii	"\274R\014Qj\340\326\353{\245\032\242\324\000\245\221"
 123      6AE0D6EB 
 123      7BA51AA2 
 123      D400A591 
 124 0612 D754556A 		.ascii	"\327TUjx\275o\301\353gC\224\032\270_\364\275\322\015"
 124      78BD6FC1 
 124      EB674394 
 124      1AB85FF4 
 124      BDD20D
 125 0625 516A8036 		.ascii	"Qj\2006\220\327\373\252\324\360\362q\365\341\265\321"
 125      90D7FBAA 
 125      D4F0F271 
 125      F5E1B5D1 
 126 0635 10A5066E 		.ascii	"\020\245\006n\223\276W\206,5@\231\344\365\201*5\274"
 126      93BE5786 
 126      2C354099 
 126      E4F5812A 
 126      35BC
 127 0647 3EB4E095 		.ascii	">\264\340\225%K\015\334f}\257lYj\200\266\220\327\207"
 127      254B0DDC 
 127      667DAF6C 
 127      596A80B6 
 127      90D787
 128 065a 9EB9425A 		.ascii	"\236\271BZT\251\027\213Gi\365>\225:\247g\251\033\373"
 128      54A9178B 
 128      4769F53E 
 128      953AA767 
 128      A91BFB
 129 066d 2F752E9C 		.ascii	"/u.\234\206\364^\352<Y\352\255\372\245\336\206R\307"
 129      86F45EEA 
 129      3C59EAAD 
ARM GAS  /tmp/ccErMqPv.s 			page 10


 129      FAA5DE86 
 129      52C7
 130 067f 6627A59B 		.ascii	"f'\245\233\242\324\253\251\324\333E\251\033\265J\235"
 130      A2D4ABA9 
 130      D4DB45A9 
 130      1BB54A9D 
 131 068f CF3B9CD3 		.ascii	"\317;\234\323g\251\253R\0358b[\037\245\336\201R\027"
 131      67A9AB52 
 131      1D38625B 
 131      1FA5DE81 
 131      5217
 132 06a1 D01E4CE4 		.ascii	"\320\036L\344\357\177\232\237\333$\276\247\256\241\343"
 132      EF7F9A9F 
 132      DB24BEA7 
 132      AEA1E3
 133 06b0 AA1FE437 		.ascii	"\252\037\3447\371y\354\305N\261\0277\233\267\227\007"
 133      F979ECC5 
 133      4EB11737 
 133      9BB79707 
 134 06c0 7AA77A97 		.ascii	"z\247z\227L5!\331n\265\032\005X\215\265\361\235\365"
 134      4C3521D9 
 134      6EB51A05 
 134      588DB5F1 
 134      9DF5
 135 06d2 0EB91ADB 		.ascii	"\016\271\032\333=V\343t\333\276\004\207\347j\354\221"
 135      3D56E374 
 135      DBBE0487 
 135      E76AEC91 
 136 06e2 A906A890 		.ascii	"\251\006\250\220Vc\242J5T\337\362M\015+[$S\015\334^"
 136      5663A24A 
 136      3554DFF2 
 136      4D0D2B5B 
 136      24530DDC 
 137 06f7 7DAF6299 		.ascii	"}\257b\231j\200\366\221\327[*\325\360\232d\301\353W"
 137      6A80F691 
 137      D75B2AD5 
 137      F09A64C1 
 137      EB57
 138 0709 996AE04A 		.ascii	"\231j\340J\364\275\366\313T\003TJ^\223T\252\341\345"
 138      F4BDF6CB 
 138      5403544A 
 138      5E9354AA 
 138      E1E5
 139 071b B4E07540 		.ascii	"\264\340u@\246\032\270\203\372^e2\325\000\225\223\227"
 139      A61AB883 
 139      FA5E6532 
 139      D5009593 
 139      97
 140 072c 53A51A5E 		.ascii	"S\245\032^o[\360:$S\015\334a}\257\012\231j\200\216\220"
 140      6F5BF03A 
 140      24530DDC 
 140      617DAF0A 
 140      996A808E 
 141 0741 D7DB2AD5 		.ascii	"\327\333*\325\360z\307\202\327Q\231j\340\216\351{U\312"
 141      F07AC782 
 141      D751996A 
 141      E08EE97B 
ARM GAS  /tmp/ccErMqPv.s 			page 11


 141      55CA
 142 0753 54035445 		.ascii	"T\003TE^\357\250T\303k\262\005\257\3432\325\300\235"
 142      5EEFA854 
 142      C36BB205 
 142      AFE332D5 
 142      C09D
 143 0765 D0F73A29 		.ascii	"\320\367:)S\015\320)\362\232\354\331+\264E\245:_\246"
 143      530DD029 
 143      F29AECD9 
 143      2BB445A5 
 143      3A5FA6
 144 0778 BAD5A754 		.ascii	"\272\325\247TW\367Lu[\377\251\256\201\323\320\336S}"
 144      57F74C75 
 144      5BFFA9AE 
 144      81D3D0DE 
 144      537D
 145 078a 5AA6FA8C 		.ascii	"Z\246\372\214~\252\317\"\325\265y\225\267\374E\252\323"
 145      7EAACF22 
 145      D5B57995 
 145      B7FC45AA 
 145      D3
 146 079b 28D5E744 		.ascii	"(\325\347D\252\333\264R}\236\207\270\272\317T7\360T"
 146      AADBB452 
 146      7D9E87B8 
 146      BACF5437 
 146      F054
 147 07ad D31167FB 		.ascii	"\323\021g\373H\365\005\244\272\226\366\200\334\352\""
 147      48F505A4 
 147      BA96F680 
 147      DCEA22
 148 07bc 8FDF0872 		.ascii	"\217\337\010r\247\272\005Wa\333\206j\177\217\275\370"
 148      A7BA0557 
 148      61DB866A 
 148      7F8FBDF8 
 149 07cc 4DEE4553 		.ascii	"M\356ES"
 150 07d0 EE758777 		.ascii	"\356u\207w\252/\312T\023\222]R\253Q\213\325\270z8\256"
 150      AA2FCA54 
 150      13925D52 
 150      AB518BD5 
 150      B87A38AE 
 151 07e4 FBC7AD73 		.ascii	"\373\307\255s\036\233\261\177\311\215M!^/\214\311R\203"
 151      1E9BB17F 
 151      C98D4D21 
 151      5E2F8CC9 
 151      5283
 152 07f6 73853623 		.ascii	"s\2056#B\225\032\246o\370f\206\215\255\223\245\006\356"
 152      42951AA6 
 152      6FF86686 
 152      8DAD93A5 
 152      06EE
 153 0808 AAB6D635 		.ascii	"\252\266\3265\031jp\256\223\326\033*\324\320\032kA\253"
 153      196A70AE 
 153      93D61B2A 
 153      D4D01A6B 
 153      41AB
 154 081a 5E861AB8 		.ascii	"^\206\032\270\006m\255F\331ipn\220\326X\325ih\275iA"
 154      066DAD46 
ARM GAS  /tmp/ccErMqPv.s 			page 12


 154      D969706E 
 154      90D658D5 
 154      6968BD69 
 155 082f AB49761A 		.ascii	"\253Iv\032\270\233\332Z\267d\246\301\271MZo\252LCk\234"
 155      B89BDA5A 
 155      B764A6C1 
 155      B94D5A6F 
 155      AA4C436B 
 156 0844 05AD3B32 		.ascii	"\005\255;2\323\300\335\325\326j\226\225\006\247\205"
 156      D3C0DDD5 
 156      D66A9695 
 156      06A785
 157 0853 B4C6A94A 		.ascii	"\264\306\251JCk\274\005\255VYi\340\356ik\265\311H\203"
 157      436BBC05 
 157      AD565969 
 157      E0EE696B 
 157      B5C94883 
 158 0867 739FB4C6 		.ascii	"s\237\264\306\253HCk\202\005\255\0072\322\300=\324\326"
 158      AB48436B 
 158      8205AD07 
 158      32D2C03D 
 158      D4D6
 159 0879 7A241B0D 		.ascii	"z$\033\015\316c\322\232\340\031*DE5\372\274lt\207O\215"
 159      CE63D29A 
 159      E0192A44 
 159      4535FABC 
 159      6C74874F 
 160 088e 7ED2B3D1 		.ascii	"~\322\263\321]\3757\372)\234\206\365\336\350v\331\350"
 160      5DFD37FA 
 160      299C86F5 
 160      DEE876D9 
 160      E8
 161 089f 67FA8DEE 		.ascii	"g\372\215\356@\243Od4\306\372\211FgR\243;E\243\273\264"
 161      40A34F64 
 161      34C6FA89 
 161      466752A3 
 161      3B45A3BB 
 162 08b4 1ADDC50B 		.ascii	"\032\335\305\013\374\244\317Fw\362F\323\021\035}4\332"
 162      FCA4CF46 
 162      77F246D3 
 162      111D7D34 
 162      DA
 163 08c5 6552A323 		.ascii	"eR\243#\351_\211_\346\357\317}\264\251\202\271\033\275"
 163      E95F895F 
 163      E6EFCF7D 
 163      B4A982B9 
 163      1BBD
 164 08d7 88D1B32B 		.ascii	"\210\321\263+.w\205y\254E\224\351\276tM\351\313r\236"
 164      2E778579 
 164      AC4594E9 
 164      BE744DE9 
 164      CB729E
 165 08ea 7BE5639E 		.ascii	"{\345c\236)\032MH\026mvo\006\207\323K_K3.\006\310\325"
 165      291A4D48 
 165      166D766F 
 165      0687D34B 
 165      5F4B332E 
ARM GAS  /tmp/ccErMqPv.s 			page 13


 166 0901 E8F4588D 		.ascii	"\350\364X\215{\255g+\375\275^\0233E\244\001Z`\362\325"
 166      7BAD672B 
 166      FDBD5E13 
 166      3345A401 
 166      5A60F2D5 
 167 0915 7859451A 		.ascii	"xYE\032\252\257\370\246\206\215\2151E\244\201\213\325"
 167      AAAFF8A6 
 167      868D8D31 
 167      45A4818B 
 167      D5
 168 0926 F75A688A 		.ascii	"\367Zh\212J\003\024G^\257\250J\303+\334\202W\274)*\015"
 168      4A031447 
 168      5EAFA84A 
 168      C32BDC82 
 168      57BC292A 
 169 093b DC227DAF 		.ascii	"\334\"}\257\305\246\3104@K\310+\\e\032^\257Z\360J0E"
 169      C5A6C834 
 169      404BC82B 
 169      5C651A5E 
 169      AF5AF04A 
 170 0951 A6814BD4 		.ascii	"\246\201K\324\367Zj\212N\003\264\214\274^U\235\206\327"
 170      F75A6A8A 
 170      4E03B48C 
 170      BC5E559D 
 170      86D7
 171 0963 6B16BC96 		.ascii	"k\026\274\226\233\242\323\300%\351{\2550E\250\001ZI"
 171      9BA2D3C0 
 171      25E97BAD 
 171      3045A801 
 171      5A49
 172 0975 5EAFA950 		.ascii	"^\257\251P\303\353u\013^\253L\021j\340V\353{%\233\242"
 172      C3EB750B 
 172      5EAB4C11 
 172      6AE056EB 
 172      7B259BA2 
 173 0989 D400AD21 		.ascii	"\324\000\255!\257\327U\251\3415\306\202\327ZS\224\032"
 173      AFD755A9 
 173      E135C682 
 173      D75A5394 
 173      1A
 174 099a B875FA5E 		.ascii	"\270u\372^)\246H5@\353\311k\214g\257\320\026\225\352"
 174      29A64835 
 174      40EBC96B 
 174      8C67AFD0 
 174      1695EA
 175 09ad 2E99EAAC 		.ascii	".\231\352\254\241\276\244:\325\354\221\352\354\244~"
 175      A1BEA43A 
 175      D5EC91EA 
 175      ECA47E
 176 09bc 539D06A7 		.ascii	"S\235\006\247\341\275\247\372gS\244\372\027S;\325\351"
 176      E1BDA7FA 
 176      6753A4FA 
 176      17533BD5 
 176      E9
 177 09cd F89675F9 		.ascii	"\370\226u\371\203\214:\231\352\255\224\352\015\246;"
 177      838C3A99 
 177      EAAD94EA 
ARM GAS  /tmp/ccErMqPv.s 			page 14


 177      0DA63B
 178 09dc D5D9493A 		.ascii	"\325\331I:\251\336hF\320\363\355#\325g2\0358\202\237"
 178      A9DE6846 
 178      D0F3ED23 
 178      D567321D 
 178      38829F
 179 09ef BAD7546F 		.ascii	"\272\327ToB\2523h\017F\360\367\327wu\231\356RgR\251"
 179      42AA3368 
 179      0F46F0F7 
 179      D7777599 
 179      EE526752 
 180 0a04 9F3C38B1 		.ascii	"\237<8\2615\320c-2\305Z<[s\371\314\000\357Rg\311R\023"
 180      35D0632D 
 180      32C55A3C 
 180      5B73F9CC 
 180      00EF5267 
 181 0a1b 916D569B 		.ascii	"\221mV\233\221\201\315(^\226\277\263\37351\376\204\273"
 181      9181CD28 
 181      5E96BFB3 
 181      FB3531FE 
 181      84BB
 182 0a2d 3723FDDE 		.ascii	"7#\375\336\226\"\257\037\264\262e\251\001\332B\2331"
 182      9622AF1F 
 182      B4B265A9 
 182      01DA429B 
 182      31
 183 0a3e 42951AA6 		.ascii	"B\225\032\246#}S\303\306\346\310R\003\227\253\357\225"
 183      237D53C3 
 183      C6E6C852 
 183      0397ABEF 
 183      95
 184 0a4f 274B0DD0 		.ascii	"'K\015\320V\362\032\251J\015\257\027,xm\223\245\006"
 184      56F21AA9 
 184      4A0DAF17 
 184      2C786D93 
 184      A506
 185 0a61 6EBBBE57 		.ascii	"n\273\276W\276,5@;\310\353\005Ujx\275h\301\253@\226"
 185      BE2C3540 
 185      3BC8EB05 
 185      556A78BD 
 185      68C1AB40 
 186 0a76 1AB89DFA 		.ascii	"\032\270\235\372^\273d\251\001\332M^/\252R\303k\224"
 186      5EBB64A9 
 186      01DA4D5E 
 186      2FAA52C3 
 186      6B94
 187 0a88 05AF3DB2 		.ascii	"\005\257=\262\324\300\025\352{\025\311R\003\264\227"
 187      D4C015EA 
 187      7B15C952 
 187      03B497
 188 0a97 BC46A952 		.ascii	"\274F\251R\303k\264\005\257bYj\340\366\351{\375*K\015"
 188      C36BB405 
 188      AF62596A 
 188      E0F6E97B 
 188      FD2A4B0D 
 189 0aab 5009798D 		.ascii	"P\011y\215V\245\206\327K\026\274\366\313R\003W\252\357"
 189      56A586D7 
ARM GAS  /tmp/ccErMqPv.s 			page 15


 189      4B16BCF6 
 189      CB520357 
 189      AAEF
 190 0abd 7540961A 		.ascii	"u@\226\032\240\203\344\365\222g\256\220\026U\352\215"
 190      A083E4F5 
 190      9267AE90 
 190      1655EA8D 
 191 0acd E2515A81 		.ascii	"\342QZ\201O\245.\353Y\352]\375\227\272\034N#z/\365!"
 191      4FA52EEB 
 191      59EA5DFD 
 191      97BA1C4E 
 191      237A2FF5 
 192 0ae2 59EAC3FA 		.ascii	"Y\352\303\372\245\256@\251\313vd\327\310R\357\246R\037"
 192      A5AE40A9 
 192      CB7664D7 
 192      C852EFA6 
 192      521F
 193 0af4 11A5DEA5 		.ascii	"\021\245\336\245U\352\243\274\303e}\226\372./5\035Q"
 193      55EAA3BC 
 193      C3657D96 
 193      FA2E2F35 
 193      1D51
 194 0b06 D147A98F 		.ascii	"\321G\251\217\241\324\225\264\007\003\351\005\252\354"
 194      A1D495B4 
 194      0703E905 
 194      AAEC
 195 0b14 C87C7F77 		.ascii	"\310|\177w\252\017R\252\037>\351\230\340\261\026Ub-"
 195      AA0F52AA 
 195      1F3EE998 
 195      E0B11655 
 195      622D
 196 0b26 520BE2F8 		.ascii	"R\013\342\370\017\263^\245>.KMDvBmF%6\343v{qS\367Kb"
 196      0FB35EA5 
 196      3E2E4B4D 
 196      4476426D 
 196      462536E3 
 197 0b41 473C3663 		.ascii	"G<6c^nM\243\327\2773\237\224\245\006\350\024m\306@U"
 197      5E6E4DA3 
 197      D7BF339F 
 197      94A506E8 
 197      146DC640 
 198 0b56 6A980EF2 		.ascii	"j\230\016\362\311\014\013[-C\015Z\215\276\326i\031j"
 198      C90C0B5B 
 198      2D430D5A 
 198      8DBED669 
 198      196A
 199 0b68 80CE90D6 		.ascii	"\200\316\220\326 \025jh\015\366]\353\254\3544h\347\364"
 199      20156A68 
 199      0DF65DEB 
 199      ACEC3468 
 199      E7F4
 200 0b7a B5CECB4E 		.ascii	"\265\316\313N\003t\201\264\006\253NCk\210\357Z\2652"
 200      037481B4 
 200      06AB4E43 
 200      6B88EF5A 
 200      B532
 201 0b8c D3A0FDA6 		.ascii	"\323\240\375\246\257uQf\032\240K\2445De\032ZC}\327\272"
ARM GAS  /tmp/ccErMqPv.s 			page 16


 201      AF755166 
 201      1AA04BA4 
 201      3544651A 
 201      5A437DD7 
 202 0ba1 2C2B0DDA 		.ascii	",+\015\332\025}\255:Yi\200\256\222\326PUih\015\363]"
 202      157DAD3A 
 202      596980AE 
 202      92D65055 
 202      69680DF3 
 203 0bb6 EB9A8C34 		.ascii	"\353\232\2144h\327\365\265\352e\244\001j \255a*\322"
 203      68D7F5B5 
 203      EA65A401 
 203      6A20AD61 
 203      2AD2
 204 0bc8 D01AEEBB 		.ascii	"\320\032\356\273V\243l4h7\364\265\232d\243\001\272I"
 204      56A36C34 
 204      6837F4B5 
 204      9A64A301 
 204      BA49
 205 0bda 5AC33D43 		.ascii	"Z\303=C\205\250\250F\037\225\215\256\363\251\321\267"
 205      85A8A846 
 205      1F958DAE 
 205      F3A9D1B7 
 206 0bea 7A36FA5A 		.ascii	"z6\372Z\377\215\276\015\247\221\2757\372\216l\364]\375"
 206      FF8DBE0D 
 206      A791BD37 
 206      FA8E6CF4 
 206      5DFD
 207 0bfc 4637A3D1 		.ascii	"F7\243\321O\353\313\342\345\213\323%\324\350\026\321"
 207      4FEBCBE2 
 207      E58BD325 
 207      D4E816D1 
 208 0c0c E86B5A8D 		.ascii	"\350kZ\215n\345\005\276\325g\243\313\263\0348\242\271"
 208      6EE505BE 
 208      D567A3CB 
 208      B31C38A2 
 208      B9
 209 0c1d 8F46DF43 		.ascii	"\217F\337C\243\333h\015\002\370\373\317\324\024\377"
 209      A3DB680D 
 209      02F8FBCF 
 209      D414FF
 210 0c2c 2C5EF8B8 		.ascii	",^\370\270B\215\256.:F\337\335v\357\305}\261\027\253"
 210      428DAE2E 
 210      3A46DFDD 
 210      76EFC57D 
 210      B117AB
 211 0c3f F22E443E 		.ascii	"\362.D>\367\355\364\003\031iB\262\207j5\332\260\032"
 211      F7EDF403 
 211      196942B2 
 211      876A35DA 
 211      B01A
 212 0c51 2B9E5DA7 		.ascii	"+\236]\247\327\362\334\253\321\342\261\032\355\261W"
 212      D7F2DCAB 
 212      D1E2B11A 
 212      EDB157
 213 0c60 A2BD7ED0 		.ascii	"\242\275~\320z$#\015\320cZ\215\000\025i\250\006\372"
 213      7A24230D 
ARM GAS  /tmp/ccErMqPv.s 			page 17


 213      D0635A8D 
 213      001569A8 
 213      06FA
 214 0c72 A686957D 		.ascii	"\246\206\225}\"+\015\334S}\257vYi\200\236\221W\240\252"
 214      222B0DDC 
 214      537DAF76 
 214      5969809E 
 214      9157A0AA 
 215 0c86 34BC822C 		.ascii	"4\274\202,xu\310L\003\327\251\357\325%3\015\220\313"
 215      7875C84C 
 215      03D7A9EF 
 215      D525330D 
 215      90CB
 216 0c98 CEBD8254 		.ascii	"\316\275\202T\246\341\025l\301+\322.:\015\\\224]\333"
 216      A6E1156C 
 216      C12BD22E 
 216      3A0D5C94 
 216      5DDB
 217 0caa 6B9E5D74 		.ascii	"k\236]t\032\240h\362\012V\235\206W\210\005\257\371v"
 217      1AA068F2 
 217      0A569D86 
 217      578805AF 
 217      F976
 218 0cbc 116AE016 		.ascii	"\021j\340\026\350{\305\330E\250\001\212%\257\020\025"
 218      E87BC5D8 
 218      45A8018A 
 218      25AF1015 
 219 0ccc 6A78855A 		.ascii	"jx\205Z\360Zh\027\245\006.N\337+\336.J\015\320\"\362"
 219      F05A6817 
 219      A5062E4E 
 219      DF2BDE2E 
 219      4A0DD022 
 220 0ce1 0A55A586 		.ascii	"\012U\245\206W\230\005\257\305v\221j\340\226\350{%\330"
 220      579805AF 
 220      C576916A 
 220      E096E87B 
 220      25D8
 221 0cf3 45AA014A 		.ascii	"E\252\001J$\2570\317^\241-*\325\255\364\350\016\375"
 221      24AF30CF 
 221      5EA12D2A 
 221      D5ADF4E8 
 221      0EFD
 222 0d05 57D62BF0 		.ascii	"W\326+\360\277\336\240Rq<;\211U6\303f\2338i\222\323"
 222      BFDEA052 
 222      713C3B89 
 222      5536C366 
 222      9B386992 
 223 0d1a 39FB47E7 		.ascii	"9\373G\347\277\276\235\345\2343\373??\375\350\374\313"
 223      BFBE9DE5 
 223      9C33FB3F 
 223      3FFDE8FC 
 223      CB
 224 0d2b 5FFF3065 		.ascii	"_\3770e\262\363\233of8g\376\351w\177\374\357d\347\234"
 224      B2F39B6F 
 224      663867FE 
 224      E9777FFC 
 224      EF64E79C 
ARM GAS  /tmp/ccErMqPv.s 			page 18


 225 0d3f 6F67FD6D 		.ascii	"og\375m\326\254\177L\372\316\346\370n\366\277\377\371"
 225      D6AC7F4C 
 225      FACEE6F8 
 225      6EF6BFFF 
 225      F9
 226 0d50 C3F77EDF 		.ascii	"\303\367~\337\317\371a\366\234\377\001$Ka\013"
 226      CFF961F6 
 226      9CFF0124 
 226      4B610B
 227              		.text
 228              		.section	.gnu.lto__pal_lld_setgroupmode.608fe31a37522277,"",%progbits
 229 0000 789CA557 		.ascii	"x\234\245W{P\224\327\025\277\347\273\337>Xv\301Gj\210"
 229      7B5094D7 
 229      15BFE7BB 
 229      DF3E5876 
 229      C1476A88 
 230 0014 12431229 		.ascii	"\022C\022)\321 \253h\"5\216:F\307\307\200b\0373\375"
 230      D120AB68 
 230      22358E3A 
 230      46C7C780 
 230      621F33FD 
 231 0028 A333ADA9 		.ascii	"\2433\255\251\316\244\015\004\0124\323\316d\332UpEE"
 231      CEA40D04 
 231      0A34D3CE 
 231      64DA5570 
 231      4545
 232 003a 63E2AB32 		.ascii	"c\342\2532a\240I\014\321\010B\300\004\254\266\010(b"
 232      61A0490C 
 232      D10842C0 
 232      04ACB608 
 232      2862
 233 004c 0286689A 		.ascii	"\002\206h\232\0001\021\037 \032\252\202V$<z\316\271"
 233      0031111F 
 233      201AAA82 
 233      56243C7A 
 233      CEB9
 234 005e DFB2BB48 		.ascii	"\337\262\273H\307a`f\017w\317\367\373\235{~\347\236"
 234      C7616066 
 234      0F77CFF7 
 234      FB9D7B7E 
 234      E79E
 235 0070 7BBFBB26 		.ascii	"{\277\273&\241\211\337\217\023\"U\010q\004?\020,@\333"
 235      A189DF8F 
 235      13225508 
 235      71043F10 
 235      2C40DB
 236 0083 512FC47A 		.ascii	"Q/\304z\253\006R\015\244\246gF\010\227\315N\326\256"
 236      AB06520D 
 236      A4A66746 
 236      0897CD4E 
 236      D6AE
 237 0095 6BA65B3F 		.ascii	"k\246[?\302o\001y1\370\315\244\231\371\231\205\237\231"
 237      C26F0179 
 237      31F8CDA4 
 237      99F99985 
 237      9F99
 238 00a7 C1AA2816 		.ascii	"\301\252(\026\317\300\012v5\010\320l\014\014d\240\315"
ARM GAS  /tmp/ccErMqPv.s 			page 19


 238      CFC00A76 
 238      3508D06C 
 238      0C0C64A0 
 238      CD
 239 00b8 E30EF40C 		.ascii	"\343\016\364\014\354ZP\206\005\237;\262j\004\002\034"
 239      EC5A5086 
 239      059F3BB2 
 239      6A04021C 
 240 00c8 6AF213D6 		.ascii	"j\362\023\326 \000\032\270\254 \376\252I\335d\266X\003"
 240      20001AB8 
 240      AC20FEAA 
 240      49DD64B6 
 240      5803
 241 00da 6C817647 		.ascii	"l\201vG\020\340W\241\376\336\220{%Tnj-\327\246\346\273"
 241      10E057A1 
 241      FEDE907B 
 241      25546E6A 
 241      2DD7A6E6 
 242 00ef F0AF626F 		.ascii	"\360\257bo\277\315\355\332\030\222\213\200}\006\010"
 242      BFCDEDDA 
 242      18928B80 
 242      7D0608
 243 00fe F2612AA2 		.ascii	"\362a*\242\0322\212\336\226\333e\256\004\320\361\353"
 243      1A328ADE 
 243      96DB65AE 
 243      04D0F1EB 
 244 010e EDBAECCB 		.ascii	"\355\272\354\313A\364U\2030\374ZU?Pf\223N\0208\336\360"
 244      41F45583 
 244      30FC5A55 
 244      3F506693 
 244      4E1038DE 
 245 0123 CEBE6A47 		.ascii	"\316\276jG\304~\227k\203\253\242w\227tM\311\225\022"
 245      C47E976B 
 245      83ABA277 
 245      97744DC9 
 245      9512
 246 0135 0E82C480 		.ascii	"\016\202\304\200p\000B\341\003\010\025\350\022\360!"
 246      700042E1 
 246      030815E8 
 246      12F021
 247 0144 44207CE0 		.ascii	"D |\340\375\242\315V9\233\251\367w\237\316\001\203z"
 247      FDA2CD56 
 247      399BA9F7 
 247      779FCE01 
 247      837A
 248 0156 EAD0B8DD 		.ascii	"\352\320\270\335\351\256e\271R\207CC\311\272\200\002"
 248      E9AE65B9 
 248      52874343 
 248      C9BA8002 
 249 0166 267795EC 		.ascii	"&w\225\354\337\031(\177\302\344O\267\037\377\245\301"
 249      DF19287F 
 249      C2E44FB7 
 249      1FFFA5C1 
 250 0176 AD3F3471 		.ascii	"\255?4q\027sMP8\224k\022p\030\"\210\220\265\376\300"
 250      17734D50 
 250      38946B12 
 250      70182288 
ARM GAS  /tmp/ccErMqPv.s 			page 20


 250      90B5FEC0 
 251 018a 4529E733 		.ascii	"E)\3473\371\352\271\313\327 \374]5sA\310\233\351\256"
 251      F9EAB9CB 
 251      D720FC5D 
 251      357341C8 
 251      9BE9AE
 252 019d D32E3D57 		.ascii	"\323.=W\232\241\310\237O\177\010?0p\366-\253\\\304\324"
 252      9AA1C89F 
 252      4F7F083F 
 252      3070F62D 
 252      AB5CC4D4 
 253 01b1 1F3EEF75 		.ascii	"\037>\357u[\015jO\344>WEF\030\021?\032\226xs\347\311"
 253      5B0D6A4F 
 253      E43E5745 
 253      4618113F 
 253      1A967873 
 254 01c7 3A4D2E65 		.ascii	":M.e\342\366\334\272\226 \203\330\351%\226\016Kl\375"
 254      E2F6DCBA 
 254      962083D8 
 254      E925960E 
 254      4B6CFD
 255 01da 3A7D9F59 		.ascii	":}\237Y\3061\361\372\366\322s6\203x\335K\374xX\342\216"
 255      C631F1FA 
 255      F6D27336 
 255      8378DD4B 
 255      FC7858E2 
 256 01ef BE469759 		.ascii	"\276F\227Y\376\202\211\015]%\007u\203x\311K,\033\226"
 256      FE82890D 
 256      5D250775 
 256      8378C94B 
 256      2C1B96
 257 0202 B8ED66F7 		.ascii	"\270\355f\367\337u\371+&\326|\323p\315\223j\223\227"
 257      DF75F92B 
 257      26D67CD3 
 257      70CD936A 
 257      9397
 258 0214 787458E2 		.ascii	"xtX\342\245\342\376\335\016\263\016\377\200p(\307\317"
 258      A5E2FEDD 
 258      0EB30EFF 
 258      807028C7 
 258      CF
 259 0225 27F83982 		.ascii	"'\3709\202\237\022\374\024C\270\352,8\006f\020\302\366"
 259      9F12FC14 
 259      43B8EA2C 
 259      38066610 
 259      C2F6
 260 0237 FF5018A7 		.ascii	"\377P\030\247\257\275\370C\233|\211\023x\377X\3376O"
 260      AFBDF843 
 260      9B7C8913 
 260      78FF58DF 
 260      364F
 261 0249 02DF168C 		.ascii	"\002\337\026\214ykp}\216?\230\002\374\223\351\273\333"
 261      796B707D 
 261      8E3F9802 
 261      FC93E9BB 
 261      DB
 262 025a 5B8B75F9 		.ascii	"[\213u\371\012\323;\373O}\347Y\336\363;\245\353=\227"
ARM GAS  /tmp/ccErMqPv.s 			page 21


 262      0AD33BFB 
 262      4F7DE759 
 262      DEF33BA5 
 262      EB3D97
 263 026d 46E47F0D 		.ascii	"F\344\177\015C\256`\362\266\033ol\005\371*\223\333\334"
 263      43AE60F2 
 263      B61B6F6C 
 263      05F92A93 
 263      DBDC
 264 027f 37D2ED06 		.ascii	"7\322\355\006\371\216\227|b\030r%\223\263Z\362\362\003"
 264      F98E977C 
 264      62187225 
 264      93B35AF2 
 264      F203
 265 0291 E41F98BC 		.ascii	"\344\037\230\274\245\354\312\217=\023\357\032\344V\015"
 265      A5ECCA8F 
 265      3D13EF1A 
 265      E4560D
 266 02a0 C3AD86F0 		.ascii	"\303\255\206\360\303_@\205\253\177`\023vpds\351\371"
 266      C35F4085 
 266      AB7F6013 
 266      76706473 
 266      E9F9
 267 02b2 F13F056E 		.ascii	"\361?\005ntMP\225\020\217u\302\326\307Ja\023c\255\314"
 267      744D5095 
 267      108F75C2 
 267      D6C74A61 
 267      1363ADCC 
 268 02c6 822A6503 		.ascii	"\202*e\003j\350@\306\330\261\301-\016\006\006\3210\230"
 268      6AE840C6 
 268      D8B1C12D 
 268      0E0606D1 
 268      3098
 269 02d8 D1636838 		.ascii	"\321ch8\226)\343h8^P\225\037\001\212=\201\034\217\222"
 269      9629E368 
 269      385E5095 
 269      1F018A3D 
 269      811C8F92 
 270 02ec 0921F318 		.ascii	"\011!\363\030Wo\"\016\255\223\270\026\264e,\217\323"
 270      576F220E 
 270      AD93B816 
 270      B4652C8F 
 270      D3
 271 02fd F7C92CEF 		.ascii	"\367\311,\357\011\032\206q\266O\002m\341\247\010\360"
 271      091A8671 
 271      B64F026D 
 271      E1A708F0 
 272 030d 34992964 		.ascii	"4\231)d\302\311D\220y\206\314T2\323\310D\222\231N&\212"
 272      C2C94490 
 272      7986CC54 
 272      32D3C844 
 272      92994E26 
 273 0322 CC0C3233 		.ascii	"\314\01423\311D\223\231E\34692\317\223\231C&\206\314"
 273      C9449399 
 273      45E63932 
 273      CF939943 
 273      2686CC
ARM GAS  /tmp/ccErMqPv.s 			page 22


 274 0335 5C322F90 		.ascii	"\\2/\220\231Gf>\231\005d\026\222YD\346E2\213\311,!\263"
 274      9947663E 
 274      99056416 
 274      925944E6 
 274      45328BC9 
 275 034c 94CC3232 		.ascii	"\224\31422\313\311\254 \023\313u\214\343\302\254\344"
 275      CBC9AC20 
 275      13CB758C 
 275      E3C2ACE4 
 276 035c 9AACE272 		.ascii	"\232\254\342r\304s\325Vs\035\205\330\202\215\211g\351"
 276      C473D556 
 276      731D85D8 
 276      828D8967 
 276      E9
 277 036d 56A9E13F 		.ascii	"V\251\341?\331\016\351\275\356\343\215\311\324\2519"
 277      D90EE9BD 
 277      EEE38DC9 
 277      D4A939
 278 037c 323047DA 		.ascii	"20G\332\350\260\354,\312\267\323\271g\001\011'q\351"
 278      E8B0EC2C 
 278      CAB7D3B9 
 278      67010927 
 278      71E9
 279 038e AEC28630 		.ascii	"\256\302\2060\356e\214\203(\201\254Nw]c\221T4\273\242"
 279      EE658C83 
 279      2881AC4E 
 279      775D6391 
 279      5434BBA2 
 280 03a2 9D1CB857 		.ascii	"\235\034\270W\021L4+hp\012i\034\274\326\0009\020\207"
 280      114C342B 
 280      68700A69 
 280      1CBCD600 
 280      391087
 281 03b5 A0D2EA1A 		.ascii	"\240\322\352\032\267U\305\006\250\361\215]N\261\035"
 281      B755C506 
 281      A8F18D5D 
 281      4EB11D
 282 03c4 2AF685C6 		.ascii	"*\366\205\306R\203\026\204\261!rH\254`\364\373'\366"
 282      52831684 
 282      B1217248 
 282      AC60F4FB 
 282      27F6
 283 03d6 09918315 		.ascii	"\011\221\203\025\271c0\2611*\261\332\367\216\366\332"
 283      B96330B1 
 283      312AB1DA 
 283      F78EF6DA 
 284 03e6 55622638 		.ascii	"Ub&8=4\261\261\210\363\017v\204\202\215U\301\372\032"
 284      3D34B1B1 
 284      88F30F76 
 284      84828D55 
 284      C1FA1A
 285 03f9 2F1AB871 		.ascii	"/\032\270q*\330\235-\033\357I\025\314\002\265C\203\215"
 285      2AD89D2D 
 285      1BEF4915 
 285      CC02B543 
 285      838D
 286 040b 471C820A 		.ascii	"G\034\202\012;\357\024\232\225\312`8\343\033\273\204"
ARM GAS  /tmp/ccErMqPv.s 			page 23


 286      3BEF149A 
 286      95CA6038 
 286      E31BBB84 
 287 041b 628FA7EF 		.ascii	"b\217\247\357y-\023\330\243\316\201=\033+\317Z\210\201"
 287      792D13D8 
 287      A3CE813D 
 287      1B2BCF5A 
 287      8881
 288 042d 07067CCA 		.ascii	"\007\006|\312\333e+\276?\360\355&\257\202\306k\227#"
 288      DB652BBE 
 288      3FF0ED26 
 288      AF82C66B 
 288      9723
 289 043f CD82C79C 		.ascii	"\315\202\307\234\237I\215Y\270\256\306\\A\251\306\274"
 289      9F498D59 
 289      B8AEC65C 
 289      41A9C6BC 
 290 044f 529A1A63 		.ascii	"R\232\032cW\344HP\211\0264\277\2562\235\200.^\200+\220"
 290      57E44850 
 290      891634BF 
 290      AE329D80 
 290      2E5E802B 
 291 0464 D15C550D 		.ascii	"\321\\U\015\206\027S9\374}\371}\207J^\300gj\347\336"
 291      86175339 
 291      FC7DF97D 
 291      874A5EC0 
 291      676AE7DE 
 292 0478 05C8918F 		.ascii	"\005\310\221\217h\"G\306:z.7\300]\320\260\021\264\236"
 292      682247C6 
 292      3A7A2E37 
 292      C05DD0B0 
 292      11B49E
 293 048b 8F5AD01F 		.ascii	"\217Z\320\037\3578\332\326\210.\211\353\247e\227\220"
 293      EF38DAD6 
 293      882E89EB 
 293      A7659790 
 294 049b 2BCE71A6 		.ascii	"+\316q\246\025=:.\212v\260\004\035+\035=\255\355\350"
 294      153D3A2E 
 294      8A76B004 
 294      1D2B1D3D 
 294      ADEDE8
 295 04ae 316165B5 		.ascii	"1ae\265&\306\254rd3\315Lz\265\354\217\311\267\332\321"
 295      26C6AC72 
 295      6433CD4C 
 295      7AB5EC8F 
 295      C9B7DAD1 
 296 04c2 D4760250 		.ascii	"\324v\002P\272.2#Tw^h\316\323|\016\\\334\271\264ei\233"
 296      BA2E3223 
 296      54775E68 
 296      CED37C0E 
 296      5CDCB9B4 
 297 04d9 D2FEE433 		.ascii	"\322\376\3443\026\017\226:\312\376Q,\221\357\022Yp\211"
 297      160F963A 
 297      CAFE512C 
 297      91EF1259 
 297      7089
 298 04eb EAD51265 		.ascii	"\352\325\022e\273\033\003\024(\004q\276\357z\013\350"
ARM GAS  /tmp/ccErMqPv.s 			page 24


 298      BB1B0314 
 298      280471BE 
 298      EF7A0BE8 
 299 04fb 7056816E 		.ascii	"pV\201n\2717\233\024\3501^\312\020\265n\350\241i\321"
 299      B9379B14 
 299      E8315ECA 
 299      10B56EE8 
 299      A169D1
 300 050e AB401DCD 		.ascii	"\253@\035\315\177R\250\211\360l(\255J;l\350\334t@*\347"
 300      7F52A889 
 300      F06C28AD 
 300      4A3B6CE8 
 300      DC74402A 
 301 0523 24F47B79 		.ascii	"$\364{y\025\304\233\2442\350k.\003\205\011U\211\016"
 301      15C49BA4 
 301      32E86B2E 
 301      03850955 
 301      890E
 302 0535 EE180BEE 		.ascii	"\356\030\013\356\230\317=9\264\033\201\036\307\276G"
 302      98CF3D39 
 302      B41B811E 
 302      C7BE47
 303 0544 A87FF4C9 		.ascii	"\250\177\364\311\350\367F\257\244\350\223\025m\333\205"
 303      E8F746AF 
 303      A4E89315 
 303      6DDB85
 304 0553 D715E409 		.ascii	"\327\025\344\011\337\006\264b\0036@(i\361\213\023\206"
 304      DF06B462 
 304      03364028 
 304      69F18B13 
 304      86
 305 0564 386F9C6A 		.ascii	"8o\234j\212\023\206\210\312\243\355\355\033\203\025"
 305      8A138688 
 305      CAA3EDED 
 305      1B8315
 306 0573 E429DFB6 		.ascii	"\344)\337\266\224|\320\337\2539\223i\317\205\234\365"
 306      947CD0DF 
 306      AB399369 
 306      CF859CF5 
 307 0583 788FC297 		.ascii	"x\217\302\227c@\216|\022\276\240\016\301g_uvV\331\235"
 307      63408E7C 
 307      12BEA00E 
 307      C1675F75 
 307      7656D99D 
 308 0597 05AE8CF5 		.ascii	"\005\256\214\365\364\310\006\347 \027\376\306\367+8"
 308      F4C806E7 
 308      2017FEC6 
 308      F72B38
 309 05a6 0F4E9ABD 		.ascii	"\017N\232\275\337}\337X\203\247\215\232\364\016\256"
 309      DF7DDF58 
 309      83A78D9A 
 309      F40EAE
 310 05b5 CA149C0F 		.ascii	"\312\024\234\017\375\344\354v\327\006*'\2653>\242\274"
 310      FDE4EC76 
 310      D7062A27 
 310      B5333EA2 
 310      BC
ARM GAS  /tmp/ccErMqPv.s 			page 25


 311 05c6 F6D44E27 		.ascii	"\366\324N'\337\220\034\362^\025\017\311\342Ko\026\377"
 311      DF901CF2 
 311      5E150FC9 
 311      E24B6F16 
 311      FF
 312 05d7 06278654 		.ascii	"\006'\206T\"\257{DF\214P\325W\034\017(\336\327\036U"
 312      22AF7B44 
 312      468C50D5 
 312      571C0F28 
 312      DED71E55 
 313 05eb 9B8D749F 		.ascii	"\233\215t\2371\326\242\327\335n\250\232\212\023\240"
 313      31D6A2D7 
 313      DD6EA89A 
 313      8A13A0
 314 05fa 5FA96A34 		.ascii	"_\251j4`\323p\303\342\243\321\250j\364f\321D\252\246"
 314      60D370C3 
 314      E2A3D1A8 
 314      6AF466D1 
 314      44AAA6
 315 060d 2955373C 		.ascii	")U7<\252\"G\250\252\231\343i\024\357\033VEG\232\241"
 315      AA2247A8 
 315      AA99E369 
 315      14EF1B56 
 315      45479AA1 
 316 0621 613A0B8B 		.ascii	"a:\013\213T\032\312\015\015Qx\000\341\243\321h\270\340"
 316      541ACA0D 
 316      0D517800 
 316      E1A3D168 
 316      B8E0
 317 0633 9DF35BD2 		.ascii	"\235\363[\322\020E'QSUk\341l5E \357\010\301\007\241"
 317      10452751 
 317      53556BE1 
 317      6C354520 
 317      EF08C107 
 318 0648 4974DB24 		.ascii	"It\333$>>[\325_\030\243\036\323\204\265g\366~`W\207"
 318      3E3E5BD5 
 318      5F18A31E 
 318      D384B567 
 318      F67E6057 
 319 065d A605BE1B 		.ascii	"\246\005\276\033D\233\3051\223\344\202t\3577\0122c\204"
 319      449BC531 
 319      93E48274 
 319      EF370A32 
 319      6384
 320 066f 05B9C8C9 		.ascii	"\005\271\310\311\361\035\256\305\263\314\236E\235\251"
 320      F11DAEC5 
 320      B3CC9E45 
 320      9DA9
 321 067d B68A4F89 		.ascii	"\266\212O\211\242q\002\364\373\227h\026\237\"\321\252"
 321      A27102F4 
 321      FB976816 
 321      9F22D1AA 
 322 068d 4451C395 		.ascii	"DQ\303\225\350/\017+\321%o\026\227\251D\263X\236eP^"
 322      E82F0F2B 
 322      D1256F16 
 322      97A944B3 
 322      589E6550 
ARM GAS  /tmp/ccErMqPv.s 			page 26


 323 06a2 8F47DE73 		.ascii	"\217G\336s#\224w\205\003\353\024\370\352Py\317? o\016"
 323      23947785 
 323      03EB14F8 
 323      EA5079CF 
 323      3F206F0E 
 324 06b6 4E807E7F 		.ascii	"N\200~\177y1,o\316h\344\265z\263h#y1,\317Jk\315\362"
 324      79312C6F 
 324      CE68E4B5 
 324      7AB36823 
 324      79312CCF 
 325 06ce 7E3869C8 		.ascii	"~8i\310\233;By\3278\260\211\002\267{\332\331#\357\005"
 325      9B3B4279 
 325      D738B089 
 325      02B77BDA 
 325      D923EF05 
 326 06e2 6EE7B9FE 		.ascii	"n\347\271\376[r\036\276+\361\221\022\343\034N\314k\017"
 326      5B721EBE 
 326      2BF19112 
 326      E31C4ECC 
 326      6B0F
 327 06f4 1373DD3B 		.ascii	"\023s\335;\347\015\0223\217\305\004\210\035\241JLf\215"
 327      E70D1233 
 327      8FC50488 
 327      1DA14A4C 
 327      668D
 328 0706 2166FE08 		.ascii	"!f\376\010\305|\357\015\3341T\314\002\0263\337_\314"
 328      C57CEF0D 
 328      DC3154CC 
 328      021633DF 
 328      5FCC
 329 0718 4216B360 		.ascii	"B\026\263`4b\376\343\235\363&\211Y(x\363\325\227y6\237"
 329      3462FEE3 
 329      9DF32689 
 329      592878F3 
 329      D5977936 
 330 072d CF6EB389 		.ascii	"\317n\263\211\314 %qK\276!q\321\010%\336\362\366\371"
 330      CC202571 
 330      4BBE2171 
 330      D10825DE 
 330      F2F6F9
 331 0740 EDA1EDF8 		.ascii	"\355\241\355\370\342\003\355\270\030'@\277\177;.\341"
 331      E203EDB8 
 331      182740BF 
 331      7F3B2EE1 
 332 0750 765C3C9A 		.ascii	"v\\<\232v\354\364f\321E\242\227\260\274\300AyY\036y"
 332      76ECF466 
 332      D145A297 
 332      B0BCC041 
 332      79591E79 
 333 0764 4B4728EF 		.ascii	"KG(\357\216\267\317\357\016\225\267\354\001y\313q\002"
 333      8EB7CFEF 
 333      0E95B7EC 
 333      0179CB71 
 333      02
 334 0775 F4FBCB5B 		.ascii	"\364\373\313[\301\362\226\217F\336\177\275Y\334#y+X"
 334      C1F2968F 
 334      46DE7FBD 
ARM GAS  /tmp/ccErMqPv.s 			page 27


 334      59DC2379 
 334      2B58
 335 0787 9E9DAF98 		.ascii	"\236\235\257\230\352\252{\373eu\011\214\245\253\341"
 335      EAAA7BFB 
 335      6575098C 
 335      A5ABE1
 336 0796 B33E9756 		.ascii	"\263>\227V\276@\306\252\363\371T\371\014\003\345{=\320"
 336      BE40C6AA 
 336      F3F954F9 
 336      0C03E57B 
 336      3DD0
 337 07a8 F1AAD83D 		.ascii	"\361\252\330=\330\022\016\221U\303Ao\271\013\272\214"
 337      D8120E91 
 337      55C3416F 
 337      B90BBA8C 
 338 07b8 DF1671F8 		.ascii	"\337\026q\370.\367\013\312\267\3258uw9\336\225\246P"
 338      2EF70BCA 
 338      B7D53875 
 338      7739DE95 
 338      A650
 339 07ca 2BF1DDC8 		.ascii	"+\361\335\310\277\035"
 339      BF1D
 340 07d0 FC6FF62B 		.ascii	"\374o\366+\025\254\256+A\301V\341\353\307\037\306w\342"
 340      15ACAE2B 
 340      41C156E1 
 340      EBC71FC6 
 340      77E2
 341 07e2 550AF665 		.ascii	"U\012\366e\252B\305\343F\360G\361\2558\236P{\334\035"
 341      AA42C5E3 
 341      46F047F1 
 341      AD389E50 
 341      7BDC1D
 342 07f5 5DBF51B0 		.ascii	"]\277Q\260\325\352erd\323g\3056\3652\001\270\357\313"
 342      D5EA6572 
 342      64D367C5 
 342      36F53201 
 342      B8EFCB
 343 0808 E2BBF76A 		.ascii	"\342\273\367jV\026D?\232:\360\362\336\366\266E\335<"
 343      5616443F 
 343      9A3AF0F2 
 343      DEF6B645 
 343      DD3C
 344 081a 05FDA402 		.ascii	"\005\375\244\002t\343\233,2*\312\351LJu\276\274&\301"
 344      74E39B2C 
 344      322ACAE9 
 344      4C4A75BE 
 344      BC26C1
 345 082d 999C9492 		.ascii	"\231\234\224\222\226\352\374\331\317\343fE;cc\027;\227"
 345      96EAFCD9 
 345      CFE36645 
 345      3B636317 
 345      3B97
 346 083f C62F5FF5 		.ascii	"\306/_\365Z\2643yM\302\257\023\022\326F\375V\350\204"
 346      5AB43379 
 346      4DC2AF13 
 346      12D646FD 
 346      56E884
ARM GAS  /tmp/ccErMqPv.s 			page 28


 347 0852 D013D7A4 		.ascii	"\320\023\327\244\276\242'&\255]'_\372]\232\276&!-\305"
 347      BEA22726 
 347      AD5D275F 
 347      FA5D9ABE 
 347      26212DC5 
 348 0866 94FCC7E4 		.ascii	"\224\374\307\344\265)\226\244\324\344u\353\326\246\230"
 348      B52996A4 
 348      D4E475EB 
 348      D6A698
 349 0875 93D2FE9C 		.ascii	"\223\322\376\234\274.\305D\220\024+='\206\2268SK\214"
 349      BC2EC544 
 349      90142B3D 
 349      27869638 
 349      534B8C
 350 0888 D61267FF 		.ascii	"\326\022g\377\017\327\201\371@"
 350      0FD781F9 
 350      40
 351              		.text
 352              		.section	.gnu.lto_.symbol_nodes.608fe31a37522277,"",%progbits
 353 0000 789C6365 		.ascii	"x\234ce`bPc\000\002\246\211L\365\014\014\023\31610\000"
 353      60625063 
 353      0002A689 
 353      4CF50C0C 
 353      13CE3130 
 354 0015 A95D0D8E 		.ascii	"\251]\015\216@\221IL\365\214(\"\014\000\266\323\011"
 354      4091494C 
 354      F58C2822 
 354      0C00B6D3 
 354      09
 355 0026 08       		.ascii	"\010"
 356              		.text
 357              		.section	.gnu.lto_.refs.608fe31a37522277,"",%progbits
 358 0000 789C6365 		.ascii	"x\234ce`b`d\000\002\000\000I\000\011"
 358      60626064 
 358      00020000 
 358      490009
 359              		.text
 360              		.section	.gnu.lto_.decls.608fe31a37522277,"",%progbits
 361 0000 789CCD59 		.ascii	"x\234\315Y{PT\311\325\237\276=3\3008\240\005&e\252\266"
 361      7B5054C9 
 361      D59FBE3D 
 361      33C038A0 
 361      052665AA 
 362 0015 52964576 		.ascii	"R\226Ev\251du\204\335lR\225\344\313*\240\230eWj\330"
 362      A9647584 
 362      DD6C5295 
 362      E4CB2AA0 
 362      9865576A 
 363 002a 6C2A55A9 		.ascii	"l*U\251\"DF\245\202B`L\231\372\376\271\310\033E\300"
 363      224446A5 
 363      8242604C 
 363      99FAFEB9 
 363      C81B45C0 
 364 003e D7CA2AF8 		.ascii	"\327\312*\370B\205\205\365\015\210\200\316\"\"\202\243"
 364      428585F5 
 364      0D8880CE 
 364      222282A3 
ARM GAS  /tmp/ccErMqPv.s 			page 29


 365 004e 2C282F79 		.ascii	",(/y\011\012\212\312S\021\021%\247\273\357p{.Ce\223"
 365      090A8ACA 
 365      53111125 
 365      A7BBEF70 
 365      7B2E4365 
 366 0063 7C7F7CB7 		.ascii	"|\177|\2678\323\367\334\376\365yu\367\351s/\032\225"
 366      38D3F7DC 
 366      FEF57975 
 366      F7E9732F 
 366      1A95
 367 0075 A0FAE4C7 		.ascii	"\240\372\344\307*U1V\251\376\204T\252i\270\340V\365"
 367      2A553156 
 367      A9FE8454 
 367      AA69B8E0 
 367      56F5
 368 0087 8D4ABE04 		.ascii	"\215J\276\004\2401\240_\"\325\254\253\037\236\315\207"
 368      A031A05F 
 368      22D5ACAB 
 368      1F9ECD87 
 369 0097 F60B2077 		.ascii	"\366\013 w\240\205@\203@\357\001%B_\002\031\003\224"
 369      A0854083 
 369      40EF0125 
 369      425F0219 
 369      0394
 370 00a9 0CF40C6E 		.ascii	"\014\364\014nS\240\365\001J\002J\005Z\016\364#x\376"
 370      53A0F501 
 370      4A024A05 
 370      5A0EF423 
 370      78FE
 371 00bb BFD04600 		.ascii	"\277\320F\000u\303}-\320\022\270\257!r\240\255\206\366"
 371      75C37D2D 
 371      D012B8AF 
 371      2172A0AD 
 371      86F6
 372 00cd 67D05E87 		.ascii	"g\320^\207v)\264u\320zB[\005\355O\240\275\006\355O\241"
 372      7629B475 
 372      D07A425B 
 372      05ED4FA0 
 372      BD06ED4F 
 373 00e2 ED85F621 		.ascii	"\355\205\366!P\017\320}\240>b\037\320c\240\007\234\037"
 373      500FD07D 
 373      A03E621F 
 373      D063A007 
 373      9C1F
 374 00f4 E90EFCF8 		.ascii	"\351\016\374\370\033t\316S\370\361s\300\275\206v\034"
 374      1B74CE53 
 374      F8F173C0 
 374      BD86761C 
 375 0104 A84CF229 		.ascii	"\250L\362)H\305l&>i%;\211\215\304>b\023\261\207\330"
 375      48C56C26 
 375      3E69253B 
 375      898DC43E 
 375      6213B187 
 376 0119 82E688D7 		.ascii	"\202\346\210\327\227\030\025\247UU\010\235\250\035\201"
 376      971815A7 
 376      5555089D 
 376      A81D81
ARM GAS  /tmp/ccErMqPv.s 			page 30


 377 0128 4AB4803E 		.ascii	"J\264\200>E\210\375\"J\224\235\266]\010\321\347\360"
 377      4588FD22 
 377      4A949DB6 
 377      5D08D1E7 
 377      F0
 378 0139 54504982 		.ascii	"TPI\202m\217\220m\204\304\013\022+H\"\351\2374\030q"
 378      6D8F906D 
 378      84C40B12 
 378      2B4822E9 
 378      9F341871 
 379 014d 125937D3 		.ascii	"\022Y7\323d\273\230K\354\206\016\263\215F\202\254\000"
 379      64BB984B 
 379      EC860EB3 
 379      8D4682AC 
 379      00
 380 015e 217E0027 		.ascii	"!~\000'\220\231-\365\317\330\247\222\235C6\357G\262"
 380      90992DF5 
 380      CFD8A792 
 380      9D4336EF 
 380      47B2
 381 0170 6EF6E9BA 		.ascii	"n\366\351\272P\007yz\370cD\237}]\230\365\320\005\013"
 381      5007797A 
 381      F863449F 
 381      7D5D98F5 
 381      D0050B
 382 0183 88DC77BD 		.ascii	"\210\334w\275\312[\265\254Pd\227\263\227\034\266\357"
 382      CA5BB5AC 
 382      506497B3 
 382      971CB6EF 
 383 0193 E2CF1CC4 		.ascii	"\342\317\034\304;1r\327!5\221c\375\252\327\015\330\205"
 383      3B3172D7 
 383      21359163 
 383      FDAAD70D 
 383      D885
 384 01a5 3AB418D8 		.ascii	":\264\030\330K\035#\226y\254\267\033\001\177\261\342"
 384      4B1D2396 
 384      79ACB71B 
 384      017FB1E2 
 385 01b5 990F63DF 		.ascii	"\231\017c\337\341z\027J\275g\312\343\237\271\261n\013"
 385      E17A174A 
 385      BD67CAE3 
 385      9FB9B16E 
 385      0B
 386 01c6 E1B727A4 		.ascii	"\341\267'\244\2478\341\037Q\003\006\343\037vK\222\026"
 386      A738E11F 
 386      510306E3 
 386      1F764B92 
 386      16
 387 01d7 01DB307C 		.ascii	"\001\3330|3[b\027\000\333\236\222\230\243\305\213)\262"
 387      335B6217 
 387      00DB9E92 
 387      98A3C58B 
 387      29B2
 388 01e9 A326BF80 		.ascii	"\243&\277\200X\364\236\016\221(\314\207G\247\237\226"
 388      58F49E0E 
 388      9128CC87 
 388      47A79F96 
ARM GAS  /tmp/ccErMqPv.s 			page 31


 389 01f9 BE72658F 		.ascii	"\276re\217\010\242!}4\327\011\377\204\334\013Y\265\315"
 389      08A2217D 
 389      34D709FF 
 389      84DC0B59 
 389      B5CD
 390 020b 956AE4A5 		.ascii	"\225j\344\245;A\034\263\\\037\177/3I\024\005T\212t\250"
 390      3B411CB3 
 390      5C1F7F2F 
 390      33491405 
 390      548A74A8 
 391 021f 04410CD0 		.ascii	"\004A\014\3202\022\246\367t\360\233,\212\333\304\214"
 391      3212A6F7 
 391      74F09B2C 
 391      8ADBC48C 
 392 022f 38D12540 		.ascii	"8\321%@\205\012\321;\250\000\275\243B\027\221\027\021"
 392      850AD13B 
 392      A800BDA3 
 392      42179117 
 392      11
 393 0240 4B70A818 		.ascii	"Kp\250\030\036\026\301CP\221\237\233yT\213\017\"\252"
 393      1E16C143 
 393      50919F9B 
 393      79548B0F 
 393      22AA
 394 0252 A3FAF2BD 		.ascii	"\243\372\362\275\0265\322y9\024P\356@\0003f\250pIu\002"
 394      1635D279 
 394      391450EE 
 394      40003366 
 394      A8704975 
 395 0267 31A60C8C 		.ascii	"1\246\014\214\271$\033\003\266\261\330\367\\j\217\025"
 395      B9241B03 
 395      B6B1D8F7 
 395      5C6A8F15 
 396 0277 70229BA1 		.ascii	"p\"\233\241\257\312\236\327jXD\234\201\035\332}\315"
 396      AFCA9ED7 
 396      6A58449C 
 396      811DDA7D 
 396      CD
 397 0288 2AE054D6 		.ascii	"*\340T\326\327\327\022\227\245\305\031\214\311x\323"
 397      D7D71297 
 397      A5C5198C 
 397      C978D3
 398 0297 2A6AF17E 		.ascii	"*j\361~\306\244\015M\034Q\343C\214i\215{\331\344\212"
 398      C6A40D4D 
 398      1C51E343 
 398      8C698D7B 
 398      D9E48A
 399 02aa 8F53C625 		.ascii	"\217S\306%\361\364\305\013z\344I.\017OO\257\243\304"
 399      F1F4C50B 
 399      7AE4492E 
 399      0F4F4FAF 
 399      A3C4
 400 02bc 764BB3F5 		.ascii	"vK\263\365\375\232\321\007\242\270KO\215\272\012F\335"
 400      FD9AD107 
 400      A2B84B4F 
 400      8DBA0A46 
 400      DD
ARM GAS  /tmp/ccErMqPv.s 			page 32


 401 02cd 401EB233 		.ascii	"@\036\2623\347\340G\205\274\341G\305\006L\376O\226h"
 401      E7E04785 
 401      BCE147C5 
 401      064CFE4F 
 401      9668
 402 02df 89C7145D 		.ascii	"\211\307\024]\251D\033\024\340\201\337\312\340+J\360"
 402      A9441B14 
 402      E081DFCA 
 402      E02B4AF0 
 403 02ef 652ABA10 		.ascii	"e*\272\020q\2629x\205\022~^iI\033\207\2668\026N\321"
 403      71B23978 
 403      85127E5E 
 403      69491B87 
 403      B638164E 
 404 0304 9924F619 		.ascii	"\231$\366\031\242\370\261Z\205NC\377)\332E\320\020~"
 404      A2F8B15A 
 404      854E43FF 
 404      29DA45D0 
 404      107E
 405 0316 741366EB 		.ascii	"t\023f\353\032\362D\265@5@\325@\327\201\352\200\252"
 405      1AF244B5 
 405      403540D5 
 405      40D781EA 
 405      80AA
 406 0328 9027DD15 		.ascii	"\220'\335\025L_-\247\357[\207\236\363\276\324\006\310"
 406      4C5F2DA7 
 406      EF5B879E 
 406      F3BED406 
 406      C8
 407 0339 E80B8E7D 		.ascii	"\350\013\216}ap\2664\006/\273\307\212\"\"0\225\264,"
 407      6170B634 
 407      062FBBC7 
 407      8A222230 
 407      95B42C
 408 034c A4FD78E5 		.ascii	"\244\375x\345m|\275\0267\3239\024rSo\026;#\017/G>\241"
 408      6D7CBD16 
 408      37D33914 
 408      72536F16 
 408      3B230F2F 
 409 0363 DBE0CABF 		.ascii	"\333\340\312\277\343\026\323\334W\243\205\004\200n\301"
 409      E316D3DC 
 409      57A38504 
 409      806EC1
 410 0372 40ABBC24 		.ascii	"@\253\274$\211\035T\375X\336\271\034g\266\012\363\310"
 410      891D54FD 
 410      58DEB91C 
 410      67B60AF3 
 410      C8
 411 0383 167EFCA6 		.ascii	"\026~\374\246\372\211\006\017\260\365Uh\275\336.\345"
 411      FA89060F 
 411      B0F55568 
 411      BDDE2EE5 
 412 0393 8A64D2D9 		.ascii	"\212d\322\331\370\262>I\207GX\347\364\343\326c.\254"
 412      F8B23E49 
 412      874758E7 
 412      F4E3D663 
 412      2EAC
ARM GAS  /tmp/ccErMqPv.s 			page 33


 413 03a5 7398F0A9 		.ascii	"s\230\360\251E\273\217\315\307\023\254\263\261\357H"
 413      45BB8FCD 
 413      C713ACB3 
 413      B1EF48
 414 03b4 BC9E75D6 		.ascii	"\274\236u\326\023~g\372\371\263:<\315:\363\372\016\356"
 414      137E67FA 
 414      F9B33A3C 
 414      CD3AF3FA 
 414      0EEE
 415 03c6 943A7F09 		.ascii	"\224:\177\011l\221\365b\247\006'b\332\327>\332\2244"
 415      6C91F562 
 415      A7062762 
 415      DAD73EDA 
 415      9434
 416 03d8 0FA731E6 		.ascii	"\017\2471\346\364\324\236\223Z\274\2071\265\355\023"
 416      F4D49E93 
 416      5ABC8731 
 416      B5ED13
 417 03e7 F79DD8A8 		.ascii	"\367\235\330\250)b\314@\332t\273^JF$g$Y_\234\024\360"
 417      2962CC40 
 417      DA74BB5E 
 417      4A462467 
 417      24595F9C 
 418 03fd 010A9E77 		.ascii	"\001\012\236w\267\253\177\302\025yxJ\227\227'\037\321"
 418      B7AB7FC2 
 418      1579784A 
 418      9797271F 
 418      D1
 419 040e 0E88683B 		.ascii	"\016\210h;\235\242.)\234\217 \234\335\020\272^\240\207"
 419      9DA22E29 
 419      9C8F209C 
 419      DD10BA5E 
 419      A087
 420 0420 403D40F7 		.ascii	"@=@\367\201\372\200\372\201\036\003=\220W\013\204\265"
 420      81FA80FA 
 420      811E033D 
 420      90570B84 
 420      B5
 421 0431 BAD67DB7 		.ascii	"\272\326}\267(\326,\247\201\275\007\201%\242f\246\312"
 421      28D62CA7 
 421      81BD0781 
 421      25A266A6 
 421      CA
 422 0442 6EA300BA 		.ascii	"n\243\000\27220\226\256\026\002\276\253\004\337A\012"
 422      323096AE 
 422      1602BEAB 
 422      04DF410A 
 423 0452 74CF2732 		.ascii	"t\317'2\272Y\211n\262\337V\004\376;\031\336\246\204"
 423      BA59896E 
 423      B2DF5604 
 423      FE3B19DE 
 423      A684
 424 0464 9F9B05AF 		.ascii	"\237\233\005\257\374L\206w*\341\337(m\251\344liU\242"
 424      FC4C8677 
 424      2AE1DF28 
 424      6DA9E46C 
 424      6955A2
ARM GAS  /tmp/ccErMqPv.s 			page 34


 425 0477 5B6659CE 		.ascii	"[fY\316\371\331\250D7\3146\345S\031\376\235\022^/\013"
 425      F9D9A844 
 425      37CC36E5 
 425      5319FE9D 
 425      125E2F0B 
 426 048b 97F6D00D 		.ascii	"\227\366\320\015\266\207\272\354\367\020\023\325g\345"
 426      B687BAEC 
 426      F71013D5 
 426      67E5
 427 0499 E6E3AC52 		.ascii	"\346\343\254R\326\031N5,\225o_=M\230\217\217\322\245"
 427      D6194E35 
 427      2C956F5F 
 427      3D4D988F 
 427      8FD2A5
 428 04ac 22146C7F 		.ascii	"\"\024l\177\322\255U\3549\333\012AOaa\374'\213\204Y"
 428      D2AD55EC 
 428      39DB0A41 
 428      4F6161FC 
 428      278B8459 
 429 04c0 DC749BEE 		.ascii	"\334t\233\356\275' `@\336{]\266\275\327\223\323}\330"
 429      BD272060 
 429      40DE7B5D 
 429      B6BDD793 
 429      D37DD8
 430 04d3 CD43D29B 		.ascii	"\315C\322\233<\227^\325\367V\012\"_\\\354\255s\323\247"
 430      3C975ED5 
 430      F7560A22 
 430      5F5CECAD 
 430      73D3A7
 431 04e6 CE9C5BE8 		.ascii	"\316\234[\350\031\227\227Th\020\351%\340\365\342\252"
 431      19979754 
 431      6810E925 
 431      E0F5E2AA 
 432 04f6 1A17B5C0 		.ascii	"\032\027\265\300\236\241\277\250\311\263k\323/-\363"
 432      9EA1BFA8 
 432      C9B36BD3 
 432      2F2DF3
 433 0505 D90E13B8 		.ascii	"\331\016\023\270#{!;\262\343v\034/pY\264\217\026\024"
 433      237B213B 
 433      B2E3761C 
 433      2F7059B4 
 433      8F1614
 434 0518 71E20201 		.ascii	"q\342\002\001}\361C4\002\222\207\251\344Q\264\010~\207"
 434      7DF14334 
 434      029287A9 
 434      E451B408 
 434      7E87
 435 052a 909A893F 		.ascii	"\220\232\211?[\360\342\274\333\222\303\342\341n\321"
 435      5BF0E2BC 
 435      DB92C3E2 
 435      E16ED1
 436 0539 D2FF6CF1 		.ascii	"\322\377l\361\201\302D\261\036\306}L\201(_\016\006\334"
 436      81C244B1 
 436      1EC67D4C 
 436      81285F0E 
 436      06DC
 437 054b C26F1E38 		.ascii	"\302o\0368\213N\302rT\2411\264\004\306?;\036\267{>n"
ARM GAS  /tmp/ccErMqPv.s 			page 35


 437      8B4EC272 
 437      54A131B4 
 437      04C63F3B 
 437      1EB77B3E 
 438 0560 653BFF6B 		.ascii	"e;\377kk\376\224\032\017\261\351J\253<\370T?\327\331"
 438      6BFE941A 
 438      0FB1E94A 
 438      AB3CF854 
 438      3FD7D9
 439 0573 FC72CEB3 		.ascii	"\374r\316\263\271\331\272\274\345\216(.F\343\220\260"
 439      B9D9BABC 
 439      E58E282E 
 439      46E390B0 
 440 0583 5FC8FACB 		.ascii	"_\310\372\313lg\363\245\364\343\023\230\006\204 X@\342"
 440      6C67F3A5 
 440      F4E31398 
 440      06842058 
 440      40E2
 441 0595 ABC6335D 		.ascii	"\253\3063]\361\004S\274\363\332\365W\232\231\302cr-"
 441      F10453BC 
 441      F3DAF557 
 441      9A99C263 
 441      722D
 442 05a7 99D9D700 		.ascii	"\231\331\327\000}\245\024\346\320\262I\307e\307\213"
 442      7DA514E6 
 442      D0B249C7 
 442      65C78B
 443 05b6 A487B710 		.ascii	"\244\207\267\020\325JDM \252\366\300X\307c)\263zq%\232"
 443      D54A444D 
 443      20AAF6C0 
 443      58C76329 
 443      B37A7125 
 444 05cb 3B2BD126 		.ascii	";+\321&\216<\330%\340\0045\015Mr\341\316\253X\227Lf"
 444      8E3CD825 
 444      E004350D 
 444      4D72E1CE 
 444      AB58974C 
 445 05e0 E4FBD429 		.ascii	"\344\373\324)\244f\233\336\323\355\212S\331\360o&\272"
 445      A4669BDE 
 445      D3ED8A53 
 445      D9F06F26 
 445      BA
 446 05f1 8A35389D 		.ascii	"\21258\2351i{*+\325x\017c\216ee&ip\026c\362we\234\321"
 446      31697B2A 
 446      2BD5780F 
 446      638E6565 
 446      26697016 
 447 060b E1038CD9 		.ascii	"\341\003\214\331\377u\363\244\013\316f\314\361\311\327"
 447      FF75F3A4 
 447      0BCE66CC 
 447      F1C9D7
 448 061a C3E48478 		.ascii	"\303\344\204x\227\324n\230\253\334\336e\225\333\225"
 448      97D46E98 
 448      ABDCDE65 
 448      95DB95
 449 0629 BA1B27F4 		.ascii	"\272\033'\364\370\030\005\013\031G\012\266\273\330\246"
 449      F818050B 
ARM GAS  /tmp/ccErMqPv.s 			page 36


 449      19470AB6 
 449      BBD8A6
 450 0638 0E2CD678 		.ascii	"\016,\326x\251fV\020\332.x\221A\324\334d\341\035\224"
 450      A9665610 
 450      DA2E7891 
 450      41D4DC64 
 450      E11D94
 451 064b 24D8A6EE 		.ascii	"$\330\246\356z\361\217KEq\001J\025t(E\230\011\366\273"
 451      7AF18F4B 
 451      4571014A 
 451      15742845 
 451      9809F6BB 
 452 065f D2C45DCE 		.ascii	"\322\304]\316\274\327\247\303\247\230\212\251\270}C"
 452      BCD7A7C3 
 452      A7988AA9 
 452      B87D43
 453 066e 72753854 		.ascii	"ru8T\350SE\013\262\2350t\207<\024$\331\346IiF\232\003"
 453      E853450B 
 453      B29D3074 
 453      873C1424 
 453      D9E64969 
 454 0685 3340C9B6 		.ascii	"3@\311\266\211\243\345\316\270\204*Q\217\215\357h\323"
 454      89A3E5CE 
 454      B8842A51 
 454      8F8DEF68 
 454      D3
 455 0696 91C345CE 		.ascii	"\221\303E\316\031\202\212\333e\031\002K\030\273A\326"
 455      19828ADB 
 455      6519024B 
 455      18BB41D6 
 456 06a6 2EC11365 		.ascii	".\301\023e\012|\235\321l\365\254\030\355\026\305T=5"
 456      0A7C9DD1 
 456      6CF5AC18 
 456      ED16C554 
 456      3D35
 457 06b8 2B11CC22 		.ascii	"+\021\314\"\003f,\240g\307\010WjT\376f\277h\331\206"
 457      03662CA0 
 457      67C70857 
 457      6A54FE66 
 457      BF68D986 
 458 06cc 293ADD21 		.ascii	"):\335!\232K\222o\313uda\002\306\276\316P\337\351\034"
 458      9A4B926F 
 458      CB756461 
 458      02C6BECE 
 458      50DFE91C 
 459 06e0 DC8590E7 		.ascii	"\334\205\220\347B/O\2260\233*\334b\251X\".\001\304\356"
 459      422F4F96 
 459      309B2ADC 
 459      62A95822 
 459      2E01C4EE 
 460 06f4 15163AAA 		.ascii	"\025\026:\252\364vQ\027\343hZ\224]$`\342\342>p\361K"
 460      F4765117 
 460      E3685A94 
 460      5D2460E2 
 460      E23E70F1 
 461 0709 70718FC0 		.ascii	"pq\217\300\347\275\301\362E4S\003J\221\251\301\235\361"
 461      E7BDC1F2 
ARM GAS  /tmp/ccErMqPv.s 			page 37


 461      45345303 
 461      4A91A9C1 
 461      9DF1
 462 071b 72F7DD71 		.ascii	"r\367\335q$S\223\322)~n\305\020\365\321\362\272\233"
 462      245393D2 
 462      297E6EC5 
 462      10F5D1F2 
 462      BA9B
 463 072d C242B020 		.ascii	"\302B\260 vN\013Tv\352\311\236\275z\267H\217\313\330"
 463      764E0B54 
 463      76EAC99E 
 463      BD7AB748 
 463      8FCBD8
 464 0740 F27C5877 		.ascii	"\362|Xwz\2333\276\302\230\034\353\251:\015\276\312\230"
 464      7A9B33BE 
 464      C2981CEB 
 464      A93A0DBE 
 464      CA98
 465 0752 B282530D 		.ascii	"\262\202S\015\002\276\301\230\302\322\341\355\010\177"
 465      02BEC198 
 465      C2D2E1ED 
 465      087F
 466 0760 C79891A4 		.ascii	"\307\230\221\244\323f\334\302\356\343\2633n\013l\353"
 466      D366DCC2 
 466      EEE3B333 
 466      6E0B6CEB 
 467 0770 BD0FECBE 		.ascii	"\275\017\354\276\224\203\335j\251\344 \031\362\\S^\231"
 467      9483DD6A 
 467      A9E42019 
 467      F25C535E 
 467      99
 468 0781 33EEA458 		.ascii	"3\356\244X\327\214\374\214\022\035\222\312oVu\034\025"
 468      D78CFC8C 
 468      121D92CA 
 468      6F56751C 
 468      15
 469 0792 E3E360FE 		.ascii	"\343\343`\376~\315JE\021\346/\033\374=!\314UX\022\364"
 469      7ECD4A45 
 469      11E62F1B 
 469      FC3D21CC 
 469      555812F4 
 470 07a6 E46F64F4 		.ascii	"\344od\364\021%\372\015\177\340\022\364\000\207\216"
 470      1125FA0D 
 470      7FE012F4 
 470      00878E
 471 07b5 55A2DF2A 		.ascii	"U\242\337*\321\243\034z\0329D3S\370\263\3600\354\202"
 471      D1A31C7A 
 471      1A394433 
 471      53F8B3F0 
 471      30EC82
 472 07c8 4302E93B 		.ascii	"C\002\351;!\255\353S"
 472      21ADEB53 
 473 07d0 30E95F43 		.ascii	"0\351_C\324\217\002\235\004*\000\312\007\372\006\250"
 473      D48F029D 
 473      042A00CA 
 473      07FA06A8 
 474 07e0 10280F28 		.ascii	"\020(\017(\027\3508\320\261\231\265O\014\250\345BqP"
ARM GAS  /tmp/ccErMqPv.s 			page 38


 474      17E838D0 
 474      B199B54F 
 474      0CA8E542 
 474      7150
 475 07f2 69EE65A5 		.ascii	"i\356e\245\271=\234\271\333\224h\373\302\206\300\333"
 475      B93D9CB9 
 475      DB9468FB 
 475      C286C0DB 
 476 0802 38E15F29 		.ascii	"8\341_)\341\347\225\302'\177%\243s\034\316\012\007n"
 476      E1E795C2 
 476      277F25A3 
 476      731CCE0A 
 476      076E
 477 0814 E0441F70 		.ascii	"\340D\037pl\367\214%\260\253:+t\014\277\037\026i\234"
 477      6CF78C25 
 477      B0AB3A2B 
 477      740CBF1F 
 477      16699C
 478 0827 63CB39E9 		.ascii	"c\3139\351}\266\035A\304g9\266\334\356e\242\214\025"
 478      7DB61D41 
 478      C46739B6 
 478      DCEE65A2 
 478      8C15
 479 0839 4227949B 		.ascii	"B'\224\233\034Y\254\023\0274\270\207\345\302\307\007"
 479      1C59AC13 
 479      1734B887 
 479      E5C2C707 
 480 0849 1E153829 		.ascii	"\036\0258)\012\033\333d\242\2630\207\377\315|2K\252"
 480      0A1BDB64 
 480      A2B33087 
 480      FFCD7C32 
 480      4BAA
 481 085b 2FD302E7 		.ascii	"/\323\002\347\014\010:-\247Wb\0275'\265\266-\335\256"
 481      0C083A2D 
 481      A7576217 
 481      3527B5B6 
 481      2DDDAE
 482 086e 1A3923F0 		.ascii	"\0329#\360\325\3109A/\015\001lI\312\376~W<\304L\277"
 482      D5C83941 
 482      2F0D016C 
 482      49CAFE7E 
 482      573CC44C 
 483 0883 7B6BA4D4 		.ascii	"{k\244\324\015y\351\231\226[m\013\342\210\277E\200?"
 483      0D79E999 
 483      965B6D0B 
 483      E288BF45 
 483      803F
 484 0895 2FAB81E1 		.ascii	"/\253\201\341\320\314!\035]\000\247\354\024\034i\351"
 484      D0CC211D 
 484      5D00A7EC 
 484      141C69E9 
 485 08a5 CD76A347 		.ascii	"\315v\243G-\2213\305\216\332[\373\216\327\3429\213\232"
 485      2D9133C5 
 485      8EDA5BFB 
 485      8ED7E239 
 485      8B9A
 486 08b7 12811435 		.ascii	"\022\201\0245\305\202T\324L\225%\365\251g\212\232_\027"
ARM GAS  /tmp/ccErMqPv.s 			page 39


 486      C58254D4 
 486      4C9525F5 
 486      A9678A9A 
 486      5F17
 487 08c9 C8450D00 		.ascii	"\310E\015\000\321s\271\016x\256,j.\012\244\250)\356"
 487      D173B90E 
 487      78AE2C6A 
 487      2E0AA4A8 
 487      29EE
 488 08db BB51AD63 		.ascii	"\273Q\255c\331D$o0\226\352\035\317\020\236\224N\362"
 488      D944246F 
 488      3096EA1D 
 488      CF109E94 
 488      4EF2
 489 08ed FB498D52 		.ascii	"\373I\215R\347\004\215\307`A\211+\3135\026\372\272U"
 489      E7048DC7 
 489      6041892B 
 489      CB3516FA 
 489      BA55
 490 08ff F9B2C515 		.ascii	"\371\262\305\025\213\032\012N-n\354T\223c_\224\\\207"
 490      8B1A0A4E 
 490      2D6EEC54 
 490      93635F94 
 490      5C87
 491 0911 51725C2F 		.ascii	"Qr\\/\223\343\015\3260ZN\317\256\275\025{\213\334\334"
 491      93E30DD6 
 491      305A4ECF 
 491      AEBD157B 
 491      8BDCDC
 492 0924 33A455B0 		.ascii	"3\244U\260XM\023o9,\004\266p\257\010\356\2661\004\375"
 492      584D136F 
 492      392C04B6 
 492      70AF08EE 
 492      B63104FD 
 493 0938 6569CFB0 		.ascii	"ei\317\260\033Nez2\257\276\030\233\207w2\246\375\350"
 493      1B4E657A 
 493      32AFBE18 
 493      9B877732 
 493      A6FDE8
 494 094b 9EE36A66 		.ascii	"\236\343jf\341#\302gOM\305\253\361n\326\271\255\254"
 494      E123C267 
 494      4F4DC5AB 
 494      F16ED6B9 
 494      ADAC
 495 095d 3553AA1D 		.ascii	"5S\252\035\273\351'\233m\273s\2658\233u\276\036<9\254"
 495      BBE9279B 
 495      6DBB73B5 
 495      389B75BE 
 495      1E3C39AC 
 496 0971 C5271953 		.ascii	"\305'\031Sr\177\357\025\251\272i!\374\325\261\203#z"
 496      727FEF15 
 496      A9BA6921 
 496      FCD5B183 
 496      237A
 497 0983 7C967526 		.ascii	"|\226u&\344\336\331\341\204\313\0303v/\255Z\217\257"
 497      E4DED9E1 
 497      84CB1833 
ARM GAS  /tmp/ccErMqPv.s 			page 40


 497      762FAD5A 
 497      8FAF
 498 0995 31A6AAA6 		.ascii	"1\246\252\246\267\321\031\337f\314\366kE\325\322\213"
 498      B7D119DF 
 498      66CCF66B 
 498      45D5D28B 
 499 09a5 690DE163 		.ascii	"i\015\341c\037\235I\302\270UR E\316]\212\334H\375\325"
 499      1F9D49C2 
 499      B8555220 
 499      45CE5D8A 
 499      DC48FDD5 
 500 09b9 5417DCCB 		.ascii	"T\027\334\313:\255)\273\366\012\370\011c\246\017\014"
 500      3AAD29BB 
 500      F60AF809 
 500      63A60F0C 
 501 09c9 67EBF118 		.ascii	"g\353\361\030c\312\217%\344;\3437\214)+)\257\226>\316"
 501      63CA8F25 
 501      E43BE337 
 501      8C292B29 
 501      AF963ECE 
 502 09dd 2C27E7C0 		.ascii	",'\347\300\255\264v=N\320\322\276S\217\222,N8\2151\345"
 502      ADB4763D 
 502      4ED0D2BE 
 502      538F922C 
 502      4E388D31 
 503 09f2 D657856E 		.ascii	"\326W\205nx\257\304\334+2\340C\354\376\310\243R\250"
 503      78AFC4DC 
 503      2B32E043 
 503      ECFEC8A3 
 503      52A8
 504 0a04 60F31873 		.ascii	"`\363\030s\277\243?\325\015\237eL\342\225\275\025.\270"
 504      BFA33FD5 
 504      0D9F654C 
 504      E295BD15 
 504      2EB8
 505 0a16 8C3155DD 		.ascii	"\2141U\335\360\016V\305\356\237\244ZZ\005leL~i\332}"
 505      F00E56C5 
 505      EE9FA45A 
 505      5A056C65 
 505      4C7E69DA 
 506 0a2b 0D6E624C 		.ascii	"\015nbLoI\374\270\032\2671\246`*\247\336\005w1\246\376"
 506      6F49FCB8 
 506      1AB731A6 
 506      602AA7DE 
 506      057731A6 
 507 0a40 52F74337 		.ascii	"R\367C7\334\317\230\302\274\216>'i\315\220oJ\271\027"
 507      DCCF98C2 
 507      BC8E3E27 
 507      69CD906F 
 507      4AB917
 508 0a53 BBA7101E 		.ascii	"\273\247\020\036\240\235\213\363\362,O\335\220'wyH\357"
 508      A09D8BF3 
 508      F22C4FDD 
 508      90277779 
 508      48EF
 509 0a65 C6FCC532 		.ascii	"\306\374\3052\322P'\336Q\224{#V\314]D\223\322%\330u"
 509      D25027DE 
ARM GAS  /tmp/ccErMqPv.s 			page 41


 509      51947B23 
 509      56CC5D44 
 509      93D225D8 
 510 0a7a 43FCEE2A 		.ascii	"C\374\356*\025\0249\254\362\020\226S\344m%\374\226\240"
 510      151439AC 
 510      F2109653 
 510      E46D25FC 
 510      96A0
 511 0a8c 4CD6B539 		.ascii	"L\326\2659\034\276Y\211\177;+\271\217fs\3706%~VJ\235"
 511      1CBE5989 
 511      7F3B2BB9 
 511      8F6673F8 
 511      36257E56 
 512 0aa2 E4CDB9A6 		.ascii	"\344\315\271\246\204W\3152g \217\303\3678\366\226\177"
 512      8457CD32 
 512      67208FC3 
 512      F738F696 
 512      7F
 513 0ab3 736DCBC3 		.ascii	"sm\313\303\354\325\025v\017\252\220\360\266=\205\312"
 513      ECD51576 
 513      0FAA90F0 
 513      B63D85CA 
 514 0ac3 94D169E0 		.ascii	"\224\321i\340\255\357T\212\237u\360\325\362\360.%|V"
 514      ADEF548A 
 514      9F75F0D5 
 514      F2F02E25 
 514      7C56
 515 0ad5 C9D0C03B 		.ascii	"\311\320\300;[\247\2047\315\222\316\373\372\255\022"
 515      5BA78437 
 515      CD92CEFB 
 515      FAAD12
 516 0ae4 7E4709EF 		.ascii	"~G\011\357\341\245\337P\302\257\313\256\362\347\314"
 516      E1A5DF50 
 516      C2AFCBAE 
 516      F2E7CC
 517 0af3 7D08057B 		.ascii	"}\010\005{\337\037\222\016\231\027\220\217\247\341\000"
 517      DF1F920E 
 517      9917908F 
 517      A7E100
 518 0b02 79023400 		.ascii	"y\0024\000\364\034h\002\350\015P\037\220\210=\3216\240"
 518      F41C6802 
 518      E80D501F 
 518      90883DD1 
 518      36A0
 519 0b14 87703F02 		.ascii	"\207p?\002\364\032h\030\350\025\3208\320\030\320\003"
 519      F41A6818 
 519      E815D038 
 519      D018D003 
 520 0b24 A049A0A7 		.ascii	"\240I\240\247@/\201\006\201\336\002M\001\365\003\305"
 520      402F8106 
 520      81DE024D 
 520      01F503C5 
 521 0b34 C2F867D0 		.ascii	"\302\370g\320\216\002=\006\352\005zdW\200\364\360\313"
 521      8E023D06 
 521      EA057A64 
 521      5780F4F0 
 521      CB
ARM GAS  /tmp/ccErMqPv.s 			page 42


 522 0b45 EE8ED299 		.ascii	"\356\216\322\231\306Y\363\334\220\303\315s\223r\236"
 522      C659F3DC 
 522      90C3CD73 
 522      93729E
 523 0b54 6795630D 		.ascii	"g\225c\015|h-\216CkW\354\361\346\324;\3365\234\3706"
 523      7C682D8E 
 523      436B57EC 
 523      F1E6D43B 
 523      DE359CF8 
 524 0b69 7E5D7438 		.ascii	"~]t8^F|\2410~\020\360\360\3464$(\277\230\220:<\007\347"
 524      5E467CA1 
 524      307E10F0 
 524      F0E63424 
 524      28BF9890 
 525 0b81 9F13C514 		.ascii	"\237\023\305\024-=\017\276SJk\231]_\361\013\241\326"
 525      2D3D0FBE 
 525      534A6B99 
 525      5D5FF10B 
 525      A1D6
 526 0b93 F132E3F1 		.ascii	"\3612\343\361=\274\265\355J\374\254\202l\200\217E\203"
 526      3DBCB5ED 
 526      4AFCAC82 
 526      6C808F45 
 526      83
 527 0ba4 6373B84F 		.ascii	"cs\270OM\265\207\270\231\261*g\346\346\254\320\361\322"
 527      4DB587B8 
 527      99B12A67 
 527      E6E6ACD0 
 527      F1D2
 528 0bb6 EF3A9E78 		.ascii	"\357:\236x\276R\346}\255v\234?x\333yW\3579v\225\377"
 528      BE52E67D 
 528      AD769C3F 
 528      78DB7957 
 528      EF397695 
 529 0bcb 7A3C6013 		.ascii	"z<`\023OB_\343xO\361\241\254\344\345w;L\010\3747\374"
 529      4F425FE3 
 529      784FF1A1 
 529      ACE4E577 
 529      3B4C08FC 
 530 0be1 6C4E7AAB 		.ascii	"lNz\253\343\\i\367\031\216OfW\225\241\254\234\225\352"
 530      E35C69F7 
 530      198E4F66 
 530      5795A1AC 
 530      9C95EA
 531 0bf4 F950B638 		.ascii	"\371P\2668N\335\2667\270\027\205\205\035\363\360Q'Z"
 531      4EDDB637 
 531      B8178585 
 531      1DF3F051 
 531      275A
 532 0c06 D55DC82C 		.ascii	"\325]\310,\313tE^\036\322\233j\036\246U]\002\366@qx"
 532      CB74455E 
 532      1ED29B6A 
 532      1EA6555D 
 532      02F64071 
 533 0c1b A6761AA2 		.ascii	"\246v\032\242\305\243\243\\\202\342\261\327\377\233"
 533      C5A3A35C 
 533      82E2B1D7 
ARM GAS  /tmp/ccErMqPv.s 			page 43


 533      FF9B
 534 0c29 74423E75 		.ascii	"tB>u\324\335{\216\370\352\226x\"Wa\211\230~k#-\371'"
 534      D4DD7B8E 
 534      F8EA9678 
 534      22576189 
 534      987E6B23 
 535 0c40 4E5263BF 		.ascii	"NRc\277\253\335\267>G\337\365U\377\362\243>\210z:u\373"
 535      ABDDB73E 
 535      47DFF555 
 535      FFF2A33E 
 535      887A3A75 
 536 0c55 8613AF37 		.ascii	"\206\023\2577\311No\262\2447\231\352=w+o\257\213C\275"
 536      C94E6FB2 
 536      A43799EA 
 536      3D772B6F 
 536      AF8B43BD 
 537 0c69 AAEFAF14 		.ascii	"\252\357\257\024\245`\017\220\365h\244/k\236N\372\274"
 537      A5600F90 
 537      F568A42F 
 537      6B9E4EFA 
 537      BC
 538 0c7a 95FC2F3F 		.ascii	"\225\374/?6\241T\254#\265j\342P3\306\247\350\022@\207"
 538      36A154AC 
 538      23B56AE2 
 538      5033C6A7 
 538      E8124087 
 539 0c8e 768967B5 		.ascii	"v\211g\265\264\010\007\363\244\257l\223m_\336\321\320"
 539      B40807F3 
 539      A4AF6C93 
 539      6D5FDED1 
 539      D0
 540 0c9f 67A45EDF 		.ascii	"g\244^\337\201\351\303\355\215\205\371\256s\026\346"
 540      81E9C3ED 
 540      8D85F9AE 
 540      7316E6
 541 0cae 3B3129CC 		.ascii	";1)\314\323\260T\230\237\336S\333\203\2400\267\320\302"
 541      D3B05498 
 541      9FDE53DB 
 541      83A030B7 
 541      D0C2
 542 0cc0 FCC3E663 		.ascii	"\374\303\346c\2640?\3741\005\242\355\362\342\202[\373"
 542      B4303FFC 
 542      3105A2ED 
 542      F2E2825B 
 542      FB
 543 0cd1 C23C1D2F 		.ascii	"\302<\035/Q\271\206D\205F\204DD\204\205\204o\0167;\257"
 543      51B98644 
 543      85468444 
 543      44848584 
 543      6F0E373B 
 544 0ce6 FEECF78B 		.ascii	"\376\354\367\213}\275\275U\332\240\000\277Ps\250:t}"
 544      7DBDBD55 
 544      DAA000BF 
 544      5073A83A 
 544      747D
 545 0cf8 74842E24 		.ascii	"t\204.$dK\370f\363\007>!\346\277\0326Fn2\031\"L\221"
 545      644BF866 
ARM GAS  /tmp/ccErMqPv.s 			page 44


 545      F3073E21 
 545      E6BF1A36 
 545      466E3219 
 546 0d0f 9B43A3C3 		.ascii	"\233C\243\303\"\015~\246\230u\241\321\033Bc\014\033"
 546      220D7EA6 
 546      9875A1D1 
 546      1B42630C 
 546      1B
 547 0d20 D6AD5B1A 		.ascii	"\326\255[\032\032\275i\351\346\310\315\246\245\246\320"
 547      1ABD69E9 
 547      E6C8CDA6 
 547      A5A6D0
 548 0d2f BF842FFD 		.ascii	"\277\204/\375h\251\317r\357_,\375\233\367\322-Qa\241"
 548      68A9CF72 
 548      EF5F2CFD 
 548      9BF7D22D 
 548      5161A1
 549 0d42 6693C1AE 		.ascii	"f\223\301\256\333\020\276y]\304\2260\223aS\350\272\215"
 549      DB10BE79 
 549      5DC49630 
 549      936153E8 
 549      BA8D
 550 0d54 E19B4D86 		.ascii	"\341\233M\206\2200\323\372\320-\021\346\020\363?\242"
 550      9030D3FA 
 550      D02D11E6 
 550      10F33FA2 
 551 0d64 4C31CB36 		.ascii	"L1\3136\252\234mJ\377\374\177\2574\346\0371\206\220"
 551      AA9C6D4A 
 551      FFFC7FAF 
 551      34E61F31 
 551      8690
 552 0d76 18731868 		.ascii	"\030s\030h\000M82,Z\023\005\003\242\235\"c\242L\246"
 552      004D3832 
 552      2C5A1305 
 552      03A29D22 
 552      63A24CA6 
 553 0d8a B0686D24 		.ascii	"\260hm$\261\"Z\263)2\314\024M\202\260\361\375e\313\014"
 553      B1225AB3 
 553      2932CC14 
 553      4D82B0F1 
 553      FD65CB0C 
 554 0d9e 86C818C3 		.ascii	"\206\310\030\303\306\320\010CTd\2649\306\020\374\371"
 554      C6D00843 
 554      5464B439 
 554      C610FCF9 
 555 0dae A71FF818 		.ascii	"\247\037\370\030\002\003\375\014\253\203\326\254\375"
 555      0203FD0C 
 555      AB83D6AC 
 555      FD
 556 0dbb BB8F410A 		.ascii	"\273\217A\012$\010t\2171o\002\3137D\205G\206\304\230"
 556      2408748F 
 556      316F02CB 
 556      37448547 
 556      86C498
 557 0dce CC5BA242 		.ascii	"\314[\242B\314\332\240\325$\240\332\240U\254\361g\215"
 557      CCDAA0D5 
 557      24A0DAA0 
ARM GAS  /tmp/ccErMqPv.s 			page 45


 557      55ACF167 
 557      8D
 558 0ddf 1F6B7C59 		.ascii	"\037k|Y\263\2225+X\263\2064.A+\002}#7\257\017\337\360"
 558      B392352B 
 558      58B38634 
 558      2E412B02 
 558      7D2337AF 
 559 0df6 6F58B04E 		.ascii	"oX\260N\365\203\231i\005\375\033\242#\267D\021W\234"
 559      F5839969 
 559      05FD1BA2 
 559      23B74411 
 559      579C
 560 0e08 C3234913 		.ascii	"\303#I\023b\326\207G\022\021\233Bc\376\032bV\257Xe\014"
 560      62D68747 
 560      12119B42 
 560      63FE1A62 
 560      56AF5865 
 561 0e1d 203F81EA 		.ascii	" ?\201\352@\337O\214\352\225\301F#\372\003\012\320\254"
 561      40DF4F8C 
 561      EA95C146 
 561      23FA030A 
 561      D0AC
 562 0e2f 8B308546 		.ascii	"\2130\205FK\263\357\375Q\210\331\331v\203A(^\353g\304"
 562      4BB3EFFD 
 562      5188D9D9 
 562      76834128 
 562      5EEB67C4 
 563 0e43 6BFC8C9A 		.ascii	"k\374\214\232\240\337\007\371\031\235\326\006\007\371"
 563      A0DF07F9 
 563      199DD606 
 563      07F9
 564 0e51 FBFB19B5 		.ascii	"\373\373\031\265k?\377c\220\277Q\363\351Z?\177#^i4\352"
 564      6B3FFF63 
 564      90BF51F3 
 564      E95A3F7F 
 564      235E6934 
 565 0e66 B9509875 		.ascii	"\271P\230uLmxX\210Y\023\034\354\273\332\350b\364\017"
 565      4C6D7858 
 565      8859131C 
 565      ECBBDAE8 
 565      62F40F
 566 0e79 F6377EE1 		.ascii	"\3667~\341\357\367\021\366\015\006\315~\276\362\243"
 566      EFF711F6 
 566      0D06CD7E 
 566      BEF2A3
 567 0e88 9FBBAC08 		.ascii	"\237\273\254\010Z\351\023\030\344\377\231\221\334y\263"
 567      5AE91318 
 567      E4FF9991 
 567      DC79B3
 568 0e97 3B5BEF87 		.ascii	";[\357\207.+\002V~ \365\006\314\340\002\224\270\017"
 568      2E2B0256 
 568      7E20F506 
 568      CCE00294 
 568      B80F
 569 0ea9 9C881478 		.ascii	"\234\210\024xBZo\276\307\307\211H\240=\001\022\"\300"
 569      425A6FBE 
 569      C7C78948 
ARM GAS  /tmp/ccErMqPv.s 			page 46


 569      A03D0112 
 569      22C0
 570 0ebb 1EE1ED4C 		.ascii	"\036\341\355L\306\032\203?7\222\033or3\323\267\334\231"
 570      C61A833F 
 570      37921B6F 
 570      7233D3B7 
 570      DC99
 571 0ecd 8C667D01 		.ascii	"\214f}\0016P\000\003a\3375F\265\357\252\325F\247\240"
 571      36500003 
 571      61DF3546 
 571      B5EFAAD5 
 571      46A7A0
 572 0ee0 C040D20A 		.ascii	"\300@\322\012\276F\035\334\256\361\011&\234m\"M[\315"
 572      BE461DDC 
 572      AEF10926 
 572      9C6D224D 
 572      5BCD
 573 0ef2 06DF4F83 		.ascii	"\006\337O\203\327\004\303D\262\271\\\365\341\326\255"
 573      D704C344 
 573      B2B95CF5 
 573      E1D6AD
 574 0f01 061AB0F5 		.ascii	"\006\032\260\365\037.\377\305\326\255\260\224\346\031"
 574      1F2EFFC5 
 574      D6ADB094 
 574      E619
 575 0f0f 7D7D433E 		.ascii	"}}C>\207\305\350gZ\357L\266(\211\344?\001\254\271\221"
 575      87C5E867 
 575      5AEF4CB6 
 575      2889E43F 
 575      01ACB991 
 576 0f23 C3       		.ascii	"\303"
 577              		.text
 578              		.section	.gnu.lto_.symtab.608fe31a37522277,"",%progbits
 579 0000 5F70616C 		.ascii	"_pal_lld_init\000"
 579      5F6C6C64 
 579      5F696E69 
 579      7400
 580 000e 00       		.ascii	"\000"
 581 000f 00       		.ascii	"\000"
 582 0010 00       		.ascii	"\000"
 583 0011 00000000 		.ascii	"\000\000\000\000\000\000\000\000"
 583      00000000 
 584 0019 F3000000 		.ascii	"\363\000\000\000"
 585 001d 5F70616C 		.ascii	"_pal_lld_setgroupmode\000"
 585      5F6C6C64 
 585      5F736574 
 585      67726F75 
 585      706D6F64 
 586 0033 00       		.ascii	"\000"
 587 0034 00       		.ascii	"\000"
 588 0035 00       		.ascii	"\000"
 589 0036 00000000 		.ascii	"\000\000\000\000\000\000\000\000"
 589      00000000 
 590 003e 38010000 		.ascii	"8\001\000\000"
 591              		.text
 592              		.section	.gnu.lto_.opts,"",%progbits
 593 0000 272D666D 		.ascii	"'-fmath-errno' '-fsigned-zeros' '-ftrapping-math' '"
ARM GAS  /tmp/ccErMqPv.s 			page 47


 593      6174682D 
 593      6572726E 
 593      6F272027 
 593      2D667369 
 594 0033 2D666E6F 		.ascii	"-fno-trapv' '-fno-openmp' '-fno-openacc' '-mcpu=cor"
 594      2D747261 
 594      70762720 
 594      272D666E 
 594      6F2D6F70 
 595 0066 7465782D 		.ascii	"tex-m4' '-mno-thumb-interwork' '-mthumb' '-ggdb' '-"
 595      6D342720 
 595      272D6D6E 
 595      6F2D7468 
 595      756D622D 
 596 0099 4F322720 		.ascii	"O2' '-w' '-fomit-frame-pointer' '-falign-functions="
 596      272D7727 
 596      20272D66 
 596      6F6D6974 
 596      2D667261 
 597 00cc 31362720 		.ascii	"16' '-ffunction-sections' '-fdata-sections' '-fno-c"
 597      272D6666 
 597      756E6374 
 597      696F6E2D 
 597      73656374 
 598 00ff 6F6D6D6F 		.ascii	"ommon' '-flto'\000"
 598      6E272027 
 598      2D666C74 
 598      6F2700
 599              		.text
 600              		.comm	__gnu_lto_v1,1,1
 601              		.comm	__gnu_lto_slim,1,1
 602              		.ident	"GCC: (GNU Tools for ARM Embedded Processors 6-2017-q1-update) 6.3.1 20170215 (release) [AR
ARM GAS  /tmp/ccErMqPv.s 			page 48


DEFINED SYMBOLS
                            *ABS*:0000000000000000 pal_lld.c
                            *COM*:0000000000000001 __gnu_lto_v1
                            *COM*:0000000000000001 __gnu_lto_slim

NO UNDEFINED SYMBOLS
