ARM GAS  /tmp/ccBXr3B2.s 			page 1


   1              		.cpu cortex-m4
   2              		.eabi_attribute 20, 1
   3              		.eabi_attribute 21, 1
   4              		.eabi_attribute 23, 3
   5              		.eabi_attribute 24, 1
   6              		.eabi_attribute 25, 1
   7              		.eabi_attribute 26, 1
   8              		.eabi_attribute 30, 2
   9              		.eabi_attribute 34, 1
  10              		.eabi_attribute 18, 4
  11              		.file	"st.c"
  12              		.text
  13              	.Ltext0:
  14              		.section	.gnu.lto_.profile.2ce8136448a35a2f,"",%progbits
  15 0000 789C6365 		.ascii	"x\234ce`b`a```dp\227\003\000\001,\000r"
  15      60626061 
  15      60606064 
  15      70970300 
  15      012C0072 
  16              		.text
  17              		.section	.gnu.lto_.icf.2ce8136448a35a2f,"",%progbits
  18 0000 789C6365 		.ascii	"x\234ce`b0b@\000\016\206\205??\354\345a\234t\377\360"
  18      60623062 
  18      40000E86 
  18      853F3FEC 
  18      E5619C74 
  19 0016 3176A6C3 		.ascii	"1v\246\303\357.\335df\336w\341\301z\026\226\037\035"
  19      EF2EDD64 
  19      66DE77E1 
  19      C17A1696 
  19      1F1D
  20 0028 8B1771B0 		.ascii	"\213\027q\260~\237st+#\333\377\337\273np\263o\335\365"
  20      7E9F7374 
  20      2B23DBFF 
  20      DFBB6E70 
  20      B36FDDF5 
  21 003c A5839F01 		.ascii	"\245\203\237\001\000\230c\031\236"
  21      00986319 
  21      9E
  22              		.text
  23              		.section	.gnu.lto_.jmpfuncs.2ce8136448a35a2f,"",%progbits
  24 0000 789C6365 		.ascii	"x\234ce`b(`@\000V\020\301\010\004\365L\214\323\231\031"
  24      60622860 
  24      40005610 
  24      C10804F5 
  24      4C8CD399 
  25 0015 9B7FEDFF 		.ascii	"\233\177\355\377\314W\377\267Ab>3\303bf\220\324r\306"
  25      CC57FFB7 
  25      41623E33 
  25      C3626690 
  25      D472C6
  26 0028 7A064616 		.ascii	"z\006F\026\006 \233\005\233*\306\305\314\214@U+ \252"
  26      06209B05 
  26      9B2AC6C5 
  26      CC8C4055 
  26      2B20AA
  27 003b D81818B0 		.ascii	"\330\030\030\260(`\002*X\011Q\300\000\000\360\303\032"
ARM GAS  /tmp/ccBXr3B2.s 			page 2


  27      2860022A 
  27      580951C0 
  27      0000F0C3 
  27      1A
  28 004c C3       		.ascii	"\303"
  29              		.text
  30              		.section	.gnu.lto_.inline.2ce8136448a35a2f,"",%progbits
  31 0000 789C6365 		.ascii	"x\234ce`b(g@\000V\006\006\026\036F\240 \003\003\333"
  31      60622867 
  31      40005606 
  31      06161E46 
  31      A0200303 
  32 0015 027910C5 		.ascii	"\002y\020\305\300\310\005\"\030xx\201\302|\033r\341"
  32      C0C80522 
  32      18787881 
  32      C27C1B72 
  32      E1
  33 0026 E24CDC20 		.ascii	"\342L\334 af\006\026f\240\004\323\005~\270\004\013\003"
  33      61660616 
  33      66A004D3 
  33      057EB804 
  33      0B03
  34 0038 17375088 		.ascii	"\0277P\210k\202\037\232Z6\\\022\014\000(?\010\357"
  34      6B821F9A 
  34      5A365C12 
  34      0C00283F 
  34      08EF
  35              		.text
  36              		.section	.gnu.lto_.pureconst.2ce8136448a35a2f,"",%progbits
  37 0000 789C6365 		.ascii	"x\234ce`b\340f```e\220`\224b\226b\221b\223\002\000\004"
  37      6062E066 
  37      60606065 
  37      90609462 
  37      96629162 
  38 0018 1E00A6   		.ascii	"\036\000\246"
  39              		.text
  40              		.section	.gnu.lto_stInit.2ce8136448a35a2f,"",%progbits
  41 0000 789C254D 		.ascii	"x\234%M\261\016\301P\024\275\347=\255&b\023\211\370"
  41      B10EC150 
  41      14BDE73D 
  41      AD266213 
  41      89F8
  42 0012 024BDF37 		.ascii	"\002K\3377I\027\203D\242\366>\014\222\032XDLm\0300\211"
  42      49178344 
  42      A2F63E0C 
  42      921A5844 
  42      4C6D1830 
  43 0027 B15BE303 		.ascii	"\261[\343\003\014V&\203\005\273D\264\356\343$'\347\346"
  43      0C562683 
  43      05BB44B4 
  43      EEE32427 
  43      E7E6
  44 0039 9E73CFB5 		.ascii	"\236s\317\265H\320\212\210\252\314:\023\222 \246G\242"
  44      48D08A88 
  44      AACC3A13 
  44      9220A647 
  44      A2
ARM GAS  /tmp/ccBXr3B2.s 			page 3


  45 004a BE230033 		.ascii	"\276#\0003h\007\024\010\004\230\310\271\304atKDc\255"
  45      68071408 
  45      0498C8B9 
  45      C461744B 
  45      4463AD
  46 005d 19E9FC55 		.ascii	"\031\351\374U\323\233\024\221$Z0\015\260F\2038v\335"
  46      D39B1491 
  46      245A300D 
  46      B0468338 
  46      76DD
  47 006f 67B3B25D 		.ascii	"g\263\262]\370\357\261\201\015\326\335\011\251\316\362"
  47      F8EFB181 
  47      0DD6DD09 
  47      A9CEF2
  48 007e 914E2F4B 		.ascii	"\221N/K\344\026[!\323\374\030KaT\3361\214\337u\2237"
  48      E4165B21 
  48      D3FC184B 
  48      6154DE31 
  48      8CDF7593 
  49 0093 2549F238 		.ascii	"%I\3628\027\203\217v\"\211\205\344\006l\021P\304\331"
  49      17838F76 
  49      228985E4 
  49      066C1150 
  49      C4D9
  50 00a5 2706715E 		.ascii	"'\006q^\372\345\014B6\371\\\020U\\W\251\216\257Z\315"
  50      FAE50C42 
  50      36F95C10 
  50      555C57A9 
  50      8EAF5ACD 
  51 00b9 B6F2BB9E 		.ascii	"\266\362\273\236\362{\256G_\037Q=\270"
  51      F27BAE47 
  51      5F1F513D 
  51      B8
  52              		.text
  53              		.section	.gnu.lto_stStartAlarm.2ce8136448a35a2f,"",%progbits
  54 0000 789C9D53 		.ascii	"x\234\235SKHTQ\030>\337=w\356\214\223\217\240\300\026"
  54      4B485451 
  54      183EDF3D 
  54      77EE8C93 
  54      8FA0C016 
  55 0014 222E32D1 		.ascii	"\".2\321\205\027\253E\253V\021\024\332&\367a\026\030"
  55      8517AB45 
  55      AB561114 
  55      DA26F761 
  55      1618
  56 0026 1986232D 		.ascii	"\031\206#-\233\243\216J\332\213\302\307\210r\005\013"
  56      9BA38E4A 
  56      DA8BC2C7 
  56      8872050B 
  57 0036 53F35959 		.ascii	"S\363YY3\2513\371\212\026\032\012\005a\201d\206\326"
  57      33A933F9 
  57      8A161A0A 
  57      05618164 
  57      86D6
  58 0048 149592D8 		.ascii	"\024\225\222\330C\373\317\2311\264Uu\341\316\275\347"
  58      43FBCF99 
  58      31B45575 
ARM GAS  /tmp/ccBXr3B2.s 			page 4


  58      E1CEBDE7 
  59 0058 DCEFFFBE 		.ascii	"\334\357\377\276\377;\337?6\246\261]:cG\030c{\351\206"
  59      FF3BDF3F 
  59      36A6B15D 
  59      3A634718 
  59      637BE986 
  60 006c 8D41BB3A 		.ascii	"\215A\273:\301X\261C\323\270?\221\011\247\376\334d\""
  60      C158B143 
  60      D3B83F91 
  60      09A7FEDC 
  60      6422
  61 007e 9A430F6F 		.ascii	"\232C\017o\353\200|\021\0160\267\306u\270q\205\327r"
  61      EB807C11 
  61      0E30B7C6 
  61      75B87185 
  61      D772
  62 0090 0C55BCF5 		.ascii	"\014U\274\365i\251-\202\256`\255\337(\027e;,\316\230"
  62      69A92D82 
  62      AE60ADDF 
  62      2817653B 
  62      2CCE98
  63 00a3 976E79A1 		.ascii	"\227ny\241\005\251\204\232\364t7\360\313\334\342\200"
  63      05A9849A 
  63      F47437F0 
  63      CBDCE280 
  64 00b3 4ECBCFE3 		.ascii	"N\313\317\343\365\263\261r\251!\211\226\337\333\272"
  64      F5B3B172 
  64      A9218996 
  64      DFDBBA
  65 00c2 5FC6F178 		.ascii	"_\306\361x0z\237\017\314\\C\312M!JD0t\235\213\235\026"
  65      307A9F0F 
  65      CC5C43CA 
  65      4D214A44 
  65      30749D8B 
  66 00d8 E7680327 		.ascii	"\347h\003'B\264\"\001\267\220\300h\213\241\035)\022"
  66      42B42201 
  66      B790C068 
  66      8BA11D29 
  66      12
  67 00e9 FFBA67B5 		.ascii	"\377\272g\265:\306\320\233\3275q\033\006\350A\033]S"
  67      3AC6D09B 
  67      D735711B 
  67      06E8411B 
  67      5D53
  68 00fb 088AD5B5 		.ascii	"\010\212\325\265\012\021\\\272\201g\007\235\344\200"
  68      0A115CBA 
  68      8167079D 
  68      E480
  69 0109 8A6C54AE 		.ascii	"\212lT\256\033\362\207\261J\252\220\246\252\270&\237"
  69      1BF287B1 
  69      4AAA90A6 
  69      AAB8269F 
  70 0119 7C0143FE 		.ascii	"|\001C\376\225\300R\303\376\337\304\236\260\261A\203"
  70      95C052C3 
  70      FEDFC49E 
  70      B0B14183 
  71 0129 2B662FC7 		.ascii	"+f/\307\006Q\206\016\030\244\325\011\243\221\333h\277"
ARM GAS  /tmp/ccBXr3B2.s 			page 5


  71      0651860E 
  71      18A4D509 
  71      A391DB68 
  71      BF
  72 013a A66CE8A9 		.ascii	"\246l\350\251]\372\262)\330D\307\362'gx)i\244\363\346"
  72      5DFAB229 
  72      D844C7F2 
  72      27677829 
  72      69A4F3E6 
  73 014e CEAF8F1D 		.ascii	"\316\257\217\035\026\032aq\003\335\344\247\213\374H"
  73      161A6171 
  73      03DDE4A7 
  73      8BFC48
  74 015d 6CDBF8D2 		.ascii	"l\333\370\322\242\335\354\020\236b1\2636\271m\326nq"
  74      A2DDEC10 
  74      9E6231B3 
  74      36B96DD6 
  74      6E71
  75 016f 3B7A60A1 		.ascii	";z`\241\216zT:\350\205\311\026P\372\243\374ETX2\242"
  75      8E7A543A 
  75      E885C916 
  75      50FAA3FC 
  75      45545832 
  76 0184 3ABAB61C 		.ascii	":\272\266\034\214\2232:4\334!\2767\360L\017\327\016"
  76      8C93323A 
  76      34DC21BE 
  76      37F04C0F 
  76      D70E
  77 0196 8E41B64C 		.ascii	"\216A\266L0\302t\205|+1a\014\303]\251\311\244m\316\374"
  77      30C27485 
  77      7C2B3161 
  77      0CC35DA9 
  77      C9A46DCE 
  78 01ab 89FC3D3C 		.ascii	"\211\374=<I\022)\333\360\371B\323v\367O\341\260\270"
  78      491229DB 
  78      F0F942D3 
  78      76F74FE1 
  78      B0B8
  79 01bd C34BA7C2 		.ascii	"\303K\247\302p\017n\266\321Z\224\262V\372-\260\030K"
  79      700F6EB6 
  79      D15A94B2 
  79      56FA2DB0 
  79      184B
  80 01cf 380A3B4A 		.ascii	"8\012;J\236\275\334{R\337~\232\254\025o\265\270\023"
  80      9EBDDC7B 
  80      52DF7E9A 
  80      AC156FB5 
  80      B813
  81 01e1 F76940FA 		.ascii	"\367i@\372\"\336\326\336\365vF\021\270N\210$I\360\200"
  81      22DED6DE 
  81      F5764611 
  81      B84E8824 
  81      49F080
  82 01f4 6C2941F8 		.ascii	"l)A\370\340\266\370\026\325\212\256\022\230\203&+.\004"
  82      E0B6F816 
  82      D58AAE12 
  82      9883262B 
ARM GAS  /tmp/ccBXr3B2.s 			page 6


  82      2E04
  83 0206 2B479CFC 		.ascii	"+G\234\374\260\222\262\332\372BHnV\023\361\321\033\355"
  83      B092B2DA 
  83      FA42486E 
  83      5613F1D1 
  83      1BED
  84 0218 15414F92 		.ascii	"\025AO\222\034\012\377\346\241P\323\366\020\311\215"
  84      1C0AFFE6 
  84      A150D3F6 
  84      10C98D
  85 0227 C44439D6 		.ascii	"\304D9\326\257\004B\325\373\376\314q\312\340\022\023"
  85      AF0442D5 
  85      FBFECC71 
  85      CAE01213 
  86 0237 C9926FCA 		.ascii	"\311\222o\312\262_e9\000\343\257c\352\211\377B\007\022"
  86      B25F6539 
  86      00E3AF63 
  86      EA89FF42 
  86      0712
  87 0249 8D411513 		.ascii	"\215A\025\023\302\024\322oM\317+#\243K\202\232z!\203"
  87      C214D26F 
  87      4DCF2B23 
  87      A34B829A 
  87      7A2183
  88 025c 0CC0441A 		.ascii	"\014\300D\0321(\004\202\310\210t\2714\337_\026\373\017"
  88      31280482 
  88      C88874B9 
  88      34DF5F16 
  88      FB0F
  89 026e 9A4DE725 		.ascii	"\232M\347%\333#\245\247E\330\206`n\314\307N}\014S\245"
  89      DB23A5A7 
  89      45D88660 
  89      6ECCC74E 
  89      7D0C53A5 
  90 0282 621FF80F 		.ascii	"b\037\370\017\366\221\365\241S\354\243\212\275\337\272"
  90      F691F5A1 
  90      53ECA38A 
  90      BDDFBA
  91 0291 D8EA0CB3 		.ascii	"\330\352\014\263k\030\243\3129\224\314T\265\346\252"
  91      6B18A3CA 
  91      3994CC54 
  91      B5E6AA
  92 02a0 7F9B3C50 		.ascii	"\177\233<P\366\001%M\355\227\302\261\312\253\222\316"
  92      F601254D 
  92      ED97C2B1 
  92      CAAB92CE 
  93 02b0 8302A509 		.ascii	"\203\002\245\011\332\236\236n\232\005.3/'\337t\025\346"
  93      DA9E9E6E 
  93      9A052E33 
  93      2F27DF74 
  93      15E6
  94 02c2 9AAEA2F4 		.ascii	"\232\256\242\364\\f\3179\356*:u\346d\332\206\217g\013"
  94      5C66CF39 
  94      EE2A3A75 
  94      E664DA86 
  94      8F670B
  95 02d5 0A8B5CE6 		.ascii	"\012\213\\\346\321\354\254=\273\315\314\314\003f\366"
ARM GAS  /tmp/ccBXr3B2.s 			page 7


  95      D1ECAC3D 
  95      BBCDCCCC 
  95      0366F6
  96 02e4 A1AC7319 		.ascii	"\241\254s\031\004?\226\237\177\"=\217\351\022\377\013"
  96      043F969F 
  96      7F223D8F 
  96      E912FF0B 
  97 02f4 20F472D6 		.ascii	" \364r\326"
  98              		.text
  99              		.section	.gnu.lto_stStopAlarm.2ce8136448a35a2f,"",%progbits
 100 0000 789C4D50 		.ascii	"x\234MP\277KBQ\024>\337\275\366\224\240\255\241\310"
 100      BF4B4251 
 100      143EDFBD 
 100      F694A0AD 
 100      A1C8
 101 0012 ADC98677 		.ascii	"\255\311\206w\251\376\202 \202@\247\334#lp\020\014\237"
 101      A9FE8220 
 101      8240A7DC 
 101      236C7010 
 101      0C9F
 102 0024 B4FA0C4D 		.ascii	"\264\372\014MP\250\226\264\206x\203\203e\2514\006Q\""
 102      50A896B4 
 102      86788383 
 102      65A93406 
 102      5122
 103 0036 415306FD 		.ascii	"AS\006\375\005\322\0204\004\375\020\213 \353\334'\204"
 103      05D21034 
 103      04FD108B 
 103      20EBDC27 
 103      84
 104 0047 070EF7DC 		.ascii	"\007\016\367\334\357|\347\373\316\275#$\310\004\321"
 104      EF7CE7FB 
 104      CEBD2324 
 104      C804D1
 105 0056 02114D71 		.ascii	"\002\021MqB\022\304^\233(\355\023\200.l\037(%\220\302"
 105      4212C45E 
 105      9B28ED13 
 105      802E6C1F 
 105      282590C2 
 106 006a AE2C49B4 		.ascii	"\256,I\264rO\027\"P\2619\232\245\236\261mg'\034It\310"
 106      724F1722 
 106      50B1399A 
 106      A59EB16D 
 106      67271C49 
 107 0080 A9031504 		.ascii	"\251\003\025\004\210i\217\347\375\3751\3033\300q\014"
 107      88698FE7 
 107      FDFD31C3 
 107      33C0710C 
 108 0090 832DA8F1 		.ascii	"\203-\250\361\200\246\335\377\315\331\315\2332~\226"
 108      80A6DDFF 
 108      CDD9CD9B 
 108      327E96
 109 009f B895E7D4 		.ascii	"\270\225\347\324\036\005)\364)\237\321\352~5.\213\346"
 109      1E0529F4 
 109      299FD1EA 
 109      7E352E8B 
 109      E6
ARM GAS  /tmp/ccBXr3B2.s 			page 8


 110 00b0 BF4466E0 		.ascii	"\277Df\340\364mHW\346PbX\036'0X\277\012\203\301b\266"
 110      F46D4857 
 110      E6506258 
 110      1E273058 
 110      BF0A83C1 
 111 00c6 75EFDD91 		.ascii	"u\357\335\221\216\204\313i\327>_G\007W\255\341a\250"
 111      8E84CB69 
 111      D73E5F47 
 111      0757ADE1 
 111      61A8
 112 00d8 5CEFDDFA 		.ascii	"\\\357\335\372\034\034\301\221\002g\360\343\024~\322"
 112      1C1CC191 
 112      0267F0E3 
 112      147ED2
 113 00e7 DCEA5DF7 		.ascii	"\334\352]\367\303\253jv&mw\256\337&\337yJ\242\006\007"
 113      C3AB6A76 
 113      266D77AE 
 113      DF26DF79 
 113      4AA20607 
 114 00fb 07BCA06B 		.ascii	"\007\274\240k\202:\324\260\007\357\201\006O\277`\253"
 114      823AD4B0 
 114      07EF8106 
 114      4FBF60AB 
 115 010b 53B89AD6 		.ascii	"S\270\232\326\273\271\037\220\347\006\277D\020\215\233"
 115      BBB91F90 
 115      E706BF44 
 115      108D9B
 116 011a A652714B 		.ascii	"\246RqKE\327b\312JD\224\2254#43\004n\304\023IK\255\204"
 116      45D762CA 
 116      4A449495 
 116      34233433 
 116      046EC413 
 117 0132 43F3732A 		.ascii	"C\363s*\030\\T\341\345\320\346,\323Vc\261u3J\177D\200"
 117      185C54E1 
 117      E5D0E62C 
 117      D35663B1 
 117      75334A7F 
 118 0148 7A21     		.ascii	"z!"
 119              		.text
 120              		.section	.gnu.lto_stSetAlarm.2ce8136448a35a2f,"",%progbits
 121 0000 789C8D52 		.ascii	"x\234\215R_HSQ\034>\337=w\273\333\362OPP\017&{HD\037"
 121      5F485351 
 121      1C3EDF3D 
 121      77BBDBF2 
 121      4F50500F 
 122 0019 76B17AE8 		.ascii	"v\261z\350\251\247 \012\355%\337\303,\2602\014'\275"
 122      A9A7200A 
 122      ED25DFC3 
 122      2CB0320C 
 122      27BD
 123 002b EEA85349 		.ascii	"\356\250SI\301\242\3109q\\\301\302\232\177\346V\255"
 123      C1A2C839 
 123      715CC1C2 
 123      9A7FE656 
 123      AD
 124 003c B6B25DAC 		.ascii	"\266\262]\254\210\0364\354!\250\024$5\262\014*%1\313"
 124      881E34EC 
ARM GAS  /tmp/ccBXr3B2.s 			page 9


 124      21A81424 
 124      35B20C2A 
 124      2531CB
 125 004f F53B7716 		.ascii	"\365;w\026\332S\007\356\356=g\337\371\276\337\367\373"
 125      DA5307EE 
 125      EE3D67DF 
 125      F9BEDFF7 
 125      FB
 126 0060 7E36A6B0 		.ascii	"~6\246\2603\234\261\243\214\261}\364\300\306\240\\\036"
 126      339CB1A3 
 126      8CB17DF4 
 126      C0C6A05C 
 126      1E
 127 0071 67ACDEA1 		.ascii	"g\254\336\241(<\231\317\204K}\2453\221\305\241f\216"
 127      283C99CF 
 127      844B7DA5 
 127      3391C5A1 
 127      668E
 128 0083 55407E08 		.ascii	"U@~\010\007\230O\341*|\270\304\003\034\243-\357\023"
 128      07984FE1 
 128      2A7CB8C4 
 128      031CA32D 
 128      EF13
 129 0095 4A519FA0 		.ascii	"JQ\237\240e\006bZ\263h\332i\020o\220\036\271\320\207"
 129      6506625A 
 129      B368DA69 
 129      106F901E 
 129      B9D087
 130 00a8 22424DF8 		.ascii	"\"BM\370\207\273y;78\240\322\366\353X\327L\216\334*"
 130      87BB793B 
 130      3738A0D2 
 130      F6EB58D7 
 130      4C8EDC2A 
 131 00bc 70D37635 		.ascii	"p\323v5<<\231\313w\200\321\367\207\324\364\025\024\336"
 131      3C3C99CB 
 131      7780D1F7 
 131      87D4F415 
 131      14DE
 132 00ce 10A24198 		.ascii	"\020\242A\230\223W\271\330mp\21608\021\342\026\362p"
 132      9357B9D8 
 132      6D708E30 
 132      3811E216 
 132      F270
 133 00e0 13798C8E 		.ascii	"\023y\214\216\030\372Q(\361\357\242k\327\262\355j\357"
 133      18FA5128 
 133      F1EFA26B 
 133      D7B2ED6A 
 133      EF
 134 00f1 1F4D0CC0 		.ascii	"\037M\014\300\016z\321A\344%L\261\226n\021\346\354u"
 134      0E7AD141 
 134      E4254CB1 
 134      966E11E6 
 134      EC75
 135 0103 8C1C920E 		.ascii	"\214\034\222\016\350\222\215\256\253v\371\303X+\335"
 135      E8928DAE 
 135      AB76F9C3 
 135      582BDD
ARM GAS  /tmp/ccBXr3B2.s 			page 10


 136 0112 90A6DAB8 		.ascii	"\220\246\332\270\"\337|\036\243\311\225\324R\367\201"
 136      22DF7C1E 
 136      A3C995D4 
 136      52F781
 137 0121 BFC4FE8C 		.ascii	"\277\304\376\214\261\270\306-\346 \307\006Q\206A\330"
 137      B1B8C62D 
 137      E620C706 
 137      518641D8 
 138 0131 496B08F6 		.ascii	"Ik\010\366\020\267\321yG\323\350\013M\372\262Y\260\361"
 138      10B7D179 
 138      47D3E80B 
 138      4DFAB259 
 138      B0F1
 139 0143 C1E52FAE 		.ascii	"\301\345/\256\314V\322H\347\275C\337\2379\014\204`p"
 139      CC56D248 
 139      E7BD43DF 
 139      9F390C84 
 139      6070
 140 0155 3B86C94F 		.ascii	";\206\311O\204\374HlxliQ\323\007\205\277^L\247'\266"
 140      84FC486C 
 140      786C6951 
 140      D30785BF 
 140      5E4CA727 
 141 016a CD6806D7 		.ascii	"\315h\006\327\020\205\201N\252\321\322A\014:\233G\343"
 141      1085814E 
 141      AAD1D241 
 141      0C3A9B47 
 141      E3
 142 017b CFE6D7CE 		.ascii	"\317\346\327\316\214\344\272\352\323\364\262\231+eT"
 142      8CE4BAEA 
 142      D3F4B299 
 142      2B6554
 143 018a 28B84D7C 		.ascii	"(\270M|\263\360\277y\034\210?\203,\231`\204\211,$V\262"
 143      B3F0BF79 
 143      1C883F83 
 143      2C996084 
 143      892C2456 
 144 019f 3318863B 		.ascii	"3\030\206;R\223I\333\234%\363\371'\370\335\022)\313"
 144      529349DB 
 144      9C25F3F9 
 144      27F8DD12 
 144      29CB
 145 01b1 482416DE 		.ascii	"H$\026\336j\276_\302apG\220\272\302p\027>\266\321\232"
 145      6ABE5FC2 
 145      61704790 
 145      BAC27017 
 145      3EB6D19A 
 146 01c5 D3B2D6F8 		.ascii	"\323\262\326\370#\265\230C8\012\333){/\317\236w\365"
 146      23B59843 
 146      380ADB29 
 146      7B2FCF9E 
 146      77F5
 147 01d7 9F256BF5 		.ascii	"\237%k\365[\015\356\302=\032\220\370\272\267\364\307"
 147      5B0DEEC2 
 147      3D1A90F8 
 147      BAB7F4C7 
 148 01e7 D89093C0 		.ascii	"\330\220\223\300\235B\270%\301}\262e\011\"\001\237\301"
ARM GAS  /tmp/ccBXr3B2.s 			page 11


 148      9D42B825 
 148      C17DB265 
 148      0922019F 
 148      C1
 149 01f8 B758A5A8 		.ascii	"\267X\245\250V\002sP\344\215\213f\353\023\027?bI\031"
 149      56027350 
 149      E48D8B66 
 149      EB13173F 
 149      624919
 150 020b E1F8020A 		.ascii	"\341\370\002\012z\255\211\030\017e\005\205\351w\313"
 150      7AAD8918 
 150      0F650585 
 150      E977CB
 151 021a A1486E1E 		.ascii	"\241Hn\036\012k\332\036\240 DL\224c\327Jj \260\377\337"
 151      0A6BDA1E 
 151      A020444C 
 151      9463D74A 
 151      6A20B0FF 
 152 022f 1C931A97 		.ascii	"\034\223\032\227\230\365,\371\246,\037ZY\216\300\376"
 152      98F52CF9 
 152      A62C1F5A 
 152      598EC0FE 
 153 023f DF314577 		.ascii	"\3371Ew}\243\206d\341\221\025\0232\024\322oGt\312^\022"
 153      7DA38664 
 153      E1911513 
 153      3214D26F 
 153      4774CA5E 
 154 0254 91A09E18 		.ascii	"\221\240\236\030d\220)\350(&\006\013\001\023%\262\312"
 154      649029E8 
 154      2826060B 
 154      011325B2 
 154      CA
 155 0265 39344CB7 		.ascii	"94L\267MUZ\023+\213b\237\321\320\263\332\236i\215\\"
 155      4D555A13 
 155      2B8B629F 
 155      D1D0B3DA 
 155      9E698D5C 
 156 0279 ADC4494D 		.ascii	"\255\304IM\241\024\266{<\272^\343\325\253*\252uom\245"
 156      A114B67B 
 156      3CBA5EE3 
 156      D5AB2AAA 
 156      756F6DA5 
 157 028d EEADF354 		.ascii	"\356\255\363T2\255\342\204\267\356\364\271S\305\033"
 157      32ADE284 
 157      B7EEF4B9 
 157      53C51B
 158 029c FE3C5F53 		.ascii	"\376<_S[\347\325\217\225\227\355\335\243\227\226\036"
 158      5BE7D58F 
 158      9597EDDD 
 158      A397961E 
 159 02ac D4CB0F97 		.ascii	"\324\313\017\227](!\370\361\352\352\223\236*\246J\374"
 159      5D2821F8 
 159      F1EAEA93 
 159      9E2AA64A 
 159      FC
 160 02bd 6FCEDB35 		.ascii	"o\316\3335\305"
 160      C5
ARM GAS  /tmp/ccBXr3B2.s 			page 12


 161              		.text
 162              		.section	.gnu.lto_stGetAlarm.2ce8136448a35a2f,"",%progbits
 163 0000 789C8D52 		.ascii	"x\234\215RMHTQ\030\375\316\373\336\27473\245\005\265"
 163      4D485451 
 163      18FDCEFB 
 163      DEBC3733 
 163      A505B5
 164 0013 88109BAD 		.ascii	"\210\020\233\255.\346a\265\016\202 \002]\345>\302\026"
 164      2EE661B5 
 164      0E822002 
 164      5DE53EC2 
 164      16
 165 0024 4282E148 		.ascii	"B\202\341H\333\271\352T\244PQ\344\370\313\013\\X\232"
 165      DBB9EA54 
 165      A45051E4 
 165      F8CB0B5C 
 165      589A
 166 0036 8E33FDCE 		.ascii	"\2163\375\316\0249(!-\264t\021\364\007\242n,\203LQ\024"
 166      14392821 
 166      2DB47411 
 166      F407A26E 
 166      2C834C51 
 167 004b 7FFAEE7B 		.ascii	"\177\372\356{\026\326\252\007\367\336w\277w8\347;\347"
 167      16D6AA07 
 167      F7DE77BF 
 167      7738E73B 
 167      E7
 168 005c 7B0132E8 		.ascii	"{\0012\350\263At\222\210\216\313B\200`\334\232 j\010"
 168      B3417492 
 168      888ECB42 
 168      8060DC9A 
 168      206A08
 169 006f 1A06E78A 		.ascii	"\032\006\347\212I\205\315\367\016\251\275\014\323/\233"
 169      4985CDF7 
 169      0EA9BD0C 
 169      D32F9B
 170 007e 807E5141 		.ascii	"\200~QAP\334`\023q\334\344$c21\324\3057\330e\202)\327"
 170      50DC6013 
 170      71DCE424 
 170      633231D4 
 170      C537D865 
 171 0095 C5F18ED9 		.ascii	"\305\361\216\331B}\005\"r\355TS\327\355\222^\245\032"
 171      427D0522 
 171      72ED5453 
 171      D7ED925E 
 171      A51A
 172 00a7 553EF9D3 		.ascii	"U>\371\323\356\314\274S!\227\015j\027\370}\024\241\027"
 172      EECCBC53 
 172      21970D6A 
 172      17F87D14 
 172      A117
 173 00b9 455AFC01 		.ascii	"EZ\374\001JH\3203\351\255\273\005\226\331\303\244\001"
 173      4A48D033 
 173      E9ADBB05 
 173      96D9C3A4 
 173      01
 174 00ca 52EF8305 		.ascii	"R\357\203\0059\244\220\232B^mm_S\371\271\036l\236\266"
ARM GAS  /tmp/ccBXr3B2.s 			page 13


 174      39A4909A 
 174      425E6D6D 
 174      5F53F9B9 
 174      1E6C9EB6 
 175 00de 4D729903 		.ascii	"Mr\231\003z\263\364F\324,K\367\327\"\354r\362<Frk\251"
 175      7AB3F446 
 175      D42C4BF7 
 175      D722EC72 
 175      F23C4672 
 176 00f4 E5AE137F 		.ascii	"\345\256\023\177x\023J\236|r\305f\217\270\235\261K\223"
 176      78134A9E 
 176      7C72C566 
 176      8FB89DB1 
 176      4B93
 177 0106 D00F4BA4 		.ascii	"\320\017K\244\036\302\352fm\244\365\312\310[[\0331="
 177      1EC2EA66 
 177      6DA4F5CA 
 177      C85B5B1B 
 177      313D
 178 0118 D8C4C0EA 		.ascii	"\330\304\300\352\217\260\177\3254\032\3213\2702\026"
 178      8FB07FD5 
 178      341AD133 
 178      B83216
 179 0127 74D10D97 		.ascii	"t\321\015\227\003\030\0243\003\332\214|\350\033_^\262"
 179      03181433 
 179      03DA8C7C 
 179      E81B5F5E 
 179      B2
 180 0138 9D019568 		.ascii	"\235\001\225hP\323\303\223\007fm\227-\244\340\242Mz"
 180      50D3C393 
 180      07666D97 
 180      2DA4E0A2 
 180      4D7A
 181 014a F4743004 		.ascii	"\364t0\004\207\346\321\264q\365C\310\227\014\370\252"
 181      87E6D1B4 
 181      71F543C8 
 181      970CF8AA 
 182 015a AFB757F3 		.ascii	"\257\267W\363\373\264\014\303@Z\370\346\220\3708\232"
 182      FBB40CC3 
 182      405AF8E6 
 182      90F8389A 
 183 016a 5C19836E 		.ascii	"\\\031\203nY`\202I-d\327\012|\014!\343\005\250m3\345"
 183      59608249 
 183      2D64D70A 
 183      7C0C21E3 
 183      05A86D33 
 184 017f 8AF91B12 		.ascii	"\212\371\033\022\021\215\324md\263\013\237\354\370\246"
 184      118DD46D 
 184      64B30B9F 
 184      ECF8A6
 185 018e 0ABA6CB7 		.ascii	"\012\272l\267K*\204G\210\323nkA\317Z\323\372\360R\241"
 185      4B2A8447 
 185      88D36E6B 
 185      41CF5AD3 
 185      FAF052A1 
 186 01a2 E00E4941 		.ascii	"\340\016IAG\257ko:\372/\212\265\206\375.\207\360Df\375"
 186      47AF6B6F 
ARM GAS  /tmp/ccBXr3B2.s 			page 14


 186      3AFA2F8A 
 186      B586FD2E 
 186      87F04466 
 187 01b7 78C7DBF6 		.ascii	"x\307\333\366\327\314`H\300mJE4\301S\261\345\011\342"
 187      D7CC6048 
 187      C06D4A45 
 187      34C153B1 
 187      E509E2
 188 01ca 19E22E87 		.ascii	"\031\342.\207\275V\314\337\023x\265\226\332H\036\376"
 188      BD56CCDF 
 188      1378B596 
 188      DA481EFE 
 189 01da 670277D6 		.ascii	"g\002w\326\355\235\001\360_\003x\356\015 \253mZ\377"
 189      ED9D01F0 
 189      5F0378EE 
 189      0D20AB6D 
 189      5AFF
 190 01ec 1DEFE291 		.ascii	"\035\357\342\221\333\362C\355A\316\213\027>\213\356"
 190      DBF243ED 
 190      41CE8B17 
 190      3E8BEE
 191 01fb B335FDC5 		.ascii	"\2635\375\305*Ki\320\275\234\241\007\360\002\016J\205"
 191      2A4B69D0 
 191      BD9CA107 
 191      F0020E4A 
 191      85
 192 020c C143E025 		.ascii	"\301C\340%\312\350;\032\247[6G-?ZK\307\330,\024\322"
 192      CAE83B1A 
 192      A75B3647 
 192      2D3F5A4B 
 192      C7D82C14 
 193 0221 BB847530 		.ascii	"\273\204u0\032u\234\332\230S}\276\306\211\325U9\261"
 193      1A759CDA 
 193      98537DBE 
 193      C689D555 
 193      39B1
 194 0233 FA681595 		.ascii	"\372h\025\225\356*^\252\255\253\2179g++\216\035u\312"
 194      EE2A5EAA 
 194      ADAB8F39 
 194      672B2B8E 
 194      1D75CA
 195 0246 CB4F3995 		.ascii	"\313O9\225g*.\227\011\354\\M\315\205h5\375\002\251\031"
 195      672A2E97 
 195      09EC5C4D 
 195      CD856835 
 195      FD02A919 
 196 025a 0851     		.ascii	"\010Q"
 197              		.text
 198              		.section	.gnu.lto_.symbol_nodes.2ce8136448a35a2f,"",%progbits
 199 0000 789C558A 		.ascii	"x\234U\212\273\021\3020\020\005\367\336Y\036\334\006"
 199      BB11C230 
 199      1005F7DE 
 199      591EDC06 
 200 0010 35500054 		.ascii	"5P\000Tv\012\\\2001\377\234\026 \240\010j\240\022\006"
 200      760A5C80 
 200      31FF9C16 
 200      20A0086A 
ARM GAS  /tmp/ccBXr3B2.s 			page 15


 200      A01206
 201 0023 8D9CA097 		.ascii	"\215\234\240\227\354\314\356K\210'e\232\0240\275\241"
 201      ECCCEE4B 
 201      8827659A 
 201      1430BDA1 
 202 0033 E09577C5 		.ascii	"\340\225w\305\354\025\326\230t\021y\015\256Y\241\366"
 202      EC15D698 
 202      7411790D 
 202      AE59A1F6 
 203 0043 7C50787B 		.ascii	"|Px{\276\312\226\363Q\321\265\351&\325d'E\252\011r\336"
 203      BECA96F3 
 203      51D1B5E9 
 203      26D56427 
 203      45AA0972 
 204 0058 829D15FD 		.ascii	"\202\235\025\375\277pV\334?_s\033\030\037\033\357\026"
 204      BF7056DC 
 204      3F5F731B 
 204      181F1BEF 
 204      16
 205 0069 F415FC00 		.ascii	"\364\025\374\000 \310)2"
 205      20C82932 
 206              		.text
 207              		.section	.gnu.lto_.refs.2ce8136448a35a2f,"",%progbits
 208 0000 789C6365 		.ascii	"x\234ce`b\020````ddbbadabeadcbga\000\000\003S\000F"
 208      60621060 
 208      60606064 
 208      64626261 
 208      64616265 
 209              		.text
 210              		.section	.gnu.lto_.decls.2ce8136448a35a2f,"",%progbits
 211 0000 789CB558 		.ascii	"x\234\265XkP\024W\026\356\333w\206\307\000\342\216\226"
 211      6B501457 
 211      16EEDB77 
 211      86C700E2 
 211      8E96
 212 0012 65ED928D 		.ascii	"e\355\222\215Z\244\240v\205\021\255\212ImmV\203\331"
 212      5AA4A076 
 212      8511AD8A 
 212      496D6D56 
 212      83D9
 213 0024 245531BB 		.ascii	"$U1\2735\272\251\375\2635;\301I\240\226\207\313\214"
 213      35BAA9FD 
 213      B3353BC1 
 213      49A09687 
 213      CB8C
 214 0036 A9CAAF6D 		.ascii	"\251\312\257m\036Q$FAE\001\037\200\200b\324\360P@\004"
 214      1E512446 
 214      4145011F 
 214      808062D4 
 214      F0504004 
 215 004a 61044182 		.ascii	"a\004A\202\200\210\017\344!\340\023T\202\010F\021c\330"
 215      80880FE4 
 215      21E01354 
 215      82084611 
 215      63D8
 216 005c 731F4DF7 		.ascii	"s\037M\367\264\220\312Ve\273\346\364\364\271\367\273"
 216      B490CA56 
ARM GAS  /tmp/ccBXr3B2.s 			page 16


 216      65BBE6F4 
 216      F4B9F7BB 
 217 006c DF39F79C 		.ascii	"\3379\367\234\373\352\326\013\242\360b\216 \030\261"
 217      FBEAD60B 
 217      A2F0628E 
 217      2018B1
 218 007b 20CC1505 		.ascii	" \314\025\005a\022.7A\020\216\201\200*\224\202T\011"
 218      61122E37 
 218      41108E81 
 218      802A9482 
 218      5409
 219 008d EC720739 		.ascii	"\354r\0079\013r\011\344\012H\007H\027H\017\310\015\020"
 219      0B7209E4 
 219      0A480748 
 219      17480FC8 
 219      0D10
 220 009f A010EE80 		.ascii	"\240\020\356\200\014\202<\020\\\257\315\210\325\177"
 220      0C823C10 
 220      5CAFCD88 
 220      D57F
 221 00ad 04320452 		.ascii	"\0042\004R\307\313E\316\331#\274|\035\2026>\274\215"
 221      C7CB45CE 
 221      D923BC7C 
 221      1D82363E 
 221      BC8D
 222 00bf 11642EC8 		.ascii	"\021d.\310\005\220\000\220%Pg\002\031\205\347\020\304"
 222      05900090 
 222      25506702 
 222      1985E710 
 222      C4
 223 00d0 FC3C01D2 		.ascii	"\374<\001\322O\032r[\013\340\1771\310+ :\356\367\233"
 223      4F1A725B 
 223      0BE07F31 
 223      C82B203A 
 223      EEF79B
 224 00e3 88F9FA07 		.ascii	"\210\371\372\007Da\324_\365u\204c?\322\330@\234O\344"
 224      4461D45F 
 224      F5758463 
 224      3FD2D840 
 224      9C4FE4
 225 00f6 7DFF237A 		.ascii	"}\377#z\331\337\302\377\301_\022\323J\225\277\242\312"
 225      D9DFC2FF 
 225      C15F12D3 
 225      4A95BFA2 
 225      CA
 226 0107 5F1D8FAD 		.ascii	"_\035\217\255\354\353\237\270\257\203\032{\245P\350"
 226      ECEB9FB8 
 226      AF831A7B 
 226      A550E8
 227 0116 FD0BD8EA 		.ascii	"\375\013\330\352R\331Z\311mi\363\267\033\243\213\211"
 227      52D95AC9 
 227      6D69F3B7 
 227      1BA38B89 
 228 0126 457BF156 		.ascii	"E{\361V\214\214\006\244\003\365QK\346\255Y\240\3165"
 228      8C8C06A4 
 228      03F5514B 
 228      E6AD59A0 
ARM GAS  /tmp/ccBXr3B2.s 			page 17


 228      CE35
 229 0138 A005A03E 		.ascii	"\240\005\240>\037\334\331\211X\2557\250uC'\236\372\032"
 229      1FDCD989 
 229      58AD37A8 
 229      7543279E 
 229      FA1A
 230 014a 9224B852 		.ascii	"\222$\270R\022$\317\367Hy\001\362C\207\220\037\030\370"
 230      1224CFF7 
 230      487901F2 
 230      4387901F 
 230      18F8
 231 015c 1A19E06E 		.ascii	"\032\031\340n\362C\207A\005t\356\375\212:=k\354\003"
 231      F2438741 
 231      0574EEFD 
 231      8A3A3D6B 
 231      EC03
 232 016e 6ACF819D 		.ascii	"j\317\201\235\371:F=H\252\257\214\237\236\360\306\""
 232      F93A463D 
 232      48AAAF8C 
 232      9F9EF0C6 
 232      22
 233 017f 82675D7F 		.ascii	"\202g]\177\356\350\0037\024\350\207\220\001\344\240"
 233      EEE80337 
 233      14E88790 
 233      01E4A0
 234 018e C42E0F01 		.ascii	"\304.\017\001\025!\003:\206\260\354p\246\004\306G\376"
 234      1521033A 
 234      86B0EC70 
 234      A604C647 
 234      FE
 235 019f 438A0578 		.ascii	"C\212\005x\212\227F\016Hx\276\200\226\371\241%~\002"
 235      8A97460E 
 235      4878BE80 
 235      96F9A125 
 235      7E02
 236 01b1 FA0605D2 		.ascii	"\372\006\005\322*\001\025\203W\205\340F\246\344AK\300"
 236      2A011583 
 236      5785E046 
 236      A6E4414B 
 236      C0
 237 01c2 DEC9B68A 		.ascii	"\336\311\266\212=^\306\024\352\274$-@\224\373(\340\216"
 237      3D5EC614 
 237      EABC242D 
 237      4094FB28 
 237      E08E
 238 01d4 50EF4B90 		.ascii	"P\357K\220Q\356\003A\247\264\344\354\3614p\033I?i\003"
 238      51EE0341 
 238      A7B4E4EC 
 238      F134701B 
 238      493F6903 
 239 01e8 D0C73B37 		.ascii	"\320\307;7\246{\252\271\217\377\024w\307X\376u\321;"
 239      A67BAAB9 
 239      8FFF1477 
 239      C758FE75 
 239      D13B
 240 01fa 9970B330 		.ascii	"\231p\2630\236@FU\034K\2217\315i)\215\371\213\221\266"
 240      9E404655 
ARM GAS  /tmp/ccBXr3B2.s 			page 18


 240      1C4B9137 
 240      CD69298D 
 240      F98B91B6 
 241 020e 17DE2C8A 		.ascii	"\027\336,\212\006PO\305\027\365\351gLA\271\234\2022"
 241      06504FC5 
 241      17F5E967 
 241      4C41B99C 
 241      8232
 242 0220 E6574767 		.ascii	"\346WGgb\005\317\237\027\250\3457\322j<Y\012\256\221"
 242      6205CF9F 
 242      17A8E537 
 242      D26A3C59 
 242      0AAE91
 243 0233 EACEAD4F 		.ascii	"\352\316\255Ozt\332\220T\000\333I\312v\212\272].\273"
 243      7A74DA90 
 243      5400DB49 
 243      CA768ABA 
 243      5D2EBB
 244 0246 5DD7F9B8 		.ascii	"]\327\371\270\312G\333\311\031\321\305u\225\325zu'+"
 244      CA47DBC9 
 244      19D1C575 
 244      95D57A75 
 244      272B
 245 0258 5D3A59C5 		.ascii	"]:Y\305;YE;Y\366\325\331\323b/\352A0\212\321l\232j\204"
 245      3B59453B 
 245      59F6D5D9 
 245      D3622FEA 
 245      41308AD1 
 246 0270 D81D51A1 		.ascii	"\330\035Q\241\352\244|!D\313\241T\024\370\320\226\213"
 246      EAA47C21 
 246      44CBA154 
 246      14F8D096 
 246      8B
 247 0281 90DC82EB 		.ascii	"\220\334\202\353\"WENI\177\2741R1\262jfI\276\330\304"
 247      2257454E 
 247      497FBC31 
 247      5231B26A 
 247      6649BED8 
 248 0296 620FB499 		.ascii	"b\017\264\231\334\032\211\212\001\204\324\015T\204\314"
 248      DC1A898A 
 248      0184D40D 
 248      5484CC
 249 02a5 6D5E3FE5 		.ascii	"m^?\345\237\240t\016\311s\360QF\363]C\037\272NJ\263"
 249      9FA0740E 
 249      C973F051 
 249      46F35D43 
 249      1FBA4E4A 
 250 02ba 57205AB6 		.ascii	"W Z\266\251d\270O\217\335\311\354@}\317\012\376\034"
 250      A964B84F 
 250      8FDDC9EC 
 250      407DCF0A 
 250      FE1C
 251 02cc 7C549E14 		.ascii	"|T\236\024\277U&o\375\344S\247/K\257\010j\373H\363>"
 251      BF55266F 
 251      FDE453A7 
 251      2F4BAF08 
 251      6AFB48F3 
ARM GAS  /tmp/ccBXr3B2.s 			page 19


 252 02e1 2F96DED9 		.ascii	"/\226\336\331\240\216\307]9c\230\277\213\266J\220f\213"
 252      A08EC75D 
 252      396398BF 
 252      8BB64A90 
 252      668B
 253 02f3 E8A379A8 		.ascii	"\350\243y\250\026\022p\206&\240\016\315\207\373\307"
 253      16127086 
 253      26A00ECD 
 253      87FBC7
 254 0302 3AC6E48C 		.ascii	":\306\344\214\337q\314}Q\266\224\335/9'\343_\335\225"
 254      DF71CC7D 
 254      51B694DD 
 254      2F3927E3 
 254      5FDD95
 255 0315 20154824 		.ascii	" \025H$\307\200B5\010\352Q0\361\270\206LET\215\372\020"
 255      C7804235 
 255      08EA5130 
 255      F1B8864C 
 255      45548DFA 
 256 032a 3A8D7AA1 		.ascii	":\215z\241?g\321\"h\235p\264+Y\217\027Sg\2577\036>B"
 256      3F67D122 
 256      689D70B4 
 256      2B598F17 
 256      5367AF37 
 257 0341 16940003 		.ascii	"\026\224\000\003\"q\360\205\242\302\241\212g>\254\210"
 257      2271F085 
 257      A2C2A18A 
 257      673EAC88 
 258 0351 20DAB78D 		.ascii	" \332\267\215\346\271\3437\311\263\230\321\324Q\253"
 258      E6B9E337 
 258      C9B398D1 
 258      D451AB
 259 0360 4381063A 		.ascii	"C\201\006:\345\235\003\351oe\214\022\263M0\262\032\025"
 259      E59D03E9 
 259      6F658C12 
 259      B34D30B2 
 259      1A15
 260 0372 B301644C 		.ascii	"\263\001dL%M\015%aj\034\241oa6\002-\301\241sP\330\300"
 260      254D0D25 
 260      616A1CA1 
 260      6F613602 
 260      2DC1A173 
 261 0389 C6FDE1BC 		.ascii	"\306\375\341\274\324\003n\270\010Q\033\015\325\335\327"
 261      D4036EB8 
 261      08511B0D 
 261      D5DDD7
 262 0398 74C81038 		.ascii	"t\310\0208-A\3134\004\314\231\013\205\213\032\276\220"
 262      2D41CB34 
 262      04CC990B 
 262      858B1ABE 
 262      90
 263 03a9 24113583 		.ascii	"$\0215\2033\347\025g\232\344\021\276\255\264\373\007"
 263      33E71567 
 263      9AE411BE 
 263      ADB4FB07 
 264 03b9 5F9C4957 		.ascii	"_\234IW01\2630g\014\317d\244mF#\003\315\213\017R#\027"
 264      3031B330 
ARM GAS  /tmp/ccBXr3B2.s 			page 20


 264      670CCF64 
 264      A46D4623 
 264      03CD8B0F 
 265 03d0 C048AB62 		.ascii	"\300H\253b\244Y6R\2355~B\324\221iA\020\220.(k\254\230"
 265      A4593652 
 265      9D357E42 
 265      D4916941 
 265      10902E28 
 266 03e7 B88D674C 		.ascii	"\270\215gLl;M\354E\3043\233\222S\"\211\220\331~\222"
 266      6C3B4DEC 
 266      45C4339B 
 266      92532289 
 266      90D97E92 
 267 03fb D9030137 		.ascii	"\331\003\0017J$\011\014J:\202C\365\212\305zmj/\321\324"
 267      4A24090C 
 267      4A3A8243 
 267      F58AC57A 
 267      6D6A2FD1 
 268 0410 7EFBBC64 		.ascii	"~\373\274d\026>K\373\210N\037\271\360\017\316\324\365"
 268      163E4BFB 
 268      884E1FB9 
 268      F00FCED4 
 268      F5
 269 0421 9B0CC919 		.ascii	"\233\014\311\031/\021\317\311\020\271\254\360\\\326"
 269      2F11CFC9 
 269      10B9ACF0 
 269      5CD6
 270 042f F25CA13C 		.ascii	"\362\\\241<\333\217?\315\322\3436F\324\\>\330\341\306"
 270      DB8F3FCD 
 270      D2E33646 
 270      D45C3ED8 
 270      E1C6
 271 0441 999A5E99 		.ascii	"\231\232^\231b\"\036]U\230\256j\231:(\323\321\307m%"
 271      62221E5D 
 271      5598AE6A 
 271      993A28D3 
 271      D1C76D25 
 272 0455 3EB89B31 		.ascii	">\270\2331\335*j\035\020\325\241 QRb\321\3512\310\013"
 272      DD2A6A1D 
 272      10D5A120 
 272      515262D1 
 272      E932C80B 
 273 0469 8BF39773 		.ascii	"\213\363\227s\253\255Y\363R\3451\016 tM1{Mk\266\213"
 273      ABAD59F3 
 273      52E5310E 
 273      20744D31 
 273      7B4D6BB6 
 274 047e 9A7DB4E5 		.ascii	"\232}\264\345a\266/\276\313\314f\035\337\272\315\207"
 274      61B62FBE 
 274      CBCC661D 
 274      DFBACD87 
 275 048e 50410A3B 		.ascii	"PA\012;z\027g\025\335\226\222\014tN\241n\205\251\233"
 275      7A176715 
 275      DD96920C 
 275      744EA16E 
 275      85A99B
 276 04a1 6F5CB0AE 		.ascii	"o\\\260\256\021\006\347H^:\306\3730e\030\031\353\271"
ARM GAS  /tmp/ccBXr3B2.s 			page 21


 276      1106E748 
 276      5E3AC6FB 
 276      30651819 
 276      EBB9
 277 04b3 ECB20790 		.ascii	"\354\262\007\220\305TY\036{\331\362\010\300\341\275"
 277      C554591E 
 277      7BD9F208 
 277      C0E1BD
 278 04c2 6D1B0D74 		.ascii	"m\033\015t\000@\031\037\000\033\317\366gy\3168\000\372"
 278      0040191F 
 278      001BCFF6 
 278      6779CE38 
 278      00FA
 279 04d4 69A7FBE4 		.ascii	"i\247\373\344\001\360<\375b\202/\367\365\371\320\033"
 279      01F03CFD 
 279      62822FF7 
 279      F5F9D01B 
 280 04e4 4D2552A2 		.ascii	"M%R\242\236``\275\231\362\364\272\354\351\015\352i\\"
 280      9E6060BD 
 280      99F2F4BA 
 280      ECE90DEA 
 280      695C
 281 04f6 59C236AF 		.ascii	"Y\3026\257\205\2658\013vO\330\233\350z$\265\355\323"
 281      85B5380B 
 281      764FD89B 
 281      E87A24B5 
 281      EDD3
 282 0508 E136E67C 		.ascii	"\3416\346|N\313\330.\003\356eJO\363\350%\361\265\\\251"
 282      4ECBD82E 
 282      03EE654A 
 282      4FF3E825 
 282      F1B55CA9 
 283 051c CD0903EC 		.ascii	"\315\011\003\354f@q\274S\332\274\202ni\267\301\000\214"
 283      664071BC 
 283      53DABC82 
 283      6E69B7C1 
 283      008C
 284 052e 22D54678 		.ascii	"\"\325Fx\013Jn\242\205\002\272\203^\203\246\003\017"
 284      0B4A6EA2 
 284      8502BA83 
 284      5E83A603 
 284      0F
 285 053f 0746DD17 		.ascii	"\007F\335\027\016P;\225\314\316@\345\344\027nx\214Q"
 285      0E503B95 
 285      CCCE40E5 
 285      E4176E78 
 285      8C51
 286 0551 976D7A36 		.ascii	"\227mz6\344\313\251\273^\211\313v&.\240\333\010!\206"
 286      E4CBA9BB 
 286      5E89CB76 
 286      262EA0DB 
 286      082186
 287 0564 C1A0DA7C 		.ascii	"\301\240\332|\006\240\344.!\036\244\304yI\245\373\335"
 287      06A0E42E 
 287      211EA4C4 
 287      7949A5FB 
 287      DD
ARM GAS  /tmp/ccBXr3B2.s 			page 22


 288 0575 17C6E954 		.ascii	"\027\306\351T\304\271\207\316\345{\340\257t\224x\362"
 288      C4B987CE 
 288      E57BE0AF 
 288      749478F2 
 289 0585 7CC10E77 		.ascii	"|\301\016w\231\370UW\342.\027\342\373Pr\217\020?\240"
 289      99F85557 
 289      E22E17E2 
 289      FB50728F 
 289      103FA0
 290 0598 C47DE31D 		.ascii	"\304}\343\035\275\336\352\264\221\224+i\033\342\273"
 290      BDDEEAB4 
 290      91942B69 
 290      1BE2BB
 291 05a7 DA10DDD5 		.ascii	"\332\020\335\325\344\355\326\310\267\333\314\312\307"
 291      E4EDD6C8 
 291      B7DBCCCA 
 291      C7
 292 05b4 4DFC40E4 		.ascii	"M\374@\344A\252\207\217\224\373\260\345\332I\252/\335"
 292      41AA878F 
 292      94FBB0E5 
 292      DA49AA2F 
 292      DD
 293 05c5 CD49E43B 		.ascii	"\315I\344;}\033\335o\257\236\033\321\341=\314\343\244"
 293      7D1BDD6F 
 293      AF9E1BD1 
 293      E13DCCE3 
 293      A4
 294 05d6 A35BEB30 		.ascii	"\243[\3530\331\367\023~\326\022F&Y\363\363\026=\316"
 294      D9F7137E 
 294      D6124626 
 294      59F3F316 
 294      3DCE
 295 05e8 61CDBFAC 		.ascii	"a\315\277\254/m\340\307\274F\242\357<UW\351\205\363"
 295      2F6DE0C7 
 295      BC46A2EF 
 295      3C5557E9 
 295      85F3
 296 05fa 58E5ADE4 		.ascii	"X\345\255\344\233un\3700Sd\257\214\334\253\254\356\357"
 296      9B756EF8 
 296      305364AF 
 296      8CDCABAC 
 296      EEEF
 297 060c 9B103EC6 		.ascii	"\233\020>\306*+\313\253\032x\017\226\2506\034#\333p"
 297      2A2BCBAB 
 297      1A780F96 
 297      A8361C23 
 297      DB70
 298 061e CAEE7EDB 		.ascii	"\312\356~\333``\035\222\020Y/\332{V\340\022\326\262"
 298      60601D92 
 298      10592FDA 
 298      7B56E012 
 298      D6B2
 299 0630 76B4E810 		.ascii	"v\264\350\020\357\034&\335\311\030m\233\371$\371\243"
 299      EF1C26DD 
 299      C9186D9B 
 299      F924F9A3 
 300 0640 7C8C79C1 		.ascii	"|\214y\301\272\3229^\337\245WN\036:\272$?\007\370\004"
ARM GAS  /tmp/ccBXr3B2.s 			page 23


 300      BAD2395E 
 300      DFA5574E 
 300      1E3ABA24 
 300      3F07F804 
 301 0654 854FD293 		.ascii	"\205O\322\223\307\217\362\222Y\2376<K\015\036\375)\360"
 301      C78FF292 
 301      599F363C 
 301      4B0D1EFD 
 301      29F0
 302 0666 37B9F9BB 		.ascii	"7\271\371\273\015\270\2149\271g\354\372=\236\260@P\017"
 302      0DB88C39 
 302      B967ECFA 
 302      3D9EB040 
 302      500F
 303 0678 3EA94CF0 		.ascii	">\251L\360\300\247X\335\216\352}-\356\270\232)\3621"
 303      C0A758DD 
 303      8EEA7D2D 
 303      EEB89A29 
 303      F231
 304 068a D9C88EC9 		.ascii	"\331\310\216\311\361\035o\343ZVS\223\272\035&S\003S"
 304      F11D6FE3 
 304      5A565393 
 304      BA1D2653 
 304      0353
 305 069c 8613EFF4 		.ascii	"\206\023\357\364\363\370\314\0075\355\374\203\000|\236"
 305      F3F8CC07 
 305      35EDFC83 
 305      007C9E
 306 06ab 55FDD858 		.ascii	"U\375\330X\027\200/\262\347\206\262\202C\010w0e4\263"
 306      17802FB2 
 306      E786B282 
 306      43087730 
 306      6534B3
 307 06be E1810177 		.ascii	"\341\201\001w3%\273}\357I\017\334\313\224\203\343\273"
 307      3325BB7D 
 307      EF490FDC 
 307      CB9483E3 
 307      BB
 308 06cf 0E7AE35B 		.ascii	"\016z\343[L\271\\q%\311\013\017\362\301Q\\\234\356\205"
 308      4CB95C71 
 308      25C90B0F 
 308      F2C1515C 
 308      9CEE85
 309 06e2 8798125F 		.ascii	"\207\230\022_\331\231\312\017\005\375D\277\235\177;"
 309      D999CA0F 
 309      05FD44BF 
 309      9D7F3B
 310 06f1 9B1FFA24 		.ascii	"\233\037\372$7\320\223\333\233\237\"<\302\300\311e\227"
 310      37D093DB 
 310      9B9F223C 
 310      C2C0C965 
 310      97
 311 0702 7A7533E6 		.ascii	"zu3\346a\247\310\363\260\204\246!\355tZ\351,m\032\036"
 311      61A7C8F3 
 311      B084A621 
 311      ED745AE9 
 311      2C6D1A1E 
ARM GAS  /tmp/ccBXr3B2.s 			page 24


 312 0716 027A98A2 		.ascii	"\002z\230\242\323D\243\334\206\240\333\356\344\346\353"
 312      D344A3DC 
 312      86A0DBEE 
 312      E4E6EB
 313 0725 B4799809 		.ascii	"\264y\230\011=\357a\362\231\357}\220\277\277\377\034"
 313      3DEF61F2 
 313      99EF7D90 
 313      BFBFFF1C 
 314 0735 7FD51548 		.ascii	"\177\325\025H\357\007\244\304\004\311\371p?\036<\326"
 314      EF07A4C4 
 314      04C9F970 
 314      3F1E3CD6 
 315 0745 BA45CAAE 		.ascii	"\272E\312\256E\224j\034ff\2468G\231\007O)o\001\271\013"
 315      45946A1C 
 315      6666A638 
 315      4799074F 
 315      296F01B9 
 316 075a ACC9CD68 		.ascii	"\254\311\315h\330[\0221\205?\322\302G^\2027\251\340"
 316      D85B1231 
 316      853FD2C2 
 316      475E8237 
 316      A9E0
 317 076c 4FB4F0C7 		.ascii	"O\264\360\307\024\036B\320\251\274O+t\002\332.\372\241"
 317      141E42D0 
 317      A9BC4F2B 
 317      7402DA2E 
 317      FAA1
 318 077e 54915411 		.ascii	"T\221T\0214\314AtH\014D{E\177\264\007$\027$\033d\037"
 318      34CC4174 
 318      480C447B 
 318      457FB407 
 318      2417241B 
 319 0794 C811902C 		.ascii	"\310\021\220,\220\203 9 y \005 \207A\016\200\034\005"
 319      90832039 
 319      20792005 
 319      2087410E 
 319      801C05
 320 07a7 D90D9201 		.ascii	"\331\015\222\001\222\017\262\037$\035\344k\321\237\256"
 320      920FB21F 
 320      241DE46B 
 320      D19FAE
 321 07b6 CDCCC7AE 		.ascii	"\315\314\307\256H\305\307m\242\306G\223\266G\355*t\312"
 321      48C5C76D 
 321      A2C64793 
 321      B647ED2A 
 321      74CA
 322 07c8 B4E81005 		.ascii	"\264\350\020\005<\252\002o"
 322      3CAA026F 
 323 07d0 D1822790 		.ascii	"\321\202'\220\006\335\245\012\326\330\364\261U\241k"
 323      06DDA50A 
 323      D6D8F4B1 
 323      55A16B
 324 07df A31474B2 		.ascii	"\243\024t\262\226;I\324\240\357\253<\371J\213\036~)"
 324      963B49D4 
 324      A0EFAB3C 
 324      F94A8B1E 
 324      7E29
ARM GAS  /tmp/ccBXr3B2.s 			page 25


 325 07f1 6FED2AF2 		.ascii	"o\355*\362MZ\370\027Z\362Q\025:N\213~\246u\374\246\312"
 325      4D5AF817 
 325      5AF25115 
 325      3A4E8B7E 
 325      A675FCA6 
 326 0806 95ADD3BB 		.ascii	"\225\255\323\273\242\016\212\212{\343\364\236\2708\256"
 326      A20E8A8A 
 326      7BE3F49E 
 326      B838AE
 327 0815 8AE1F7D3 		.ascii	"\212\341\367\323\0178\227\361\251b\337<}\020\031\234"
 327      0F3897F1 
 327      A962DF3C 
 327      7D10199C 
 328 0825 9D2D5B87 		.ascii	"\235-[\207\214q\222\204\010L\340\033\2752\216\356~g"
 328      8C719284 
 328      084CE01B 
 328      BD328EEE 
 328      7E67
 329 0837 DC912035 		.ascii	"\334\221 5.\241d\211Z\262\370\2272\2422\2350=z\312\323"
 329      2EA16489 
 329      5AB2F897 
 329      32A2329D 
 329      303D7ACA 
 330 084c 388047C7 		.ascii	"8\200G\307Q\370.\321\210vp\270<\365\321w\332\250M\250"
 330      51F82ED1 
 330      887670B8 
 330      3CF5D177 
 330      DAA84DA8 
 331 0860 62FCE5F4 		.ascii	"b\374\345\364\003OM>\021\305\310% \377\201GM^\337y\002"
 331      034F4D3E 
 331      11C5C825 
 331      20FF8147 
 331      4D5EDF79 
 332 0875 199CBC8D 		.ascii	"\031\234\274\2154_-\230\205s\365\364\214^\273\277*\003"
 332      345F2D98 
 332      8573F5F4 
 332      8C5EBBBF 
 332      2A03
 333 0887 5E36E6B0 		.ascii	"^6\346\260\360<\031v\203\267)T\010\255\217\211S'!\022"
 333      F03C1976 
 333      83B72954 
 333      08AD8F89 
 333      53272112 
 334 089b ACE96738 		.ascii	"\254\351g8\372\006&\366\377{\222\223\235\341\336\266"
 334      FA0626F6 
 334      FF7B9293 
 334      9DE1DEB6 
 335 08ab 1B2E27C3 		.ascii	"\033.'\303BU8\004T$\262#\006\374\003\370\353\341\275"
 335      42553804 
 335      5424B223 
 335      06FC03F8 
 335      EBE1BD
 336 08be 991E6A70 		.ascii	"\231\036jp\277\313y\244\230\203\213)\270\365\207\306"
 336      BFCB79A4 
 336      98838B29 
 336      B8F587C6 
 337 08ce 62375C48 		.ascii	"b7\\H\203\201Z\352/\245\273\343\006\252\350\006kFEh"
ARM GAS  /tmp/ccBXr3B2.s 			page 26


 337      83815AEA 
 337      2FA5BBE3 
 337      06AAE806 
 337      6B464568 
 338 08e2 447E9E81 		.ascii	"D~\236\201\344\233I\231\350\311>\266\314\246\217\233"
 338      E49B4999 
 338      E8C93EB6 
 338      CCA68F9B 
 339 08f2 E87790F8 		.ascii	"\350w\220\370\224\331h\352;H9D\200T\011\350\004\004"
 339      94D968EA 
 339      3B483944 
 339      805409E8 
 339      0404
 340 0904 A854E46F 		.ascii	"\250T\344o4\354\263\015T\240\343\342\324g\0330w\366"
 340      34ECB30D 
 340      54A0E3E2 
 340      D4671B30 
 340      77F6
 341 0916 70EB766F 		.ascii	"p\353vo\365\221\225@\2243\353IQ}P\177\260=.\012N\254"
 341      F5919540 
 341      9433EB49 
 341      517D507F 
 341      B03D2E0A 
 342 092c CE7E7ABA 		.ascii	"\316~z\272\256\270v[\222\240\213\211HGp\250D\311V\211"
 342      AEB8765B 
 342      92A08B89 
 342      484770A8 
 342      44C95689 
 343 0940 A839AB57 		.ascii	"\2509\253W\210\344\374\232s\374q\246\017nf\035-\271"
 343      88E4FC9A 
 343      73FC71A6 
 343      0F6E661D 
 343      2DB9
 344 0952 786EEB2C 		.ascii	"xn\353,\316\326\364{\366\262\221\303^6N)L\247\264L\225"
 344      CED6F47B 
 344      F6B291C3 
 344      5E364E29 
 344      4CA7B44C 
 345 0967 94A97BB2 		.ascii	"\224\251{\262\"\333\007\3671\246\215\311\361\305n\234"
 345      22DB07F7 
 345      31A68DC9 
 345      F1C56E9C 
 346 0977 E9FEE229 		.ascii	"\351\376\342)&r\004\254R\230\252\264L\247)S\315\275"
 346      267204AC 
 346      5298AAB4 
 346      4CA72953 
 346      CDBD
 347 0989 BC4C1D7E 		.ascii	"\274L\035~\304\230&z\266l\366\225}\012v\361\251Za\252"
 347      C498267A 
 347      B66CF695 
 347      7D0A76F1 
 347      A95A61AA 
 348 099d D632D550 		.ascii	"\3262\325P\246\262\335io\341x7J\2242\220\272\313\203"
 348      A6B2DD69 
 348      6FE17837 
 348      4A943290 
 348      BACB83
ARM GAS  /tmp/ccBXr3B2.s 			page 27


 349 09b0 130D1792 		.ascii	"\023\015\027\222)\015\3574)\376\364\235\306\25109\265"
 349      290DEF34 
 349      29FEF49D 
 349      C6A93039 
 349      B5
 350 09c1 4C67C445 		.ascii	"Lg\304E\202.,\334\032\353fw\274\037\035\341\360x\367"
 350      822E2CDC 
 350      1AEB6677 
 350      BC1F1DE1 
 350      F078F7
 351 09d4 C3BF2D08 		.ascii	"\303\277-\010\015\011\021\346\006\007\233L1vS\2705\322"
 351      0D0911E6 
 351      06079B4C 
 351      317653B8 
 351      35D2
 352 09e6 648F0D33 		.ascii	"d\217\0153\331\035\301a\202\267\335\261\306a\215u\254"
 352      D91DC161 
 352      82B7DDB1 
 352      C6618D75 
 352      AC
 353 09f7 8CB4C646 		.ascii	"\214\264\306F\031,\226\015\021\321\216eK-\216\177\231"
 353      192C960D 
 353      11D18E65 
 353      4B2D8E7F 
 353      99
 354 0a08 C263A26C 		.ascii	"\302c\242l\246H[L\2645v]\214i\225\315\036f\215\375\324"
 354      A6485B4C 
 354      B435765D 
 354      8C6995CD 
 354      1E668DFD 
 355 0a1d 6A377D1A 		.ascii	"j7}\032\026\026\004\330\240\350\230h[\220\315\372qD"
 355      161604D8 
 355      A0E89868 
 355      5B90CDFA 
 355      7144
 356 0a2f D0EB414B 		.ascii	"\320\353AK\227\204,\017\372wH\320\206\365\353\254\016"
 356      97842C0F 
 356      FA7748D0 
 356      86F5EBAC 
 356      0E
 357 0a40 9BC9A5DA 		.ascii	"\233\311\245\332\024\021\035\026\271a\235\315\024e\015"
 357      14111D16 
 357      B9619DCD 
 357      14650D
 358 0a4f 0B8F88B6 		.ascii	"\013\217\210\266\231,\353l\237X7D:,\216\317\327\333"
 358      992CEB6C 
 358      9F583744 
 358      3A2C8ECF 
 358      D7DB
 359 0a61 ECC1E182 		.ascii	"\354\301\341\202\207l\364\237\277\274Q\373\347v\223"
 359      876CF49F 
 359      BFBC51FB 
 359      E77693
 360 0a70 C5EE5807 		.ascii	"\305\356X\007\026\300\222'\250\216\210(\233\305\361"
 360      16C09227 
 360      A88E8828 
 360      9BC5F1
ARM GAS  /tmp/ccBXr3B2.s 			page 28


 361 0a7f 2A0F46AC 		.ascii	"*\017F\254c\012\032\026Nj\271O^$.1\353YX\340\331\346"
 361      630A1A16 
 361      4E6AB94F 
 361      5E242E31 
 361      EB5958E0 
 362 0a95 901FDFE5 		.ascii	"\220\037\337\345\217\200\260DF\256\263D@\214\177\247"
 362      8F80B044 
 362      46AEB344 
 362      408C7FA7 
 363 0aa5 0AEDFA98 		.ascii	"\012\355\372\230X\207\335\264f\355\352eKM\037|\260\312"
 363      5887DDB4 
 363      66EDEA65 
 363      4B4D1F7C 
 363      B0CA
 364 0ab7 B4F6FDD5 		.ascii	"\264\366\375\325\237\205\230\030\230\270\020\026\276"
 364      9F859818 
 364      98B81016 
 364      BE
 365 0ac4 E673FB7B 		.ascii	"\346s\373{\326H\307\257gp\001@>\352\254\010>\026\313"
 365      D648C7AF 
 365      67700140 
 365      3EEAAC08 
 365      3E16CB
 366 0ad7 271BA2C3 		.ascii	"'\033\242\303,\226\340\345\257/_\352!k^\212[\256\220"
 366      2C96E0E5 
 366      AF2F5FEA 
 366      216B5E8A 
 366      5BAE90
 367 0aea 37BD142F 		.ascii	"7\275\024/]j\336X\246\017\015]m^&\376\305\254[\265z"
 367      5D6ADE58 
 367      A60F0D5D 
 367      6D5E26FE 
 367      C5AC5BB5 
 368 0aff A519AF0A 		.ascii	"\245\031\257\0125\353\336^\265\326\214CC\315\330\014"
 368      35EBDE5E 
 368      B5D68C43 
 368      43CDD80C 
 369 0b0f B2D26CC6 		.ascii	"\262\322l\306\177]\023\212C?\\\253\013\015}\307L\361"
 369      7F5D138A 
 369      433F5CAB 
 369      0B0D7DC7 
 369      4CF1
 370 0b21 4BE93D04 		.ascii	"K\351=\004\277\363\256Y\\\003-\337\177\307\254[\263"
 370      BFF3AE59 
 370      5C032DDF 
 370      7FC7AC5B 
 370      B3
 371 0b32 1AD0A1E6 		.ascii	"\032\320\241\346\245 !\200\374\2739\350g\204 \212$9"
 371      A5202180 
 371      FCBB39E8 
 371      6784208A 
 371      2439
 372 0b44 228A8597 		.ascii	"\"\212\205\227+\026\307<9\220v\213\225\270l\261\206"
 372      2B16C73C 
 372      3990768B 
 372      95B86CB1 
 372      86
ARM GAS  /tmp/ccBXr3B2.s 			page 29


 373 0b55 39223EB3 		.ascii	"9\">\263\351-o\307\304D\032y\245\235\204\203\325\377"
 373      E92D6FC7 
 373      C4441A79 
 373      A59D8483 
 373      D5FF
 374 0b67 6AAA2866 		.ascii	"j\252(f=+\231-\227\330\034\256\005\237\312\005\377\005"
 374      3D2B992D 
 374      97D81CAE 
 374      059FCA05 
 374      FF05
 375 0b79 5789D0FA 		.ascii	"W\211\320\372"
 376              		.text
 377              		.section	.gnu.lto_.symtab.2ce8136448a35a2f,"",%progbits
 378 0000 7374496E 		.ascii	"stInit\000"
 378      697400
 379 0007 00       		.ascii	"\000"
 380 0008 00       		.ascii	"\000"
 381 0009 00       		.ascii	"\000"
 382 000a 00000000 		.ascii	"\000\000\000\000\000\000\000\000"
 382      00000000 
 383 0012 C4000000 		.ascii	"\304\000\000\000"
 384 0016 73745374 		.ascii	"stStartAlarm\000"
 384      61727441 
 384      6C61726D 
 384      00
 385 0023 00       		.ascii	"\000"
 386 0024 00       		.ascii	"\000"
 387 0025 00       		.ascii	"\000"
 388 0026 00000000 		.ascii	"\000\000\000\000\000\000\000\000"
 388      00000000 
 389 002e D3000000 		.ascii	"\323\000\000\000"
 390 0032 73745374 		.ascii	"stStopAlarm\000"
 390      6F70416C 
 390      61726D00 
 391 003e 00       		.ascii	"\000"
 392 003f 00       		.ascii	"\000"
 393 0040 00       		.ascii	"\000"
 394 0041 00000000 		.ascii	"\000\000\000\000\000\000\000\000"
 394      00000000 
 395 0049 D5000000 		.ascii	"\325\000\000\000"
 396 004d 73745365 		.ascii	"stSetAlarm\000"
 396      74416C61 
 396      726D00
 397 0058 00       		.ascii	"\000"
 398 0059 00       		.ascii	"\000"
 399 005a 00       		.ascii	"\000"
 400 005b 00000000 		.ascii	"\000\000\000\000\000\000\000\000"
 400      00000000 
 401 0063 D7000000 		.ascii	"\327\000\000\000"
 402 0067 73744765 		.ascii	"stGetAlarm\000"
 402      74416C61 
 402      726D00
 403 0072 00       		.ascii	"\000"
 404 0073 00       		.ascii	"\000"
 405 0074 00       		.ascii	"\000"
 406 0075 00000000 		.ascii	"\000\000\000\000\000\000\000\000"
 406      00000000 
ARM GAS  /tmp/ccBXr3B2.s 			page 30


 407 007d DA000000 		.ascii	"\332\000\000\000"
 408 0081 73745F6C 		.ascii	"st_lld_init\000"
 408      6C645F69 
 408      6E697400 
 409 008d 00       		.ascii	"\000"
 410 008e 02       		.ascii	"\002"
 411 008f 00       		.ascii	"\000"
 412 0090 00000000 		.ascii	"\000\000\000\000\000\000\000\000"
 412      00000000 
 413 0098 DC000000 		.ascii	"\334\000\000\000"
 414 009c 63685379 		.ascii	"chSysHalt\000"
 414      7348616C 
 414      7400
 415 00a6 00       		.ascii	"\000"
 416 00a7 02       		.ascii	"\002"
 417 00a8 00       		.ascii	"\000"
 418 00a9 00000000 		.ascii	"\000\000\000\000\000\000\000\000"
 418      00000000 
 419 00b1 E1000000 		.ascii	"\341\000\000\000"
 420              		.text
 421              		.section	.gnu.lto_.opts,"",%progbits
 422 0000 272D666D 		.ascii	"'-fmath-errno' '-fsigned-zeros' '-ftrapping-math' '"
 422      6174682D 
 422      6572726E 
 422      6F272027 
 422      2D667369 
 423 0033 2D666E6F 		.ascii	"-fno-trapv' '-fno-openmp' '-fno-openacc' '-mcpu=cor"
 423      2D747261 
 423      70762720 
 423      272D666E 
 423      6F2D6F70 
 424 0066 7465782D 		.ascii	"tex-m4' '-mno-thumb-interwork' '-mthumb' '-ggdb' '-"
 424      6D342720 
 424      272D6D6E 
 424      6F2D7468 
 424      756D622D 
 425 0099 4F322720 		.ascii	"O2' '-w' '-fomit-frame-pointer' '-falign-functions="
 425      272D7727 
 425      20272D66 
 425      6F6D6974 
 425      2D667261 
 426 00cc 31362720 		.ascii	"16' '-ffunction-sections' '-fdata-sections' '-fno-c"
 426      272D6666 
 426      756E6374 
 426      696F6E2D 
 426      73656374 
 427 00ff 6F6D6D6F 		.ascii	"ommon' '-flto'\000"
 427      6E272027 
 427      2D666C74 
 427      6F2700
 428              		.text
 429              		.comm	__gnu_lto_v1,1,1
 430              		.comm	__gnu_lto_slim,1,1
 431              		.ident	"GCC: (GNU Tools for ARM Embedded Processors 6-2017-q1-update) 6.3.1 20170215 (release) [AR
ARM GAS  /tmp/ccBXr3B2.s 			page 31


DEFINED SYMBOLS
                            *ABS*:0000000000000000 st.c
                            *COM*:0000000000000001 __gnu_lto_v1
                            *COM*:0000000000000001 __gnu_lto_slim

NO UNDEFINED SYMBOLS
