ARM GAS  /tmp/ccNbnKSP.s 			page 1


   1              		.cpu cortex-m4
   2              		.eabi_attribute 20, 1
   3              		.eabi_attribute 21, 1
   4              		.eabi_attribute 23, 3
   5              		.eabi_attribute 24, 1
   6              		.eabi_attribute 25, 1
   7              		.eabi_attribute 26, 1
   8              		.eabi_attribute 30, 2
   9              		.eabi_attribute 34, 1
  10              		.eabi_attribute 18, 4
  11              		.file	"st_lld.c"
  12              		.text
  13              	.Ltext0:
  14              		.section	.gnu.lto_.profile.bb414cc554665ece,"",%progbits
  15 0000 789C6365 		.ascii	"x\234ce`b`a```d\250W\006\000\001\241\000\257"
  15      60626061 
  15      60606064 
  15      A8570600 
  15      01A100AF 
  16              		.text
  17              		.section	.gnu.lto_.icf.bb414cc554665ece,"",%progbits
  18 0000 789C6365 		.ascii	"x\234ce`b\340e@\000&\206#\273\236\2270\3768\365\357"
  18      6062E065 
  18      40002686 
  18      23BB9E97 
  18      30FE38F5 
  19 0015 012F0300 		.ascii	"\001/\003\000.-\006\236"
  19      2E2D069E 
  20              		.text
  21              		.section	.gnu.lto_.jmpfuncs.bb414cc554665ece,"",%progbits
  22 0000 789C6365 		.ascii	"x\234ce`b\260c@\000&$6\003#\003\003\013\343tf\306\247"
  22      6062B063 
  22      40002624 
  22      36032303 
  22      030BE374 
  23 0017 2727B7F1 		.ascii	"''\267\361\3641\317gf`\224a\\\316(\003\224\001\212v"
  23      F431CF67 
  23      66609461 
  23      5CCE2803 
  23      94018A76 
  24 002b FDBADEC7 		.ascii	"\375\272\336\307\001\021\345`\\\001\022e\000\0008Y\013"
  24      0111E560 
  24      5C011265 
  24      00003859 
  24      0B
  25 003c 60       		.ascii	"`"
  26              		.text
  27              		.section	.gnu.lto_.inline.bb414cc554665ece,"",%progbits
  28 0000 789C6365 		.ascii	"x\234ce`b\210c@\000&\006\006\341\303\014\214\014L|\367"
  28      60628863 
  28      40002606 
  28      06E1C30C 
  28      8C0C4C7C 
  29 0015 0218D816 		.ascii	"\002\030\330\026\3103\201\004\031\271H!\030Dd\200\372"
  29      C8338104 
  29      19B94821 
  29      18446480 
ARM GAS  /tmp/ccNbnKSP.s 			page 2


  29      FA
  30 0026 651EDC62 		.ascii	"e\036\334b\204\033\300\314\0036\231\001\000fL\006\212"
  30      841BC0CC 
  30      03369901 
  30      00664C06 
  30      8A
  31              		.text
  32              		.section	.gnu.lto_.pureconst.bb414cc554665ece,"",%progbits
  33 0000 789C6365 		.ascii	"x\234ce`b`c`\000\222\273\030\031\245\000\003\273\000"
  33      60626063 
  33      600092BB 
  33      1819A500 
  33      03BB00
  34 0013 E6       		.ascii	"\346"
  35              		.text
  36              		.section	.gnu.lto_VectorB0.bb414cc554665ece,"",%progbits
  37 0000 789C8554 		.ascii	"x\234\205TmlSe\024>\347\276\267\037k7\006\372\207,\204"
  37      6D6C5365 
  37      143EE7BE 
  37      B71F6B37 
  37      06FA872C 
  38 0015 74895331 		.ascii	"t\211S1\270\213\270D\343\037c0&$4&\014\177\223YjJ\354"
  38      B88BB844 
  38      E31F6330 
  38      26243426 
  38      0C7F9359 
  39 002c 2869B705 		.ascii	"(i\267\005\214\311n\307X\005\243\362\303\311J$w\272"
  39      8CC96EC7 
  39      5805A3F2 
  39      C3C94A24 
  39      77BA
  40 003e C826731B 		.ascii	"\310&s\033LA;\240\326N\254\242\033\014\007\022\372\303"
  40      4C413BA0 
  40      D64EACA2 
  40      1B0C0712 
  40      FAC3
  41 0050 C9449D6E 		.ascii	"\311D\235n2\347\002\232\350\3469o/]\3275\356&\267\267"
  41      32E7029A 
  41      E8E6396F 
  41      2F5DD735 
  41      EE26B7B7 
  42 0064 F77D9E73 		.ascii	"\367}\236s\236s\316\373\334\327\002\012<g\005\030\001"
  42      9E73CEFB 
  42      DCD7020A 
  42      3C670518 
  42      01
  43 0075 802ABAD1 		.ascii	"\200*\272\321\002\250\034\032\006\010\333\025E\014\254"
  43      02A81C1A 
  43      0608DB15 
  43      450CAC
  44 0084 05DDA15E 		.ascii	"\005\335\241^\325@/\026\250f\226UD\376\243\333\021\032"
  44      D5402F16 
  44      A8669655 
  44      44FEA3DB 
  44      111A
  45 0096 15A16223 		.ascii	"\025\241b#\276!\016\013LF~\212)\353:u\272\022\207\343"
  45      BE210E0B 
ARM GAS  /tmp/ccNbnKSP.s 			page 3


  45      4C467E8A 
  45      29EB3A75 
  45      BA1287E3 
  46 00aa A5617DFF 		.ascii	"\245a}\377jC\000D\351\346\013;q\035\020\355\306\311"
  46      6A430044 
  46      E9E60B3B 
  46      711D10ED 
  46      C6C9
  47 00bc B9D612AB 		.ascii	"\271\326\022\253\232Y\307.\264\"=\373.cB\237\233\217"
  47      9A59C72E 
  47      B4223DFB 
  47      2E63429F 
  47      9B8F
  48 00ce E889D90E 		.ascii	"\350\211\331\016\234\177v\225\005\014\201V\376\0018"
  48      9C7F7695 
  48      050C8156 
  48      FE0138
  49 00dd 4844D67B 		.ascii	"HD\326{U(\374\024\277\341\276\366NB(\224\363\305b\223"
  49      5528FC14 
  49      BFE1BEF6 
  49      4E422894 
  49      F3C56293 
  50 00f1 695BE3BF 		.ascii	"i[\343\277\272\335\020J\224\371\370>6R\244\000\"\272"
  50      BADD104A 
  50      94F9F83E 
  50      3652A400 
  50      22BA
  51 0103 0AB31462 		.ascii	"\012\263\024b\0357Y\023\230\034\230\370=\342d\346Qa"
  51      1D375913 
  51      981C98F8 
  51      3DE264E6 
  51      5161
  52 0115 21EE5BFB 		.ascii	"!\356[\373\223\027m\257\013\203Z\343\320\341\236;\323"
  52      93176DAF 
  52      0B835AE3 
  52      D0E19E3B 
  52      D3
  53 0126 8ECC2BF7 		.ascii	"\216\314+\367\246\322RG\357\355\224\335\300\243azw\031"
  53      A6D25247 
  53      EFED94DD 
  53      C0A3617A 
  53      7719
  54 0138 C2821FE0 		.ascii	"\302\202\037\340\032\354\3065\300\374\343C\263\177\332"
  54      1AECC635 
  54      C0FCE343 
  54      B37FDA
  55 0147 B41EBD39 		.ascii	"\264\036\2759\314\230\025{\320\30069\004\354E\215\364"
  55      CC98157B 
  55      D0C03639 
  55      04EC458D 
  55      F4
  56 0158 F6FDD312 		.ascii	"\366\375\323\022\265e\344L\305\363\363w\022\245,\201"
  56      B565E44C 
  56      C5F3F377 
  56      12A52C81 
  57 0168 A8601FE5 		.ascii	"\250`\037\345\371\021\233\323\203U&\207\010}\223\261"
  57      F9119BD3 
ARM GAS  /tmp/ccNbnKSP.s 			page 4


  57      83552687 
  57      087D93B1 
  58 0178 BF4B3204 		.ascii	"\277K2\004\300\023,\004<\020\001\003k\00550\373\313"
  58      C0132C04 
  58      3C100103 
  58      6B053530 
  58      FBCB
  59 018a AD946C20 		.ascii	"\255\224l \257\266\366c\010\313\225wr\241\274~\324r"
  59      AFB6F663 
  59      08CB9577 
  59      72A1BC7E 
  59      D472
  60 019c DBA79DC1 		.ascii	"\333\247\235\301\017)\352&*\0348\322|\342m\301\3536"
  60      0F29EA26 
  60      2A1C38D2 
  60      7CE26DC1 
  60      EB36
  61 01ae E419FC31 		.ascii	"\344\031\3741td|\005\277\332\321E\257?\237\215\214\242"
  61      74647C05 
  61      BFDAD145 
  61      AF3F9F8D 
  61      8CA2
  62 01c0 78584EEC 		.ascii	"xXN\354T\374Z\233\243\242C\327\233\364\304\367-\367"
  62      54FC5A9B 
  62      A3A243D7 
  62      9BF4C4F7 
  62      2DF7
  63 01d2 A7DE6BD1 		.ascii	"\247\336k\321\017\205i\362Ex\032\005\355;\236\242z>"
  63      0F8569F2 
  63      45781A05 
  63      ED3B9EA2 
  63      7A3E
  64 01e4 32BBC08F 		.ascii	"2\273\300\217\261\202b\"\023\3729\225\323\025\241\013"
  64      B1826222 
  64      13FA3995 
  64      D315A10B 
  65 01f4 3F21EC57 		.ascii	"?!\354Wl\2721\376Z\333\370\352\254g\2323\326\232)\265"
  65      6CBA31FE 
  65      5ADBF8EA 
  65      AC679A33 
  65      D69A29B5 
  66 0208 48DF44A9 		.ascii	"H\337D\251\375<,\325\265\376\025\017`\214A5\327l8@6"
  66      FD3C2CD5 
  66      B5FE150F 
  66      608C4135 
  66      D76C3840 
  67 021d C867A7BB 		.ascii	"\310g\247\2737\370\000\3170\331\262\004;\366\204\015"
  67      37F800CF 
  67      30D9B204 
  67      3BF6840D 
  68 022d F02C63D6 		.ascii	"\360,c\326|,\371\022\327\014x\216Q\333\"\2318\313\340"
  68      7C2CF912 
  68      D70C788E 
  68      51DB2299 
  68      38CBE0
  69 0240 A76C6A84 		.ascii	"\247lj\204\323H\320\273F\377_\216\362\024\032z\033\215"
  69      D348D0BB 
ARM GAS  /tmp/ccNbnKSP.s 			page 5


  69      46FF5F8E 
  69      F2141A7A 
  69      1B8D
  70 0252 DBC1EC9E 		.ascii	"\333\301\354\236\3613\272]e\017&\260\\V5=9\232Vh\005"
  70      F133BA5D 
  70      650F26B0 
  70      5C56353D 
  70      399A5668 
  71 0267 3F435536 		.ascii	"?CU6\017\230\224C\356\212\017\336,.\277`F;\231;\323"
  71      0F989443 
  71      EE8A0FDE 
  71      2C2EBF60 
  71      463B993B 
  72 027c DB7FC529 		.ascii	"\333\177\305)\243\0079\032?G\225v\250\311%\007\011l"
  72      A307391A 
  72      3F479576 
  72      A8C92507 
  72      096C
  73 028e FAB1A9D6 		.ascii	"\372\261\251\326#e\334\327R\343\333\345 \360\374\302"
  73      2365DCD7 
  73      52E3DBE5 
  73      20F0FCC2 
  74 029e 17D21EAB 		.ascii	"\027\322\036\253*L-\312P\277X\240\216\275\363f\377\013"
  74      2A4C2DCA 
  74      50BF58A0 
  74      8EBDF366 
  74      FF0B
  75 02b0 F9BB319B 		.ascii	"\371\2731\233\335\015\307\242I\244\344$\276,\224\331"
  75      DD0DC7A2 
  75      49A4E424 
  75      BE2C94D9 
  76 02c0 2941FC2A 		.ascii	")A\374*'\363\255\326\351\353\230\237\372v6u\361\322"
  76      27F3ADD6 
  76      E9EB989F 
  76      FA763675 
  76      F1D2
  77 02d2 8D7EFC00 		.ascii	"\215~\374\000m\364\005\006K\026\351~-u\277)\244\273"
  77      6DF40506 
  77      4B16E97E 
  77      2D75BF29 
  77      A4BB
  78 02e4 42823894 		.ascii	"B\2028\224\243;\325:SV\230\\\232!\017\233d\363\033X"
  78      A33BD53A 
  78      5356985C 
  78      9A210F9B 
  78      64F31B58 
  79 02f8 ECEC8DCB 		.ascii	"\354\354\215\3138\373\242tv\366{*\"S\\\372\037g\247"
  79      38FBA274 
  79      76F67B2A 
  79      22535CFA 
  79      1F67A7
  80 030b BB1F7C51 		.ascii	"\273\037|Q\226\036\025+\227\370\261\345I\362\343\010"
  80      961E152B 
  80      97F8B1E5 
  80      49F2E308 
  81 031b 63ABF2B1 		.ascii	"c\253\362\261\353/\263\022\340\345\245~\374VNc4\307"
  81      EB2FB312 
ARM GAS  /tmp/ccNbnKSP.s 			page 6


  81      E0E5A57E 
  81      FC564E63 
  81      34C7
  82 032d 8F73C60F 		.ascii	"\217s\306\017q\347]\253]\222V\273\"\255\226\357\253"
  82      71E75DAB 
  82      5D9256BB 
  82      22AD96EF 
  82      AB
  83 033e AB595F71 		.ascii	"\253Y_qry\334\250w\317\337\261\003s\266\302'\353=\024"
  83      7279DCA8 
  83      77CFDFB1 
  83      0373B6C2 
  83      27EB3D14 
  84 0352 F9DDB2E7 		.ascii	"\371\335\262\347\357\275\304\272f\262\246\260\251}\336"
  84      EFBDC4BA 
  84      66B2A6B0 
  84      A97DDE
  85 0361 4049E4EB 		.ascii	"@I\344\353 \235\341$C\205<TY\251i\201\220\346\253\361"
  85      209DE124 
  85      43853C54 
  85      59A96981 
  85      90E6ABF1 
  86 0375 6BBB03C1 		.ascii	"k\273\003\301\272\220V\275\315\375\350Fm\313\226\247"
  86      BA9056BD 
  86      CDFDE846 
  86      6DCB96A7 
  87 0385 B56D9BDD 		.ascii	"\265m\233\335\015\217h\241\272\355~\377\216J\017X\032"
  87      0D8F68A1 
  87      BAED7EFF 
  87      8E4A0F58 
  87      1A
  88 0396 6AFCF5DE 		.ascii	"j\374\365\336\373\314\200`\235\311\177j\253{\223{\217"
  88      FBCC8060 
  88      9DC97F6A 
  88      AB7B937B 
  88      8F
  89 03a7 E6F17902 		.ascii	"\346\361y\002A\357\366\206\307j+}\360\200I\362\356\251"
  89      41EFF686 
  89      C76A2B7D 
  89      F08049F2 
  89      EEA9
  90 03b9 D336B9AB 		.ascii	"\3236\271\2537Wk;wy\374\365;\274\232$yj\237\251\337"
  90      37576B3B 
  90      7779FCF5 
  90      3BBC9A24 
  90      796A9FA9 
  91 03ce E5215E59 		.ascii	"\345!^Y\216z D?\224\225\2379\020\255dc}\241\275!\202"
  91      8E7A2044 
  91      3F94959F 
  91      3910AD64 
  91      637DA1BD 
  92 03e4 56BAABB7 		.ascii	"V\272\253\267\272\236\257\011yw\007w\256wUl\000%\010"
  92      BA9EAF09 
  92      79770777 
  92      AE77556C 
  92      002508
  93 03f7 B65A6F6D 		.ascii	"\266Zom \270\027\376\003\351\226Ti"
ARM GAS  /tmp/ccNbnKSP.s 			page 7


  93      20B817FE 
  93      03E99654 
  93      69
  94              		.text
  95              		.section	.gnu.lto_st_lld_init.bb414cc554665ece,"",%progbits
  96 0000 789C9D94 		.ascii	"x\234\235\224\335KSa\034\307\237\357y\266\2633\263\242"
  96      DD4B5361 
  96      1CC79FEF 
  96      79B6B333 
  96      B3A2
  97 0012 AE8276D1 		.ascii	"\256\202v\321\255\022\036\254\177\241\233@\257\364>"
  97      AD121EAC 
  97      7FA19B40 
  97      AFF43E
  98 0021 A22E0A04 		.ascii	"\242.\012\004#\245\313vL\235e\240B4\363b\234\201\320"
  98      23A5CB76 
  98      4C9D65A0 
  98      4234F362 
  98      9C81D0
  99 0034 D29C5333 		.ascii	"\322\234S3s\363\245\2714\263rZ\027\025D/\004\211\313"
  99      73F3A5B9 
  99      34B3725A 
  99      1715442F 
  99      0489CB
 100 0047 0251A928 		.ascii	"\002Q\251(\322~\277\347\314M\352\312=p\236s\236\227"
 100      D27EBFE7 
 100      CC4DEACA 
 100      3D709E73 
 100      9E97
 101 0059 F3F93CBF 		.ascii	"\363\371<\277\347\315-4a\271\2058*\2048L\017\244\200"
 101      E7CD2D34 
 101      61B98538 
 101      2A84384C 
 101      0FA480
 102 006c D69116A2 		.ascii	"\326\221\026\242\301\320\000\376\260\014\010\277\006"
 102      C1D000FE 
 102      B00C08BF 
 102      06
 103 0079 3FDA65A7 		.ascii	"?\332e\247D\252e)\256\225D,J\311\316\221\203\001\253"
 103      44AA6529 
 103      AE95442C 
 103      4AC9CE91 
 103      8301AB
 104 008c F9902D85 		.ascii	"\371\220-\205\350\242\207\023\"(\021\324\355\323\340"
 104      E8A28713 
 104      222811D4 
 104      EDD3E0
 105 009b E6CDBDBA 		.ascii	"\346\315\275\272\313\251\307\035\350\240w\354%\222\326"
 105      CBA9C71D 
 105      E8A077EC 
 105      2592D6
 106 00aa E6568B95 		.ascii	"\346V\213\225\234\356\306\213\252\003\232\260%\371("
 106      9CEEC68B 
 106      AA039AB0 
 106      25F928
 107 00b9 7373A673 		.ascii	"ss\246s&D+\375\302\336\353R\343\267\314 \225\310\364"
 107      26442BFD 
ARM GAS  /tmp/ccNbnKSP.s 			page 8


 107      C2DEEB52 
 107      E3B7CC20 
 107      95C8F4
 108 00cc 9C674848 		.ascii	"\234gHHj\304\0166\247\026<m\322\226\032X\325\024\232"
 108      6AC40E36 
 108      A7163C6D 
 108      D2961A58 
 108      D5149A
 109 00df 59F23A45 		.ascii	"Y\362:Ek\365\252\345\242\252\225\017\277\343n\033\241"
 109      6BF5AAE5 
 109      A2AA950F 
 109      BFE36E1B 
 109      A1
 110 00f0 061AE511 		.ascii	"\006\032\345\021[J\364\302\207\036\370\004\367_\013"
 110      5B4AF4C2 
 110      871EF804 
 110      F75F0B
 111 00ff 2E7E2C36 		.ascii	".~,6\243V\023l\351\302]\330\270\245\006\217>\230\"\203"
 111      A356136C 
 111      E9C25DD8 
 111      B8A5068F 
 111      3E982283 
 112 0113 C69F0138 		.ascii	"\306\237\0018.\351\350\206\247g\003\006\363A)J\020\032"
 112      2EE9E886 
 112      A7670306 
 112      F341294A 
 112      101A
 113 0125 50D0CB5D 		.ascii	"P\320\313]vg\352\317\233b0\011\317\240DO\237\327\261"
 113      7667EACF 
 113      9B623009 
 113      CFA0444F 
 113      9FD7B1
 114 0138 B97746E6 		.ascii	"\271wF\346V\221\2656N\015\031N\321JvX\373\250j\361\375"
 114      5691B536 
 114      4E0D194E 
 114      D14A7658 
 114      FBA86AF1 
 115 014d E8ABA2BC 		.ascii	"\350\253\242\274O\307 \371\006\262\276\221\365\265\366"
 115      4FC720F9 
 115      06B2BE91 
 115      F5B5F6
 116 015c BC6F48F9 		.ascii	"\274oH\371x\336q\357\237\310X\367_(\273@\017\347\321"
 116      78DE71EF 
 116      9FC858F7 
 116      5F28BB40 
 116      0FE7D1
 117 016f F739149D 		.ascii	"\3679\024\235A\033\313\261k\373\262\254\\ \036\025H"
 117      411BCBB1 
 117      6BFBB2AC 
 117      5C201E15 
 117      48
 118 0180 3AFA63B5 		.ascii	":\372c\265\310)\362\306\341%\352\356\377>kdm\341\313"
 118      C829F2C6 
 118      E125EAEE 
 118      FF3E6B64 
 118      6DE1CB
 119 0193 B4F2061E 		.ascii	"\264\362\006\036\220o$\353\353\235\337X\367\260\257"
ARM GAS  /tmp/ccNbnKSP.s 			page 9


 119      906F24EB 
 119      EB9DDF58 
 119      F7B0AF
 120 01a2 81C7E2C2 		.ascii	"\201\307\342\302\2502jl\214\303\244\016_\322\231\220"
 120      A8326A6C 
 120      8CC3A40E 
 120      5FD29990 
 121 01b2 9A1B1716 		.ascii	"\232\033\027\026\246\004\022N0\033\313\243\2711\354"
 121      A604124E 
 121      301BCBA3 
 121      B931EC
 122 01c1 D230A60C 		.ascii	"\3220\246\014j\273\216+\303\312\370\300\033\267c\330"
 122      6ABB8E2B 
 122      C3CAF8C0 
 122      1BB763D8 
 123 01d1 A2B41F13 		.ascii	"\242\264\037\023\333\216x\241\216I\345p\261\343\241"
 123      DB8E78A1 
 123      8E49E570 
 123      B1E3A1
 124 01e0 72E4E6C9 		.ascii	"r\344\346\311\005\201\3446?Q\030\337\213)\305\247\323"
 124      0581E436 
 124      3F5118DF 
 124      8B29C5A7 
 124      D3
 125 01f1 CC8D5BC1 		.ascii	"\314\215[\301\301wzy\214\033\303Cj\331R0Q\352S;\360"
 125      C1777A79 
 125      8C1BC343 
 125      6AD95230 
 125      51EA533B 
 126 0206 11CAF3BE 		.ascii	"\021\312\363\276\261B\343\231V>\235\2013\304\316\001"
 126      B142E399 
 126      563E9D81 
 126      33C4CE01 
 127 0216 C70B053E 		.ascii	"\307\013\005>V@\017\003gw\002'\012\005>Q@\203\201s\004"
 127      56400F03 
 127      67770227 
 127      0A053E51 
 127      40838173 
 128 022b 8C6E0327 		.ascii	"\214n\003'\013\005>U@/\003\237e\201+h\016GnK\346\361"
 128      0B053E55 
 128      402F039F 
 128      65812B68 
 128      0E476E4B 
 129 0241 1FF1F8D7 		.ascii	"\037\361\370\327\267\036\377\037\313\260eQ\027\037\022"
 129      B71EFF1F 
 129      CBB06551 
 129      171F12
 130 0250 3C879F1B 		.ascii	"<\207\237\033>\317\335\010\024\363b\357!\376<||\302"
 130      3ECFDD08 
 130      14F362EF 
 130      21FE3C7C 
 130      7CC2
 131 0262 7FBD6E33 		.ascii	"\177\275n3\234*\003i\370lY,\276\341J\270;\242N\252\272"
 131      9C2A0369 
 131      F86C592C 
 131      BEE14AB8 
 131      3BA24EAA 
ARM GAS  /tmp/ccNbnKSP.s 			page 10


 132 0277 525B8941 		.ascii	"R[\211A\367 \355\375\322\2622\323\254\2553\317\235\256"
 132      F720EDFD 
 132      D2B232D3 
 132      ACAD33CF 
 132      9DAE
 133 0289 312FD45E 		.ascii	"1/\324^\254\2573\253\252+\217\0373+*N\230\325'+/\225"
 133      ACAF33AB 
 133      AA2B8F1F 
 133      332B2A4E 
 133      98D5272B 
 134 029f 9B75F5A7 		.ascii	"\233u\365\247jj\316\226\235\021\177\001Q\333\333\374"
 134      6A6ACE96 
 134      9D117F01 
 134      51DBDBFC 
 135              		.text
 136              		.section	.gnu.lto_.symbol_nodes.bb414cc554665ece,"",%progbits
 137 0000 789C55D0 		.ascii	"x\234U\3209\016\3020\024E\321\347\347\304\231\026\021"
 137      390EC230 
 137      1445D1E7 
 137      E7C49916 
 137      11
 138 0011 96022BFB 		.ascii	"\226\002+\373.\220\220\250\302<\265Y\005\265\025:\326"
 138      2E9090A8 
 138      C23CB559 
 138      05B5153A 
 138      D6
 139 0022 4091326B 		.ascii	"@\2212k@8\256\370\325\225Nys\020\013\003\200\035\005"
 139      4038AEF8 
 139      D5954E79 
 139      73100B03 
 139      801D05
 140 0035 E8DE40CC 		.ascii	"\350\336@\314\323\257\242\354(F\2119Q\230\004\360~\031"
 140      D3AFA2EC 
 140      28468939 
 140      519804F0 
 140      7E19
 141 0047 E148B10A 		.ascii	"\341H\261\012\356\224L\301\215\222+\270R\234\202\013"
 141      EE944CC1 
 141      8D922BB8 
 141      529C820B 
 142 0057 A55070A6 		.ascii	"\245Pp\246\224\012\016\224J\301\236R+xP\232\177\260"
 142      940A0E94 
 142      4AC19E52 
 142      2B78509A 
 142      7FB0
 143 0069 A8D17FBE 		.ascii	"\250\321\177\276\306\242BH-\021\206\301Y\024\030S\035"
 143      C6A24248 
 143      2D1186C1 
 143      59141853 
 143      1D
 144 007a D6AFB939 		.ascii	"\326\257\2719\372\324\014!\325\"l\247\326\306-\343\\"
 144      FAD40C21 
 144      D5226CA7 
 144      D6C62DE3 
 144      5C
 145 008b D360DC4C 		.ascii	"\323`\334L-~\272:F\242"
 145      2D7EBA3A 
ARM GAS  /tmp/ccNbnKSP.s 			page 11


 145      46A2
 146              		.text
 147              		.section	.gnu.lto_.refs.bb414cc554665ece,"",%progbits
 148 0000 789C6365 		.ascii	"x\234ce`b`d\000\002\000\000I\000\011"
 148      60626064 
 148      00020000 
 148      490009
 149              		.text
 150              		.section	.gnu.lto_.decls.bb414cc554665ece,"",%progbits
 151 0000 789CCD59 		.ascii	"x\234\315YiPT\311\226\256\274Y\354P:\350t\030\035\316"
 151      695054C9 
 151      96AEBC59 
 151      EC503AE8 
 151      74181DCE 
 152 0014 84D3C33C 		.ascii	"\204\323\303<y/\236\226\250\357\365\233\210\376\321"
 152      792F9E96 
 152      A8EFF59B 
 152      88FED1
 153 0023 5AA010A1 		.ascii	"Z\240\020\241\335Faw\274\351?\365J\250V\342\261\330"
 153      DD466177 
 153      BCE93FF5 
 153      4AA856E2 
 153      B1D8
 154 0035 2C3D1A31 		.ascii	",=\0321\021S\"(\340\202\250\270\"\";\212\212\266\212"
 154      11532228 
 154      E082A8B8 
 154      22223B8A 
 154      8AB68A
 155 0048 882852CA 		.ascii	"\210(R\312\216\215\270  \202\210\250\340\202 \253\013"
 155      8E8DB820 
 155      208288A8 
 155      E08220AB 
 155      0B
 156 0059 7332F3DE 		.ascii	"s2\363\336\272Y\267\312\231\367c&b*8u\357\311\374\316"
 156      BA59B7CA 
 156      99F76326 
 156      622A3875 
 156      EFC9FCCE 
 157 006d 9727CFC9 		.ascii	"\227'\317\311\265pR\011\252\304\177T\2512\235T*3R\251"
 157      B5705209 
 157      AAC47F54 
 157      A9329D54 
 157      2A3352A9 
 158 0081 A6E08355 		.ascii	"\246\340\203U*\325I\020PU%*\366\361\004\271\010r\011"
 158      2AD54910 
 158      5055252A 
 158      F6F104B9 
 158      087209
 159 0094 E432C815 		.ascii	"\3442\310\025\220J\220*\220\353 \325 \265 \365 \215"
 159      904A902A 
 159      90EB20D5 
 159      20B520F5 
 159      208D
 160 00a6 20B754F6 		.ascii	" \267T\366\237\237\020\343\371\036d.H\013H)\310gP\376"
 160      9F9F10E3 
 160      F91E642E 
 160      480B4829 
ARM GAS  /tmp/ccNbnKSP.s 			page 12


 160      C86750FE 
 161 00ba F720F7E1 		.ascii	"\367 \367\341\335\033d\246\330\356l(\373'\304\374\300"
 161      DD1B64A6 
 161      D8EE6C28 
 161      FB27C4FC 
 161      C0
 162 00cb 88955F14 		.ascii	"\210\225_\024\371I;\377\014e\377\0022\027\344\267 Z"
 162      F9493BFF 
 162      0C65FF02 
 162      3217E4B7 
 162      205A
 163 00dd C47C20BE 		.ascii	"\304| \276\370!\346\327\"x\376\0011?\211\277_\302\373"
 163      F821E6D7 
 163      2278FE01 
 163      313F89BF 
 163      5FC2FB
 164 00f0 BF22E6FF 		.ascii	"\277\"\346\377e\007>\306A\235\027\347c<\350\233D\337"
 164      65073EC6 
 164      419D17E7 
 164      633CE89B 
 164      44DF
 165 0102 52E1B913 		.ascii	"R\341\271\023\311\376\366A\331.\304|m\006q\007\211\002"
 165      C9FEF641 
 165      D92EC47C 
 165      6D067107 
 165      8902
 166 0114 7D2B8806 		.ascii	"}+\210\006d\032\210\023\2107\2103\351\007\310\337\201"
 166      641A8813 
 166      88378833 
 166      E907C8DF 
 166      81
 167 0125 0844C458 		.ascii	"\010D\304X:\212\323~\214:k\213N\340\235\030\315uG$#"
 167      3A8AD37E 
 167      8C3A6B8B 
 167      4EE09D18 
 167      CD754724 
 168 013a D3A0E8F4 		.ascii	"\323\240\350\364\213\262\011/VD\020]\023\205\313\346"
 168      8BB2092F 
 168      5644105D 
 168      1385CBE6 
 169 014a 179BD9C7 		.ascii	"\027\233\331\307U\220M[R\207r]\260\007\005\335J(\311"
 169      55904D5B 
 169      5287725D 
 169      B00705DD 
 169      4A28C9
 170 015d 2034DEEE 		.ascii	" 4\336\356H\015\352\233\246C\2175\240\316tGs\366c\341"
 170      480DEA9B 
 170      A6438F35 
 170      A0CE7447 
 170      73F663E1 
 171 0171 607D6B95 		.ascii	"`}k\225\032\371\272\347\023\212\312\261\241\271i[\315"
 171      1AF9BAE7 
 171      138ACAB1 
 171      A1B9695B 
 171      CD
 172 0182 66019D42 		.ascii	"f\001\235B\356\3508\302\250\010\315'\203`.\351V\222"
 172      EEE838C2 
ARM GAS  /tmp/ccNbnKSP.s 			page 13


 172      A808CD27 
 172      83602EE9 
 172      5692
 173 0194 D91C6FDE 		.ascii	"\331\034o\336\265\331\354\026\250B\305h6:\201f\253\320"
 173      B5D9EC16 
 173      A842C568 
 173      363A8166 
 173      ABD0
 174 01a6 49E44BBC 		.ascii	"I\344K\274!8T\010\205\005P\010\255\024\345\246e;\343"
 174      21385408 
 174      85055008 
 174      AD14E5A6 
 174      653BE3
 175 01b9 78443C10 		.ascii	"xD<\020\252\257t\334W#w_\207\004g\034\0200g\272\212"
 175      AAAF74DC 
 175      5723775F 
 175      8704671C 
 175      103067BA 
 176 01ce BEA84E24 		.ascii	"\276\250N$\316\224\2003\247eg\3007\362\200Rh\350\302"
 176      CE948033 
 176      A76567C0 
 176      37F28052 
 176      68E8C2
 177 01e1 8EEB15C2 		.ascii	"\216\353\025\302C\364\000A\357\321t\332\177\022b\362"
 177      43F40041 
 177      EFD174DA 
 177      7F1262F2 
 178 01f1 8DA85075 		.ascii	"\215\250PuJ\372 D\313\241TP\211\243J*B\222\205\250\013"
 178      4AFA2044 
 178      CBA15450 
 178      89A34A2A 
 178      429285A8 
 179 0206 A22A8894 		.ascii	"\242*\210\224\364O4F\034#\253f-I\0376q\330\0135\223"
 179      F44F3446 
 179      1C23AB66 
 179      2D491F36 
 179      71D80B35 
 180 021b AC912037 		.ascii	"\254\221 7\200\020o\300\0212\267\305z\253\177*\271s"
 180      80106FC0 
 180      1132B7C5 
 180      7AAB7F2A 
 180      B973
 181 022d 48CAF39B 		.ascii	"H\312\363\233\203\215}\356]\250\223\224f}\215h\331\313"
 181      838D7DEE 
 181      5DA89394 
 181      667D8D68 
 181      D9CB
 182 023f D72F0A34 		.ascii	"\327/\0124\370\005\015=\27215V9\215%_ \343b\260\361"
 182      F8050D3D 
 182      BA313556 
 182      398D255F 
 182      20E362B0 
 183 0254 88074BFE 		.ascii	"\210\007K\376tP\3077\335\275\346>k\037\035>\233\315"
 183      7450C737 
 183      DDBDE63E 
 183      6B1F1D3E 
 183      9BCD
ARM GAS  /tmp/ccNbnKSP.s 			page 14


 184 0266 D305F4FD 		.ascii	"\323\005\364\375g\350\002\344\340<\344@\205J\321,\370"
 184      67E802E4 
 184      E03CE440 
 184      854AD12C 
 184      F8
 185 0277 5EA3664D 		.ascii	"^\243fM\245\277+\314\366\370\"\313\234\325m\256|}\345"
 185      A5BF2BCC 
 185      F6F822CB 
 185      9CD56DAE 
 185      7C7DE5
 186 028a AB8AEC2D 		.ascii	"\253\212\354-\346f0\373\232\342\32099=\360\012\337\277"
 186      E66630FB 
 186      9AE2D039 
 186      393DF00A 
 186      DFBF
 187 029c A02E84CE 		.ascii	"\240.\204\316\242\207\340\371E\364\005qu\373\353\254"
 187      A287E0F9 
 187      45F40571 
 187      75FBEBAC 
 188 02ac 69384BA0 		.ascii	"i8K\240n]\337s\244\307Y${X\347y\320\\\031o&\231&Te2"
 188      6E5DDF73 
 188      A4C75924 
 188      7B58E779 
 188      D05C196F 
 189 02c6 559992EA 		.ascii	"U\231\222\352\022\245\352\032\034\256\361\300\305\214"
 189      12A5EA1A 
 189      1CAEF1C0 
 189      C58C
 190 02d4 6A4F41FB 		.ascii	"jOA\373V\001\250\272a\304L\375\372UgI\2579\311\2359"
 190      5601A8BA 
 190      61C44CFD 
 190      FA556749 
 190      AF39C99D 
 191 02e9 552E3395 		.ascii	"U.3\225\023&\362r\2312\334K}\371\306\011\3672\206\275"
 191      1326F272 
 191      9932DC4B 
 191      7DF9C609 
 191      F73286BD 
 192 02fd E6E144B5 		.ascii	"\346\341D\265\310\320\320\265\270\374\2549\301\211\332"
 192      C8D0D0B5 
 192      B8FCAC39 
 192      C189DA
 193 030c 57C8F615 		.ascii	"W\310\366\025\222\375\025j\337\367\354\303G\214\367"
 193      92FD156A 
 193      DFF7ECC3 
 193      478CF7
 194 031b 616A7FF6 		.ascii	"aj\177\366\371\315\003H\264\357x\345{\310j\177U\266"
 194      F9CD0348 
 194      B4EF78E5 
 194      7BC86A7F 
 194      55B6
 195 032d BF2AD957 		.ascii	"\277*\331WR\373G#\233\333\\p3\263?^s\275\326\303\332"
 195      52FB4723 
 195      9BDB5C70 
 195      33B33F5E 
 195      73BDD6C3 
 196 0342 FEEFE5F6 		.ascii	"\376\357\345\366\257\311\366\327$\373*j\237\\j\331\201"
ARM GAS  /tmp/ccNbnKSP.s 			page 15


 196      AFC9F6D7 
 196      24FB2A6A 
 196      9F5C6AD9 
 196      81
 197 0353 F100B31F 		.ascii	"\361\000\263\037\256y\227\350*\332\017O\315i\260\332"
 197      AE7997E8 
 197      2ADA0F4F 
 197      CD69B0DA 
 198 0363 5B647B8B 		.ascii	"[d{\213d\177\235\332w\376\2229\341\214\017\252\251\375"
 198      647F9DDA 
 198      77FE9239 
 198      E18C0FAA 
 198      A9FD
 199 0375 646A6B86 		.ascii	"djk\206\213\265}_\271\375\033\262\375\015\311\276\232"
 199      8BB57D5F 
 199      B9FD1BB2 
 199      FD0DC9BE 
 199      9A
 200 0386 DA0F1FBE 		.ascii	"\332\017\037\276\264\002\237e\346\371\355=\015\330\332"
 200      B4029F65 
 200      E6F9ED3D 
 200      0DD8DA
 201 0395 7D1FB9FB 		.ascii	"}\037\271\3735\262y\215d^K\315s,\243#\236\270\231\331"
 201      35B2798D 
 201      645E4BCD 
 201      732CA323 
 201      9EB899D9 
 202 03a9 BF2A1A6E 		.ascii	"\277*\032nt\2626\277@n\276N\266\257\223\354\353\251"
 202      74B236BF 
 202      406EBE4E 
 202      B6AF93EC 
 202      EBA9
 203 03bb FDAD8779 		.ascii	"\375\255\207y0\304\2370\373\376\354\247\365\236\326"
 203      30C49F30 
 203      FBFEECA7 
 203      F59ED6
 204 03ca F6171FB4 		.ascii	"\366\027\037\264\3327\310\366\015\222}#\265?|\247'G"
 204      DA37C8F6 
 204      0D927D23 
 204      B53F7CA7 
 204      2747
 205 03dc C013CCBE 		.ascii	"\300\023\314\276j\242k\272Z`\013\012\031\355P\224\222"
 205      6AA26BBA 
 205      5A600B0A 
 205      19ED5094 
 205      92
 206 03ed 573789AD 		.ascii	"W7\211\255e7\021-l\2705\324\352\371\311\311\322L'\313"
 206      6537112D 
 206      6CB835D4 
 206      EAF9C9C9 
 206      D24C27CB 
 207 0401 AF489C2D 		.ascii	"\257H\234-\305\245\265\3674\242S\267\213pf\316\226\312"
 207      C5A5B5F7 
 207      34A253B7 
 207      8B7066CE 
 207      96CA
 208 0413 5514849A 		.ascii	"U\024\204\232d\257\232$\257n\261a=\336\372\320\3233"
ARM GAS  /tmp/ccNbnKSP.s 			page 16


 208      64AF9A24 
 208      AF6EB161 
 208      3DDEFAD0 
 208      D333
 209 0425 C5BA48D2 		.ascii	"\305\272H\322NH\353\244\012\265 O\012\206'\200K\037"
 209      4E48EBA4 
 209      0AB5204F 
 209      0A862780 
 209      4B1F
 210 0437 A55F7563 		.ascii	"\245_uc\023\373>i\360P\371\333z'\246\273\222\352W'J"
 210      13FB3E69 
 210      F050F9DB 
 210      7A27A6BB 
 210      92EA5727 
 211 044c BDD844AF 		.ascii	"\275\330D\257$\325\267\373\216%x\262\352f\242[\356\325"
 211      24D5B7FB 
 211      8E2578B2 
 211      EA66A25B 
 211      EED5
 212 045e 0CAAF119 		.ascii	"\014\252\361\031'\032\201\244\342\235\026\354\236D\272"
 212      271A81A4 
 212      E29D16EC 
 212      9E44BA
 213 046d F5B7ACCE 		.ascii	"\365\267\254\316`\321\330\370\256\311\011\2272\363m"
 213      60D1D8F8 
 213      AEC90997 
 213      32F36D
 214 047c 37CE578B 		.ascii	"7\316W\213\033L-\235O\227,\345\036\370\022\253|\234"
 214      1B4C2D9D 
 214      4F972CE5 
 214      1EF812AB 
 214      7C9C
 215 048e D26371C6 		.ascii	"\322cq\306W\231\"y\345-zu\264c\244\036a\013\253,/\275"
 215      57992279 
 215      E52D7A75 
 215      B463A41E 
 215      610BAB2C 
 216 04a4 5C2DF660 		.ascii	"\\-\366`\001\267Ty\263\245\352B_]\265;\353\220\031\201"
 216      01B75479 
 216      B3A5EA42 
 216      5F5DB53B 
 216      EB901981 
 217 04b8 5ED1F2E0 		.ascii	"^\321\362\340k\\\313,\253\206J\012\304\316a\322\235"
 217      6B5CCB2C 
 217      AB864A0A 
 217      C4CE61D2 
 217      9D
 218 04c9 8343CDD3 		.ascii	"\203C\315\323Hw\314b\034\241\\\016c/\331=\220v6z\314"
 218      4877CC62 
 218      1CA15C0E 
 218      632FD93D 
 218      9076367A 
 219 04de BAD2367E 		.ascii	"\272\3226~\243\335\311{\027E\233\315s\3244\345\217\000"
 219      A3DDC97B 
 219      17459BCD 
 219      73D434E5 
 219      8F00
ARM GAS  /tmp/ccNbnKSP.s 			page 17


 220 04f0 DE4DE14F 		.ascii	"\336M\341O\220\267dD\327\323\364W\032\036|\377\277\003"
 220      90B76444 
 220      D7D3F457 
 220      1A1E7CFF 
 220      BF03
 221 0502 9FCAC9DB 		.ascii	"\237\312\311\333\357\216\033\231\223\207\207;\237\213"
 221      EF8E1B99 
 221      9387873B 
 221      9F8B
 222 0510 09F325B3 		.ascii	"\011\363%\263f\264|\263+nfu{\256\034ir\301w\230\"m\320"
 222      66B47CB3 
 222      2B6E6675 
 222      7BAE1C69 
 222      72C17798 
 223 0527 DE748346 		.ascii	"\336t\203F\361\255K\361}Vs5mw'\302\017\230\362*\341"
 223      F1AD4BF1 
 223      7D567335 
 223      6D7727C2 
 223      0F98F22A 
 224 053c 49B7189F 		.ascii	"I\267\030\237Ydyn\030\230\213\037\261\252\217\265\226"
 224      5964796E 
 224      18988B1F 
 224      B1AA8FB5 
 224      96
 225 054d B9F8297B 		.ascii	"\271\370){\257\276PX\200\360K\246\014\035\252\036p\307"
 225      AFBE5058 
 225      80F04BA6 
 225      0C1DAA1E 
 225      70C7
 226 055f 6F9892D5 		.ascii	"o\230\222\325\222q\321\025\277eJ\376\370\276|O<\301"
 226      9271D115 
 226      BF654AFE 
 226      F8BE7C4F 
 226      3CC1
 227 0571 943B6577 		.ascii	"\224;ew\223<\360Gqp\2349s\300\003\307;S%\276\274-M\334"
 227      933CF047 
 227      71709C39 
 227      73C003C7 
 227      3B5325BE 
 228 0589 4EBA89DE 		.ascii	"N\272\211\336\233\327\233\345&f\305\231L\234\226\306"
 228      9BD79BE5 
 228      2666C599 
 228      4C9C96C6 
 229 0599 3184B730 		.ascii	"1\204\2670p\312\205\333\017\325\237\314\303\244\224"
 229      70CA85DB 
 229      0FD59FCC 
 229      C3A494
 230 05a8 8705340D 		.ascii	"\207\0054\015\351\025\351\3475\3124\334\005\364\035"
 230      E915E9E7 
 230      35CA34DC 
 230      05F41D
 231 05b7 8A7E4723 		.ascii	"\212~G#;)E\266\371IN\236Z\231\207O\241?{\235rm\304\013"
 231      3B2945B6 
 231      F9494E9E 
 231      5A99874F 
 231      A13F7B9D 
 232 05cf F9F8F8CC 		.ascii	"\371\370\370\314\360\341>\276\364;\333\234\260\031\216"
ARM GAS  /tmp/ccNbnKSP.s 			page 18


 232      F0E13EBE 
 232      F43BDB9C 
 232      B0198E
 233 05de 1A75F8D9 		.ascii	"\032u\370\331\311\233\333\315YU\210R=\204Ij\026f\310"
 233      C99BDBCD 
 233      59558852 
 233      3D84496A 
 233      1666C8
 234 05f1 F3A093F2 		.ascii	"\363\240\223\362\026\223o\0253\351\211\204]+\001Sx\253"
 234      16936F15 
 234      33E98984 
 234      5D2B0153 
 234      78AB
 235 0603 127ECF0E 		.ascii	"\022~\317\016^\317\301\037(\341\355\024\356G\320ib\237"
 235      5ECFC11F 
 235      28E1ED14 
 235      EE47D069 
 235      629F
 236 0615 BE56ABD0 		.ascii	"\276V\253\3208\324\217\321*\202\2069\210v\010\276(^"
 236      38D48FD1 
 236      2A828639 
 236      887608BE 
 236      285E
 237 0627 F0419B40 		.ascii	"\360A\233@\222A\266\200l\006I\003I\004\331\016\262\025"
 237      9241B680 
 237      6C064903 
 237      4904D90E 
 237      B215
 238 0639 24056427 		.ascii	"$\005d'H*H\022\310n\220\017\310\007M\201l\203\367\004"
 238      482A4812 
 238      C86E900F 
 238      C8074D81 
 238      6C83F704 
 239 064d 908FF0BE 		.ascii	"\220\217\360\276K\360\241+\020\363\261=\\\366qD\351"
 239      4BF0A12B 
 239      10F3B13D 
 239      5CF67144 
 239      E9
 240 065e A356D9A3 		.ascii	"\243V\331\243\026\016=\352\020\355'\203\2078\360\220"
 240      160E3DEA 
 240      10ED2783 
 240      8738F090 
 241 066e 12DC8D14 		.ascii	"\022\334\215\024\350v.Xm\216c\313\241\253\"d\364\240"
 241      E8762E58 
 241      6D8E63CB 
 241      A1AB2264 
 241      F4A0
 242 0680 12FD4A89 		.ascii	"\022\375J\211\356\347<\031V\242\357\330\345\255\205"
 242      EEE73C19 
 242      56A2EFD8 
 242      E5AD85
 243 068f 237FA984 		.ascii	"#\177\251\204\017(\311\2078\364S%\272K\211\356\341\\"
 243      0F28C987 
 243      38F45325 
 243      BA4B89EE 
 243      E15C
 244 06a1 79EBD815 		.ascii	"y\353\330\025>(\034\367\013\307\236\3308\316\305\260"
ARM GAS  /tmp/ccNbnKSP.s 			page 19


 244      3E281CF7 
 244      0BC79ED8 
 244      38CEC5B0 
 245 06b1 C3F180B3 		.ascii	"\303\361\200\263\031\237\034\373k\307Adpv6\277\371\302"
 245      199F1CFB 
 245      6BC74164 
 245      707636BF 
 245      F9C2
 246 06c3 7B93D98C 		.ascii	"{\223\331\214\010L%ng\3628\352{\351\275g\263\271v\001"
 246      084C256E 
 246      67F238EA 
 246      7BE9BD67 
 246      B3B97601 
 247 06d7 25EB5792 		.ascii	"%\353W\222=\263\313\010\327\364s\307h\253\247\233\000"
 247      3DB3CB08 
 247      D7F473C7 
 247      68ABA79B 
 247      00
 248 06e8 1EB989C2 		.ascii	"\036\271\211\302\337#o4!\302\245\251\217n+\311'\271"
 248      DF236F34 
 248      21C2A5A9 
 248      8F6E2BC9 
 248      27B9
 249 06fa 18BF713C 		.ascii	"\030\277q<\360x\362\311\010F\336\007\344=\"\\Z\337\305"
 249      F078F2C9 
 249      0846DE07 
 249      E43D225C 
 249      5ADFC5
 250 070d 04323839 		.ascii	"\004289D5\336+\324\3402\272\330\011U\231\227\3418\345"
 250      4435DE2B 
 250      D4E032BA 
 250      D8095599 
 250      97E138E5 
 251 0721 3B838567 		.ascii	";\203\205g\364\2253\\\310P:X\357\021\254\373=\011\226"
 251      F495335C 
 251      C8503A58 
 251      EF11ACFB 
 251      3D0996
 252 0734 E3198EF6 		.ascii	"\343\031\216\366\302\304\376\277\236\344dgx\236\372"
 252      C2C4FEBF 
 252      9EE46467 
 252      789EFA
 253 0743 48E08F18 		.ascii	"H\340\217\030\351\\8Th\237\300\216\030\360\004\360\335"
 253      E95C3854 
 253      689FC08E 
 253      18F004F0 
 253      DD
 254 0754 F18A494F 		.ascii	"\361\212IO|\203\366O\335\23534\340\214|g#\344\016\222"
 254      7C83F64F 
 254      DD9D3334 
 254      E08C7C67 
 254      23E40E92 
 255 0768 2FDD3955 		.ascii	"/\3359U\350\220\340\216\366\013X\272\267\0362\303\202"
 255      E890E08E 
 255      F60B58BA 
 255      B71E32C3 
 255      82
ARM GAS  /tmp/ccNbnKSP.s 			page 20


 256 0779 3FF89FA4 		.ascii	"?\370\237\244\230]\030\007\263\315x\226\012-\242\013"
 256      985D1807 
 256      B3CD7896 
 256      0A2DA20B 
 257 0789 3D3A007D 		.ascii	"=:\000}#U*tX\230\215\016\012\263\301\300\225\226@\203"
 257      23552A74 
 257      58988D0E 
 257      0AB3C1C0 
 257      95964083 
 258 079d DB5FDE3A 		.ascii	"\333_\336:\340)\257\352\210r\313G\254\014A^\325\211"
 258      E029AFEA 
 258      8872CB47 
 258      AC0C415E 
 258      D589
 259 07af 42F69F77 		.ascii	"B\366\237w'/\211{%\331~\306Ng\335\364\372\344\216\223"
 259      272F897B 
 259      25D97EC6 
 259      4E67DDF4 
 259      FAE48E93 
 260 07c3 29883BCE 		.ascii	")\210;\316\021\201n9oS\022\307\304"
 260      11816E39 
 260      6F5312C7 
 260      C4
 261 07d0 738B0BA8 		.ascii	"s\213\013\250\205}\031;=\331^\366'P;\232\213\253\275"
 261      857D193B 
 261      3DD95EF6 
 261      27503B9A 
 261      8BABBD
 262 07e3 94CE6481 		.ascii	"\224\316d\201\323G\005Bv\214:C)\251\002\026O\013\314"
 262      D3470542 
 262      768C3A43 
 262      29A90216 
 262      4F0BCC
 263 07f6 631A5CCF 		.ascii	"c\032\\\3176\277\3443\267\351u\251\222\\\227:p\362\231"
 263      36BFE433 
 263      B7E975A9 
 263      925C973A 
 263      70F299
 264 0809 92BA4DE6 		.ascii	"\222\272M\346\231\011n\364P\227-\217\211lAq\305\311"
 264      99096EF4 
 264      50972D8F 
 264      896C4171 
 264      C5C9
 265 081b 11C85970 		.ascii	"\021\310Ypp\264!\015\343q\306u\254\376\370c,r\015O\371"
 265      70B4210D 
 265      E371C675 
 265      ACFEF863 
 265      2C720D4F 
 266 0830 3E3B6B36 		.ascii	">;k6\303\275\030\256\355\204+W\346\312Ur\345Q.\313\350"
 266      C3BD18AE 
 266      ED842B57 
 266      E6CA5572 
 266      E5512ECB 
 267 0845 BD932E38 		.ascii	"\275\223.8\331\205rm\331[\364\321I\344z\367\353W\037"
 267      D985726D 
 267      D95BF4D1 
 267      49E47AF7 
ARM GAS  /tmp/ccNbnKSP.s 			page 21


 267      EB571F
 268 0858 6CB8F265 		.ascii	"l\270\362e\256|%W\001\345\312\037\033\337\246\301\031"
 268      AE7C2557 
 268      01E5CA1F 
 268      1BDFA6C1 
 268      19
 269 0869 8C2BF1C3 		.ascii	"\214+\361\303P\267F\344\252\332\310.q\307\330%\256P"
 269      50B746E4 
 269      AADAC82E 
 269      71C7D825 
 269      AE50
 270 087b 662A5432 		.ascii	"f*T2\025Q\246\326\276\252P\234\317\210\216\237\314,"
 270      1551A6D6 
 270      BEAA509C 
 270      CF888E9F 
 270      CC2C
 271 088d D1E0734C 		.ascii	"\321\340sL\331Ve\311p\206\3037:AG\225\343\023\372\365"
 271      D95665C9 
 271      7086C337 
 271      3A414795 
 271      E313FAF5 
 272 08a1 92131F34 		.ascii	"\222\023\0374\237<\214\237\022\310a\374\244 \036\306"
 272      9F3C8C9F 
 272      12C861FC 
 272      A4201EC6 
 273 08b1 FB0EEF2B 		.ascii	"\373\016\357+\221r\321:\216\353\317\3646\220\\\374\226"
 273      9172D13A 
 273      8EEBCFF4 
 273      36905CFC 
 273      96
 274 08c2 E0D071C9 		.ascii	"\340\320q\311ST,\250\211f\353\354i\352\354\370\310\265"
 274      53542CA8 
 274      8966EBEC 
 274      69EAECF8 
 274      C8B5
 275 08d4 6BAEB89F 		.ascii	"k\256\270\2379Xq\341\345m$\2476\365\027>\265%r\307K"
 275      395871E1 
 275      E56D24A7 
 275      36F5173E 
 275      B52572C7 
 276 08e9 945C6728 		.ascii	"\224\\g(W\366\375\266\263\316\370#\343j<\274m\330M\344"
 276      57F6FDB6 
 276      B3CEF823 
 276      E36A3CBC 
 276      6DD84DE4 
 277 08fd EA49C636 		.ascii	"\352I\30661<+S\235UR\375B\251\366\346\325$\253\361\036"
 277      313C2B53 
 277      9D5552FD 
 277      42A9F6E6 
 277      D524ABF1 
 278 0912 574A5577 		.ascii	"WJUwu\362\224\223u\224\374\251\337&\263\347d\256sJ\256"
 278      75F29493 
 278      7594FCA9 
 278      DF26B3E7 
 278      64AE734A 
 279 0927 F394ABAE 		.ascii	"\363\224\253\256\367d\225\006\3473\256\203\355\003\007"
 279      F7649506 
ARM GAS  /tmp/ccNbnKSP.s 			page 22


 279      E733AE83 
 279      ED0307
 280 0936 DCACA3C4 		.ascii	"\334\254\243\304w\312\206\353\202\314uA\311UJ\271\272"
 280      77CA86EB 
 280      82CC7541 
 280      C9554AB9 
 280      BA
 281 0947 8F3EDDE3 		.ascii	"\217>\335\343\205\313\031W\303\225\234\273\222_U\377"
 281      85CB1957 
 281      C3959CBB 
 281      925F55FF 
 282 0957 61D3C38B 		.ascii	"a\323\303\2132\323E%S\031e\222\216\375\336\342\261\277"
 282      32D34525 
 282      53196592 
 282      8EFDDEE2 
 282      B1BF
 283 0969 B27A3BEC 		.ascii	"\262z;\354\3025\2149\351\321\326\333b\3458\321\247\252"
 283      C2358C39 
 283      E9D1D6DB 
 283      62E538D1 
 283      A7AA
 284 097b C6EE7BE1 		.ascii	"\306\356{\341&V9\365\274-G<o\017\022}\177Y\317\240\006"
 284      265639F5 
 284      BC2D473C 
 284      6F0F127D 
 284      7F59CFA0 
 285 0990 B7B2CA34 		.ascii	"\267\262\3124\313\310\260\007\356`\312\203\354\275y"
 285      CBC8B007 
 285      EE60CA83 
 285      ECBD79
 286 099f 6A867C46 		.ascii	"j\206|F\364#\357\337'\250q7\253l\211\337\223\353\214"
 286      F423EFDF 
 286      27A87137 
 286      AB6C89DF 
 286      93EB8C
 287 09b2 FB99F2EE 		.ascii	"\373\231\362\356U\301\2403~\313\024\313p\306\033O\374"
 287      55C1A033 
 287      7ECB14CB 
 287      70C61B4F 
 287      FC
 288 09c3 912989B9 		.ascii	"\221)\211\271w\266\273\340$7v!\357\330Q\355\211w3\345"
 288      77B6BBE0 
 288      24377621 
 288      EFD851ED 
 288      897733E5 
 289 09d7 7AEDE3DB 		.ascii	"z\355\343\333\2568\203)\233\236\225l\3058\237)o\232"
 289      AE388329 
 289      9B9E956C 
 289      C5389F29 
 289      6F9A
 290 09e9 2D296EB8 		.ascii	"-)n\270\204)M\311\273\323\005|\221)\322R\344\315\226"
 290      84294DC9 
 290      BBD3057C 
 290      9129D252 
 290      E4CD96
 291 09fc A2A9C383 		.ascii	"\242\251\303\203G<q%\253\273\234\223X\344\212\353\231"
 291      473C7125 
ARM GAS  /tmp/ccNbnKSP.s 			page 23


 291      ABBB9C93 
 291      58E48AEB 
 291      99
 292 0a0d 927073C7 		.ascii	"\222ps\307\003O\334\302\224S\317\266V\272\340v\021\326"
 292      034FDCC2 
 292      9453CFB6 
 292      56BAE076 
 292      11D6
 293 0a1f 3451ACC1 		.ascii	"4Q\254\301=\242\322q^\213_\260\367c\317\312\366L\303"
 293      3DA2D271 
 293      5E8B5FB0 
 293      F763CFCA 
 293      F64CC3
 294 0a32 234C79D4 		.ascii	"#Ly\324\3714E\203?2e\313\325\364\0127\234\304~Z\274"
 294      F9344583 
 294      3F3265CB 
 294      D5F40A37 
 294      9CC47E5A 
 295 0a47 DE0D67E0 		.ascii	"\336\015g\3404\366>\220R\331&\340CL)*\333\361\310\011"
 295      34F63E90 
 295      52D926E0 
 295      434C292A 
 295      DBF1C809 
 296 0a5b E730E571 		.ascii	"\3470\345qi\302\250\032\0270\345\304\373\314f7\\\314"
 296      69C2A81A 
 296      1730E5C4 
 296      FBCC6637 
 296      5CCC
 297 0a6d 94E64BDD 		.ascii	"\224\346K\335O`J3\245\270\251\346\201\270\322&\221,"
 297      4F604A33 
 297      A5B8A9E6 
 297      81B8D226 
 297      912C
 298 0a7f 161776F6 		.ascii	"\026\027v\366\271\210\267Sr[\315\275\330\375\036\341"
 298      B988B753 
 298      725BCDBD 
 298      D8FD1EE1 
 299 0a8f 520A9E53 		.ascii	"R\012\236SXX\371B\203\370\223\372\014\356\274.}\330"
 299      5858F942 
 299      83F893FA 
 299      0CEEBC2E 
 299      7DD8
 300 0aa1 EEDE7ADF 		.ascii	"\356\336z\337i\373\371\\\230~\271\263\350\016_\016\003"
 300      69FBF95C 
 300      987EB9B3 
 300      E80E5F0E 
 300      03
 301 0ab2 6A80DFE1 		.ascii	"j\200\337\341/\011\312\303\342Q,\037\010\352\225p\373"
 301      2F09CAC3 
 301      E2512C1F 
 301      08EA9570 
 301      FB
 302 0ac3 637E7D26 		.ascii	"c~}&\207oQ\342\355\217]CG8\374]%\336\3564:\311\273c"
 302      876F51E2 
 302      ED8F5D43 
 302      4738FC5D 
 302      25DEEE34 
ARM GAS  /tmp/ccNbnKSP.s 			page 24


 303 0adb 51C2C7EC 		.ascii	"Q\302\307\354\350\373\0139\374C\307\275\225\360\344"
 303      E8FB0B39 
 303      FC43C7BD 
 303      95F0E4
 304 0aea 20D25E88 		.ascii	" \322^\210\331\201\006\256D\250B\304[OK\227\225\321"
 304      D98106AE 
 304      44A842C4 
 304      5B4F4B97 
 304      95D1
 305 0afc 69E1BD6F 		.ascii	"i\341\275oS\322\333\035I\353yx\273\022n\177c\340;[\253"
 305      53D2DB1D 
 305      49EB7978 
 305      BB126E7F 
 305      63E03B5B 
 306 0b11 84DB9DEB 		.ascii	"\204\333\235\353\353\371\276V*\341W\224\276\367\360"
 306      EBF9BE56 
 306      2AE15794 
 306      BEF7F0
 307 0b20 ECD54A38 		.ascii	"\354\325J8w0\344\017`\235\260\241?\240L\003\342\351"
 307      7730E40F 
 307      609DB0A1 
 307      3FA04C03 
 307      E2E9
 308 0b32 EB0D9C50 		.ascii	"\353\015\234P\336\301\311\351)H\037\310 \310[\220\011"
 308      DEC1C9E9 
 308      29481FC8 
 308      20C85B90 
 308      09
 309 0b43 901E90F7 		.ascii	"\220\036\220\367\344T\005\362\010\344%\310\030\310\013"
 309      E45405F2 
 309      08E425C8 
 309      18C80B
 310 0b52 90119021 		.ascii	"\220\021\220!\220\327 \335 \243 \317@\206A\372A&A\306"
 310      90D720DD 
 310      20A320CF 
 310      408641FA 
 310      412641C6 
 311 0b66 411E9353 		.ascii	"A\036\223S\032\310s\220W O@\272@zm\256b=\374\260\373"
 311      1AC87390 
 311      57204F40 
 311      BA407A6D 
 311      AE623DFC 
 312 0b7c 55D9992E 		.ascii	"U\331\231.\244\314sK&\227\347[\312<\333\035\271[\370"
 312      A4CC734B 
 312      2697E75B 
 312      CA3CDB1D 
 312      B95BF8
 313 0b8f D05E751C 		.ascii	"\320^u\034Z>s\223\274;\015\216g\015\177U\341\307\305"
 313      5A3E7393 
 313      BC3B0D8E 
 313      670D7F55 
 313      E1C7C5
 314 0ba2 7DC7C388 		.ascii	"}\307\303\210\277M\214f\000\336<\235\300lo\023p~\254"
 314      BF4D8C66 
 314      00DE3C9D 
 314      C06C6F13 
 314      707EAC
ARM GAS  /tmp/ccNbnKSP.s 			page 25


 315 0bb5 1CCDC445 		.ascii	"\034\315\304E\260\377$;\323\355\277I\311\326h\347l;"
 315      B0FF243B 
 315      D3EDBF49 
 315      C9D668E7 
 315      6C3B
 316 0bc7 3F106A1C 		.ascii	"?\020j\034\0173\233\233<\357m\253\022ow9\355\347cq\323"
 316      0F339B9B 
 316      3CEF6DAB 
 316      126F7739 
 316      EDE76371 
 317 0bdc B13B7E72 		.ascii	"\261;~rf\352\217r\231\251Sf\246\335.t<{\263\343\304"
 317      66EA8F72 
 317      99A95366 
 317      A6DD2E74 
 317      3C7BB3E3 
 318 0bf1 F3174EBE 		.ascii	"\363\027N\276\257\327\035\257\037\274\357|W\3579\356"
 318      AFD71DAF 
 318      1FBCEF7C 
 318      57EF39EE 
 319 0c01 AA755841 		.ascii	"\252uXA\354\373%z\022\372\033\216\347\024\037\312*\236"
 319      ECFB257A 
 319      12FA1B8E 
 319      E7141FCA 
 319      2A9E
 320 0c13 BFC3E182 		.ascii	"\277\303\341\202\340'\263O\036\341\330\3578^+\371A^"
 320      E027B34F 
 320      1EE1D8EF 
 320      385E2BF9 
 320      415E
 321 0c25 C52F6655 		.ascii	"\305/fU\312P^\263[\352\371P\336v\274t\373\211w\271\221"
 321      CA505EB3 
 321      5BEAF950 
 321      DE76BC74 
 321      FB8977B9 
 322 0c3a E2E24E0F 		.ascii	"\342\342N\017\374\232\356@\302\271\264\3624/\353]\356"
 322      FC9AEE40 
 322      C2B9B4F2 
 322      342FEB5D 
 322      EE
 323 0c4b 6321DE4C 		.ascii	"c!\336L\256\272\233\360\0144%\037X\006\354.s\322Z\202"
 323      AEBA9BF0 
 323      0C34251F 
 323      5806EC2E 
 323      73D25A82 
 324 0c5f CCD8F7FF 		.ascii	"\314\330\367\377\315r\002};\335\320\361\026\361\227"
 324      CD72027D 
 324      3BDDD0F1 
 324      16F197
 325 0c6e 3ED213F9 		.ascii	">\322\023\371Z\024\217\331\245\017\236\000\236h\331"
 325      5A148FD9 
 325      A50F9E00 
 325      9E68D9
 326 0c7d 99E884DF 		.ascii	"\231\350\204\337\261}\333\322YR\342\212\343\331\377"
 326      B17DDBD2 
 326      5952E28A 
 326      E3D9FF
 327 0c8c 113FF45E 		.ascii	"\021?\364^\355v\303\311Tq\266\344\265\224\221M\332w"
ARM GAS  /tmp/ccNbnKSP.s 			page 26


 327      ED76C3C9 
 327      5471B6E4 
 327      B594914D 
 327      DA77
 328 0c9e 86B415DF 		.ascii	"\206\264\025\337l\367\336m\275\364'b\270\001\341O\314"
 328      6CF7DE6D 
 328      BDF42762 
 328      B801E14F 
 328      CC
 329 0caf 79313B3F 		.ascii	"y1;?\310\311\331\354\030\356'\257\020}m\354\367\006"
 329      C8C9D9EC 
 329      18EE27AF 
 329      107D6DEC 
 329      F706
 330 0cc1 40F12B04 		.ascii	"@\361+\004\037~\371gXBEb\237\004yH\301p\031\006\331"
 330      1F7EF967 
 330      58424562 
 330      9F047948 
 330      C1701906 
 331 0cd6 0AB205F3 		.ascii	"\012\262\005\363K\354h\033\347p\202\322\003\345\017"
 331      4BEC681B 
 331      E77082D2 
 331      03E50F
 332 0ce5 5893FF66 		.ascii	"X\223\377f;\260\355\301\326\337\005\016\364~\350Fx\027"
 332      3BB0EDC1 
 332      D6DF050E 
 332      F47EE846 
 332      7817
 333 0cf7 0D9470D0 		.ascii	"\015\224p\320r\355\224`\035K\367\332\325\344w\201\235"
 333      72ED9460 
 333      1D4BF7DA 
 333      D5E47781 
 333      9D
 334 0d08 60BC1D5B 		.ascii	"`\274\035[\207\022\351\224\343\276\240\035\320\205\377"
 334      8712E994 
 334      E3BEA01D 
 334      D085FF
 335 0d17 A93BD064 		.ascii	"\251;\320dm~\3520\346S\274\323&\305\251b\212Si\212_"
 335      6D7EEA30 
 335      E653BCD3 
 335      26C5A962 
 335      8A53698A 
 336 0d2c 3C385BA7 		.ascii	"<8[\247\346\301\3156\377g\330%\202\311\323u\3717\337"
 336      E6C1CD36 
 336      FF67D825 
 336      82C9D375 
 336      F937DF
 337 0d3f CDD1F9F9 		.ascii	"\315\321\371\371\251\334\015\206\270\260\310\330E\013"
 337      A9DC0D86 
 337      B8B0C8D8 
 337      450B
 338 0d4d 0DB17FD5 		.ascii	"\015\261\177\325\256\213\2120i\303MQ\221\306\350\320"
 338      AE8B8A30 
 338      69C34D51 
 338      91C6E8D0 
 339 0d5d 28ADBF29 		.ascii	"(\255\277)&\304\030\275\326\030\243]\033\0222\317\030"
 339      26C418BD 
ARM GAS  /tmp/ccNbnKSP.s 			page 27


 339      D618A35D 
 339      1B1232CF 
 339      18
 340 0d6e 1D312F32 		.ascii	"\0351/2*\3224\317d\\\0236\357\217\363\026.\360\373r"
 340      2AD234CF 
 340      645C1336 
 340      EF8FF316 
 340      2EF0FB72 
 341 0d82 DE4F7EF3 		.ascii	"\336O~\363\342\326\207\032cMZ\233jmXdHx\\\250I\033a"
 341      E2D6871A 
 341      634D5A9B 
 341      6A6D5864 
 341      48785CA8 
 342 0d99 0C591716 		.ascii	"\014Y\027\026i\322\032BM?\032\343\302c\015\261\033\327"
 342      69D21A42 
 342      4D3F1AE3 
 342      C2630DB1 
 342      1BD7
 343 0dab 9B62E6AF 		.ascii	"\233b\346\257S\271J\215\376\345\177\277\321\230\215"
 343      53B94A8D 
 343      FEE57FBF 
 343      D1988D
 344 0dba 315A434C 		.ascii	"1ZCLl(\264@Z\372\336\024\022\033\025\275t\301\357\346"
 344      6C28B440 
 344      5AFADE14 
 344      121B15BD 
 344      74C1EFE6 
 345 0dce CFD76AA3 		.ascii	"\317\327j\243b\264\353\214\341\332\365Q\321\2611\332"
 345      62B4EB8C 
 345      E1DAF551 
 345      D1B131DA 
 346 0dde E0D52B17 		.ascii	"\340\325+\027-\324\256X\341\257]\035\264\362g?mL\254"
 346      2DD4AE58 
 346      E1AF5D1D 
 346      B4F2673F 
 346      6D4CAC
 347 0df1 213C3C74 		.ascii	"!<<t~\210\312\203\275\031\302\"\303b\275\015\004l\010"
 347      7E88CA83 
 347      BD19C222 
 347      C362BD0D 
 347      046C08
 348 0e04 8BFEC960 		.ascii	"\213\376\311`Z\037\026\036\2656\316\344#2E\307\212D"
 348      5A1F161E 
 348      B536CEE4 
 348      233245C7 
 348      8A44
 349 0e16 4BF42B75 		.ascii	"K\364+u+7hC\326\205DE\233\014?\177\031\001\355\3164"
 349      2B376843 
 349      D6854445 
 349      9B0C3F7F 
 349      1901EDCE 
 350 0e2b 84AE596B 		.ascii	"\204\256Yk\010Yg\012\371\253!\334d\374\331d\010\213"
 350      0859670A 
 350      F9AB21DC 
 350      64FCD964 
 350      088B
 351 0e3d 899E2D5B 		.ascii	"\211\236-[J\336\206\254\0135\255\211[\013\026\263\301"
ARM GAS  /tmp/ccNbnKSP.s 			page 28


 351      4ADE86AC 
 351      0B35AD89 
 351      5B0B16B3 
 351      C1
 352 0e4e 69636C0C 		.ascii	"icl\014|G\2557D\230\2141q@\026\022\035\026\373IK\212"
 352      7C47AD37 
 352      44988C31 
 352      71401612 
 352      1D16FB49 
 353 0e64 07CBCFB9 		.ascii	"\007\313\317\271\266\342\"\303\243\340\361ctT\004\261"
 353      B6E222C3 
 353      A3E0F163 
 353      745404B1 
 354 0e74 F30E5917 		.ascii	"\363\016Y\027\2741fuX\204):\320\030\031\032n\212\016"
 354      BC316675 
 354      5884293A 
 354      D018191A 
 354      6E8A0E
 355 0e87 FADC21D5 		.ascii	"\372\334!\325FB4\213w\232\247\371\007\253oF\010\206"
 355      4642348B 
 355      779AA7F9 
 355      07AB6F46 
 355      0886
 356 0e99 D239BEAF 		.ascii	"\3229\276\257\246\310XS4)\234!\232@\033\321\2007\221"
 356      A6C85853 
 356      34299C21 
 356      9A401BD1 
 356      803791
 357 0eac 104E8FFC 		.ascii	"\020N\217\3749,$ \322\270&\334\304\322\362\033\273\244"
 357      392C2420 
 357      D2B826DC 
 357      C4D2F21B 
 357      BBA4
 358 0ebe 84444544 		.ascii	"\204DEDDEJ!%x\360\313I\247[\251_$|\253W\373\257\\\242"
 358      44454A21 
 358      2578F0CB 
 358      49A75BA9 
 358      5F247CAB 
 359 0ed7 C7FE3ABD 		.ascii	"\307\376:\275z\251\377j=\326\351\364X\017\262D\257\307"
 359      7AA9FF6A 
 359      3DD6E9F4 
 359      580FB244 
 359      AFC7
 360 0ee9 AB827558 		.ascii	"\253\202uX\367\315j\265N\027\240\247\370\205\364\333"
 360      F7CD6AB5 
 360      4E17A0A7 
 360      F885F4DB 
 361 0ef9 0F072CD7 		.ascii	"\017\007,\327\013\301`\031\024\240W\007\257\004\264"
 361      0BC16019 
 361      14A05707 
 361      AF04B4
 362 0f08 4EBF10C4 		.ascii	"N\277\020\304\017\220\177\326\317\373\033FE\004\031"
 362      0F907FD6 
 362      CFFB1B46 
 362      450419
 363 0f17 A86124A9 		.ascii	"\250a$\251\036V\305\020\253\016Yg\214\366\216\2121\206"
 363      1E56C510 
ARM GAS  /tmp/ccNbnKSP.s 			page 29


 363      AB0E5967 
 363      8CF68E8A 
 363      3186
 364 0f29 43805740 		.ascii	"C\200W@\260\226A\254\202\202\365\237s\214\244\226\304"
 364      B09641AC 
 364      8282F59F 
 364      738CA496 
 364      C4
 365 0f3a 993CC17C 		.ascii	"\231<\301|:M\006\207\365\246c\313&\322n\326\"/\203!"
 365      3A4D0687 
 365      F5A663CB 
 365      26D26ED6 
 365      222F8321 
 366 0f4e C6146B58 		.ascii	"\306\024kX\272$8`\225>\310\313\030\376\357\306\215$"
 366      BA243860 
 366      953EC8CB 
 366      18FEEFC6 
 366      8D24
 367 0f60 9CE130A3 		.ascii	"\234\3410\243\346\212\215\2306\304ju+\203\203\202\345"
 367      E68A8D98 
 367      36C46A75 
 367      2B838382 
 367      E5
 368 0f71 54922118 		.ascii	"T\222!\030\022\261,.\222\004n\006i\371[\333\374\317"
 368      12B12C2E 
 368      92046E06 
 368      69F95BDB 
 368      FCCF
 369 0f83 147DFE8E 		.ascii	"\024}\376\216\216\024\311\023\352\232M\321L\352\211"
 369      8E14C913 
 369      EA9A4DD1 
 369      4CEA89
 370 0f92 623C7970 		.ascii	"b<yp\205N\301\301\272\345z7}@"
 370      854EC1C1 
 370      BAE57A37 
 370      7D40
 371 0fa0 7080FEFB 		.ascii	"p\200\376\373\000\377?b]0\311\213N.\372\203\333\222"
 371      00FF3F62 
 371      5D30C98B 
 371      4E2EFA83 
 371      DB92
 372 0fb2 554B17AE 		.ascii	"UK\027\256X\025\360\215\236\274\371\2617\251v\261\333"
 372      5815F08D 
 372      9EBCF9B1 
 372      37A976B1 
 372      DB
 373 0fc3 92C0A58B 		.ascii	"\222\300\245\213\304\332@+.P\211[\344BX\240\204<\375"
 373      C4DA402B 
 373      2E50895B 
 373      E44258A0 
 373      843CFD
 374 0fd6 F89A852E 		.ascii	"\370\232\205.\204\201\326\004\212\210@[\204\237+\261"
 374      8481D604 
 374      8A88405B 
 374      849F2BB1 
 375 0fe6 D507AFD6 		.ascii	"\325\007\257\326\223\027?\362b\255[\340J\254Y]\240\004"
 375      93173FF2 
ARM GAS  /tmp/ccNbnKSP.s 			page 30


 375      62AD5BE0 
 375      4AAC595D 
 375      A004
 376 0ff8 0A6420AC 		.ascii	"\012d \254\013\322\253u"
 376      0BD2AB75 
 377 1000 CB96EB5D 		.ascii	"\313\226\353]V\255XA\236\202N\357\016\257A\013\203\211"
 377      56AD5841 
 377      9E824EEF 
 377      0EAF410B 
 377      8389
 378 1012 F67BBBF8 		.ascii	"\366{\273\370\007\257f#g\331\342\015\033\330\230\371"
 378      07AF6623 
 378      67D9E20D 
 378      1BD898F9 
 379 1022 71F1822F 		.ascii	"q\361\202/7l \243F\257\323\031V\303\312\347o\372\321"
 379      376C20A3 
 379      46AFD319 
 379      56C3CAE7 
 379      6FFAD1
 380 1035 9978B1EC 		.ascii	"\231x\261\354\007\347 \177\335\267\376\001D[\270\354"
 380      07E7207F 
 380      DDB7FE01 
 380      445BB8EC 
 381 1045 078DFFD2 		.ascii	"\007\215\377\322\345+u\337I\230\377\002J\305\250!"
 381      E52B75DF 
 381      4998FF02 
 381      4AC5A821 
 382              		.text
 383              		.section	.gnu.lto_.symtab.bb414cc554665ece,"",%progbits
 384 0000 56656374 		.ascii	"VectorB0\000"
 384      6F724230 
 384      00
 385 0009 00       		.ascii	"\000"
 386 000a 00       		.ascii	"\000"
 387 000b 00       		.ascii	"\000"
 388 000c 00000000 		.ascii	"\000\000\000\000\000\000\000\000"
 388      00000000 
 389 0014 B8000000 		.ascii	"\270\000\000\000"
 390 0018 73745F6C 		.ascii	"st_lld_init\000"
 390      6C645F69 
 390      6E697400 
 391 0024 00       		.ascii	"\000"
 392 0025 00       		.ascii	"\000"
 393 0026 00       		.ascii	"\000"
 394 0027 00000000 		.ascii	"\000\000\000\000\000\000\000\000"
 394      00000000 
 395 002f BA000000 		.ascii	"\272\000\000\000"
 396 0033 5F706F72 		.ascii	"_port_irq_epilogue\000"
 396      745F6972 
 396      715F6570 
 396      696C6F67 
 396      756500
 397 0046 00       		.ascii	"\000"
 398 0047 02       		.ascii	"\002"
 399 0048 00       		.ascii	"\000"
 400 0049 00000000 		.ascii	"\000\000\000\000\000\000\000\000"
 400      00000000 
ARM GAS  /tmp/ccNbnKSP.s 			page 31


 401 0051 BC000000 		.ascii	"\274\000\000\000"
 402 0055 5F646267 		.ascii	"_dbg_check_leave_isr\000"
 402      5F636865 
 402      636B5F6C 
 402      65617665 
 402      5F697372 
 403 006a 00       		.ascii	"\000"
 404 006b 02       		.ascii	"\002"
 405 006c 00       		.ascii	"\000"
 406 006d 00000000 		.ascii	"\000\000\000\000\000\000\000\000"
 406      00000000 
 407 0075 BE000000 		.ascii	"\276\000\000\000"
 408 0079 5F737461 		.ascii	"_stats_stop_measure_crit_isr\000"
 408      74735F73 
 408      746F705F 
 408      6D656173 
 408      7572655F 
 409 0096 00       		.ascii	"\000"
 410 0097 02       		.ascii	"\002"
 411 0098 00       		.ascii	"\000"
 412 0099 00000000 		.ascii	"\000\000\000\000\000\000\000\000"
 412      00000000 
 413 00a1 C0000000 		.ascii	"\300\000\000\000"
 414 00a5 5F646267 		.ascii	"_dbg_check_unlock_from_isr\000"
 414      5F636865 
 414      636B5F75 
 414      6E6C6F63 
 414      6B5F6672 
 415 00c0 00       		.ascii	"\000"
 416 00c1 02       		.ascii	"\002"
 417 00c2 00       		.ascii	"\000"
 418 00c3 00000000 		.ascii	"\000\000\000\000\000\000\000\000"
 418      00000000 
 419 00cb C2000000 		.ascii	"\302\000\000\000"
 420 00cf 63685379 		.ascii	"chSysTimerHandlerI\000"
 420      7354696D 
 420      65724861 
 420      6E646C65 
 420      724900
 421 00e2 00       		.ascii	"\000"
 422 00e3 02       		.ascii	"\002"
 423 00e4 00       		.ascii	"\000"
 424 00e5 00000000 		.ascii	"\000\000\000\000\000\000\000\000"
 424      00000000 
 425 00ed C4000000 		.ascii	"\304\000\000\000"
 426 00f1 5F646267 		.ascii	"_dbg_check_lock_from_isr\000"
 426      5F636865 
 426      636B5F6C 
 426      6F636B5F 
 426      66726F6D 
 427 010a 00       		.ascii	"\000"
 428 010b 02       		.ascii	"\002"
 429 010c 00       		.ascii	"\000"
 430 010d 00000000 		.ascii	"\000\000\000\000\000\000\000\000"
 430      00000000 
 431 0115 C6000000 		.ascii	"\306\000\000\000"
 432 0119 5F737461 		.ascii	"_stats_start_measure_crit_isr\000"
ARM GAS  /tmp/ccNbnKSP.s 			page 32


 432      74735F73 
 432      74617274 
 432      5F6D6561 
 432      73757265 
 433 0137 00       		.ascii	"\000"
 434 0138 02       		.ascii	"\002"
 435 0139 00       		.ascii	"\000"
 436 013a 00000000 		.ascii	"\000\000\000\000\000\000\000\000"
 436      00000000 
 437 0142 C8000000 		.ascii	"\310\000\000\000"
 438 0146 5F646267 		.ascii	"_dbg_check_enter_isr\000"
 438      5F636865 
 438      636B5F65 
 438      6E746572 
 438      5F697372 
 439 015b 00       		.ascii	"\000"
 440 015c 02       		.ascii	"\002"
 441 015d 00       		.ascii	"\000"
 442 015e 00000000 		.ascii	"\000\000\000\000\000\000\000\000"
 442      00000000 
 443 0166 CA000000 		.ascii	"\312\000\000\000"
 444 016a 5F737461 		.ascii	"_stats_increase_irq\000"
 444      74735F69 
 444      6E637265 
 444      6173655F 
 444      69727100 
 445 017e 00       		.ascii	"\000"
 446 017f 02       		.ascii	"\002"
 447 0180 00       		.ascii	"\000"
 448 0181 00000000 		.ascii	"\000\000\000\000\000\000\000\000"
 448      00000000 
 449 0189 CC000000 		.ascii	"\314\000\000\000"
 450 018d 6E766963 		.ascii	"nvicEnableVector\000"
 450      456E6162 
 450      6C655665 
 450      63746F72 
 450      00
 451 019e 00       		.ascii	"\000"
 452 019f 02       		.ascii	"\002"
 453 01a0 00       		.ascii	"\000"
 454 01a1 00000000 		.ascii	"\000\000\000\000\000\000\000\000"
 454      00000000 
 455 01a9 D1000000 		.ascii	"\321\000\000\000"
 456              		.text
 457              		.section	.gnu.lto_.opts,"",%progbits
 458 0000 272D666D 		.ascii	"'-fmath-errno' '-fsigned-zeros' '-ftrapping-math' '"
 458      6174682D 
 458      6572726E 
 458      6F272027 
 458      2D667369 
 459 0033 2D666E6F 		.ascii	"-fno-trapv' '-fno-openmp' '-fno-openacc' '-mcpu=cor"
 459      2D747261 
 459      70762720 
 459      272D666E 
 459      6F2D6F70 
 460 0066 7465782D 		.ascii	"tex-m4' '-mno-thumb-interwork' '-mthumb' '-ggdb' '-"
 460      6D342720 
ARM GAS  /tmp/ccNbnKSP.s 			page 33


 460      272D6D6E 
 460      6F2D7468 
 460      756D622D 
 461 0099 4F322720 		.ascii	"O2' '-w' '-fomit-frame-pointer' '-falign-functions="
 461      272D7727 
 461      20272D66 
 461      6F6D6974 
 461      2D667261 
 462 00cc 31362720 		.ascii	"16' '-ffunction-sections' '-fdata-sections' '-fno-c"
 462      272D6666 
 462      756E6374 
 462      696F6E2D 
 462      73656374 
 463 00ff 6F6D6D6F 		.ascii	"ommon' '-flto'\000"
 463      6E272027 
 463      2D666C74 
 463      6F2700
 464              		.text
 465              		.comm	__gnu_lto_v1,1,1
 466              		.comm	__gnu_lto_slim,1,1
 467              		.ident	"GCC: (GNU Tools for ARM Embedded Processors 6-2017-q1-update) 6.3.1 20170215 (release) [AR
ARM GAS  /tmp/ccNbnKSP.s 			page 34


DEFINED SYMBOLS
                            *ABS*:0000000000000000 st_lld.c
                            *COM*:0000000000000001 __gnu_lto_v1
                            *COM*:0000000000000001 __gnu_lto_slim

NO UNDEFINED SYMBOLS
