ARM GAS  /tmp/ccJZ2xSp.s 			page 1


   1              		.cpu cortex-m4
   2              		.eabi_attribute 20, 1
   3              		.eabi_attribute 21, 1
   4              		.eabi_attribute 23, 3
   5              		.eabi_attribute 24, 1
   6              		.eabi_attribute 25, 1
   7              		.eabi_attribute 26, 1
   8              		.eabi_attribute 30, 2
   9              		.eabi_attribute 34, 1
  10              		.eabi_attribute 18, 4
  11              		.file	"wdg_lld.c"
  12              		.text
  13              	.Ltext0:
  14              		.section	.gnu.lto_.profile.d7f39556b265b2af,"",%progbits
  15 0000 789C6365 		.ascii	"x\234ce`b`a```dP\223\004\000\000\345\000L"
  15      60626061 
  15      60606064 
  15      50930400 
  15      00E5004C 
  16              		.text
  17              		.section	.gnu.lto_.icf.d7f39556b265b2af,"",%progbits
  18 0000 789C6365 		.ascii	"x\234ce`bPc@\0006\206\315s\037\236\346a\334\326t\362"
  18      60625063 
  18      40003686 
  18      CD731F9E 
  18      E661DCD6 
  19 0016 0913D381 		.ascii	"\011\023\323\201O\377\037s0\177\273\367e''\313\2643"
  19      4FFF1F73 
  19      307FBBF7 
  19      652727CB 
  19      B433
  20 0028 5F3AF959 		.ascii	"_:\371Y\257\037\334\277\232\225\001\000}_\023M"
  20      AF1FDCBF 
  20      9A950100 
  20      7D5F134D 
  21              		.text
  22              		.section	.gnu.lto_.jmpfuncs.d7f39556b265b2af,"",%progbits
  23 0000 789C6365 		.ascii	"x\234ce`b0b@\000\026 fbdd\254g\006\021L\214\323\231"
  23      60623062 
  23      40001620 
  23      66626464 
  23      AC670611 
  24 0018 199B7FED 		.ascii	"\031\233\177\355\377\314W\377\267Ab>3\303bf\240<\343"
  24      FFCC57FF 
  24      B741623E 
  24      33C36266 
  24      A03CE3
  25 002b 72C67A06 		.ascii	"r\306z\006F\026\006V\220\022\006\000\011,\0122"
  25      46160656 
  25      90120600 
  25      092C0A32 
  26              		.text
  27              		.section	.gnu.lto_.inline.d7f39556b265b2af,"",%progbits
  28 0000 789C6365 		.ascii	"x\234ce`b\330\305\200\000,\014\014\254,\214\014L,\013"
  28      6062D8C5 
  28      80002C0C 
  28      0CAC2C8C 
ARM GAS  /tmp/ccJZ2xSp.s 			page 2


  28      0C4C2C0B 
  29 0014 E419D816 		.ascii	"\344\031\330\026\3103\201\304\230\030\370u\030\231\030"
  29      C83381C4 
  29      9818F875 
  29      189918
  30 0023 14181998 		.ascii	"\024\030\031\230\035\300\244\002\233\310\254o,\020y"
  30      1DC0A402 
  30      9BC8AC6F 
  30      2C1079
  31 0032 C617EC2C 		.ascii	"\306\027\354,\020\022Dp\200\231\034 ]\314\014\034<\214"
  31      10124470 
  31      80991C20 
  31      5DCC0C1C 
  31      3C8C
  32 0044 40227B3A 		.ascii	"@\"{:3\343\326\3663\033\271\372\230\34733\002\301rF"
  32      33E3D6F6 
  32      331BB9FA 
  32      98E73333 
  32      02C17246 
  33 0058 19660606 		.ascii	"\031f\006\006\216,\030\003h \310Z\270q\002L\014\254"
  33      8E2C1803 
  33      6820C85A 
  33      B871024C 
  33      0CAC
  34 006a 1DEA0260 		.ascii	"\035\352\002`\233\271\2012\214\014\254 71B\034\300\302"
  34      9BB98132 
  34      8C0CAC20 
  34      3731421C 
  34      C0C2
  35 007c 74811FC3 		.ascii	"t\201\037\303f\020\000\000\005e\027r"
  35      66100000 
  35      05651772 
  36              		.text
  37              		.section	.gnu.lto_.pureconst.d7f39556b265b2af,"",%progbits
  38 0000 789C6365 		.ascii	"x\234ce`b\340d```a\220`\222b\226d\225\002\000\002\316"
  38      6062E064 
  38      60606061 
  38      90609262 
  38      96649502 
  39 0017 0084     		.ascii	"\000\204"
  40              		.text
  41              		.section	.gnu.lto_wdg_lld_init.d7f39556b265b2af,"",%progbits
  42 0000 789C8590 		.ascii	"x\234\205\220MKBQ\020\206\347\275\347\246\027\241\326"
  42      4D4B4251 
  42      1086E7BD 
  42      E7A617A1 
  42      D6
  43 0011 41FD0121 		.ascii	"A\375\001!\356\241\372\013R\033[\025\264\214J\250\205"
  43      EEA1FA0B 
  43      521B5B15 
  43      B48C4AA8 
  43      85
  44 0022 6164543B 		.ascii	"adT;O\202I\026\326\242\264\026q\005\027\366e*\021\344"
  44      4F824916 
  44      D6A2B416 
  44      710517F6 
  44      652A11E4 
ARM GAS  /tmp/ccJZ2xSp.s 			page 3


  45 0036 4EA4A514 		.ascii	"N\244\245\024\004\255\332DA_\324\256\255\326\234+\264"
  45      04ADDA44 
  45      415FD4AE 
  45      ADD69C2B 
  45      B4
  46 0047 8B068673 		.ascii	"\213\006\206s\2303\357\373\314\231\0162h\016D6\021\365"
  46      9833EFFB 
  46      CC990E32 
  46      680E4436 
  46      11F5
  47 0059 7042108C 		.ascii	"pB\020\214\355k\242U\313\000\364EY\240\230\201\030\266"
  47      ED6BA255 
  47      CB00F445 
  47      59A09881 
  47      18B6
  48 006b 4456A09E 		.ascii	"DV\240\236|\256\032\376\202\342\250e3\2365\225\350v"
  48      7CAE1AFE 
  48      82E2A865 
  48      339E3595 
  48      E876
  49 007d 04D13EA7 		.ascii	"\004\321>\247\016\024\340'n{\254\264v;=f\273\216Cx\030"
  49      0E14E027 
  49      6E7BACB4 
  49      763B3D66 
  49      BB8E4378 
  50 0092 41A55BD4 		.ascii	"A\245[\324T\353;\251j\215<\316\207L\242\024?k\306\206"
  50      54EB3BA9 
  50      6A8D3CCE 
  50      874CA214 
  50      3F6BC686 
  51 00a6 30F429DE 		.ascii	"0\364)\336\020\377zM?y\265\202]2\211\372\2157-\034\001"
  51      10FF7A4D 
  51      3F79B582 
  51      5D3289FA 
  51      8D372D1C 
  52 00bb 68D36AF5 		.ascii	"h\323j\365\343\336\033k*\213\013ym\314\265\367\306\335"
  52      E3DE1B6B 
  52      2A8B0B79 
  52      6DCCB5F7 
  52      C6DD
  53 00cd 95CFC101 		.ascii	"\225\317\301\001\034a\340\230\247<B\257\373\220\276"
  53      1C61E098 
  53      A73C42AF 
  53      FB90BE
  54 00dc 2CAF5BB2 		.ascii	",\257[\262\250\007\315M9B\340\004\016\366\3341q\012"
  54      A807CD4D 
  54      3942E004 
  54      0EF6DC31 
  54      710A
  55 00ee C91D17C9 		.ascii	"\311\035\027\311F\305\247\335\331\036E\226\271\364\255"
  55      46C5A7DD 
  55      D91E4596 
  55      B9F4AD
  56 00fd 5FFABFB8 		.ascii	"_\372\277\270\263\277q&J.N\177\033\3456\256\265\323"
  56      B3BF7126 
  56      4A2E4E7F 
  56      1BE536AE 
ARM GAS  /tmp/ccJZ2xSp.s 			page 4


  56      B5D3
  57 010f ECD23813 		.ascii	"\354\3228\023\352A)\023\025\226~\"\236{\331\204&\272"
  57      EA412913 
  57      15967E22 
  57      9E7BD984 
  57      26BA
  58 0121 FB4BB182 		.ascii	"\373K\261\202\027a\020\365\331\266\224\221\250\234\235"
  58      176110F5 
  58      D9B69491 
  58      A89C9D
  59 0130 0CCBF9C8 		.ascii	"\014\313\371\310\302bT\216\216\215\014\016\310`0 W\306"
  59      C262548E 
  59      8E8D0C0E 
  59      C8603020 
  59      57C6
  60 0142 03C34BFD 		.ascii	"\003\303K\375r943\021\016\207\354i\372\001\267\323\210"
  60      72393433 
  60      110E87EC 
  60      69FA01B7 
  60      D388
  61 0154 0F       		.ascii	"\017"
  62              		.text
  63              		.section	.gnu.lto_wdg_lld_start.d7f39556b265b2af,"",%progbits
  64 0000 789CA592 		.ascii	"x\234\245\222KHTQ\030\307\317\377\236\373\360N\243\213"
  64      4B485451 
  64      18C7CFFF 
  64      9EFBF04E 
  64      A38B
  65 0012 562D5CB8 		.ascii	"V-\\\270\010L\012\017%\264\017$\011lU\3202\"\241\026"
  65      084C0A0F 
  65      25B40F24 
  65      096C55D0 
  65      3222A116 
  66 0026 038A46B5 		.ascii	"\003\212F\265\353:\214Y)&\224\257PGP\261,_\331C\247"
  66      EB3A8C59 
  66      292694AF 
  66      504750B1 
  66      2C5FD943 
  67 003b D269A632 		.ascii	"\322i\2462K\215\036\322{\223C8\220\213,h\023\332w\316"
  67      4B8D1ED2 
  67      7B934338 
  67      908B2C68 
  67      13DA77CE 
  68 004f 99543082 		.ascii	"\231T0\202\251\013\367\234s\357\371\316\357\377\377"
  68      A90BF79C 
  68      73EFF9CE 
  68      EFFFFF
  69 005e CEF759CC 		.ascii	"\316\367Y\314`\015&c\005\214\261\335\364\302f0\352g"
  69      600D2663 
  69      058CB1DD 
  69      F4C26630 
  69      EA67
  70 0070 18ABCC30 		.ascii	"\030\253\3140\300\365\202\033V\355\004c\236\317\014"
  70      C0F5821B 
  70      56ED0463 
  70      9ECF0C
  71 007f 39CCF35B 		.ascii	"9\314\363[\372\377.\023\220\263\227\001v\312\340\226"
ARM GAS  /tmp/ccJZ2xSp.s 			page 5


  71      FAFF2E13 
  71      90B39701 
  71      76CAE096 
  72 008f 091A997E 		.ascii	"\011\032\231~\316\363&\216X\365\347Q#\257\307\243'\332"
  72      CEF3268E 
  72      58F5E751 
  72      23AFC7A3 
  72      27DA
  73 00a1 F4CA3EED 		.ascii	"\364\312>\355Um\012S@K*\010=\310\243\250\347\241\301"
  73      556D0A53 
  73      404B2A08 
  73      3DC8A3A8 
  73      E7A1C1
  74 00b4 565EC7C3 		.ascii	"V^\307\303\0340\351\363\353\364\245\271,\371i \207>"
  74      1C30E9F3 
  74      EBF4A5B9 
  74      2CF96920 
  74      873E
  75 00c6 DB1BA777 		.ascii	"\333\033\247wr\001F\313\213\303\255[r\273=/\350E\177"
  75      720146CB 
  75      8BC3AD5B 
  75      72BB3D2F 
  75      E8457F
  76 00d9 5EE0DEE6 		.ascii	"^\340\336\3460\347\350\005'\034\256 \033\227\221\315"
  76      30E7E805 
  76      271CAE20 
  76      1B9791CD 
  77 00e9 E817C355 		.ascii	"\350\027\303U\344\312\360OCK\015\231\266\251\345p\015"
  77      E4CAF04F 
  77      434B0D99 
  77      B6A9E570 
  77      0D
  78 00fa 36681E78 		.ascii	"6h\036x\201\250\267\264\\\355E\277ta\274(\323\200\014"
  78      81A8B7B4 
  78      5CED45BF 
  78      7461BC28 
  78      D3800C
  79 010d E774D0B4 		.ascii	"\347t\320\264h\260l\032lG\256\\90v\216NS\3225\334\240"
  79      68B06C1A 
  79      6C47AE5C 
  79      3930768E 
  79      4E53D235 
  80 0123 8927118C 		.ascii	"\211'\021\214$\237\316A\342\332\270\314\261\261*\366"
  80      249FCE41 
  80      E2DAB8CC 
  80      B1B12AF6 
  81 0133 CC9176B9 		.ascii	"\314\221v\271\362\370c\342\311\031\177\030m\225\224"
  81      F2F863E2 
  81      C9197F18 
  81      6D9594
  82 0142 734E983B 		.ascii	"sN\230;m\224F\037\031\223{\335\211`\277#\372<\275e\242"
  82      6D94461F 
  82      19937BDD 
  82      8960BF23 
  82      FA3CBD65 
  83 0157 1F6134AB 		.ascii	"\037a4\253\273\300\000\004K\"\366\375\361VI^\2135\327"
  83      BBC00004 
ARM GAS  /tmp/ccJZ2xSp.s 			page 6


  83      4B22F6FD 
  83      F156495E 
  83      8B35D7
  84 016a 613BCAC9 		.ascii	"a;\312\311Y\006\251c0\005~\275\270\030\367\0238T)\301"
  84      5906A963 
  84      30057EBD 
  84      B818F713 
  84      385429C1 
  85 017e 2E861458 		.ascii	".\206\024X\246\213\353\020\024\260\324U\233\360K\232"
  85      A68BEB10 
  85      14B0D455 
  85      9BF04B9A 
  86 018e 8BD95E60 		.ascii	"\213\331^`X\236\243\2248\243\362QN\261Hrf\316\247s\262"
  86      589EA394 
  86      38A3F251 
  86      4EB14872 
  86      66CEA773 
  87 01a3 D627F157 		.ascii	"\326'\361W\255\033J\313\220Z7)\211\004B\357\343SXe\255"
  87      AD1B4ACB 
  87      905A3729 
  87      890442EF 
  87      E3535865 
  88 01b8 24E282E1 		.ascii	"$\342\202\341\226\022\226\227j1j(\324ps\345V\337tf\351"
  88      96129697 
  88      6A316A28 
  88      D47073E5 
  88      56DF7466 
  89 01cd 53765AD7 		.ascii	"SvZ\327h\343\266r\240\212<\242\2561\030\231\334\243"
  89      68E3B672 
  89      A08A3CA2 
  89      AE311899 
  89      DCA3
  90 01df 51CE5A03 		.ascii	"Q\316Z\003\366\237\012\344#=\214\246\310\355\315#\337"
  90      F69F0AE4 
  90      233D8CA6 
  90      C8EDCD23 
  90      DF
  91 01f0 B2885CAF 		.ascii	"\262\210\\\257\2666 \242\310\246$\337\321\005j\234\374"
  91      B63620A2 
  91      C8A624DF 
  91      D1056A9C 
  91      FC
  92 0201 5DA0F42A 		.ascii	"]\240\364*rW\221,I\272\007A\306\224\315\344\333\316"
  92      7257912C 
  92      49BA0741 
  92      C694CDE4 
  92      DBCE
  93 0213 8DDAA89B 		.ascii	"\215\332\250\233\246\2631\305\263%o\374\377\234E\025"
  93      A6B331C5 
  93      B3256FFC 
  93      FF9C4515 
  94 0223 C991A4FB 		.ascii	"\311\221\244\373\322\231\253\372p\376\203\356\207\264"
  94      D299ABFA 
  94      70FE83EE 
  94      87B4
  95 0231 71B1D5D6 		.ascii	"q\261\325\326\213\253\326{\327uv>S\327\277w\326\300"
  95      8BABD67B 
ARM GAS  /tmp/ccJZ2xSp.s 			page 7


  95      D775763E 
  95      53D7BF77 
  95      D6C0
  96 0243 033AA704 		.ascii	"\003:\247\004>\376\243\300\303U\201GJ`a,\376\322\325"
  96      3EFEA3C0 
  96      C3558147 
  96      4A60612C 
  96      FED2D5
  97 0256 02532D1C 		.ascii	"\002S-\034\023tn\001\301\216\345:\325\204\251v\003\265"
  97      13746E01 
  97      C18EE53A 
  97      D584A976 
  97      03B5
  98 0268 19F5E8B6 		.ascii	"\031\365\350\266\374|!J+\304\321C\001QVZ~\254B\354\333"
  98      FC7C214A 
  98      2BC4D143 
  98      0151565A 
  98      7EAC42EC 
  99 027d BFB76087 		.ascii	"\277\267`\207(..\024'\017\024\026\035\337.N\224\034"
  99      282E2E14 
  99      270F1416 
  99      1DDF2E4E 
  99      941C
 100 028f 39180894 		.ascii	"9\030\010\224\344\037f&-\313~\001AV\217\354"
 100      E41F6626 
 100      2DCB7E01 
 100      41568FEC 
 101              		.text
 102              		.section	.gnu.lto_wdg_lld_stop.d7f39556b265b2af,"",%progbits
 103 0000 789C4D91 		.ascii	"x\234M\221\315K\024q\030\307\237\357<\2633\343b\322"
 103      CD4B1471 
 103      18C79FEF 
 103      3CB333E3 
 103      62D2
 104 0012 B183C11E 		.ascii	"\261\203\301\036\002\023b\177\226\321?\220\340\305N"
 104      0213627F 
 104      96D13F90 
 104      E0C54E
 105 0021 051D2314 		.ascii	"\005\035#\024\012ZP2\252\333\374\334V7\0142\250|\303"
 105      0A5A5032 
 105      AADBFCDC 
 105      56370C32 
 105      A87CC3
 106 0034 6D82122B 		.ascii	"m\202\022+su5\017\333\245\305K[dQWo\265\004\366\002"
 106      7375350F 
 106      DBA5C54B 
 106      5B645157 
 106      6FB504F6 
 107 0049 855124A4 		.ascii	"\205Q$\244=\317lQ\017\374\230\347\375\371<\317$\310"
 107      3DCF6C51 
 107      0FFC98E7 
 107      FDF93CCF 
 107      24C8
 108 005b A1EF206A 		.ascii	"\241\357 j'\242\203\362\220 8\327^\022\015\004\216\303"
 108      27A283F2 
 108      902038D7 
 108      5E120D04 
ARM GAS  /tmp/ccJZ2xSp.s 			page 8


 108      8EC3
 109 006d D536B249 		.ascii	"\3256\262I\267\272\233l#\303\255\273]@\025\033\200B"
 109      B7BA9B6C 
 109      23C3ADBB 
 109      5D40151B 
 109      8042
 110 007f 875D8418 		.ascii	"\207]\204\030\3411\306J\376}\331i\235\261\"\225\261"
 110      E131C64A 
 110      FE7DD969 
 110      9DB12295 
 110      B1
 111 0090 2FFE901D 		.ascii	"/\376\220\035\334\0251\321\204<\025\314\240U\262^\347"
 111      DC1531D1 
 111      843C15CC 
 111      A055B25E 
 111      E7
 112 00a1 16A6F82A 		.ascii	"\026\246\370*G\014\270b~]\235|\327\244\246\203\224\230"
 112      470CB862 
 112      7E5D9D7C 
 112      D7A4A683 
 112      9498
 113 00b3 B746570F 		.ascii	"\267FW\017\261\001\211zcijo\313\264\265Y[\371v\235\355"
 113      B101897A 
 113      63696A6F 
 113      CBB4B559 
 113      5BF9769D 
 114 00c8 9E88190F 		.ascii	"\236\210\031\017\300\322\016\367\321\214{h&q\021f\321"
 114      C0D20EF7 
 114      D18C7B68 
 114      26711166 
 114      D1
 115 00d9 A2E96F4B 		.ascii	"\242\351oK[7wx\356\235\277\023\361\020\236l\005q\314"
 115      5B377778 
 115      EE9DBF13 
 115      F1109E6C 
 115      0571CC
 116 00ec BF41C56E 		.ascii	"\277A\305nm\347m\245v\027?;=\031-E\256\224\273D\303"
 116      6DE76DA5 
 116      76173F3B 
 116      3D192D45 
 116      AE94BB44 
 117 0101 92ACDB5C 		.ascii	"\222\254\333\\aG\277\274\216\354\343\365\315n-/\260"
 117      6147BFBC 
 117      8EECE3F5 
 117      CD6E2D2F 
 117      B0
 118 0112 128E0EAE 		.ascii	"\022\216\016\256\274\362\225\220c\254\037O\237_n\214"
 118      BCF29590 
 118      63AC1F4F 
 118      9F5F6E8C 
 119 0122 50189035 		.ascii	"P\030\2205S\021'\012\342\237\023\026\215M\327\262E\337"
 119      5311270A 
 119      E29F1316 
 119      8D4DD7B2 
 119      45DF
 120 0134 CCD97AC8 		.ascii	"\314\331z\310C\021\021\306\343\3651\017C5\344\326\016"
 120      431111C6 
ARM GAS  /tmp/ccJZ2xSp.s 			page 9


 120      E3F5310F 
 120      4335E4D6 
 120      0E
 121 0145 FF6BBC9C 		.ascii	"\377k\274\234\177QJjc\017\300\202\266 \305`\252\266"
 121      7F514A6A 
 121      630FC082 
 121      B620C560 
 121      AAB6
 122 0157 F147E452 		.ascii	"\361G\344R\232\251]\313\345Ok~\370\313\006\021\373\023"
 122      9AA95DCB 
 122      E54F6B7E 
 122      F8CB0611 
 122      FB13
 123 0169 AC3B9510 		.ascii	"\254;\225\020\322\377dALvi\363\311F\223\344\311\325"
 123      D2FF6441 
 123      4C7669F3 
 123      C94693E4 
 123      C9D5
 124 017b 033D83FA 		.ascii	"\003=\203\372\236M\316\236Q\330\235\0217`I\376\324\342"
 124      9E4DCE9E 
 124      51D89D11 
 124      376049FE 
 124      D4E2
 125 018d 1FD4ED0F 		.ascii	"\037\324\355\017\213\305\006I\036\217Q\003<\022\324"
 125      8BC50649 
 125      1E8F5103 
 125      3C12D4
 126 019c 78209611 		.ascii	"x \226\021F\234\214Q\334\370\"\237\221\275\2751R\217"
 126      469C8C51 
 126      DCF8229F 
 126      91BDBD31 
 126      528F
 127 01ae AA0C0B83 		.ascii	"\252\014\013\203\370\035\242}\351\2641\275\375\346\364"
 127      F81DA27D 
 127      E9B431BD 
 127      FDE6F4
 128 01bd C98CE9EB 		.ascii	"\311\214\351\353={\256\337\034=v\244\375\200\351\352"
 128      3D7BAEDF 
 128      1C3D76A4 
 128      FD80E9EA 
 129 01cd EA30178F 		.ascii	"\3520\027\217wt\236\337o.\364\234:\221\311\364\244\273"
 129      77749EDF 
 129      6F2EF49C 
 129      3A91C9F4 
 129      A4BB
 130 01df C915B5EF 		.ascii	"\311\025\265\3577\013\226\261b"
 130      370B96B1 
 130      62
 131              		.text
 132              		.section	.gnu.lto_wdg_lld_reset.d7f39556b265b2af,"",%progbits
 133 0000 789C6590 		.ascii	"x\234e\220\261K[Q\024\306\317w\317\213\011\222t\026"
 133      B14B5B51 
 133      14C6CF77 
 133      CF8B0992 
 133      7416
 134 0012 747010D2 		.ascii	"tp\020\322\200\344\242B\377\002\241 :Y\350(\245\201"
 134      80E4A242 
ARM GAS  /tmp/ccJZ2xSp.s 			page 10


 134      FF02A120 
 134      3A59E828 
 134      A581
 135 0024 3A040C51 		.ascii	":\004\014Q\252\2337A\253\265P\035\242\266\222\3649\030"
 135      AA9B3741 
 135      ABB5501D 
 135      A2B692F4 
 135      3918
 136 0036 62D5A8D1 		.ascii	"b\325\250\321I\247\020\013\212\240\242 \205\216\215"
 136      49A7100B 
 136      8AA0A220 
 136      858E8D
 137 0045 96667050 		.ascii	"\226fpP\204n\266\347>;\010^\270\274s\356\375\316\357"
 137      846EB6E7 
 137      3E3B085E 
 137      B8BC73EE 
 137      FDCEEF
 138 0058 7EDFF391 		.ascii	"~\337\363\221\242e\020u\020Q\243l0A\315\034\023\245"
 138      A2651075 
 138      1051A36C 
 138      3041CD1C 
 138      13A5
 139 006a 020AB085 		.ascii	"\002\012\260\205\011\200F\025F1\315\363\214\312\304"
 139      09804615 
 139      4631CDF3 
 139      8CCAC4
 140 0079 AF1D1529 		.ascii	"\257\035\025)\030Y\345\371\205\372wf\274\301e\242\317"
 140      1859E5F9 
 140      85FA7766 
 140      BCC165A2 
 140      CF
 141 008a B2ED4201 		.ascii	"\262\355B\001\021Q\235\216mf\371#\273\0148\322^\037"
 141      11519D8E 
 141      6D66F923 
 141      BB0C38D2 
 141      5E1F
 142 009c 2D549FD8 		.ascii	"-T\237\330V\241Y\332/sG\317X\203\244\314lg\237\206\363"
 142      56A159DA 
 142      2F7347CF 
 142      5883A4CC 
 142      6C679F86 
 143 00b1 C6A44DF9 		.ascii	"\306\244M\371[\206M\213\313\214\025\260\340\360\025"
 143      5B864D8B 
 143      CB8C15B0 
 143      E0F015
 144 00c0 4D584613 		.ascii	"MXF\023\311\021a\025a+\377Y\272\233\015\3259\367\317"
 144      C9116115 
 144      612BFF59 
 144      BA9B0DD5 
 144      39F7CF
 145 00d3 610D75E2 		.ascii	"a\015u\342\2346\316P6w\177'L\371v\011\245.\237\370\026"
 145      9C36CE50 
 145      36777F27 
 145      4CF97609 
 145      A52E9FF8 
 146 00e8 39CBA043 		.ascii	"9\313\240C4%J\233\342\003+\373\345\032\322\273\265\351"
 146      34254A9B 
ARM GAS  /tmp/ccJZ2xSp.s 			page 11


 146      E2032BFB 
 146      E51AD2BB 
 146      B5E9
 147 00fa 4BD8E11C 		.ascii	"K\330\341\034\333Ds\343\225\023\2775\307\236\243?\373"
 147      DB4473E3 
 147      9513BF35 
 147      C79EA33F 
 147      FB
 148 010b 87934117 		.ascii	"\207\223A\027\271\224$lv\331\227\023\323E\261a\357\362"
 148      B994246C 
 148      76D99713 
 148      D345B161 
 148      EFF2
 149 011d 17E975BF 		.ascii	"\027\351u\277.\232\373+\007\353p\361\311K\216\015h\252"
 149      2E9AFB2B 
 149      07EB70F1 
 149      C94B8E0D 
 149      68AA
 150 012f A1727B10 		.ascii	"\241r{\020\261\344\207X\347\021v1)\336\354\353\330\374"
 150      B1E48758 
 150      E7117631 
 150      29DEECEB 
 150      D8FC
 151 0141 0FFE7E73 		.ascii	"\017\376~s\263\027\024\360X\312\202\375(y`\033\016["
 151      B31714F0 
 151      58CA82FD 
 151      2879601B 
 151      0E5B
 152 0153 D022F8B1 		.ascii	"\320\"\370\261\364\376w\310\322\374X9W\330\226\271+"
 152      F4FE77C8 
 152      D2FC5839 
 152      57D896B9 
 152      2B
 153 0164 A417AB19 		.ascii	"\244\027\253\031/\210\367\353\247D/\011\025Qk4\252\365"
 153      2F88F7EB 
 153      A7442F09 
 153      15516B34 
 153      AAF5
 154 0176 C0A0EE7F 		.ascii	"\300\240\356\177\025\327\211\201\344\320\240\356}\321"
 154      15D78981 
 154      E4D0A0EE 
 154      7DD1
 155 0184 D3D1AEBB 		.ascii	"\323\321\256\273\273;\365\310\313\316\347o\333\364p"
 155      BB3BF5C8 
 155      CBCEE76F 
 155      DBF470
 156 0193 EC4D5F3C 		.ascii	"\354M_<\036\213\276&G\312\304?\004H\227\307"
 156      1E8BBE26 
 156      47CAC43F 
 156      044897C7 
 157              		.text
 158              		.section	.gnu.lto_.symbol_nodes.d7f39556b265b2af,"",%progbits
 159 0000 789C558A 		.ascii	"x\234U\212K\025\2000\014\0047\033\212\020\224\200(\316"
 159      4B158030 
 159      0C04371B 
 159      8A109480 
 159      28CE
ARM GAS  /tmp/ccJZ2xSp.s 			page 12


 160 0012 090E5A7E 		.ascii	"\011\016Z~b\020Q\025H@\000\201[\3672\357\355L\0021#"
 160      62105115 
 160      48400081 
 160      5BF732EF 
 160      ED4C0231 
 161 0027 C6420372 		.ascii	"\306B\003r\005\002\227O@\312\224e\370\324J\223Fq\243"
 161      0502974F 
 161      40CA9465 
 161      F8D44A93 
 161      4671A3
 162 003a B18D4FC2 		.ascii	"\261\215O\302#V\3564m\224\034\264\356\177\000\3671\032"
 162      2356EE34 
 162      6D941CB4 
 162      EE7F00F7 
 162      311A
 163 004c ED713F55 		.ascii	"\355q?U\360\0029e\033\""
 163      F0023965 
 163      1B22
 164              		.text
 165              		.section	.gnu.lto_.refs.d7f39556b265b2af,"",%progbits
 166 0000 789C6365 		.ascii	"x\234ce`b\340c`\000\222\214 \300\304\310\314\304\302"
 166      6062E063 
 166      6000928C 
 166      20C0C4C8 
 166      CCC4C2
 167 0013 CC000002 		.ascii	"\314\000\000\0023\000,"
 167      33002C
 168              		.text
 169              		.section	.gnu.lto_.decls.d7f39556b265b2af,"",%progbits
 170 0000 789CAD57 		.ascii	"x\234\255W}PT\327\025\177\347\335\267\353\362\330\005"
 170      7D5054D7 
 170      157FE7DD 
 170      B7EBF2D8 
 170      05
 171 0011 034EC73A 		.ascii	"\003N\307:\314\3248d\334I\003+ju\372O\307\2164\321\251"
 171      CCD43864 
 171      DC49032B 
 171      6A75FA4F 
 171      C78E34D1 
 172 0026 5A074C3A 		.ascii	"Z\007L:\235\376\261\335,\2530E\260\273k\212\177\365"
 172      9DFEB1DD 
 172      2CAB3045 
 172      B0BB6B8A 
 172      7FF5
 173 0038 01BAC1EF 		.ascii	"\001\272\301\357\257Ta\301\240\010\026\0245*\212\204"
 173      AF5461C1 
 173      A0081614 
 173      352A8A84 
 174 0048 6A1631A0 		.ascii	"j\0261\240\210\212VcPP\242\004\025\025\371H\005D\241"
 174      888A5663 
 174      5050A204 
 174      1515F948 
 174      0544A1
 175 005b E7DEFBF6 		.ascii	"\347\336\373\366\003\\m:\323;\234\367\336\271\367w\177"
 175      035C6D3A 
 175      D33B9CF7 
 175      DEB9F777 
ARM GAS  /tmp/ccJZ2xSp.s 			page 13


 175      7F
 176 006c E7DC73CE 		.ascii	"\347\334s\316\275w\321\010\24203L\020\\\242 \224\202"
 176      BD77D108 
 176      A230334C 
 176      105CA220 
 176      9482
 177 007e 208C60D3 		.ascii	" \214`\323\010\202p\020\005\273\204\343(\265\002o\264"
 177      08827010 
 177      05BB84E3 
 177      28B5026F 
 177      B4
 178 008f FF02ED47 		.ascii	"\377\002\355G\234\204\242E\011\005\216\013\307\367["
 178      9C84A245 
 178      09058E0B 
 178      C7F75B
 179 009e 208C6A3B 		.ascii	" \214j;\201\317\371\010e\004eX\345\352W\271\007Q\236"
 179      81CFF908 
 179      65046558 
 179      E5EA57B9 
 179      07519E
 180 00b1 A380CA4B 		.ascii	"\243\200\312K\337c94\010\324\253\034\021(\023T.\312"
 180      DF633934 
 180      08D4AB1C 
 180      11281354 
 180      2ECA
 181 00c3 3115E5AE 		.ascii	"1\025\345\256\312\373\014\345\001\312w\024\207\034:"
 181      CAFB0CE5 
 181      01CA7714 
 181      871C3A
 182 00d2 95BB0BA5 		.ascii	"\225\273\013\245\027e\010\345&J7\312-\224\247\252=q"
 182      176508E5 
 182      264A37CA 
 182      2D94A7AA 
 182      3D71
 183 00e4 8C3DDA42 		.ascii	"\214=\332B\320fh\020\233\236\2005D\002\217M\005\212"
 183      D0666810 
 183      9B9E8035 
 183      44028F4D 
 183      058A
 184 00f6 0C9C6B50 		.ascii	"\014\234kP]\227\244\306\005\324\270\0046\203\310}\013"
 184      5D97A4C6 
 184      05D4B804 
 184      3683C87D 
 184      0B
 185 0107 B69EC075 		.ascii	"\266\236\300u\210\001\376S\012m\020?w\022\270\262\372"
 185      8801FE53 
 185      0A6D103F 
 185      7712B8B2 
 185      FA
 186 0118 8B02B289 		.ascii	"\213\002\262\211@\204\014\022\252=\027\335\367\302P"
 186      40840C12 
 186      AA3D17DD 
 186      F7C250
 187 0127 9D20C364 		.ascii	"\235 \303dT\207\036|\326\014|T\217j\355\343\212\376"
 187      54871E7C 
 187      D60C7C54 
 187      8F6AEDE3 
ARM GAS  /tmp/ccJZ2xSp.s 			page 14


 187      8AFE
 188 0139 703947C1 		.ascii	"p9G\301\266%[\011\231G\373K!\012\376\001Qhd?\310\370"
 188      B6255B09 
 188      9947FB4B 
 188      210AFE01 
 188      5168643F 
 189 014f 34454119 		.ascii	"4EA\031\252\210\336\333YU\253\341\223\015\250\266\024"
 189      AA88DEDB 
 189      5955ABE1 
 189      930DA8B6 
 189      14
 190 0160 7D562271 		.ascii	"}V\"q\352\007t\370\372\300\251\347z\202\341\333I\244"
 190      EA0774F8 
 190      FAC0A9E7 
 190      7A82E1DB 
 190      49A4
 191 0172 B6BDBD8F 		.ascii	"\266\275\275\217\264`\214\002\220Q\366)\274\351\004"
 191      B4608C02 
 191      9051F629 
 191      BCE904
 192 0181 F8026438 		.ascii	"\370\002d8\010\304\353\260[A\343\335\177\243\335\002"
 192      08C4EBB0 
 192      5B41E3DD 
 192      7FA3DD02 
 193 0191 7E6529DD 		.ascii	"~e)\335E\012\231(\300\214(\230\026%\300!0\262!\001\216"
 193      450A9928 
 193      C08C2898 
 193      1625C021 
 193      30B22101 
 194 01a6 A05787D1 		.ascii	"\240W\207\321\015\267\242c=h\357dSU~h\304\026\346\274"
 194      0DB7A263 
 194      3D68EF64 
 194      53557E68 
 194      C416E6BC 
 195 01ba A24C06C6 		.ascii	"\242L\006\306]\216\270\003\314\373\243\020\341]\003"
 195      5D8EB803 
 195      CCFBA310 
 195      E15D03
 196 01c9 456FB9B8 		.ascii	"Eo\271\270'?DVm\344\274\321\006\242\2175\273rC\002\271"
 196      273F4456 
 196      6DE4BCD1 
 196      06A28F35 
 196      BB724302 
 197 01de 8FBD89FB 		.ascii	"\217\275\211\373F_I\253\250_G\271y\030+ \" \216\307"
 197      465F49AB 
 197      A85F47B9 
 197      79182B20 
 197      22208EC7 
 198 01f2 81D62B7B 		.ascii	"\201\326+{#\370\360\232\3662\035\206-J\206\021\240\372"
 198      23F8F09A 
 198      F6321D86 
 198      2D4A8611 
 198      A0FA
 199 0204 E3AA4103 		.ascii	"\343\252A\003\327)\327\327#\375\236pT\027\313 \322\204"
 199      D729D7D7 
 199      23FD9E70 
 199      5417CB20 
ARM GAS  /tmp/ccJZ2xSp.s 			page 15


 199      D284
 200 0216 F5545718 		.ascii	"\365TW\030\31086\224\337R\263?T\022\005\250\002\\=\245"
 200      C8383694 
 200      DF52B33F 
 200      541205A8 
 200      025C3DA5 
 201 022a C6CECA5D 		.ascii	"\306\316\312]\347\232e\362\026\003\344\265\266W\350"
 201      E79A65F2 
 201      1603E4B5 
 201      B657E8
 202 0239 28A01A01 		.ascii	"(\240\032\001?\217\202/A\242\335\375\353\373\313ud\022"
 202      3F8F822F 
 202      41A2DDFD 
 202      EBFBCB75 
 202      6412
 203 024b 839CCCBF 		.ascii	"\203\234\314\277\361\013\2128\205\210w\243\340\237\034"
 203      F10B8A38 
 203      858877A3 
 203      E09F1C
 204 025a 7167B0F4 		.ascii	"qg\260\364\375\330ro\226\026\372\252I,\255\316\333&"
 204      FDD8726F 
 204      9616FAAA 
 204      492CADCE 
 204      DB26
 205 026c 82CEE862 		.ascii	"\202\316\350bq\313\312\364\307M\000\017\350\340+\210"
 205      71CBCAF4 
 205      C74D000F 
 205      E8E02B88 
 206 027c 851A0CE0 		.ascii	"\205\032\014\340i\220\240\022\027|\002\275b\331\366"
 206      6990A012 
 206      177C02BD 
 206      62D9F6
 207 028b F4974CFA 		.ascii	"\364\227L\372\\Q\306S\224@a\376\012\335\276\255v\227"
 207      5C51C653 
 207      944061FE 
 207      0ADDBEAD 
 207      7697
 208 029d 9ECCA3EE 		.ascii	"\236\314\243\356\210ON(\305\301\371\341,\322\276\331"
 208      884F4E28 
 208      C5C1F9E1 
 208      2CD2BED9 
 209 02ad 44D72C74 		.ascii	"D\327,t\026j\021s\006W\303m0{\370\302^4ub\343\331S\342"
 209      166A1173 
 209      0657C36D 
 209      307BF8C2 
 209      5E347562 
 210 02c5 6D6801DC 		.ascii	"mh\001\334<0\2369\000\300\237\300\204\251#\336\006\300"
 210      3C309E39 
 210      00C09FC0 
 210      84A923DE 
 210      06C0
 211 02d7 FAB15714 		.ascii	"\372\261W\024\324\335\352\355\002\357\014U\027UUT)\331"
 211      D4DDEAED 
 211      02EF0C55 
 211      17555554 
 211      29D9
 212 02e9 9F3A1902 		.ascii	"\237:\031\002\030\3710\267\344m|\003\363\0176\315;\033"
ARM GAS  /tmp/ccJZ2xSp.s 			page 16


 212      18F930B7 
 212      E46D7C03 
 212      F30F36CD 
 212      3B1B
 213 02fb 44BF0180 		.ascii	"D\277\001\200\300\011\001\204\334mu\334\347\237\340"
 213      C0090184 
 213      DC6D75DC 
 213      E79FE0
 214 030a 5F1C7803 		.ascii	"_\034x\003\335\223\327\330!\337\201V\332\273{\016\260"
 214      DD93D7D8 
 214      21DF8156 
 214      DABB7B0E 
 214      B0
 215 031b BEA1F5D7 		.ascii	"\276\241\365\327\226\221\304Q\225\026\301+\355jw\343"
 215      9691C451 
 215      9516C12B 
 215      ED6A77E3 
 216 032b AE50BE9D 		.ascii	"\256P\276\235\307\243:\220y\275F\236\270\203UD\2662"
 216      C7A33A90 
 216      79BD469E 
 216      B8835544 
 216      B632
 217 033d 5E848F7E 		.ascii	"^\204\217~\002\3471\374\347XI7\300D|~,qC\203YC\0274"
 217      02E731FC 
 217      E7584937 
 217      C0447C7E 
 217      2C714383 
 218 0355 53762BBB 		.ascii	"Sv+\273\333\024O}\301{\271\345.\245\011\247\315a8\250"
 218      DB144F7D 
 218      C17BB9E5 
 218      2EA509A7 
 218      CD6138A8 
 219 0369 F727A79E 		.ascii	"\367'\247\236\356|\250\203;\000_\303m\364\373\002L\301"
 219      EE7CA883 
 219      3B005FC3 
 219      6DF4FB02 
 219      4CC1
 220 037b F93B064A 		.ascii	"\371;\006J6\353\310F`n\271\253\177hPO\031\232\302\207"
 220      36EBC846 
 220      606EB9AB 
 220      7F68504F 
 220      199AC287 
 221 038f C387EF4B 		.ascii	"\303\207\357K$\237\217\355\333VTc E\\i=Wv\200\236tS"
 221      249F8FED 
 221      DB565463 
 221      20455C69 
 221      3D577680 
 222 03a6 7123610B 		.ascii	"q#a\013\017\330KS\371^\272\272\271\267x\034)ap1\257"
 222      0FD84B53 
 222      F95EBABA 
 222      B9B7781C 
 222      29617031 
 223 03bb E1C61909 		.ascii	"\341\306\031\011\2142\257\235\372C\277\312\353\245;"
 223      8C32AF9D 
 223      FA43BFCA 
 223      EBA53B
 224 03ca FB1A6EEC 		.ascii	"\373\032n\354\253~\017\247\322-\235\343\333\311\202"
ARM GAS  /tmp/ccJZ2xSp.s 			page 17


 224      AB7E0FA7 
 224      D22D9DE3 
 224      DBC982
 225 03d9 6F1BC3BF 		.ascii	"o\033\303\277\260\006\221\227\342\340\012v6\361\223"
 225      B0069197 
 225      E2E00A76 
 225      36F193
 226 03e8 A2AC786B 		.ascii	"\242\254xk\221\226\024\260cO\254;}\353[\011dcP\202\033"
 226      919614B0 
 226      634FAC3B 
 226      7DEB5B09 
 226      64635082 
 227 03fd 4108B833 		.ascii	"A\010\2703O\033\247\324\255Q\024\021\276Ag\256\373\235"
 227      4F1BA7D4 
 227      AD511411 
 227      BE4167AE 
 227      FB9D
 228 040f B9E63D60 		.ascii	"\271\346=`*\273\016T\032xn<\314h\303\332\006-q\021v"
 228      2ABB0E54 
 228      1A786E3C 
 228      CC68C3DA 
 228      062D7111 
 229 0424 D6965F2D 		.ascii	"\326\226_-?!Att\244\261\210\232\365\334x\030]x\272]"
 229      3F214174 
 229      74A4B188 
 229      9AF5DC78 
 229      185D78BA 
 230 0439 51B6E919 		.ascii	"Q\266\351\031\337e\344k\201H\277\037&\232\3008|\010"
 230      DF65E46B 
 230      8148BF1F 
 230      269AC038 
 230      7C08
 231 044b 1CDFFBB3 		.ascii	"\034\337\373\263<\305\263\2320psPp)\315\271\260U=\015"
 231      3CC5B39A 
 231      30707350 
 231      7029CDB9 
 231      B0553D0D 
 232 045f E748027C 		.ascii	"\347H\002|\213\343\027Y%P4\335\242\255\270\272\233\020"
 232      8BE31759 
 232      255034DD 
 232      A2ADB8BA 
 232      9B10
 233 0471 0DB7209A 		.ascii	"\015\267 \232\325\037_Y\307\347\021\231\212\002\024"
 233      D51F5F59 
 233      C7E71199 
 233      8A0214
 234 0480 35E614A8 		.ascii	"5\346\024\250;Y[5\216T\262%\210\177/\277\356\022!\322"
 234      3B595B35 
 234      8E54B225 
 234      887F2FBF 
 234      EE1221D2 
 235 0494 18CC04B4 		.ascii	"\030\314\004\264!\363\233\255\014\227j\351Ip\007A\267"
 235      21F39BAD 
 235      0C976AE9 
 235      49700741 
 235      B7
 236 04a5 FDD1A336 		.ascii	"\375\321\2436\231\251=\235GJ\244H\225;\347u\334\302"
ARM GAS  /tmp/ccJZ2xSp.s 			page 18


 236      99A93D9D 
 236      474AA448 
 236      953BE775 
 236      DCC2
 237 04b7 28625A79 		.ascii	"(bZyO\272_h\002O\365\357\002\002#\300]~\252\323B\334"
 237      4FBA5F68 
 237      024FF5EF 
 237      020223C0 
 237      5D7EAAD3 
 238 04cd F5B44F22 		.ascii	"\365\264O\"5l)p\264\372\345\372\020R\317\225\254\352"
 238      356C2970 
 238      B4FAE5FA 
 238      1052CF95 
 238      ACEA
 239 04df E6ADE13C 		.ascii	"\346\255\341<omTo\271\373\370\246\216\\\341\2035Grr"
 239      6F6D546F 
 239      B9FBF8A6 
 239      8E5CE183 
 239      35477272 
 240 04f3 C3C875AE 		.ascii	"\303\310u\256\344\224o\252%\364z\312\376QuCk\275\376"
 240      E4946FAA 
 240      25F47ACA 
 240      FE517543 
 240      6BBDFE
 241 0506 CB118934 		.ascii	"\313\021\2114\363\351\033Wo.\223I\013W\274;9\202\357"
 241      F3E91B57 
 241      6F2E9349 
 241      0B57BC3B 
 241      3982EF
 242 0519 E4131DE7 		.ascii	"\344\023\035\347\353d\356\204B/\234^w\335#\231\334a"
 242      EB64EE84 
 242      422F9C5E 
 242      77DD2399 
 242      DC61
 243 052b 586DEBBA 		.ascii	"Xm\353\272\216\215z,\236hctd\221\262:\033\313\347\205"
 243      8E8D7A2C 
 243      9E686374 
 243      6491B23A 
 243      1BCBE785 
 244 053f D1BDB761 		.ascii	"\321\275\267a\203\262\373\014\300\003,\211N\214h\337"
 244      83B2FB0C 
 244      C0032C89 
 244      4E8C68DF 
 245 054f EBEA874E 		.ascii	"\353\352\207N\270\353&\274\200(\372\376X4\257\222\000"
 245      B8EB26BC 
 245      8028FAFE 
 245      5834AF92 
 245      00
 246 0560 F8CD40F8 		.ascii	"\370\315@\370\303\240\344\274\336xn\353(\034\357\221"
 246      C3A0E4BC 
 246      DE786EEB 
 246      281CEF91 
 247 0570 BED115C4 		.ascii	"\276\321\025\304\271\272\334\244\354\250\242\254\325"
 247      B9BADCA4 
 247      ECA8A2AC 
 247      D5
 248 057d 32B227C1 		.ascii	"2\262'\301m\277Z\275\217\021\360\210\215\365\251u\325"
ARM GAS  /tmp/ccJZ2xSp.s 			page 19


 248      6DBF5ABD 
 248      8F11F088 
 248      8DF5A975 
 248      D5
 249 058e 8331EEC2 		.ascii	"\2031\356\302\364w\243<E\351\365\227Aca\3761\003\331"
 249      F477A33C 
 249      45E9F597 
 249      416361FE 
 249      3103D9
 250 05a1 2CB142ED 		.ascii	",\261B\355\310,\270\027\006\306H\356\33337\311\246\325"
 250      C82CB817 
 250      06C648EE 
 250      DB3337C9 
 250      A6D5
 251 05b3 FD0C597E 		.ascii	"\375\014Y~\360\027^\037+\274`\006\341\337h\347G\330"
 251      F0175E1F 
 251      2BBC6006 
 251      E1DF68E7 
 251      47D8
 252 05c5 ACAEDBB3 		.ascii	"\254\256\333\2635,\260\364\236\215*\275~o\351i2\013"
 252      352CB0F4 
 252      9E8D2ABD 
 252      7E6FE969 
 252      320B
 253 05d7 878B0D10 		.ascii	"\207\213\015\020I\363\027h\357{\340?\332\240\035\275"
 253      49F31768 
 253      EF7BE03F 
 253      DAA01DBD 
 254 05e7 1A50EDBD 		.ascii	"\032P\355\275@{\203hg\010\345\271j\313{bL\336\377\274"
 254      407B8368 
 254      6708E5B9 
 254      6ACB7B62 
 254      4CDEFFBC 
 255 05fb 45515C7A 		.ascii	"EQ\\zv\233\336S'\251\027\361\330\363\342\322\201\250"
 255      769BDE53 
 255      27A917F1 
 255      D8F3E2D2 
 255      81A8
 256 060d EDD9CAB9 		.ascii	"\355\331\312\271i\324\015\350P\261\301\363M\341w\337"
 256      69D40DE8 
 256      50B1C1F3 
 256      4DE177DF 
 257 061d E5E9C6FD 		.ascii	"\345\351\306\375\002\227\306\242_IwG\331xv`\014\214"
 257      0297C6A2 
 257      5F497747 
 257      D9787660 
 257      0C8C
 258 062f 3D304457 		.ascii	"=0DW{_O\270?\364\273&\260\320\017#[\273?\364\003\257"
 258      7B5F4FB8 
 258      3FF4BB26 
 258      B0D00F23 
 258      5BBB3FF4 
 259 0645 84DE178A 		.ascii	"\204\336\027\212\227\270\3747\205\002\303~d\323\367"
 259      97B8FC37 
 259      8502C37E 
 259      64D3F7
 260 0654 FD86C0B0 		.ascii	"\375\206\300\260\017\217\012\373\210o\307\177\225[\325"
ARM GAS  /tmp/ccJZ2xSp.s 			page 20


 260      0F8F0AFB 
 260      886FC77F 
 260      955BD5
 261 0663 AF9144DE 		.ascii	"\257\221D\336G\257A\272\037\237=)\320\274\366\302\314"
 261      47AF41BA 
 261      1F9F3D29 
 261      D0BCF6C2 
 261      CC
 262 0674 14E985A9 		.ascii	"\024\351\205\251\210\352\215y\360PK\275\301wc\032\335"
 262      88EA8D79 
 262      F0504BBD 
 262      C177631A 
 262      DD
 263 0685 FE1B1381 		.ascii	"\376\033\023\201\320\350_P\343\330\0333K\2447fv\335"
 263      D0E85F50 
 263      E3D81B33 
 263      4BA43766 
 263      76DD
 264 0697 DE8A5052 		.ascii	"\336\212PR\300\212\022n\367dw\207\251dg\350a\236\245"
 264      C08A126E 
 264      F7647787 
 264      A96467E8 
 264      619EA5
 265 06aa D0CB8432 		.ascii	"\320\313\2042e\213>&\374\034\315\264\2321\035X\367\315"
 265      658B3E26 
 265      FC1CCDB4 
 265      9A311D58 
 265      F7CD
 266 06bc 290D29E3 		.ascii	")\015)\343L\227\225\363\177T\211:\215\243\210\326\370"
 266      4C9795F3 
 266      7F54893A 
 266      8DA388D6 
 266      F8
 267 06cd 89D68C25 		.ascii	"\211\326\214%r1\"Owq.!\225\234\250\273\257\345\332\250"
 267      7231224F 
 267      77712E21 
 267      959CA8BB 
 267      AFE5DAA8 
 268 06e1 5FC4F4F7 		.ascii	"_\304\364\367\263?\2229\2427\222]\005M.\231E\022\373"
 268      B33F9239 
 268      A237925D 
 268      054D2E99 
 268      4512FB
 269 06f4 D448BACE 		.ascii	"\324H\272\316\266\025\206\2746\222\353X$\327z#9\224"
 269      B61586BC 
 269      3692EB58 
 269      24D77A23 
 269      3994
 270 0706 7B253B1C 		.ascii	"{%;\034}n\303\242\270\234K\016\255\255\333\240\354\001"
 270      7D6EC3A2 
 270      B89C4B0E 
 270      ADADDBA0 
 270      EC01
 271 0718 06834FFD 		.ascii	"\006\203O\375N\177*\362\3779`=s\266\270\251\263B~\273"
 271      4E7F2AF2 
 271      FF39603D 
 271      73B6B8A9 
ARM GAS  /tmp/ccJZ2xSp.s 			page 21


 271      B3427EBB 
 272 072c 452AC46B 		.ascii	"E*\304k\003\177\254S\242\373\325#k\264\244\223\373\277"
 272      037FAC53 
 272      A2FBD523 
 272      6BB4A493 
 272      FBBF
 273 073e E762DF0E 		.ascii	"\347b\337\016\231\014p\345e\321\276L\355;{\225&\017"
 273      990C70E5 
 273      65D1BE4C 
 273      ED3B7B95 
 273      260F
 274 0750 4B56E13E 		.ascii	"KV\341>%gK&\233\007\233\320\002\3061\340_\203\215\330"
 274      25674B26 
 274      9B079BD0 
 274      02C631E0 
 274      5F838DD8 
 275 0764 B3417C5B 		.ascii	"\263A|[\200\315\342;8\267s\377\245\351$S\303xnn:\225"
 275      80CDE23B 
 275      38B773FF 
 275      A5E92453 
 275      C3786E6E 
 276 077a AB419EDD 		.ascii	"\253A\236\335\310s\3738\311T<\022\253\260-\334M_\251"
 276      C873FB38 
 276      C9543C12 
 276      ABB02DDC 
 276      4D5FA9
 277 078d 0AB4079F 		.ascii	"\012\264\007\237[\031\303\203\236\216\274PY\375E\221"
 277      5B19C383 
 277      9E8EBC50 
 277      59FD4591 
 278 079d F35F6F06 		.ascii	"\363_o\006\330&\3128k\177W\201[\027\230\000\032\017"
 278      D826CA38 
 278      6B7F5781 
 278      5B179800 
 278      1A0F
 279 07af 7F02B6F3 		.ascii	"\177\002\266\363\004\260\267dM\266\330C~\037\377\201"
 279      04B0B764 
 279      4DB6D843 
 279      7E1FFF81 
 280 07bf 39E137BF 		.ascii	"9\3417\277\216\377\203\216~%.\371\335b\231~|"
 280      8EFF838E 
 280      7E252EF9 
 280      DD62997E 
 280      7C
 281 07d0 B868FEA2 		.ascii	"\270h\376\242\371Kt\037,\372p\362\334\2708\341\247\261"
 281      F94B741F 
 281      2CFA70F2 
 281      DCB838E1 
 281      A7B1
 282 07e2 B12653BA 		.ascii	"\261&S\272\303\224lI5\245\244YSW&\331L\177MZ\026\233"
 282      C3946C49 
 282      35A5A459 
 282      535726D9 
 282      4C7F4D5A 
 283 07f8 2CC8F872 		.ascii	",\310\370r8-N\233\331\251\307Osjj\2229%-\305\371^\300"
 283      382D4E9B 
 283      D9A9C74F 
ARM GAS  /tmp/ccJZ2xSp.s 			page 22


 283      736A6A92 
 283      39252DC5 
 284 080f 8C15E976 		.ascii	"\214\025\351v\247\303\224\270d\341\214\351\246\005\013"
 284      A7C394B8 
 284      64E18CE9 
 284      A6050B
 285 081e E24D1968 		.ascii	"\342M\031h\341\2238\223\012\217\265\012\006\357Ld\262"
 285      E1933893 
 285      0A8FB50A 
 285      06EF4C64 
 285      B2
 286 082f 3BB5D6F4 		.ascii	";\265\326\364\264\245)\313\304\025v\331l^\231\222\346"
 286      B4A529CB 
 286      C41576D9 
 286      6C5E9992 
 286      E6
 287 0840 9C31DDEC 		.ascii	"\2341\335\354\374\263)9}\271\315\224jKO\263\330\223"
 287      FCB32939 
 287      7DB9CD94 
 287      6A4B4FB3 
 287      D893
 288 0852 D24DF136 		.ascii	"\322M\3616\207\325b_fq\230\226Y\2551\026\373\362\230"
 288      87D5625F 
 288      66719896 
 288      59AD3116 
 288      FBF298
 289 0865 B4F4345B 		.ascii	"\264\3644[\214\315\362qJ\314\254\230\351\323\342f\307"
 289      8CCDF271 
 289      4ACCAC98 
 289      E9D3E266 
 289      C7
 290 0876 FC252E66 		.ascii	"\374%.f\345\212$t\3154j\330\267\200\345\026krJ\232\315"
 290      E58A2474 
 290      CD346AD8 
 290      B780E516 
 290      6B724A9A 
 291 088b 644EB22D 		.ascii	"dN\262-\265\254Lu\232\235\253V\330\034\270&\235\327"
 291      B5AC4C75 
 291      9A9DAB56 
 291      D81CB826 
 291      9DD7
 292 089d E89FFEFF 		.ascii	"\350\237\376\377F\035\253\034&\\f\022Z@K\304\236j\377"
 292      461DAB1C 
 292      265C6612 
 292      5A404BC4 
 292      9E6AFF
 293 08b0 1F22952C 		.ascii	"\037\"\225,\320|\315e\341\321\260\250S=\336\236\362"
 293      D07CCD65 
 293      E1D1B0A8 
 293      533DDE9E 
 293      F2
 294 08c1 89CD4E10 		.ascii	"\211\315N\020D\022\026$\210\213\023\304\337&\210\211"
 294      44121624 
 294      888B13C4 
 294      DF268889 
 295 08d1 095E5E5B 		.ascii	"\011^^[\206\3234wa\342\374D\344\345\324\357\317\314"
 295      86D33477 
ARM GAS  /tmp/ccJZ2xSp.s 			page 23


 295      61E2FC44 
 295      E4E5D4EF 
 295      CFCC
 296 08e3 C830399C 		.ascii	"\31009\234\313gL_:s\332\354\214\014\344\325\317\247"
 296      CB674C5F 
 296      3A73DAEC 
 296      8C0CE4D5 
 296      CFA7
 297 08f5 595F8201 		.ascii	"Y_\202\001\210\267-\325\373\323\221\276\302\227\033"
 297      88B72DD5 
 297      FBD391BE 
 297      C2971B
 298 0904 BBCD6173 		.ascii	"\273\315as\206X\223\023W9\346YR\235\223Tz\273\323\267"
 298      86589313 
 298      5739E659 
 298      529D9354 
 298      7ABBD3B7 
 299 0918 366B32AE 		.ascii	"6k2\256\016\311\014\201\363\005\203\331\274te\232\325"
 299      0EC90C81 
 299      F30583D9 
 299      BC74659A 
 299      D5
 300 0929 6C8E9D3D 		.ascii	"l\216\235=k\366/u^MC=\217\373\017k\036\354\321"
 300      6BF62F75 
 300      5E4D433D 
 300      8FFB0F6B 
 300      1EECD1
 301              		.text
 302              		.section	.gnu.lto_.symtab.d7f39556b265b2af,"",%progbits
 303 0000 7764675F 		.ascii	"wdg_lld_init\000"
 303      6C6C645F 
 303      696E6974 
 303      00
 304 000d 00       		.ascii	"\000"
 305 000e 00       		.ascii	"\000"
 306 000f 00       		.ascii	"\000"
 307 0010 00000000 		.ascii	"\000\000\000\000\000\000\000\000"
 307      00000000 
 308 0018 CB000000 		.ascii	"\313\000\000\000"
 309 001c 57444744 		.ascii	"WDGD1\000"
 309      3100
 310 0022 00       		.ascii	"\000"
 311 0023 00       		.ascii	"\000"
 312 0024 00       		.ascii	"\000"
 313 0025 00000000 		.ascii	"\000\000\000\000\000\000\000\000"
 313      00000000 
 314 002d 11010000 		.ascii	"\021\001\000\000"
 315 0031 7764675F 		.ascii	"wdg_lld_start\000"
 315      6C6C645F 
 315      73746172 
 315      7400
 316 003f 00       		.ascii	"\000"
 317 0040 00       		.ascii	"\000"
 318 0041 00       		.ascii	"\000"
 319 0042 00000000 		.ascii	"\000\000\000\000\000\000\000\000"
 319      00000000 
 320 004a 02010000 		.ascii	"\002\001\000\000"
ARM GAS  /tmp/ccJZ2xSp.s 			page 24


 321 004e 7764675F 		.ascii	"wdg_lld_stop\000"
 321      6C6C645F 
 321      73746F70 
 321      00
 322 005b 00       		.ascii	"\000"
 323 005c 00       		.ascii	"\000"
 324 005d 00       		.ascii	"\000"
 325 005e 00000000 		.ascii	"\000\000\000\000\000\000\000\000"
 325      00000000 
 326 0066 04010000 		.ascii	"\004\001\000\000"
 327 006a 7764675F 		.ascii	"wdg_lld_reset\000"
 327      6C6C645F 
 327      72657365 
 327      7400
 328 0078 00       		.ascii	"\000"
 329 0079 00       		.ascii	"\000"
 330 007a 00       		.ascii	"\000"
 331 007b 00000000 		.ascii	"\000\000\000\000\000\000\000\000"
 331      00000000 
 332 0083 06010000 		.ascii	"\006\001\000\000"
 333 0087 63685379 		.ascii	"chSysHalt\000"
 333      7348616C 
 333      7400
 334 0091 00       		.ascii	"\000"
 335 0092 02       		.ascii	"\002"
 336 0093 00       		.ascii	"\000"
 337 0094 00000000 		.ascii	"\000\000\000\000\000\000\000\000"
 337      00000000 
 338 009c 0B010000 		.ascii	"\013\001\000\000"
 339              		.text
 340              		.section	.gnu.lto_.opts,"",%progbits
 341 0000 272D666D 		.ascii	"'-fmath-errno' '-fsigned-zeros' '-ftrapping-math' '"
 341      6174682D 
 341      6572726E 
 341      6F272027 
 341      2D667369 
 342 0033 2D666E6F 		.ascii	"-fno-trapv' '-fno-openmp' '-fno-openacc' '-mcpu=cor"
 342      2D747261 
 342      70762720 
 342      272D666E 
 342      6F2D6F70 
 343 0066 7465782D 		.ascii	"tex-m4' '-mno-thumb-interwork' '-mthumb' '-ggdb' '-"
 343      6D342720 
 343      272D6D6E 
 343      6F2D7468 
 343      756D622D 
 344 0099 4F322720 		.ascii	"O2' '-w' '-fomit-frame-pointer' '-falign-functions="
 344      272D7727 
 344      20272D66 
 344      6F6D6974 
 344      2D667261 
 345 00cc 31362720 		.ascii	"16' '-ffunction-sections' '-fdata-sections' '-fno-c"
 345      272D6666 
 345      756E6374 
 345      696F6E2D 
 345      73656374 
 346 00ff 6F6D6D6F 		.ascii	"ommon' '-flto'\000"
ARM GAS  /tmp/ccJZ2xSp.s 			page 25


 346      6E272027 
 346      2D666C74 
 346      6F2700
 347              		.text
 348              		.comm	__gnu_lto_v1,1,1
 349              		.comm	__gnu_lto_slim,1,1
 350              		.ident	"GCC: (GNU Tools for ARM Embedded Processors 6-2017-q1-update) 6.3.1 20170215 (release) [AR
ARM GAS  /tmp/ccJZ2xSp.s 			page 26


DEFINED SYMBOLS
                            *ABS*:0000000000000000 wdg_lld.c
                            *COM*:0000000000000001 __gnu_lto_v1
                            *COM*:0000000000000001 __gnu_lto_slim

NO UNDEFINED SYMBOLS
